"Message","Id","Version","Qualifiers","Level","Task","Opcode","Keywords","RecordId","ProviderName","ProviderId","LogName","ProcessId","ThreadId","MachineName","UserId","TimeCreated","ActivityId","RelatedActivityId","MatchedQueryIds","Bookmark","LevelDisplayName","OpcodeDisplayName","TaskDisplayName","KeywordsDisplayNames","Properties"
,"1","5",,"4","1","0","-9223372036854775808","196375","Microsoft-Windows-Sysmon","5770385f-c22a-43e0-bf4c-06f5698ffbd9","Microsoft-Windows-Sysmon/Operational","2812","3656","MSEDGEWIN10","S-1-5-18","5/23/2020 6:13:54 PM",,,"System.UInt32[]","System.Diagnostics.Eventing.Reader.EventBookmark",,,,,"System.Collections.Generic.List`1[System.Diagnostics.Eventing.Reader.EventProperty]"
,"3","5",,"4","3","0","-9223372036854775808","196374","Microsoft-Windows-Sysmon","5770385f-c22a-43e0-bf4c-06f5698ffbd9","Microsoft-Windows-Sysmon/Operational","2812","3488","MSEDGEWIN10","S-1-5-18","5/23/2020 6:13:51 PM",,,"System.UInt32[]","System.Diagnostics.Eventing.Reader.EventBookmark",,,,,"System.Collections.Generic.List`1[System.Diagnostics.Eventing.Reader.EventProperty]"
,"3","5",,"4","3","0","-9223372036854775808","196373","Microsoft-Windows-Sysmon","5770385f-c22a-43e0-bf4c-06f5698ffbd9","Microsoft-Windows-Sysmon/Operational","2812","3488","MSEDGEWIN10","S-1-5-18","5/23/2020 6:13:51 PM",,,"System.UInt32[]","System.Diagnostics.Eventing.Reader.EventBookmark",,,,,"System.Collections.Generic.List`1[System.Diagnostics.Eventing.Reader.EventProperty]"
,"5","3",,"4","5","0","-9223372036854775808","196372","Microsoft-Windows-Sysmon","5770385f-c22a-43e0-bf4c-06f5698ffbd9","Microsoft-Windows-Sysmon/Operational","2812","3656","MSEDGEWIN10","S-1-5-18","5/23/2020 6:13:50 PM",,,"System.UInt32[]","System.Diagnostics.Eventing.Reader.EventBookmark",,,,,"System.Collections.Generic.List`1[System.Diagnostics.Eventing.Reader.EventProperty]"
,"1","5",,"4","1","0","-9223372036854775808","196371","Microsoft-Windows-Sysmon","5770385f-c22a-43e0-bf4c-06f5698ffbd9","Microsoft-Windows-Sysmon/Operational","2812","3656","MSEDGEWIN10","S-1-5-18","5/23/2020 6:13:50 PM",,,"System.UInt32[]","System.Diagnostics.Eventing.Reader.EventBookmark",,,,,"System.Collections.Generic.List`1[System.Diagnostics.Eventing.Reader.EventProperty]"
,"1","5",,"4","1","0","-9223372036854775808","196366","Microsoft-Windows-Sysmon","5770385f-c22a-43e0-bf4c-06f5698ffbd9","Microsoft-Windows-Sysmon/Operational","2812","3656","MSEDGEWIN10","S-1-5-18","5/23/2020 6:13:48 PM",,,"System.UInt32[]","System.Diagnostics.Eventing.Reader.EventBookmark",,,,,"System.Collections.Generic.List`1[System.Diagnostics.Eventing.Reader.EventProperty]"
,"1","5",,"4","1","0","-9223372036854775808","196361","Microsoft-Windows-Sysmon","5770385f-c22a-43e0-bf4c-06f5698ffbd9","Microsoft-Windows-Sysmon/Operational","2812","3656","MSEDGEWIN10","S-1-5-18","5/23/2020 6:13:47 PM",,,"System.UInt32[]","System.Diagnostics.Eventing.Reader.EventBookmark",,,,,"System.Collections.Generic.List`1[System.Diagnostics.Eventing.Reader.EventProperty]"
