"Message","Id","Version","Qualifiers","Level","Task","Opcode","Keywords","RecordId","ProviderName","ProviderId","LogName","ProcessId","ThreadId","MachineName","UserId","TimeCreated","ActivityId","RelatedActivityId","MatchedQueryIds","Bookmark","LevelDisplayName","OpcodeDisplayName","TaskDisplayName","KeywordsDisplayNames","Properties"
"TMT: ConnectionName=RDP-Tcp#12, PromptForCredentials=78, PromptForCredentialsDone=36735, GfxChannelOpened=38719, FirstGraphicsReceived=40547 [ms]","68","0",,"4","4","13","4611686018427387904","13354","Microsoft-Windows-RemoteDesktopServices-RdpCoreTS","1139c61b-b549-4251-8ed3-27250a1edec8","Microsoft-Windows-RemoteDesktopServices-RdpCoreTS/Operational","388","6336","MSEDGEWIN10","S-1-5-20","11/13/2020 3:49:19 AM","0a228115-aa0c-4be2-8d22-1696bd210000",,"System.UInt32[]","System.Diagnostics.Eventing.Reader.EventBookmark","Information","RCMProtocolImpl","RemoteFX module","System.Collections.ObjectModel.ReadOnlyCollection`1[System.String]","System.Collections.Generic.List`1[System.Diagnostics.Eventing.Reader.EventProperty]"
"The resolution requested by the client: Monitor 0: (1920, 1080), origin: (0, 0). Server: MSEDGEWIN10","168","0",,"4","4","11","4611686018427387904","13344","Microsoft-Windows-RemoteDesktopServices-RdpCoreTS","1139c61b-b549-4251-8ed3-27250a1edec8","Microsoft-Windows-RemoteDesktopServices-RdpCoreTS/Operational","388","7284","MSEDGEWIN10","S-1-5-20","11/13/2020 3:49:18 AM","f4203f42-3fda-4692-aa6b-54652b430000",,"System.UInt32[]","System.Diagnostics.Eventing.Reader.EventBookmark","Information","Initialize","RemoteFX module","System.Collections.ObjectModel.ReadOnlyCollection`1[System.String]","System.Collections.Generic.List`1[System.Diagnostics.Eventing.Reader.EventProperty]"
"The server accepted a new UDP connection from client [10.0.2.16]:58260.","131","0",,"4","4","15","4611686018427387904","13327","Microsoft-Windows-RemoteDesktopServices-RdpCoreTS","1139c61b-b549-4251-8ed3-27250a1edec8","Microsoft-Windows-RemoteDesktopServices-RdpCoreTS/Operational","388","1320","MSEDGEWIN10","S-1-5-20","11/13/2020 3:49:17 AM","0a228115-aa0c-4be2-8d22-1696bd210000",,"System.UInt32[]","System.Diagnostics.Eventing.Reader.EventBookmark","Information","EstablishConnection","RemoteFX module","System.Collections.ObjectModel.ReadOnlyCollection`1[System.String]","System.Collections.Generic.List`1[System.Diagnostics.Eventing.Reader.EventProperty]"
"The server accepted a new TCP connection from client 10.0.2.16:52786.","131","0",,"4","4","15","4611686018427387904","13306","Microsoft-Windows-RemoteDesktopServices-RdpCoreTS","1139c61b-b549-4251-8ed3-27250a1edec8","Microsoft-Windows-RemoteDesktopServices-RdpCoreTS/Operational","388","1292","MSEDGEWIN10","S-1-5-20","11/13/2020 3:49:17 AM","f4203f42-3fda-4692-aa6b-54652b430000",,"System.UInt32[]","System.Diagnostics.Eventing.Reader.EventBookmark","Information","EstablishConnection","RemoteFX module","System.Collections.ObjectModel.ReadOnlyCollection`1[System.String]","System.Collections.Generic.List`1[System.Diagnostics.Eventing.Reader.EventProperty]"
"The server accepted a new TCP connection from client 10.0.2.16:52784.","131","0",,"4","4","15","4611686018427387904","13291","Microsoft-Windows-RemoteDesktopServices-RdpCoreTS","1139c61b-b549-4251-8ed3-27250a1edec8","Microsoft-Windows-RemoteDesktopServices-RdpCoreTS/Operational","388","1292","MSEDGEWIN10","S-1-5-20","11/13/2020 3:48:38 AM","f420e326-ed1e-44bb-852b-909e49f40000",,"System.UInt32[]","System.Diagnostics.Eventing.Reader.EventBookmark","Information","EstablishConnection","RemoteFX module","System.Collections.ObjectModel.ReadOnlyCollection`1[System.String]","System.Collections.Generic.List`1[System.Diagnostics.Eventing.Reader.EventProperty]"
"The server accepted a new TCP connection from client 10.0.2.16:52779.","131","0",,"4","4","15","4611686018427387904","13277","Microsoft-Windows-RemoteDesktopServices-RdpCoreTS","1139c61b-b549-4251-8ed3-27250a1edec8","Microsoft-Windows-RemoteDesktopServices-RdpCoreTS/Operational","388","1292","MSEDGEWIN10","S-1-5-20","11/13/2020 3:48:02 AM","f420d49d-4763-4b89-b293-01e91ba90000",,"System.UInt32[]","System.Diagnostics.Eventing.Reader.EventBookmark","Information","EstablishConnection","RemoteFX module","System.Collections.ObjectModel.ReadOnlyCollection`1[System.String]","System.Collections.Generic.List`1[System.Diagnostics.Eventing.Reader.EventProperty]"
"TMT: ConnectionName=RDP-Tcp#9, PromptForCredentials=0, PromptForCredentialsDone=0, GfxChannelOpened=1062, FirstGraphicsReceived=2109 [ms]","68","0",,"4","4","13","4611686018427387904","13232","Microsoft-Windows-RemoteDesktopServices-RdpCoreTS","1139c61b-b549-4251-8ed3-27250a1edec8","Microsoft-Windows-RemoteDesktopServices-RdpCoreTS/Operational","388","9684","MSEDGEWIN10","S-1-5-20","11/13/2020 3:47:44 AM","4812b416-8137-479a-b891-f88016d40000",,"System.UInt32[]","System.Diagnostics.Eventing.Reader.EventBookmark","Information","RCMProtocolImpl","RemoteFX module","System.Collections.ObjectModel.ReadOnlyCollection`1[System.String]","System.Collections.Generic.List`1[System.Diagnostics.Eventing.Reader.EventProperty]"
"The resolution requested by the client: Monitor 0: (200, 200), origin: (0, 0). Server: MSEDGEWIN10","168","0",,"4","4","11","4611686018427387904","13230","Microsoft-Windows-RemoteDesktopServices-RdpCoreTS","1139c61b-b549-4251-8ed3-27250a1edec8","Microsoft-Windows-RemoteDesktopServices-RdpCoreTS/Operational","388","7284","MSEDGEWIN10","S-1-5-20","11/13/2020 3:47:44 AM","f420820f-97a5-4a83-8bde-22695fe30000",,"System.UInt32[]","System.Diagnostics.Eventing.Reader.EventBookmark","Information","Initialize","RemoteFX module","System.Collections.ObjectModel.ReadOnlyCollection`1[System.String]","System.Collections.Generic.List`1[System.Diagnostics.Eventing.Reader.EventProperty]"
"The server accepted a new UDP connection from client [10.0.2.16]:61881.","131","0",,"4","4","15","4611686018427387904","13212","Microsoft-Windows-RemoteDesktopServices-RdpCoreTS","1139c61b-b549-4251-8ed3-27250a1edec8","Microsoft-Windows-RemoteDesktopServices-RdpCoreTS/Operational","388","1320","MSEDGEWIN10","S-1-5-20","11/13/2020 3:47:43 AM","4812b416-8137-479a-b891-f88016d40000",,"System.UInt32[]","System.Diagnostics.Eventing.Reader.EventBookmark","Information","EstablishConnection","RemoteFX module","System.Collections.ObjectModel.ReadOnlyCollection`1[System.String]","System.Collections.Generic.List`1[System.Diagnostics.Eventing.Reader.EventProperty]"
"The server accepted a new TCP connection from client 10.0.2.16:52776.","131","0",,"4","4","15","4611686018427387904","13191","Microsoft-Windows-RemoteDesktopServices-RdpCoreTS","1139c61b-b549-4251-8ed3-27250a1edec8","Microsoft-Windows-RemoteDesktopServices-RdpCoreTS/Operational","388","1292","MSEDGEWIN10","S-1-5-20","11/13/2020 3:47:42 AM","f420820f-97a5-4a83-8bde-22695fe30000",,"System.UInt32[]","System.Diagnostics.Eventing.Reader.EventBookmark","Information","EstablishConnection","RemoteFX module","System.Collections.ObjectModel.ReadOnlyCollection`1[System.String]","System.Collections.Generic.List`1[System.Diagnostics.Eventing.Reader.EventProperty]"
"TMT: ConnectionName=RDP-Tcp#8, PromptForCredentials=1719, PromptForCredentialsDone=9484, GfxChannelOpened=15422, FirstGraphicsReceived=16953 [ms]","68","0",,"4","4","13","4611686018427387904","13145","Microsoft-Windows-RemoteDesktopServices-RdpCoreTS","1139c61b-b549-4251-8ed3-27250a1edec8","Microsoft-Windows-RemoteDesktopServices-RdpCoreTS/Operational","388","9996","MSEDGEWIN10","S-1-5-20","11/13/2020 3:42:19 AM","d140b3ec-1617-4d69-869c-6bd8c0820000",,"System.UInt32[]","System.Diagnostics.Eventing.Reader.EventBookmark","Information","RCMProtocolImpl","RemoteFX module","System.Collections.ObjectModel.ReadOnlyCollection`1[System.String]","System.Collections.Generic.List`1[System.Diagnostics.Eventing.Reader.EventProperty]"
"The resolution requested by the client: Monitor 0: (1920, 1080), origin: (0, 0). Server: MSEDGEWIN10","168","0",,"4","4","11","4611686018427387904","13136","Microsoft-Windows-RemoteDesktopServices-RdpCoreTS","1139c61b-b549-4251-8ed3-27250a1edec8","Microsoft-Windows-RemoteDesktopServices-RdpCoreTS/Operational","388","7312","MSEDGEWIN10","S-1-5-20","11/13/2020 3:42:18 AM","f42040a3-a63d-40fd-81fa-26171b400000",,"System.UInt32[]","System.Diagnostics.Eventing.Reader.EventBookmark","Information","Initialize","RemoteFX module","System.Collections.ObjectModel.ReadOnlyCollection`1[System.String]","System.Collections.Generic.List`1[System.Diagnostics.Eventing.Reader.EventProperty]"
"The server accepted a new UDP connection from client [10.0.2.16]:55988.","131","0",,"4","4","15","4611686018427387904","13118","Microsoft-Windows-RemoteDesktopServices-RdpCoreTS","1139c61b-b549-4251-8ed3-27250a1edec8","Microsoft-Windows-RemoteDesktopServices-RdpCoreTS/Operational","388","1320","MSEDGEWIN10","S-1-5-20","11/13/2020 3:42:18 AM","d140b3ec-1617-4d69-869c-6bd8c0820000",,"System.UInt32[]","System.Diagnostics.Eventing.Reader.EventBookmark","Information","EstablishConnection","RemoteFX module","System.Collections.ObjectModel.ReadOnlyCollection`1[System.String]","System.Collections.Generic.List`1[System.Diagnostics.Eventing.Reader.EventProperty]"
"The server accepted a new TCP connection from client 10.0.2.16:52734.","131","0",,"4","4","15","4611686018427387904","13097","Microsoft-Windows-RemoteDesktopServices-RdpCoreTS","1139c61b-b549-4251-8ed3-27250a1edec8","Microsoft-Windows-RemoteDesktopServices-RdpCoreTS/Operational","388","1292","MSEDGEWIN10","S-1-5-20","11/13/2020 3:42:18 AM","f42040a3-a63d-40fd-81fa-26171b400000",,"System.UInt32[]","System.Diagnostics.Eventing.Reader.EventBookmark","Information","EstablishConnection","RemoteFX module","System.Collections.ObjectModel.ReadOnlyCollection`1[System.String]","System.Collections.Generic.List`1[System.Diagnostics.Eventing.Reader.EventProperty]"
"The server accepted a new TCP connection from client 10.0.2.16:52733.","131","0",,"4","4","15","4611686018427387904","13082","Microsoft-Windows-RemoteDesktopServices-RdpCoreTS","1139c61b-b549-4251-8ed3-27250a1edec8","Microsoft-Windows-RemoteDesktopServices-RdpCoreTS/Operational","388","1292","MSEDGEWIN10","S-1-5-20","11/13/2020 3:42:04 AM","f42094f1-5580-4f8a-b414-4dbedd2f0000",,"System.UInt32[]","System.Diagnostics.Eventing.Reader.EventBookmark","Information","EstablishConnection","RemoteFX module","System.Collections.ObjectModel.ReadOnlyCollection`1[System.String]","System.Collections.Generic.List`1[System.Diagnostics.Eventing.Reader.EventProperty]"
"TMT: ConnectionName=RDP-Tcp#6, PromptForCredentials=0, PromptForCredentialsDone=0, GfxChannelOpened=813, FirstGraphicsReceived=1203 [ms]","68","0",,"4","4","13","4611686018427387904","13036","Microsoft-Windows-RemoteDesktopServices-RdpCoreTS","1139c61b-b549-4251-8ed3-27250a1edec8","Microsoft-Windows-RemoteDesktopServices-RdpCoreTS/Operational","388","9568","MSEDGEWIN10","S-1-5-20","11/13/2020 3:41:30 AM","f00430a7-8758-4a7d-bca2-931d564d0000",,"System.UInt32[]","System.Diagnostics.Eventing.Reader.EventBookmark","Information","RCMProtocolImpl","RemoteFX module","System.Collections.ObjectModel.ReadOnlyCollection`1[System.String]","System.Collections.Generic.List`1[System.Diagnostics.Eventing.Reader.EventProperty]"
"The resolution requested by the client: Monitor 0: (200, 200), origin: (0, 0). Server: MSEDGEWIN10","168","0",,"4","4","11","4611686018427387904","13035","Microsoft-Windows-RemoteDesktopServices-RdpCoreTS","1139c61b-b549-4251-8ed3-27250a1edec8","Microsoft-Windows-RemoteDesktopServices-RdpCoreTS/Operational","388","7284","MSEDGEWIN10","S-1-5-20","11/13/2020 3:41:30 AM","f42070dc-2434-4be8-9b5e-de689a220000",,"System.UInt32[]","System.Diagnostics.Eventing.Reader.EventBookmark","Information","Initialize","RemoteFX module","System.Collections.ObjectModel.ReadOnlyCollection`1[System.String]","System.Collections.Generic.List`1[System.Diagnostics.Eventing.Reader.EventProperty]"
"The server accepted a new UDP connection from client [10.0.2.16]:64075.","131","0",,"4","4","15","4611686018427387904","13017","Microsoft-Windows-RemoteDesktopServices-RdpCoreTS","1139c61b-b549-4251-8ed3-27250a1edec8","Microsoft-Windows-RemoteDesktopServices-RdpCoreTS/Operational","388","1320","MSEDGEWIN10","S-1-5-20","11/13/2020 3:41:30 AM","f00430a7-8758-4a7d-bca2-931d564d0000",,"System.UInt32[]","System.Diagnostics.Eventing.Reader.EventBookmark","Information","EstablishConnection","RemoteFX module","System.Collections.ObjectModel.ReadOnlyCollection`1[System.String]","System.Collections.Generic.List`1[System.Diagnostics.Eventing.Reader.EventProperty]"
"The server accepted a new TCP connection from client 10.0.2.16:52728.","131","0",,"4","4","15","4611686018427387904","12996","Microsoft-Windows-RemoteDesktopServices-RdpCoreTS","1139c61b-b549-4251-8ed3-27250a1edec8","Microsoft-Windows-RemoteDesktopServices-RdpCoreTS/Operational","388","1292","MSEDGEWIN10","S-1-5-20","11/13/2020 3:41:30 AM","f42070dc-2434-4be8-9b5e-de689a220000",,"System.UInt32[]","System.Diagnostics.Eventing.Reader.EventBookmark","Information","EstablishConnection","RemoteFX module","System.Collections.ObjectModel.ReadOnlyCollection`1[System.String]","System.Collections.Generic.List`1[System.Diagnostics.Eventing.Reader.EventProperty]"
"TMT: ConnectionName=RDP-Tcp#5, PromptForCredentials=0, PromptForCredentialsDone=0, GfxChannelOpened=609, FirstGraphicsReceived=1265 [ms]","68","0",,"4","4","13","4611686018427387904","12952","Microsoft-Windows-RemoteDesktopServices-RdpCoreTS","1139c61b-b549-4251-8ed3-27250a1edec8","Microsoft-Windows-RemoteDesktopServices-RdpCoreTS/Operational","388","3224","MSEDGEWIN10","S-1-5-20","11/13/2020 3:41:06 AM","aae17f6c-e0f0-4da7-b6fb-e72a74560000",,"System.UInt32[]","System.Diagnostics.Eventing.Reader.EventBookmark","Information","RCMProtocolImpl","RemoteFX module","System.Collections.ObjectModel.ReadOnlyCollection`1[System.String]","System.Collections.Generic.List`1[System.Diagnostics.Eventing.Reader.EventProperty]"
"The resolution requested by the client: Monitor 0: (200, 200), origin: (0, 0). Server: MSEDGEWIN10","168","0",,"4","4","11","4611686018427387904","12950","Microsoft-Windows-RemoteDesktopServices-RdpCoreTS","1139c61b-b549-4251-8ed3-27250a1edec8","Microsoft-Windows-RemoteDesktopServices-RdpCoreTS/Operational","388","7312","MSEDGEWIN10","S-1-5-20","11/13/2020 3:41:05 AM","f420e980-73cd-4bf1-ac63-8cae43170000",,"System.UInt32[]","System.Diagnostics.Eventing.Reader.EventBookmark","Information","Initialize","RemoteFX module","System.Collections.ObjectModel.ReadOnlyCollection`1[System.String]","System.Collections.Generic.List`1[System.Diagnostics.Eventing.Reader.EventProperty]"
"The server accepted a new UDP connection from client [10.0.2.16]:64073.","131","0",,"4","4","15","4611686018427387904","12931","Microsoft-Windows-RemoteDesktopServices-RdpCoreTS","1139c61b-b549-4251-8ed3-27250a1edec8","Microsoft-Windows-RemoteDesktopServices-RdpCoreTS/Operational","388","1320","MSEDGEWIN10","S-1-5-20","11/13/2020 3:41:05 AM","aae17f6c-e0f0-4da7-b6fb-e72a74560000",,"System.UInt32[]","System.Diagnostics.Eventing.Reader.EventBookmark","Information","EstablishConnection","RemoteFX module","System.Collections.ObjectModel.ReadOnlyCollection`1[System.String]","System.Collections.Generic.List`1[System.Diagnostics.Eventing.Reader.EventProperty]"
"The server accepted a new TCP connection from client 10.0.2.16:52727.","131","0",,"4","4","15","4611686018427387904","12910","Microsoft-Windows-RemoteDesktopServices-RdpCoreTS","1139c61b-b549-4251-8ed3-27250a1edec8","Microsoft-Windows-RemoteDesktopServices-RdpCoreTS/Operational","388","1292","MSEDGEWIN10","S-1-5-20","11/13/2020 3:41:05 AM","f420e980-73cd-4bf1-ac63-8cae43170000",,"System.UInt32[]","System.Diagnostics.Eventing.Reader.EventBookmark","Information","EstablishConnection","RemoteFX module","System.Collections.ObjectModel.ReadOnlyCollection`1[System.String]","System.Collections.Generic.List`1[System.Diagnostics.Eventing.Reader.EventProperty]"
"TMT: ConnectionName=RDP-Tcp#4, PromptForCredentials=0, PromptForCredentialsDone=0, GfxChannelOpened=1047, FirstGraphicsReceived=2594 [ms]","68","0",,"4","4","13","4611686018427387904","12865","Microsoft-Windows-RemoteDesktopServices-RdpCoreTS","1139c61b-b549-4251-8ed3-27250a1edec8","Microsoft-Windows-RemoteDesktopServices-RdpCoreTS/Operational","388","8708","MSEDGEWIN10","S-1-5-20","11/13/2020 3:40:45 AM","c34d2af7-7f5b-4596-986c-ad31bd710000",,"System.UInt32[]","System.Diagnostics.Eventing.Reader.EventBookmark","Information","RCMProtocolImpl","RemoteFX module","System.Collections.ObjectModel.ReadOnlyCollection`1[System.String]","System.Collections.Generic.List`1[System.Diagnostics.Eventing.Reader.EventProperty]"
"The resolution requested by the client: Monitor 0: (200, 200), origin: (0, 0). Server: MSEDGEWIN10","168","0",,"4","4","11","4611686018427387904","12864","Microsoft-Windows-RemoteDesktopServices-RdpCoreTS","1139c61b-b549-4251-8ed3-27250a1edec8","Microsoft-Windows-RemoteDesktopServices-RdpCoreTS/Operational","388","7284","MSEDGEWIN10","S-1-5-20","11/13/2020 3:40:45 AM","f420369b-c6ad-4ac1-8e76-e9184fdf0000",,"System.UInt32[]","System.Diagnostics.Eventing.Reader.EventBookmark","Information","Initialize","RemoteFX module","System.Collections.ObjectModel.ReadOnlyCollection`1[System.String]","System.Collections.Generic.List`1[System.Diagnostics.Eventing.Reader.EventProperty]"
"The server accepted a new UDP connection from client [10.0.2.16]:64069.","131","0",,"4","4","15","4611686018427387904","12845","Microsoft-Windows-RemoteDesktopServices-RdpCoreTS","1139c61b-b549-4251-8ed3-27250a1edec8","Microsoft-Windows-RemoteDesktopServices-RdpCoreTS/Operational","388","1320","MSEDGEWIN10","S-1-5-20","11/13/2020 3:40:43 AM","c34d2af7-7f5b-4596-986c-ad31bd710000",,"System.UInt32[]","System.Diagnostics.Eventing.Reader.EventBookmark","Information","EstablishConnection","RemoteFX module","System.Collections.ObjectModel.ReadOnlyCollection`1[System.String]","System.Collections.Generic.List`1[System.Diagnostics.Eventing.Reader.EventProperty]"
"The server accepted a new TCP connection from client 10.0.2.16:52725.","131","0",,"4","4","15","4611686018427387904","12824","Microsoft-Windows-RemoteDesktopServices-RdpCoreTS","1139c61b-b549-4251-8ed3-27250a1edec8","Microsoft-Windows-RemoteDesktopServices-RdpCoreTS/Operational","388","1292","MSEDGEWIN10","S-1-5-20","11/13/2020 3:40:43 AM","f420369b-c6ad-4ac1-8e76-e9184fdf0000",,"System.UInt32[]","System.Diagnostics.Eventing.Reader.EventBookmark","Information","EstablishConnection","RemoteFX module","System.Collections.ObjectModel.ReadOnlyCollection`1[System.String]","System.Collections.Generic.List`1[System.Diagnostics.Eventing.Reader.EventProperty]"
"TMT: ConnectionName=RDP-Tcp#3, PromptForCredentials=2578, PromptForCredentialsDone=9890, GfxChannelOpened=13484, FirstGraphicsReceived=15078 [ms]","68","0",,"4","4","13","4611686018427387904","12774","Microsoft-Windows-RemoteDesktopServices-RdpCoreTS","1139c61b-b549-4251-8ed3-27250a1edec8","Microsoft-Windows-RemoteDesktopServices-RdpCoreTS/Operational","388","2456","MSEDGEWIN10","S-1-5-20","11/13/2020 3:20:41 AM","8501bb8d-5b52-4567-96a6-4766971f0000",,"System.UInt32[]","System.Diagnostics.Eventing.Reader.EventBookmark","Information","RCMProtocolImpl","RemoteFX module","System.Collections.ObjectModel.ReadOnlyCollection`1[System.String]","System.Collections.Generic.List`1[System.Diagnostics.Eventing.Reader.EventProperty]"
"The resolution requested by the client: Monitor 0: (1920, 1080), origin: (0, 0). Server: MSEDGEWIN10","168","0",,"4","4","11","4611686018427387904","12772","Microsoft-Windows-RemoteDesktopServices-RdpCoreTS","1139c61b-b549-4251-8ed3-27250a1edec8","Microsoft-Windows-RemoteDesktopServices-RdpCoreTS/Operational","388","7284","MSEDGEWIN10","S-1-5-20","11/13/2020 3:20:40 AM","f420a5bc-53b7-4c3b-89f1-642002600000",,"System.UInt32[]","System.Diagnostics.Eventing.Reader.EventBookmark","Information","Initialize","RemoteFX module","System.Collections.ObjectModel.ReadOnlyCollection`1[System.String]","System.Collections.Generic.List`1[System.Diagnostics.Eventing.Reader.EventProperty]"
"The server accepted a new UDP connection from client [10.0.2.16]:53248.","131","0",,"4","4","15","4611686018427387904","12755","Microsoft-Windows-RemoteDesktopServices-RdpCoreTS","1139c61b-b549-4251-8ed3-27250a1edec8","Microsoft-Windows-RemoteDesktopServices-RdpCoreTS/Operational","388","1320","MSEDGEWIN10","S-1-5-20","11/13/2020 3:20:38 AM","8501bb8d-5b52-4567-96a6-4766971f0000",,"System.UInt32[]","System.Diagnostics.Eventing.Reader.EventBookmark","Information","EstablishConnection","RemoteFX module","System.Collections.ObjectModel.ReadOnlyCollection`1[System.String]","System.Collections.Generic.List`1[System.Diagnostics.Eventing.Reader.EventProperty]"
"The server accepted a new TCP connection from client 10.0.2.16:52278.","131","0",,"4","4","15","4611686018427387904","12734","Microsoft-Windows-RemoteDesktopServices-RdpCoreTS","1139c61b-b549-4251-8ed3-27250a1edec8","Microsoft-Windows-RemoteDesktopServices-RdpCoreTS/Operational","388","1292","MSEDGEWIN10","S-1-5-20","11/13/2020 3:20:38 AM","f420a5bc-53b7-4c3b-89f1-642002600000",,"System.UInt32[]","System.Diagnostics.Eventing.Reader.EventBookmark","Information","EstablishConnection","RemoteFX module","System.Collections.ObjectModel.ReadOnlyCollection`1[System.String]","System.Collections.Generic.List`1[System.Diagnostics.Eventing.Reader.EventProperty]"
"The server accepted a new TCP connection from client 10.0.2.16:52276.","131","0",,"4","4","15","4611686018427387904","12719","Microsoft-Windows-RemoteDesktopServices-RdpCoreTS","1139c61b-b549-4251-8ed3-27250a1edec8","Microsoft-Windows-RemoteDesktopServices-RdpCoreTS/Operational","388","1292","MSEDGEWIN10","S-1-5-20","11/13/2020 3:20:28 AM","f42026fc-ce4f-4ec2-bd4c-3d8f2e6e0000",,"System.UInt32[]","System.Diagnostics.Eventing.Reader.EventBookmark","Information","EstablishConnection","RemoteFX module","System.Collections.ObjectModel.ReadOnlyCollection`1[System.String]","System.Collections.Generic.List`1[System.Diagnostics.Eventing.Reader.EventProperty]"
"TMT: ConnectionName=RDP-Tcp#1, PromptForCredentials=0, PromptForCredentialsDone=0, GfxChannelOpened=1015, FirstGraphicsReceived=1906 [ms]","68","0",,"4","4","13","4611686018427387904","12676","Microsoft-Windows-RemoteDesktopServices-RdpCoreTS","1139c61b-b549-4251-8ed3-27250a1edec8","Microsoft-Windows-RemoteDesktopServices-RdpCoreTS/Operational","388","2740","MSEDGEWIN10","S-1-5-20","11/13/2020 3:10:05 AM","35bbd881-8d79-401b-995e-8e98b0190000",,"System.UInt32[]","System.Diagnostics.Eventing.Reader.EventBookmark","Information","RCMProtocolImpl","RemoteFX module","System.Collections.ObjectModel.ReadOnlyCollection`1[System.String]","System.Collections.Generic.List`1[System.Diagnostics.Eventing.Reader.EventProperty]"
"The resolution requested by the client: Monitor 0: (200, 200), origin: (0, 0). Server: MSEDGEWIN10","168","0",,"4","4","11","4611686018427387904","12675","Microsoft-Windows-RemoteDesktopServices-RdpCoreTS","1139c61b-b549-4251-8ed3-27250a1edec8","Microsoft-Windows-RemoteDesktopServices-RdpCoreTS/Operational","388","7284","MSEDGEWIN10","S-1-5-20","11/13/2020 3:10:05 AM","f420146a-b86d-4bab-9526-c73621fc0000",,"System.UInt32[]","System.Diagnostics.Eventing.Reader.EventBookmark","Information","Initialize","RemoteFX module","System.Collections.ObjectModel.ReadOnlyCollection`1[System.String]","System.Collections.Generic.List`1[System.Diagnostics.Eventing.Reader.EventProperty]"
"The server accepted a new UDP connection from client [10.0.2.16]:59409.","131","0",,"4","4","15","4611686018427387904","12656","Microsoft-Windows-RemoteDesktopServices-RdpCoreTS","1139c61b-b549-4251-8ed3-27250a1edec8","Microsoft-Windows-RemoteDesktopServices-RdpCoreTS/Operational","388","1320","MSEDGEWIN10","S-1-5-20","11/13/2020 3:10:04 AM","35bbd881-8d79-401b-995e-8e98b0190000",,"System.UInt32[]","System.Diagnostics.Eventing.Reader.EventBookmark","Information","EstablishConnection","RemoteFX module","System.Collections.ObjectModel.ReadOnlyCollection`1[System.String]","System.Collections.Generic.List`1[System.Diagnostics.Eventing.Reader.EventProperty]"
"The server accepted a new TCP connection from client 10.0.2.16:52208.","131","0",,"4","4","15","4611686018427387904","12635","Microsoft-Windows-RemoteDesktopServices-RdpCoreTS","1139c61b-b549-4251-8ed3-27250a1edec8","Microsoft-Windows-RemoteDesktopServices-RdpCoreTS/Operational","388","1292","MSEDGEWIN10","S-1-5-20","11/13/2020 3:10:04 AM","f420146a-b86d-4bab-9526-c73621fc0000",,"System.UInt32[]","System.Diagnostics.Eventing.Reader.EventBookmark","Information","EstablishConnection","RemoteFX module","System.Collections.ObjectModel.ReadOnlyCollection`1[System.String]","System.Collections.Generic.List`1[System.Diagnostics.Eventing.Reader.EventProperty]"
"TMT: ConnectionName=RDP-Tcp#0, PromptForCredentials=0, PromptForCredentialsDone=0, GfxChannelOpened=8266, FirstGraphicsReceived=10672 [ms]","68","0",,"4","4","13","4611686018427387904","12592","Microsoft-Windows-RemoteDesktopServices-RdpCoreTS","1139c61b-b549-4251-8ed3-27250a1edec8","Microsoft-Windows-RemoteDesktopServices-RdpCoreTS/Operational","388","8512","MSEDGEWIN10","S-1-5-20","11/13/2020 3:09:15 AM","af159b2d-d587-4709-ab35-f167130b0000",,"System.UInt32[]","System.Diagnostics.Eventing.Reader.EventBookmark","Information","RCMProtocolImpl","RemoteFX module","System.Collections.ObjectModel.ReadOnlyCollection`1[System.String]","System.Collections.Generic.List`1[System.Diagnostics.Eventing.Reader.EventProperty]"
"The resolution requested by the client: Monitor 0: (200, 200), origin: (0, 0). Server: MSEDGEWIN10","168","0",,"4","4","11","4611686018427387904","12591","Microsoft-Windows-RemoteDesktopServices-RdpCoreTS","1139c61b-b549-4251-8ed3-27250a1edec8","Microsoft-Windows-RemoteDesktopServices-RdpCoreTS/Operational","388","7312","MSEDGEWIN10","S-1-5-20","11/13/2020 3:09:15 AM","f4207c37-d7a8-4a5e-9a35-4e79caa60000",,"System.UInt32[]","System.Diagnostics.Eventing.Reader.EventBookmark","Information","Initialize","RemoteFX module","System.Collections.ObjectModel.ReadOnlyCollection`1[System.String]","System.Collections.Generic.List`1[System.Diagnostics.Eventing.Reader.EventProperty]"
"The server accepted a new UDP connection from client [10.0.2.16]:59407.","131","0",,"4","4","15","4611686018427387904","12572","Microsoft-Windows-RemoteDesktopServices-RdpCoreTS","1139c61b-b549-4251-8ed3-27250a1edec8","Microsoft-Windows-RemoteDesktopServices-RdpCoreTS/Operational","388","1320","MSEDGEWIN10","S-1-5-20","11/13/2020 3:09:12 AM","af159b2d-d587-4709-ab35-f167130b0000",,"System.UInt32[]","System.Diagnostics.Eventing.Reader.EventBookmark","Information","EstablishConnection","RemoteFX module","System.Collections.ObjectModel.ReadOnlyCollection`1[System.String]","System.Collections.Generic.List`1[System.Diagnostics.Eventing.Reader.EventProperty]"
"The server accepted a new TCP connection from client 10.0.2.16:52202.","131","0",,"4","4","15","4611686018427387904","12551","Microsoft-Windows-RemoteDesktopServices-RdpCoreTS","1139c61b-b549-4251-8ed3-27250a1edec8","Microsoft-Windows-RemoteDesktopServices-RdpCoreTS/Operational","388","1292","MSEDGEWIN10","S-1-5-20","11/13/2020 3:09:07 AM","f4207c37-d7a8-4a5e-9a35-4e79caa60000",,"System.UInt32[]","System.Diagnostics.Eventing.Reader.EventBookmark","Information","EstablishConnection","RemoteFX module","System.Collections.ObjectModel.ReadOnlyCollection`1[System.String]","System.Collections.Generic.List`1[System.Diagnostics.Eventing.Reader.EventProperty]"
