"Message","Id","Version","Qualifiers","Level","Task","Opcode","Keywords","RecordId","ProviderName","ProviderId","LogName","ProcessId","ThreadId","MachineName","UserId","TimeCreated","ActivityId","RelatedActivityId","MatchedQueryIds","Bookmark","LevelDisplayName","OpcodeDisplayName","TaskDisplayName","KeywordsDisplayNames","Properties"
,"7","3",,"4","7","0","-9223372036854775808","1986647","Microsoft-Windows-Sysmon","5770385f-c22a-43e0-bf4c-06f5698ffbd9","Microsoft-Windows-Sysmon/Operational","2320","3124","DESKTOP-TTEQ6PR","S-1-5-18","2/19/2022 9:35:16 AM",,,"System.UInt32[]","System.Diagnostics.Eventing.Reader.EventBookmark",,,,,"System.Collections.Generic.List`1[System.Diagnostics.Eventing.Reader.EventProperty]"
,"13","2",,"4","13","0","-9223372036854775808","1986639","Microsoft-Windows-Sysmon","5770385f-c22a-43e0-bf4c-06f5698ffbd9","Microsoft-Windows-Sysmon/Operational","2320","3120","DESKTOP-TTEQ6PR","S-1-5-18","2/19/2022 9:35:16 AM",,,"System.UInt32[]","System.Diagnostics.Eventing.Reader.EventBookmark",,,,,"System.Collections.Generic.List`1[System.Diagnostics.Eventing.Reader.EventProperty]"
,"11","2",,"4","11","0","-9223372036854775808","1986612","Microsoft-Windows-Sysmon","5770385f-c22a-43e0-bf4c-06f5698ffbd9","Microsoft-Windows-Sysmon/Operational","2320","3120","DESKTOP-TTEQ6PR","S-1-5-18","2/19/2022 9:35:16 AM",,,"System.UInt32[]","System.Diagnostics.Eventing.Reader.EventBookmark",,,,,"System.Collections.Generic.List`1[System.Diagnostics.Eventing.Reader.EventProperty]"
,"1","5",,"4","1","0","-9223372036854775808","1986542","Microsoft-Windows-Sysmon","5770385f-c22a-43e0-bf4c-06f5698ffbd9","Microsoft-Windows-Sysmon/Operational","2320","3120","DESKTOP-TTEQ6PR","S-1-5-18","2/19/2022 9:35:16 AM",,,"System.UInt32[]","System.Diagnostics.Eventing.Reader.EventBookmark",,,,,"System.Collections.Generic.List`1[System.Diagnostics.Eventing.Reader.EventProperty]"
