"Message","Id","Version","Qualifiers","Level","Task","Opcode","Keywords","RecordId","ProviderName","ProviderId","LogName","ProcessId","ThreadId","MachineName","UserId","TimeCreated","ActivityId","RelatedActivityId","MatchedQueryIds","Bookmark","LevelDisplayName","OpcodeDisplayName","TaskDisplayName","KeywordsDisplayNames","Properties"
"A directory service object was modified.
	
Subject:
	Security ID:		S-1-5-21-2895268558-4179327395-2773671012-1108
	Account Name:		EXCHANGE$
	Account Domain:		ICORP
	Logon ID:		0x24DAA6

Directory Service:
	Name:	internal.corp
	Type:	Active Directory Domain Services
	
Object:
	DN:	DC=internal,DC=corp
	GUID:	{77f4548a-5e9d-4649-89f9-a0177c722361}
	Class:	domainDNS
	
Attribute:
	LDAP Display Name:	nTSecurityDescriptor
	Syntax (OID):	2.5.5.15
	Value:	O:BAG:BAD:AI(D;;DC;;;WD)(OA;CI;CR;ab721a53-1e2f-11d0-9819-00aa0040529b;bf967aba-0de6-11d0-a285-00aa003049e2;S-1-5-21-2895268558-4179327395-2773671012-1126)(OA;CI;CR;00299570-246d-11d0-a768-00aa006e0529;bf967aba-0de6-11d0-a285-00aa003049e2;S-1-5-21-2895268558-4179327395-2773671012-1126)(OA;CIIO;CCDCLC;c975c901-6cea-4b6f-8319-d67f45449506;4828cc14-1437-45bc-9b07-ad6f015e5f28;S-1-5-21-2895268558-4179327395-2773671012-1123)(OA;CIIO;CCDCLC;c975c901-6cea-4b6f-8319-d67f45449506;bf967aba-0de6-11d0-a285-00aa003049e2;S-1-5-21-2895268558-4179327395-2773671012-1123)(OA;;CR;3e0f7e18-2c7a-4c10-ba82-4d926db99a3e;;S-1-5-21-2895268558-4179327395-2773671012-522)(OA;;CR;1131f6aa-9c07-11d1-f79f-00c04fc2dcd2;;S-1-5-21-2895268558-4179327395-2773671012-1151)(OA;;CR;1131f6aa-9c07-11d1-f79f-00c04fc2dcd2;;S-1-5-21-2895268558-4179327395-2773671012-498)(OA;;CR;1131f6ab-9c07-11d1-f79f-00c04fc2dcd2;;S-1-5-21-2895268558-4179327395-2773671012-1123)(OA;;CR;1131f6ad-9c07-11d1-f79f-00c04fc2dcd2;;DD)(OA;;CR;1131f6ad-9c07-11d1-f79f-00c04fc2dcd2;;S-1-5-21-2895268558-4179327395-2773671012-1151)(OA;CI;CC;4828cc14-1437-45bc-9b07-ad6f015e5f28;;S-1-5-21-2895268558-4179327395-2773671012-1126)(OA;CI;CC;bf967a86-0de6-11d0-a285-00aa003049e2;;S-1-5-21-2895268558-4179327395-2773671012-1126)(OA;CI;CC;bf967a9c-0de6-11d0-a285-00aa003049e2;;S-1-5-21-2895268558-4179327395-2773671012-1126)(OA;CI;CC;bf967aa5-0de6-11d0-a285-00aa003049e2;;S-1-5-21-2895268558-4179327395-2773671012-1126)(OA;CI;CC;bf967aba-0de6-11d0-a285-00aa003049e2;;S-1-5-21-2895268558-4179327395-2773671012-1126)(OA;CI;CC;5cb41ed0-0e4c-11d0-a286-00aa003049e2;;S-1-5-21-2895268558-4179327395-2773671012-1126)(OA;CI;RP;4c164200-20c0-11d0-a768-00aa006e0529;;S-1-5-21-2895268558-4179327395-2773671012-1118)(OA;CI;RP;b1b3a417-ec55-4191-b327-b72e33e38af2;;S-1-5-21-2895268558-4179327395-2773671012-1123)(OA;CI;RP;9a7ad945-ca53-11d1-bbd0-0080c76670c0;;S-1-5-21-2895268558-4179327395-2773671012-1123)(OA;CI;RP;bf967a68-0de6-11d0-a285-00aa003049e2;;S-1-5-21-2895268558-4179327395-2773671012-1123)(OA;CI;RP;1f298a89-de98-47b8-b5cd-572ad53d267e;;S-1-5-21-2895268558-4179327395-2773671012-1123)(OA;CI;RP;bf967991-0de6-11d0-a285-00aa003049e2;;S-1-5-21-2895268558-4179327395-2773671012-1123)(OA;CI;RP;5fd424a1-1262-11d0-a060-00aa006c33ed;;S-1-5-21-2895268558-4179327395-2773671012-1123)(OA;CI;WP;bf967a06-0de6-11d0-a285-00aa003049e2;;S-1-5-21-2895268558-4179327395-2773671012-1109)(OA;CI;WP;bf967a06-0de6-11d0-a285-00aa003049e2;;S-1-5-21-2895268558-4179327395-2773671012-1124)(OA;CI;WP;bf967a0a-0de6-11d0-a285-00aa003049e2;;S-1-5-21-2895268558-4179327395-2773671012-1126)(OA;CI;WP;3e74f60e-3e73-11d1-a9c0-0000f80367c1;;S-1-5-21-2895268558-4179327395-2773671012-1109)(OA;CI;WP;3e74f60e-3e73-11d1-a9c0-0000f80367c1;;S-1-5-21-2895268558-4179327395-2773671012-1124)(OA;CI;WP;b1b3a417-ec55-4191-b327-b72e33e38af2;;S-1-5-21-2895268558-4179327395-2773671012-1109)(OA;CI;WP;b1b3a417-ec55-4191-b327-b72e33e38af2;;S-1-5-21-2895268558-4179327395-2773671012-1124)(OA;CI;WP;bf96791a-0de6-11d0-a285-00aa003049e2;;S-1-5-21-2895268558-4179327395-2773671012-1109)(OA;CI;WP;bf96791a-0de6-11d0-a285-00aa003049e2;;S-1-5-21-2895268558-4179327395-2773671012-1124)(OA;CI;WP;9a9a021e-4a5b-11d1-a9c3-0000f80367c1;;S-1-5-21-2895268558-4179327395-2773671012-1123)(OA;CI;WP;0296c120-40da-11d1-a9c0-0000f80367c1;;S-1-5-21-2895268558-4179327395-2773671012-1126)(OA;CI;WP;934de926-b09e-11d2-aa06-00c04f8eedd8;;S-1-5-21-2895268558-4179327395-2773671012-1123)(OA;CI;WP;5e353847-f36c-48be-a7f7-49685402503c;;S-1-5-21-2895268558-4179327395-2773671012-1123)(OA;CI;WP;8d3bca50-1d7e-11d0-a081-00aa006c33ed;;S-1-5-21-2895268558-4179327395-2773671012-1123)(OA;CI;WP;bf967953-0de6-11d0-a285-00aa003049e2;;S-1-5-21-2895268558-4179327395-2773671012-1109)(OA;CI;WP;bf967953-0de6-11d0-a285-00aa003049e2;;S-1-5-21-2895268558-4179327395-2773671012-1124)(OA;CI;WP;e48d0154-bcf8-11d1-8702-00c04fb96050;;S-1-5-21-2895268558-4179327395-2773671012-1124)(OA;CI;WP;275b2f54-982d-4dcd-b0ad-e53501445efb;;S-1-5-21-2895268558-4179327395-2773671012-1123)(OA;CI;WP;bf967954-0de6-11d0-a285-00aa003049e2;;S-1-5-21-2895268558-4179327395-2773671012-1109)(OA;CI;WP;bf967954-0de6-11d0-a285-00aa003049e2;;S-1-5-21-2895268558-4179327395-2773671012-1124)(OA;CI;WP;bf967961-0de6-11d0-a285-00aa003049e2;;S-1-5-21-2895268558-4179327395-2773671012-1109)(OA;CI;WP;bf967961-0de6-11d0-a285-00aa003049e2;;S-1-5-21-2895268558-4179327395-2773671012-1124)(OA;CI;WP;bf967a68-0de6-11d0-a285-00aa003049e2;;S-1-5-21-2895268558-4179327395-2773671012-1126)(OA;CI;WP;5fd42471-1262-11d0-a060-00aa006c33ed;;S-1-5-21-2895268558-4179327395-2773671012-1126)(OA;CI;WP;5430e777-c3ea-4024-902e-dde192204669;;S-1-5-21-2895268558-4179327395-2773671012-1123)(OA;CI;WP;6f606079-3a82-4c1b-8efb-dcc8c91d26fe;;S-1-5-21-2895268558-4179327395-2773671012-1123)(OA;CI;WP;bf967a7a-0de6-11d0-a285-00aa003049e2;;S-1-5-21-2895268558-4179327395-2773671012-1126)(OA;CI;WP;bf967a7f-0de6-11d0-a285-00aa003049e2;;S-1-5-21-2895268558-4179327395-2773671012-1123)(OA;CI;WP;614aea82-abc6-4dd0-a148-d67a59c72816;;S-1-5-21-2895268558-4179327395-2773671012-1123)(OA;CI;WP;66437984-c3c5-498f-b269-987819ef484b;;S-1-5-21-2895268558-4179327395-2773671012-1123)(OA;CI;WP;77b5b886-944a-11d1-aebd-0000f80367c1;;S-1-5-21-2895268558-4179327395-2773671012-1124)(OA;CI;WP;a8df7489-c5ea-11d1-bbcb-0080c76670c0;;S-1-5-21-2895268558-4179327395-2773671012-1109)(OA;CI;WP;a8df7489-c5ea-11d1-bbcb-0080c76670c0;;S-1-5-21-2895268558-4179327395-2773671012-1124)(OA;CI;WP;1f298a89-de98-47b8-b5cd-572ad53d267e;;S-1-5-21-2895268558-4179327395-2773671012-1109)(OA;CI;WP;1f298a89-de98-47b8-b5cd-572ad53d267e;;S-1-5-21-2895268558-4179327395-2773671012-1124)(OA;CI;WP;f0f8ff9a-1191-11d0-a060-00aa006c33ed;;S-1-5-21-2895268558-4179327395-2773671012-1109)(OA;CI;WP;f0f8ff9a-1191-11d0-a060-00aa006c33ed;;S-1-5-21-2895268558-4179327395-2773671012-1123)(OA;CI;WP;f0f8ff9a-1191-11d0-a060-00aa006c33ed;;S-1-5-21-2895268558-4179327395-2773671012-1124)(OA;CI;WP;2cc06e9d-6f7e-426a-8825-0215de176e11;;S-1-5-21-2895268558-4179327395-2773671012-1123)(OA;CI;WP;5fd424a1-1262-11d0-a060-00aa006c33ed;;S-1-5-21-2895268558-4179327395-2773671012-1109)(OA;CI;WP;5fd424a1-1262-11d0-a060-00aa006c33ed;;S-1-5-21-2895268558-4179327395-2773671012-1124)(OA;CI;WP;3263e3b8-fd6b-4c60-87f2-34bdaa9d69eb;;S-1-5-21-2895268558-4179327395-2773671012-1123)(OA;CI;WP;28630ebc-41d5-11d1-a9c1-0000f80367c1;;S-1-5-21-2895268558-4179327395-2773671012-1109)(OA;CI;WP;28630ebc-41d5-11d1-a9c1-0000f80367c1;;S-1-5-21-2895268558-4179327395-2773671012-1124)(OA;CI;WP;bf9679c0-0de6-11d0-a285-00aa003049e2;;S-1-5-21-2895268558-4179327395-2773671012-1126)(OA;CI;WP;3e0abfd0-126a-11d0-a060-00aa006c33ed;;S-1-5-21-2895268558-4179327395-2773671012-1126)(OA;CI;WP;7cb4c7d3-8787-42b0-b438-3c5d479ad31e;;S-1-5-21-2895268558-4179327395-2773671012-1123)(OA;CI;RPWP;5b47d60f-6090-40b2-9f37-2a4de88f3063;;S-1-5-21-2895268558-4179327395-2773671012-526)(OA;CI;RPWP;5b47d60f-6090-40b2-9f37-2a4de88f3063;;S-1-5-21-2895268558-4179327395-2773671012-527)(OA;CI;DTWD;;4828cc14-1437-45bc-9b07-ad6f015e5f28;S-1-5-21-2895268558-4179327395-2773671012-1126)(OA;CI;DTWD;;bf967aba-0de6-11d0-a285-00aa003049e2;S-1-5-21-2895268558-4179327395-2773671012-1126)(OA;CI;CCDCLCRPWPLO;f0f8ffac-1191-11d0-a060-00aa006c33ed;;S-1-5-21-2895268558-4179327395-2773671012-1124)(OA;CI;CCDCLCRPWPLO;e8b2aff2-59a7-4eac-9a70-819adef701dd;;S-1-5-21-2895268558-4179327395-2773671012-1123)(OA;CI;CCDCLCSWRPWPDTLOCRSDRCWDWO;018849b0-a981-11d2-a9ff-00c04f8eedd8;;S-1-5-21-2895268558-4179327395-2773671012-1109)(OA;CI;CCDCLCSWRPWPDTLOCRSDRCWDWO;018849b0-a981-11d2-a9ff-00c04f8eedd8;;S-1-5-21-2895268558-4179327395-2773671012-1124)(OA;CIIO;SD;;4828cc14-1437-45bc-9b07-ad6f015e5f28;S-1-5-21-2895268558-4179327395-2773671012-1126)(OA;CIIO;SD;;bf967a86-0de6-11d0-a285-00aa003049e2;S-1-5-21-2895268558-4179327395-2773671012-1126)(OA;CIIO;SD;;bf967a9c-0de6-11d0-a285-00aa003049e2;S-1-5-21-2895268558-4179327395-2773671012-1126)(OA;CIIO;SD;;bf967aa5-0de6-11d0-a285-00aa003049e2;S-1-5-21-2895268558-4179327395-2773671012-1126)(OA;CIIO;SD;;bf967aba-0de6-11d0-a285-00aa003049e2;S-1-5-21-2895268558-4179327395-2773671012-1126)(OA;CIIO;SD;;5cb41ed0-0e4c-11d0-a286-00aa003049e2;S-1-5-21-2895268558-4179327395-2773671012-1126)(OA;CIIO;WD;;bf967a9c-0de6-11d0-a285-00aa003049e2;S-1-5-21-2895268558-4179327395-2773671012-1124)(OA;CIIO;SW;9b026da6-0d3c-465c-8bee-5199d7165cba;bf967a86-0de6-11d0-a285-00aa003049e2;CO)(OA;CIIO;SW;9b026da6-0d3c-465c-8bee-5199d7165cba;bf967a86-0de6-11d0-a285-00aa003049e2;PS)(OA;CIIO;RP;b7c69e6d-2cc7-11d2-854e-00a0c983f608;bf967a86-0de6-11d0-a285-00aa003049e2;ED)(OA;CIIO;RP;b7c69e6d-2cc7-11d2-854e-00a0c983f608;bf967a9c-0de6-11d0-a285-00aa003049e2;ED)(OA;CIIO;RP;b7c69e6d-2cc7-11d2-854e-00a0c983f608;bf967aba-0de6-11d0-a285-00aa003049e2;ED)(OA;CIIO;WP;ea1b7b93-5e48-46d5-bc6c-4df4fda78a35;bf967a86-0de6-11d0-a285-00aa003049e2;PS)(OA;CIIO;CCDCLCSWRPWPDTLOCRSDRCWDWO;;c975c901-6cea-4b6f-8319-d67f45449506;S-1-5-21-2895268558-4179327395-2773671012-1124)(OA;CIIO;CCDCLCSWRPWPDTLOCRSDRCWDWO;;f0f8ffac-1191-11d0-a060-00aa006c33ed;S-1-5-21-2895268558-4179327395-2773671012-1124)(OA;CINPIO;RPWPLOSD;;e8b2aff2-59a7-4eac-9a70-819adef701dd;S-1-5-21-2895268558-4179327395-2773671012-1123)(OA;;CR;89e95b76-444d-4c62-991a-0facbeda640c;;BA)(OA;;CR;1131f6aa-9c07-11d1-f79f-00c04fc2dcd2;;BA)(OA;;CR;1131f6ab-9c07-11d1-f79f-00c04fc2dcd2;;BA)(OA;;CR;1131f6ac-9c07-11d1-f79f-00c04fc2dcd2;;BA)(OA;;CR;1131f6ad-9c07-11d1-f79f-00c04fc2dcd2;;BA)(OA;;CR;1131f6ae-9c07-11d1-f79f-00c04fc2dcd2;;BA)(OA;;CR;e2a36dc9-ae17-47c3-b58b-be34c55ba633;;S-1-5-32-557)(OA;CIIO;LCRPLORC;;4828cc14-1437-45bc-9b07-ad6f015e5f28;RU)(OA;CIIO;LCRPLORC;;bf967a9c-0de6-11d0-a285-00aa003049e2;RU)(OA;CIIO;LCRPLORC;;bf967aba-0de6-11d0-a285-00aa003049e2;RU)(OA;;CR;05c74c5e-4deb-43b4-bd9f-86664c2a7fd5;;AU)(OA;;CR;89e95b76-444d-4c62-991a-0facbeda640c;;ED)(OA;;CR;ccc2dc7d-a6ad-4a7a-8846-c04e3cc53501;;AU)(OA;;CR;280f369c-67c7-438e-ae98-1d46f3c6f541;;AU)(OA;;CR;1131f6aa-9c07-11d1-f79f-00c04fc2dcd2;;ED)(OA;;CR;1131f6ab-9c07-11d1-f79f-00c04fc2dcd2;;ED)(OA;;CR;1131f6ac-9c07-11d1-f79f-00c04fc2dcd2;;ED)(OA;;CR;1131f6ae-9c07-11d1-f79f-00c04fc2dcd2;;ED)(OA;CI;RP;b1b3a417-ec55-4191-b327-b72e33e38af2;;NS)(OA;CI;RP;1f298a89-de98-47b8-b5cd-572ad53d267e;;AU)(OA;CI;RPWP;3f78c3e5-f79a-46bd-a0b8-9d18116ddc79;;PS)(OA;CIIO;RPWPCR;91e647de-d96f-4b70-9557-d63ff4f3ccd8;;PS)(A;;CCLCSWRPWPLOCRRCWDWO;;;DA)(A;CI;LCRPLORC;;;S-1-5-21-2895268558-4179327395-2773671012-1109)(A;CI;LCRPLORC;;;S-1-5-21-2895268558-4179327395-2773671012-1124)(A;CI;CCDCLCSWRPWPDTLOCRSDRCWDWO;;;S-1-5-21-2895268558-4179327395-2773671012-519)(A;;RPRC;;;RU)(A;CI;LC;;;RU)(A;CI;CCLCSWRPWPLOCRSDRCWDWO;;;BA)(A;;RP;;;WD)(A;;LCRPLORC;;;ED)(A;;LCRPLORC;;;AU)(A;;CCDCLCSWRPWPDTLOCRSDRCWDWO;;;SY)S:(OU;CISA;WP;f30e3bbe-9ff0-11d1-b603-0000f80367c1;bf967aa5-0de6-11d0-a285-00aa003049e2;WD)(OU;CISA;WP;f30e3bbf-9ff0-11d1-b603-0000f80367c1;bf967aa5-0de6-11d0-a285-00aa003049e2;WD)(AU;SA;CR;;;DU)(AU;SA;CR;;;BA)(AU;SA;WPWDWO;;;WD)
	
Operation:
	Type:	Value Added
	Correlation ID:	{3d862a5c-0fd6-444b-8897-323f778893d8}
	Application Correlation ID:	-","5136","0",,"0","14081","0","-9214364837600034816","65973","Microsoft-Windows-Security-Auditing","54849625-5478-4994-a5ba-3e3b0328c30d","Security","612","716","ICORP-DC.internal.corp",,"2/2/2019 1:17:27 AM",,,"System.UInt32[]","System.Diagnostics.Eventing.Reader.EventBookmark","Information","Info","Directory Service Changes","System.Collections.ObjectModel.ReadOnlyCollection`1[System.String]","System.Collections.Generic.List`1[System.Diagnostics.Eventing.Reader.EventProperty]"
"A directory service object was modified.
	
Subject:
	Security ID:		S-1-5-21-2895268558-4179327395-2773671012-1108
	Account Name:		EXCHANGE$
	Account Domain:		ICORP
	Logon ID:		0x24DAA6

Directory Service:
	Name:	internal.corp
	Type:	Active Directory Domain Services
	
Object:
	DN:	DC=internal,DC=corp
	GUID:	{77f4548a-5e9d-4649-89f9-a0177c722361}
	Class:	domainDNS
	
Attribute:
	LDAP Display Name:	nTSecurityDescriptor
	Syntax (OID):	2.5.5.15
	Value:	O:BAG:BAD:AI(D;;DC;;;WD)(OA;CI;CR;ab721a53-1e2f-11d0-9819-00aa0040529b;bf967aba-0de6-11d0-a285-00aa003049e2;S-1-5-21-2895268558-4179327395-2773671012-1126)(OA;CI;CR;00299570-246d-11d0-a768-00aa006e0529;bf967aba-0de6-11d0-a285-00aa003049e2;S-1-5-21-2895268558-4179327395-2773671012-1126)(OA;CIIO;CCDCLC;c975c901-6cea-4b6f-8319-d67f45449506;4828cc14-1437-45bc-9b07-ad6f015e5f28;S-1-5-21-2895268558-4179327395-2773671012-1123)(OA;CIIO;CCDCLC;c975c901-6cea-4b6f-8319-d67f45449506;bf967aba-0de6-11d0-a285-00aa003049e2;S-1-5-21-2895268558-4179327395-2773671012-1123)(OA;;CR;3e0f7e18-2c7a-4c10-ba82-4d926db99a3e;;S-1-5-21-2895268558-4179327395-2773671012-522)(OA;;CR;1131f6aa-9c07-11d1-f79f-00c04fc2dcd2;;S-1-5-21-2895268558-4179327395-2773671012-498)(OA;;CR;1131f6ab-9c07-11d1-f79f-00c04fc2dcd2;;S-1-5-21-2895268558-4179327395-2773671012-1123)(OA;;CR;1131f6ad-9c07-11d1-f79f-00c04fc2dcd2;;DD)(OA;CI;CC;4828cc14-1437-45bc-9b07-ad6f015e5f28;;S-1-5-21-2895268558-4179327395-2773671012-1126)(OA;CI;CC;bf967a86-0de6-11d0-a285-00aa003049e2;;S-1-5-21-2895268558-4179327395-2773671012-1126)(OA;CI;CC;bf967a9c-0de6-11d0-a285-00aa003049e2;;S-1-5-21-2895268558-4179327395-2773671012-1126)(OA;CI;CC;bf967aa5-0de6-11d0-a285-00aa003049e2;;S-1-5-21-2895268558-4179327395-2773671012-1126)(OA;CI;CC;bf967aba-0de6-11d0-a285-00aa003049e2;;S-1-5-21-2895268558-4179327395-2773671012-1126)(OA;CI;CC;5cb41ed0-0e4c-11d0-a286-00aa003049e2;;S-1-5-21-2895268558-4179327395-2773671012-1126)(OA;CI;RP;4c164200-20c0-11d0-a768-00aa006e0529;;S-1-5-21-2895268558-4179327395-2773671012-1118)(OA;CI;RP;b1b3a417-ec55-4191-b327-b72e33e38af2;;S-1-5-21-2895268558-4179327395-2773671012-1123)(OA;CI;RP;9a7ad945-ca53-11d1-bbd0-0080c76670c0;;S-1-5-21-2895268558-4179327395-2773671012-1123)(OA;CI;RP;bf967a68-0de6-11d0-a285-00aa003049e2;;S-1-5-21-2895268558-4179327395-2773671012-1123)(OA;CI;RP;1f298a89-de98-47b8-b5cd-572ad53d267e;;S-1-5-21-2895268558-4179327395-2773671012-1123)(OA;CI;RP;bf967991-0de6-11d0-a285-00aa003049e2;;S-1-5-21-2895268558-4179327395-2773671012-1123)(OA;CI;RP;5fd424a1-1262-11d0-a060-00aa006c33ed;;S-1-5-21-2895268558-4179327395-2773671012-1123)(OA;CI;WP;bf967a06-0de6-11d0-a285-00aa003049e2;;S-1-5-21-2895268558-4179327395-2773671012-1109)(OA;CI;WP;bf967a06-0de6-11d0-a285-00aa003049e2;;S-1-5-21-2895268558-4179327395-2773671012-1124)(OA;CI;WP;bf967a0a-0de6-11d0-a285-00aa003049e2;;S-1-5-21-2895268558-4179327395-2773671012-1126)(OA;CI;WP;3e74f60e-3e73-11d1-a9c0-0000f80367c1;;S-1-5-21-2895268558-4179327395-2773671012-1109)(OA;CI;WP;3e74f60e-3e73-11d1-a9c0-0000f80367c1;;S-1-5-21-2895268558-4179327395-2773671012-1124)(OA;CI;WP;b1b3a417-ec55-4191-b327-b72e33e38af2;;S-1-5-21-2895268558-4179327395-2773671012-1109)(OA;CI;WP;b1b3a417-ec55-4191-b327-b72e33e38af2;;S-1-5-21-2895268558-4179327395-2773671012-1124)(OA;CI;WP;bf96791a-0de6-11d0-a285-00aa003049e2;;S-1-5-21-2895268558-4179327395-2773671012-1109)(OA;CI;WP;bf96791a-0de6-11d0-a285-00aa003049e2;;S-1-5-21-2895268558-4179327395-2773671012-1124)(OA;CI;WP;9a9a021e-4a5b-11d1-a9c3-0000f80367c1;;S-1-5-21-2895268558-4179327395-2773671012-1123)(OA;CI;WP;0296c120-40da-11d1-a9c0-0000f80367c1;;S-1-5-21-2895268558-4179327395-2773671012-1126)(OA;CI;WP;934de926-b09e-11d2-aa06-00c04f8eedd8;;S-1-5-21-2895268558-4179327395-2773671012-1123)(OA;CI;WP;5e353847-f36c-48be-a7f7-49685402503c;;S-1-5-21-2895268558-4179327395-2773671012-1123)(OA;CI;WP;8d3bca50-1d7e-11d0-a081-00aa006c33ed;;S-1-5-21-2895268558-4179327395-2773671012-1123)(OA;CI;WP;bf967953-0de6-11d0-a285-00aa003049e2;;S-1-5-21-2895268558-4179327395-2773671012-1109)(OA;CI;WP;bf967953-0de6-11d0-a285-00aa003049e2;;S-1-5-21-2895268558-4179327395-2773671012-1124)(OA;CI;WP;e48d0154-bcf8-11d1-8702-00c04fb96050;;S-1-5-21-2895268558-4179327395-2773671012-1124)(OA;CI;WP;275b2f54-982d-4dcd-b0ad-e53501445efb;;S-1-5-21-2895268558-4179327395-2773671012-1123)(OA;CI;WP;bf967954-0de6-11d0-a285-00aa003049e2;;S-1-5-21-2895268558-4179327395-2773671012-1109)(OA;CI;WP;bf967954-0de6-11d0-a285-00aa003049e2;;S-1-5-21-2895268558-4179327395-2773671012-1124)(OA;CI;WP;bf967961-0de6-11d0-a285-00aa003049e2;;S-1-5-21-2895268558-4179327395-2773671012-1109)(OA;CI;WP;bf967961-0de6-11d0-a285-00aa003049e2;;S-1-5-21-2895268558-4179327395-2773671012-1124)(OA;CI;WP;bf967a68-0de6-11d0-a285-00aa003049e2;;S-1-5-21-2895268558-4179327395-2773671012-1126)(OA;CI;WP;5fd42471-1262-11d0-a060-00aa006c33ed;;S-1-5-21-2895268558-4179327395-2773671012-1126)(OA;CI;WP;5430e777-c3ea-4024-902e-dde192204669;;S-1-5-21-2895268558-4179327395-2773671012-1123)(OA;CI;WP;6f606079-3a82-4c1b-8efb-dcc8c91d26fe;;S-1-5-21-2895268558-4179327395-2773671012-1123)(OA;CI;WP;bf967a7a-0de6-11d0-a285-00aa003049e2;;S-1-5-21-2895268558-4179327395-2773671012-1126)(OA;CI;WP;bf967a7f-0de6-11d0-a285-00aa003049e2;;S-1-5-21-2895268558-4179327395-2773671012-1123)(OA;CI;WP;614aea82-abc6-4dd0-a148-d67a59c72816;;S-1-5-21-2895268558-4179327395-2773671012-1123)(OA;CI;WP;66437984-c3c5-498f-b269-987819ef484b;;S-1-5-21-2895268558-4179327395-2773671012-1123)(OA;CI;WP;77b5b886-944a-11d1-aebd-0000f80367c1;;S-1-5-21-2895268558-4179327395-2773671012-1124)(OA;CI;WP;a8df7489-c5ea-11d1-bbcb-0080c76670c0;;S-1-5-21-2895268558-4179327395-2773671012-1109)(OA;CI;WP;a8df7489-c5ea-11d1-bbcb-0080c76670c0;;S-1-5-21-2895268558-4179327395-2773671012-1124)(OA;CI;WP;1f298a89-de98-47b8-b5cd-572ad53d267e;;S-1-5-21-2895268558-4179327395-2773671012-1109)(OA;CI;WP;1f298a89-de98-47b8-b5cd-572ad53d267e;;S-1-5-21-2895268558-4179327395-2773671012-1124)(OA;CI;WP;f0f8ff9a-1191-11d0-a060-00aa006c33ed;;S-1-5-21-2895268558-4179327395-2773671012-1109)(OA;CI;WP;f0f8ff9a-1191-11d0-a060-00aa006c33ed;;S-1-5-21-2895268558-4179327395-2773671012-1123)(OA;CI;WP;f0f8ff9a-1191-11d0-a060-00aa006c33ed;;S-1-5-21-2895268558-4179327395-2773671012-1124)(OA;CI;WP;2cc06e9d-6f7e-426a-8825-0215de176e11;;S-1-5-21-2895268558-4179327395-2773671012-1123)(OA;CI;WP;5fd424a1-1262-11d0-a060-00aa006c33ed;;S-1-5-21-2895268558-4179327395-2773671012-1109)(OA;CI;WP;5fd424a1-1262-11d0-a060-00aa006c33ed;;S-1-5-21-2895268558-4179327395-2773671012-1124)(OA;CI;WP;3263e3b8-fd6b-4c60-87f2-34bdaa9d69eb;;S-1-5-21-2895268558-4179327395-2773671012-1123)(OA;CI;WP;28630ebc-41d5-11d1-a9c1-0000f80367c1;;S-1-5-21-2895268558-4179327395-2773671012-1109)(OA;CI;WP;28630ebc-41d5-11d1-a9c1-0000f80367c1;;S-1-5-21-2895268558-4179327395-2773671012-1124)(OA;CI;WP;bf9679c0-0de6-11d0-a285-00aa003049e2;;S-1-5-21-2895268558-4179327395-2773671012-1126)(OA;CI;WP;3e0abfd0-126a-11d0-a060-00aa006c33ed;;S-1-5-21-2895268558-4179327395-2773671012-1126)(OA;CI;WP;7cb4c7d3-8787-42b0-b438-3c5d479ad31e;;S-1-5-21-2895268558-4179327395-2773671012-1123)(OA;CI;RPWP;5b47d60f-6090-40b2-9f37-2a4de88f3063;;S-1-5-21-2895268558-4179327395-2773671012-526)(OA;CI;RPWP;5b47d60f-6090-40b2-9f37-2a4de88f3063;;S-1-5-21-2895268558-4179327395-2773671012-527)(OA;CI;DTWD;;4828cc14-1437-45bc-9b07-ad6f015e5f28;S-1-5-21-2895268558-4179327395-2773671012-1126)(OA;CI;DTWD;;bf967aba-0de6-11d0-a285-00aa003049e2;S-1-5-21-2895268558-4179327395-2773671012-1126)(OA;CI;CCDCLCRPWPLO;f0f8ffac-1191-11d0-a060-00aa006c33ed;;S-1-5-21-2895268558-4179327395-2773671012-1124)(OA;CI;CCDCLCRPWPLO;e8b2aff2-59a7-4eac-9a70-819adef701dd;;S-1-5-21-2895268558-4179327395-2773671012-1123)(OA;CI;CCDCLCSWRPWPDTLOCRSDRCWDWO;018849b0-a981-11d2-a9ff-00c04f8eedd8;;S-1-5-21-2895268558-4179327395-2773671012-1109)(OA;CI;CCDCLCSWRPWPDTLOCRSDRCWDWO;018849b0-a981-11d2-a9ff-00c04f8eedd8;;S-1-5-21-2895268558-4179327395-2773671012-1124)(OA;CIIO;SD;;4828cc14-1437-45bc-9b07-ad6f015e5f28;S-1-5-21-2895268558-4179327395-2773671012-1126)(OA;CIIO;SD;;bf967a86-0de6-11d0-a285-00aa003049e2;S-1-5-21-2895268558-4179327395-2773671012-1126)(OA;CIIO;SD;;bf967a9c-0de6-11d0-a285-00aa003049e2;S-1-5-21-2895268558-4179327395-2773671012-1126)(OA;CIIO;SD;;bf967aa5-0de6-11d0-a285-00aa003049e2;S-1-5-21-2895268558-4179327395-2773671012-1126)(OA;CIIO;SD;;bf967aba-0de6-11d0-a285-00aa003049e2;S-1-5-21-2895268558-4179327395-2773671012-1126)(OA;CIIO;SD;;5cb41ed0-0e4c-11d0-a286-00aa003049e2;S-1-5-21-2895268558-4179327395-2773671012-1126)(OA;CIIO;WD;;bf967a9c-0de6-11d0-a285-00aa003049e2;S-1-5-21-2895268558-4179327395-2773671012-1124)(OA;CIIO;SW;9b026da6-0d3c-465c-8bee-5199d7165cba;bf967a86-0de6-11d0-a285-00aa003049e2;CO)(OA;CIIO;SW;9b026da6-0d3c-465c-8bee-5199d7165cba;bf967a86-0de6-11d0-a285-00aa003049e2;PS)(OA;CIIO;RP;b7c69e6d-2cc7-11d2-854e-00a0c983f608;bf967a86-0de6-11d0-a285-00aa003049e2;ED)(OA;CIIO;RP;b7c69e6d-2cc7-11d2-854e-00a0c983f608;bf967a9c-0de6-11d0-a285-00aa003049e2;ED)(OA;CIIO;RP;b7c69e6d-2cc7-11d2-854e-00a0c983f608;bf967aba-0de6-11d0-a285-00aa003049e2;ED)(OA;CIIO;WP;ea1b7b93-5e48-46d5-bc6c-4df4fda78a35;bf967a86-0de6-11d0-a285-00aa003049e2;PS)(OA;CIIO;CCDCLCSWRPWPDTLOCRSDRCWDWO;;c975c901-6cea-4b6f-8319-d67f45449506;S-1-5-21-2895268558-4179327395-2773671012-1124)(OA;CIIO;CCDCLCSWRPWPDTLOCRSDRCWDWO;;f0f8ffac-1191-11d0-a060-00aa006c33ed;S-1-5-21-2895268558-4179327395-2773671012-1124)(OA;CINPIO;RPWPLOSD;;e8b2aff2-59a7-4eac-9a70-819adef701dd;S-1-5-21-2895268558-4179327395-2773671012-1123)(OA;;CR;89e95b76-444d-4c62-991a-0facbeda640c;;BA)(OA;;CR;1131f6aa-9c07-11d1-f79f-00c04fc2dcd2;;BA)(OA;;CR;1131f6ab-9c07-11d1-f79f-00c04fc2dcd2;;BA)(OA;;CR;1131f6ac-9c07-11d1-f79f-00c04fc2dcd2;;BA)(OA;;CR;1131f6ad-9c07-11d1-f79f-00c04fc2dcd2;;BA)(OA;;CR;1131f6ae-9c07-11d1-f79f-00c04fc2dcd2;;BA)(OA;;CR;e2a36dc9-ae17-47c3-b58b-be34c55ba633;;S-1-5-32-557)(OA;CIIO;LCRPLORC;;4828cc14-1437-45bc-9b07-ad6f015e5f28;RU)(OA;CIIO;LCRPLORC;;bf967a9c-0de6-11d0-a285-00aa003049e2;RU)(OA;CIIO;LCRPLORC;;bf967aba-0de6-11d0-a285-00aa003049e2;RU)(OA;;CR;05c74c5e-4deb-43b4-bd9f-86664c2a7fd5;;AU)(OA;;CR;89e95b76-444d-4c62-991a-0facbeda640c;;ED)(OA;;CR;ccc2dc7d-a6ad-4a7a-8846-c04e3cc53501;;AU)(OA;;CR;280f369c-67c7-438e-ae98-1d46f3c6f541;;AU)(OA;;CR;1131f6aa-9c07-11d1-f79f-00c04fc2dcd2;;ED)(OA;;CR;1131f6ab-9c07-11d1-f79f-00c04fc2dcd2;;ED)(OA;;CR;1131f6ac-9c07-11d1-f79f-00c04fc2dcd2;;ED)(OA;;CR;1131f6ae-9c07-11d1-f79f-00c04fc2dcd2;;ED)(OA;CI;RP;b1b3a417-ec55-4191-b327-b72e33e38af2;;NS)(OA;CI;RP;1f298a89-de98-47b8-b5cd-572ad53d267e;;AU)(OA;CI;RPWP;3f78c3e5-f79a-46bd-a0b8-9d18116ddc79;;PS)(OA;CIIO;RPWPCR;91e647de-d96f-4b70-9557-d63ff4f3ccd8;;PS)(A;;CCLCSWRPWPLOCRRCWDWO;;;DA)(A;CI;LCRPLORC;;;S-1-5-21-2895268558-4179327395-2773671012-1109)(A;CI;LCRPLORC;;;S-1-5-21-2895268558-4179327395-2773671012-1124)(A;CI;CCDCLCSWRPWPDTLOCRSDRCWDWO;;;S-1-5-21-2895268558-4179327395-2773671012-519)(A;;RPRC;;;RU)(A;CI;LC;;;RU)(A;CI;CCLCSWRPWPLOCRSDRCWDWO;;;BA)(A;;RP;;;WD)(A;;LCRPLORC;;;ED)(A;;LCRPLORC;;;AU)(A;;CCDCLCSWRPWPDTLOCRSDRCWDWO;;;SY)S:(OU;CISA;WP;f30e3bbe-9ff0-11d1-b603-0000f80367c1;bf967aa5-0de6-11d0-a285-00aa003049e2;WD)(OU;CISA;WP;f30e3bbf-9ff0-11d1-b603-0000f80367c1;bf967aa5-0de6-11d0-a285-00aa003049e2;WD)(AU;SA;CR;;;DU)(AU;SA;CR;;;BA)(AU;SA;WPWDWO;;;WD)
	
Operation:
	Type:	Value Deleted
	Correlation ID:	{3d862a5c-0fd6-444b-8897-323f778893d8}
	Application Correlation ID:	-","5136","0",,"0","14081","0","-9214364837600034816","65972","Microsoft-Windows-Security-Auditing","54849625-5478-4994-a5ba-3e3b0328c30d","Security","612","716","ICORP-DC.internal.corp",,"2/2/2019 1:17:27 AM",,,"System.UInt32[]","System.Diagnostics.Eventing.Reader.EventBookmark","Information","Info","Directory Service Changes","System.Collections.ObjectModel.ReadOnlyCollection`1[System.String]","System.Collections.Generic.List`1[System.Diagnostics.Eventing.Reader.EventProperty]"
"An account was successfully logged on.

Subject:
	Security ID:		S-1-0-0
	Account Name:		-
	Account Domain:		-
	Logon ID:		0x0

Logon Information:
	Logon Type:		3
	Restricted Admin Mode:	-
	Virtual Account:		No
	Elevated Token:		Yes

Impersonation Level:		Delegation

New Logon:
	Security ID:		S-1-5-18
	Account Name:		ICORP-DC$
	Account Domain:		INTERNAL.CORP
	Logon ID:		0x24DB24
	Linked Logon ID:		0x0
	Network Account Name:	-
	Network Account Domain:	-
	Logon GUID:		{5a66fdff-b4e8-5133-53a9-72a5de1c31fb}

Process Information:
	Process ID:		0x0
	Process Name:		-

Network Information:
	Workstation Name:	-
	Source Network Address:	::1
	Source Port:		50152

Detailed Authentication Information:
	Logon Process:		Kerberos
	Authentication Package:	Kerberos
	Transited Services:	-
	Package Name (NTLM only):	-
	Key Length:		0

This event is generated when a logon session is created. It is generated on the computer that was accessed.

The subject fields indicate the account on the local system which requested the logon. This is most commonly a service such as the Server service, or a local process such as Winlogon.exe or Services.exe.

The logon type field indicates the kind of logon that occurred. The most common types are 2 (interactive) and 3 (network).

The New Logon fields indicate the account for whom the new logon was created, i.e. the account that was logged on.

The network fields indicate where a remote logon request originated. Workstation name is not always available and may be left blank in some cases.

The impersonation level field indicates the extent to which a process in the logon session can impersonate.

The authentication information fields provide detailed information about this specific logon request.
	- Logon GUID is a unique identifier that can be used to correlate this event with a KDC event.
	- Transited services indicate which intermediate services have participated in this logon request.
	- Package name indicates which sub-protocol was used among the NTLM protocols.
	- Key length indicates the length of the generated session key. This will be 0 if no session key was requested.","4624","2",,"0","12544","0","-9214364837600034816","65971","Microsoft-Windows-Security-Auditing","54849625-5478-4994-a5ba-3e3b0328c30d","Security","612","1280","ICORP-DC.internal.corp",,"2/2/2019 1:17:23 AM","e7b51cde-bad3-0000-481f-b5e7d3bad401",,"System.UInt32[]","System.Diagnostics.Eventing.Reader.EventBookmark","Information","Info","Logon","System.Collections.ObjectModel.ReadOnlyCollection`1[System.String]","System.Collections.Generic.List`1[System.Diagnostics.Eventing.Reader.EventProperty]"
"An operation was performed on an object.

Subject :
	Security ID:		S-1-5-21-2895268558-4179327395-2773671012-1108
	Account Name:		EXCHANGE$
	Account Domain:		ICORP
	Logon ID:		0x24DAA6

Object:
	Object Server:		DS
	Object Type:		%{19195a5b-6da0-11d0-afd3-00c04fd930c9}
	Object Name:		%{77f4548a-5e9d-4649-89f9-a0177c722361}
	Handle ID:		0x0

Operation:
	Operation Type:		Object Access
	Accesses:		WRITE_DAC
				
	Access Mask:		0x40000
	Properties:		WRITE_DAC
	{19195a5b-6da0-11d0-afd3-00c04fd930c9}


Additional Information:
	Parameter 1:		-
	Parameter 2:		","4662","0",,"0","14080","0","-9214364837600034816","65970","Microsoft-Windows-Security-Auditing","54849625-5478-4994-a5ba-3e3b0328c30d","Security","612","724","ICORP-DC.internal.corp",,"2/2/2019 1:17:23 AM",,,"System.UInt32[]","System.Diagnostics.Eventing.Reader.EventBookmark","Information","Info","Directory Service Access","System.Collections.ObjectModel.ReadOnlyCollection`1[System.String]","System.Collections.Generic.List`1[System.Diagnostics.Eventing.Reader.EventProperty]"
"An account was successfully logged on.

Subject:
	Security ID:		S-1-0-0
	Account Name:		-
	Account Domain:		-
	Logon ID:		0x0

Logon Information:
	Logon Type:		3
	Restricted Admin Mode:	-
	Virtual Account:		No
	Elevated Token:		Yes

Impersonation Level:		Impersonation

New Logon:
	Security ID:		S-1-5-21-2895268558-4179327395-2773671012-1108
	Account Name:		EXCHANGE$
	Account Domain:		ICORP
	Logon ID:		0x24DAA6
	Linked Logon ID:		0x0
	Network Account Name:	-
	Network Account Domain:	-
	Logon GUID:		{00000000-0000-0000-0000-000000000000}

Process Information:
	Process ID:		0x0
	Process Name:		-

Network Information:
	Workstation Name:	EXCHANGE
	Source Network Address:	192.168.111.87
	Source Port:		58128

Detailed Authentication Information:
	Logon Process:		NtLmSsp 
	Authentication Package:	NTLM
	Transited Services:	-
	Package Name (NTLM only):	NTLM V2
	Key Length:		0

This event is generated when a logon session is created. It is generated on the computer that was accessed.

The subject fields indicate the account on the local system which requested the logon. This is most commonly a service such as the Server service, or a local process such as Winlogon.exe or Services.exe.

The logon type field indicates the kind of logon that occurred. The most common types are 2 (interactive) and 3 (network).

The New Logon fields indicate the account for whom the new logon was created, i.e. the account that was logged on.

The network fields indicate where a remote logon request originated. Workstation name is not always available and may be left blank in some cases.

The impersonation level field indicates the extent to which a process in the logon session can impersonate.

The authentication information fields provide detailed information about this specific logon request.
	- Logon GUID is a unique identifier that can be used to correlate this event with a KDC event.
	- Transited services indicate which intermediate services have participated in this logon request.
	- Package name indicates which sub-protocol was used among the NTLM protocols.
	- Key length indicates the length of the generated session key. This will be 0 if no session key was requested.","4624","2",,"0","12544","0","-9214364837600034816","65969","Microsoft-Windows-Security-Auditing","54849625-5478-4994-a5ba-3e3b0328c30d","Security","612","1884","ICORP-DC.internal.corp",,"2/2/2019 1:17:22 AM",,,"System.UInt32[]","System.Diagnostics.Eventing.Reader.EventBookmark","Information","Info","Logon","System.Collections.ObjectModel.ReadOnlyCollection`1[System.String]","System.Collections.Generic.List`1[System.Diagnostics.Eventing.Reader.EventProperty]"
"The computer attempted to validate the credentials for an account.

Authentication Package:	MICROSOFT_AUTHENTICATION_PACKAGE_V1_0
Logon Account:	EXCHANGE$
Source Workstation:	EXCHANGE
Error Code:	0x0","4776","0",,"0","14336","0","-9214364837600034816","65968","Microsoft-Windows-Security-Auditing","54849625-5478-4994-a5ba-3e3b0328c30d","Security","612","1884","ICORP-DC.internal.corp",,"2/2/2019 1:17:22 AM",,,"System.UInt32[]","System.Diagnostics.Eventing.Reader.EventBookmark","Information","Info","Credential Validation","System.Collections.ObjectModel.ReadOnlyCollection`1[System.String]","System.Collections.Generic.List`1[System.Diagnostics.Eventing.Reader.EventProperty]"
"An account was successfully logged on.

Subject:
	Security ID:		S-1-0-0
	Account Name:		-
	Account Domain:		-
	Logon ID:		0x0

Logon Information:
	Logon Type:		3
	Restricted Admin Mode:	-
	Virtual Account:		No
	Elevated Token:		Yes

Impersonation Level:		Impersonation

New Logon:
	Security ID:		S-1-5-18
	Account Name:		ICORP-DC$
	Account Domain:		INTERNAL.CORP
	Logon ID:		0x24C879
	Linked Logon ID:		0x0
	Network Account Name:	-
	Network Account Domain:	-
	Logon GUID:		{94ba67ea-8490-3c86-6db7-df74c9aa4449}

Process Information:
	Process ID:		0x0
	Process Name:		-

Network Information:
	Workstation Name:	-
	Source Network Address:	127.0.0.1
	Source Port:		50151

Detailed Authentication Information:
	Logon Process:		Kerberos
	Authentication Package:	Kerberos
	Transited Services:	-
	Package Name (NTLM only):	-
	Key Length:		0

This event is generated when a logon session is created. It is generated on the computer that was accessed.

The subject fields indicate the account on the local system which requested the logon. This is most commonly a service such as the Server service, or a local process such as Winlogon.exe or Services.exe.

The logon type field indicates the kind of logon that occurred. The most common types are 2 (interactive) and 3 (network).

The New Logon fields indicate the account for whom the new logon was created, i.e. the account that was logged on.

The network fields indicate where a remote logon request originated. Workstation name is not always available and may be left blank in some cases.

The impersonation level field indicates the extent to which a process in the logon session can impersonate.

The authentication information fields provide detailed information about this specific logon request.
	- Logon GUID is a unique identifier that can be used to correlate this event with a KDC event.
	- Transited services indicate which intermediate services have participated in this logon request.
	- Package name indicates which sub-protocol was used among the NTLM protocols.
	- Key length indicates the length of the generated session key. This will be 0 if no session key was requested.","4624","2",,"0","12544","0","-9214364837600034816","65967","Microsoft-Windows-Security-Auditing","54849625-5478-4994-a5ba-3e3b0328c30d","Security","612","1884","ICORP-DC.internal.corp",,"2/2/2019 1:16:58 AM",,,"System.UInt32[]","System.Diagnostics.Eventing.Reader.EventBookmark","Information","Info","Logon","System.Collections.ObjectModel.ReadOnlyCollection`1[System.String]","System.Collections.Generic.List`1[System.Diagnostics.Eventing.Reader.EventProperty]"
"The computer attempted to validate the credentials for an account.

Authentication Package:	MICROSOFT_AUTHENTICATION_PACKAGE_V1_0
Logon Account:	helpdesk
Source Workstation:	evil.internal.corp
Error Code:	0x0","4776","0",,"0","14336","0","-9214364837600034816","65966","Microsoft-Windows-Security-Auditing","54849625-5478-4994-a5ba-3e3b0328c30d","Security","612","1280","ICORP-DC.internal.corp",,"2/2/2019 1:16:52 AM",,,"System.UInt32[]","System.Diagnostics.Eventing.Reader.EventBookmark","Information","Info","Credential Validation","System.Collections.ObjectModel.ReadOnlyCollection`1[System.String]","System.Collections.Generic.List`1[System.Diagnostics.Eventing.Reader.EventProperty]"
