"BITS stopped transferring the UpdateDescriptionXml transfer job that is associated with the https://g.live.com/1rewlive5skydrive/ODSUProduction URL. The status code is 0x80072EE7.","61","1",,"3","0","2","4611686018427387904","8175","Microsoft-Windows-Bits-Client","ef1cc15b-46c1-414e-bb95-e76b077bd51e","Microsoft-Windows-Bits-Client/Operational","4832","7628","MSEDGEWIN10","S-1-5-18","10/17/2020 4:24:16 AM","6d3ed7de-d6b2-4ad0-bea4-531dde853a34",,"System.UInt32[]","System.Diagnostics.Eventing.Reader.EventBookmark","Warning","Stop",,"System.Collections.ObjectModel.ReadOnlyCollection`1[System.String]","System.Collections.Generic.List`1[System.Diagnostics.Eventing.Reader.EventProperty]"
"BITS stopped transferring the UpdateDescriptionXml transfer job that is associated with the https://g.live.com/1rewlive5skydrive/ODSUProduction URL. The status code is 0x80072EE7.","61","1",,"3","0","2","4611686018427387904","8174","Microsoft-Windows-Bits-Client","ef1cc15b-46c1-414e-bb95-e76b077bd51e","Microsoft-Windows-Bits-Client/Operational","4832","232","MSEDGEWIN10","S-1-5-18","10/17/2020 4:24:06 AM","143c2e1f-2da4-4893-ba3c-f5ee22b58d31",,"System.UInt32[]","System.Diagnostics.Eventing.Reader.EventBookmark","Warning","Stop",,"System.Collections.ObjectModel.ReadOnlyCollection`1[System.String]","System.Collections.Generic.List`1[System.Diagnostics.Eventing.Reader.EventProperty]"
"BITS stopped transferring the UpdateDescriptionXml transfer job that is associated with the https://g.live.com/1rewlive5skydrive/ODSUProduction URL. The status code is 0x80072EE7.","61","1",,"3","0","2","4611686018427387904","8173","Microsoft-Windows-Bits-Client","ef1cc15b-46c1-414e-bb95-e76b077bd51e","Microsoft-Windows-Bits-Client/Operational","4832","7628","MSEDGEWIN10","S-1-5-18","10/17/2020 4:23:56 AM","5a912e77-e7aa-43a8-9e6c-166448654309",,"System.UInt32[]","System.Diagnostics.Eventing.Reader.EventBookmark","Warning","Stop",,"System.Collections.ObjectModel.ReadOnlyCollection`1[System.String]","System.Collections.Generic.List`1[System.Diagnostics.Eventing.Reader.EventProperty]"
"BITS stopped transferring the UpdateDescriptionXml transfer job that is associated with the https://g.live.com/1rewlive5skydrive/ODSUProduction URL. The status code is 0x80072EE7.","61","1",,"3","0","2","4611686018427387904","8172","Microsoft-Windows-Bits-Client","ef1cc15b-46c1-414e-bb95-e76b077bd51e","Microsoft-Windows-Bits-Client/Operational","4832","2196","MSEDGEWIN10","S-1-5-18","10/17/2020 4:23:43 AM","f37cdfb4-0add-46aa-9388-ac03e9dfd5dd",,"System.UInt32[]","System.Diagnostics.Eventing.Reader.EventBookmark","Warning","Stop",,"System.Collections.ObjectModel.ReadOnlyCollection`1[System.String]","System.Collections.Generic.List`1[System.Diagnostics.Eventing.Reader.EventProperty]"
"BITS stopped transferring the UpdateDescriptionXml transfer job that is associated with the https://g.live.com/1rewlive5skydrive/ODSUProduction URL. The status code is 0x80072EE7.","61","1",,"3","0","2","4611686018427387904","8171","Microsoft-Windows-Bits-Client","ef1cc15b-46c1-414e-bb95-e76b077bd51e","Microsoft-Windows-Bits-Client/Operational","4832","7628","MSEDGEWIN10","S-1-5-18","10/17/2020 4:23:33 AM","ca8e3a7e-7eff-4698-b817-1655f906602f",,"System.UInt32[]","System.Diagnostics.Eventing.Reader.EventBookmark","Warning","Stop",,"System.Collections.ObjectModel.ReadOnlyCollection`1[System.String]","System.Collections.Generic.List`1[System.Diagnostics.Eventing.Reader.EventProperty]"
"BITS stopped transferring the UpdateDescriptionXml transfer job that is associated with the https://g.live.com/1rewlive5skydrive/ODSUProduction URL. The status code is 0x80072EE7.","61","1",,"3","0","2","4611686018427387904","8170","Microsoft-Windows-Bits-Client","ef1cc15b-46c1-414e-bb95-e76b077bd51e","Microsoft-Windows-Bits-Client/Operational","4832","7628","MSEDGEWIN10","S-1-5-18","10/17/2020 4:23:23 AM","f4b80136-1798-4f72-af04-9247314b268f",,"System.UInt32[]","System.Diagnostics.Eventing.Reader.EventBookmark","Warning","Stop",,"System.Collections.ObjectModel.ReadOnlyCollection`1[System.String]","System.Collections.Generic.List`1[System.Diagnostics.Eventing.Reader.EventProperty]"
"BITS stopped transferring the UpdateDescriptionXml transfer job that is associated with the https://g.live.com/1rewlive5skydrive/ODSUProduction URL. The status code is 0x80072EE7.","61","1",,"3","0","2","4611686018427387904","8169","Microsoft-Windows-Bits-Client","ef1cc15b-46c1-414e-bb95-e76b077bd51e","Microsoft-Windows-Bits-Client/Operational","4832","2196","MSEDGEWIN10","S-1-5-18","10/17/2020 4:23:13 AM","6e94a4fb-d966-43e6-8e51-6fd2795241a4",,"System.UInt32[]","System.Diagnostics.Eventing.Reader.EventBookmark","Warning","Stop",,"System.Collections.ObjectModel.ReadOnlyCollection`1[System.String]","System.Collections.Generic.List`1[System.Diagnostics.Eventing.Reader.EventProperty]"
"BITS stopped transferring the UpdateDescriptionXml transfer job that is associated with the https://g.live.com/1rewlive5skydrive/ODSUProduction URL. The status code is 0x80072EE7.","61","1",,"3","0","2","4611686018427387904","8168","Microsoft-Windows-Bits-Client","ef1cc15b-46c1-414e-bb95-e76b077bd51e","Microsoft-Windows-Bits-Client/Operational","4832","7628","MSEDGEWIN10","S-1-5-18","10/17/2020 4:23:03 AM","76f9d07e-d648-4139-b754-c2cad55d5d3d",,"System.UInt32[]","System.Diagnostics.Eventing.Reader.EventBookmark","Warning","Stop",,"System.Collections.ObjectModel.ReadOnlyCollection`1[System.String]","System.Collections.Generic.List`1[System.Diagnostics.Eventing.Reader.EventProperty]"
"BITS stopped transferring the UpdateDescriptionXml transfer job that is associated with the https://g.live.com/1rewlive5skydrive/ODSUProduction URL. The status code is 0x80072EE7.","61","1",,"3","0","2","4611686018427387904","8167","Microsoft-Windows-Bits-Client","ef1cc15b-46c1-414e-bb95-e76b077bd51e","Microsoft-Windows-Bits-Client/Operational","4832","232","MSEDGEWIN10","S-1-5-18","10/17/2020 4:22:53 AM","db50cd42-a708-460d-82f6-ff21a058a278",,"System.UInt32[]","System.Diagnostics.Eventing.Reader.EventBookmark","Warning","Stop",,"System.Collections.ObjectModel.ReadOnlyCollection`1[System.String]","System.Collections.Generic.List`1[System.Diagnostics.Eventing.Reader.EventProperty]"
"BITS stopped transferring the UpdateDescriptionXml transfer job that is associated with the https://g.live.com/1rewlive5skydrive/ODSUProduction URL. The status code is 0x80072EE7.","61","1",,"3","0","2","4611686018427387904","8166","Microsoft-Windows-Bits-Client","ef1cc15b-46c1-414e-bb95-e76b077bd51e","Microsoft-Windows-Bits-Client/Operational","4832","2196","MSEDGEWIN10","S-1-5-18","10/17/2020 4:22:43 AM","721a9e16-b1aa-461c-8355-af020a149db7",,"System.UInt32[]","System.Diagnostics.Eventing.Reader.EventBookmark","Warning","Stop",,"System.Collections.ObjectModel.ReadOnlyCollection`1[System.String]","System.Collections.Generic.List`1[System.Diagnostics.Eventing.Reader.EventProperty]"
"BITS stopped transferring the UpdateDescriptionXml transfer job that is associated with the https://g.live.com/1rewlive5skydrive/ODSUProduction URL. The status code is 0x80072EE7.","61","1",,"3","0","2","4611686018427387904","8165","Microsoft-Windows-Bits-Client","ef1cc15b-46c1-414e-bb95-e76b077bd51e","Microsoft-Windows-Bits-Client/Operational","4832","232","MSEDGEWIN10","S-1-5-18","10/17/2020 4:22:33 AM","66f59f93-3737-4b20-9692-bc98ebac017d",,"System.UInt32[]","System.Diagnostics.Eventing.Reader.EventBookmark","Warning","Stop",,"System.Collections.ObjectModel.ReadOnlyCollection`1[System.String]","System.Collections.Generic.List`1[System.Diagnostics.Eventing.Reader.EventProperty]"
"BITS stopped transferring the UpdateDescriptionXml transfer job that is associated with the https://g.live.com/1rewlive5skydrive/ODSUProduction URL. The status code is 0x80072EE7.","61","1",,"3","0","2","4611686018427387904","8164","Microsoft-Windows-Bits-Client","ef1cc15b-46c1-414e-bb95-e76b077bd51e","Microsoft-Windows-Bits-Client/Operational","4832","232","MSEDGEWIN10","S-1-5-18","10/17/2020 4:22:22 AM","66be6c59-f211-41eb-b661-7d8cff159f41",,"System.UInt32[]","System.Diagnostics.Eventing.Reader.EventBookmark","Warning","Stop",,"System.Collections.ObjectModel.ReadOnlyCollection`1[System.String]","System.Collections.Generic.List`1[System.Diagnostics.Eventing.Reader.EventProperty]"
"BITS stopped transferring the UpdateDescriptionXml transfer job that is associated with the https://g.live.com/1rewlive5skydrive/ODSUProduction URL. The status code is 0x80072EE7.","61","1",,"3","0","2","4611686018427387904","8163","Microsoft-Windows-Bits-Client","ef1cc15b-46c1-414e-bb95-e76b077bd51e","Microsoft-Windows-Bits-Client/Operational","4832","7628","MSEDGEWIN10","S-1-5-18","10/17/2020 4:22:12 AM","f31f9d5c-5e03-409c-8546-dd060b3da953",,"System.UInt32[]","System.Diagnostics.Eventing.Reader.EventBookmark","Warning","Stop",,"System.Collections.ObjectModel.ReadOnlyCollection`1[System.String]","System.Collections.Generic.List`1[System.Diagnostics.Eventing.Reader.EventProperty]"
"BITS stopped transferring the UpdateDescriptionXml transfer job that is associated with the https://g.live.com/1rewlive5skydrive/ODSUProduction URL. The status code is 0x80072EE7.","61","1",,"3","0","2","4611686018427387904","8162","Microsoft-Windows-Bits-Client","ef1cc15b-46c1-414e-bb95-e76b077bd51e","Microsoft-Windows-Bits-Client/Operational","4832","7628","MSEDGEWIN10","S-1-5-18","10/17/2020 4:22:02 AM","fd4348d9-57df-4a08-beae-c8c9fe257a5d",,"System.UInt32[]","System.Diagnostics.Eventing.Reader.EventBookmark","Warning","Stop",,"System.Collections.ObjectModel.ReadOnlyCollection`1[System.String]","System.Collections.Generic.List`1[System.Diagnostics.Eventing.Reader.EventProperty]"
"BITS stopped transferring the UpdateDescriptionXml transfer job that is associated with the https://g.live.com/1rewlive5skydrive/ODSUProduction URL. The status code is 0x80072EE7.","61","1",,"3","0","2","4611686018427387904","8161","Microsoft-Windows-Bits-Client","ef1cc15b-46c1-414e-bb95-e76b077bd51e","Microsoft-Windows-Bits-Client/Operational","4832","232","MSEDGEWIN10","S-1-5-18","10/17/2020 4:21:52 AM","3e7fe1f8-ec03-4f62-8b3f-16c99a41be82",,"System.UInt32[]","System.Diagnostics.Eventing.Reader.EventBookmark","Warning","Stop",,"System.Collections.ObjectModel.ReadOnlyCollection`1[System.String]","System.Collections.Generic.List`1[System.Diagnostics.Eventing.Reader.EventProperty]"
"The BITS service created a new job.
Transfer job: UpdateDescriptionXml
Job ID: {2ce08503-0f40-4a28-9fd3-a113f8e9ade1}
Owner: MSEDGEWIN10\IEUser
Process Path: C:\Users\IEUser\AppData\Local\Microsoft\OneDrive\OneDriveStandaloneUpdater.exe
Process ID: 880","3","2",,"4","0","0","4611686018427387904","8160","Microsoft-Windows-Bits-Client","ef1cc15b-46c1-414e-bb95-e76b077bd51e","Microsoft-Windows-Bits-Client/Operational","4832","7628","MSEDGEWIN10","S-1-5-18","10/17/2020 4:21:52 AM",,,"System.UInt32[]","System.Diagnostics.Eventing.Reader.EventBookmark","Information","Info",,"System.Collections.ObjectModel.ReadOnlyCollection`1[System.String]","System.Collections.Generic.List`1[System.Diagnostics.Eventing.Reader.EventProperty]"
"BITS stopped transferring the Font Download transfer job that is associated with the https://fs.microsoft.com/fs/windows/config.json URL. The status code is 0x80072EE7.","61","1",,"3","0","2","4611686018427387904","8159","Microsoft-Windows-Bits-Client","ef1cc15b-46c1-414e-bb95-e76b077bd51e","Microsoft-Windows-Bits-Client/Operational","4832","7628","MSEDGEWIN10","S-1-5-18","10/17/2020 4:21:51 AM","4cfd8bd8-aaeb-42d7-9995-9167bfff9311",,"System.UInt32[]","System.Diagnostics.Eventing.Reader.EventBookmark","Warning","Stop",,"System.Collections.ObjectModel.ReadOnlyCollection`1[System.String]","System.Collections.Generic.List`1[System.Diagnostics.Eventing.Reader.EventProperty]"
"BITS stopped transferring the PreSignInSettingsConfigJSON transfer job that is associated with the https://g.live.com/odclientsettings/Prod URL. The status code is 0x80072EE7.","61","1",,"3","0","2","4611686018427387904","8158","Microsoft-Windows-Bits-Client","ef1cc15b-46c1-414e-bb95-e76b077bd51e","Microsoft-Windows-Bits-Client/Operational","4832","5072","MSEDGEWIN10","S-1-5-18","10/17/2020 3:50:57 AM","8c501762-54e9-4d17-aeb2-24c9d3e50e52",,"System.UInt32[]","System.Diagnostics.Eventing.Reader.EventBookmark","Warning","Stop",,"System.Collections.ObjectModel.ReadOnlyCollection`1[System.String]","System.Collections.Generic.List`1[System.Diagnostics.Eventing.Reader.EventProperty]"
"BITS stopped transferring the PreSignInSettingsConfigJSON transfer job that is associated with the https://g.live.com/odclientsettings/Prod URL. The status code is 0x80072EE7.","61","1",,"3","0","2","4611686018427387904","8157","Microsoft-Windows-Bits-Client","ef1cc15b-46c1-414e-bb95-e76b077bd51e","Microsoft-Windows-Bits-Client/Operational","4832","3580","MSEDGEWIN10","S-1-5-18","10/17/2020 3:50:42 AM","e1d2ef7e-518e-42cd-91d7-f9f656c571fc",,"System.UInt32[]","System.Diagnostics.Eventing.Reader.EventBookmark","Warning","Stop",,"System.Collections.ObjectModel.ReadOnlyCollection`1[System.String]","System.Collections.Generic.List`1[System.Diagnostics.Eventing.Reader.EventProperty]"
"BITS stopped transferring the PreSignInSettingsConfigJSON transfer job that is associated with the https://g.live.com/odclientsettings/Prod URL. The status code is 0x80072EE7.","61","1",,"3","0","2","4611686018427387904","8156","Microsoft-Windows-Bits-Client","ef1cc15b-46c1-414e-bb95-e76b077bd51e","Microsoft-Windows-Bits-Client/Operational","4832","2196","MSEDGEWIN10","S-1-5-18","10/17/2020 3:50:32 AM","00d31308-a574-483f-8b23-67b22aaac1bd",,"System.UInt32[]","System.Diagnostics.Eventing.Reader.EventBookmark","Warning","Stop",,"System.Collections.ObjectModel.ReadOnlyCollection`1[System.String]","System.Collections.Generic.List`1[System.Diagnostics.Eventing.Reader.EventProperty]"
"BITS stopped transferring the PreSignInSettingsConfigJSON transfer job that is associated with the https://g.live.com/odclientsettings/Prod URL. The status code is 0x80072EE7.","61","1",,"3","0","2","4611686018427387904","8155","Microsoft-Windows-Bits-Client","ef1cc15b-46c1-414e-bb95-e76b077bd51e","Microsoft-Windows-Bits-Client/Operational","4832","5072","MSEDGEWIN10","S-1-5-18","10/17/2020 3:50:22 AM","30426daa-865c-4d8f-b30e-55a8715053d4",,"System.UInt32[]","System.Diagnostics.Eventing.Reader.EventBookmark","Warning","Stop",,"System.Collections.ObjectModel.ReadOnlyCollection`1[System.String]","System.Collections.Generic.List`1[System.Diagnostics.Eventing.Reader.EventProperty]"
"BITS stopped transferring the PreSignInSettingsConfigJSON transfer job that is associated with the https://g.live.com/odclientsettings/Prod URL. The status code is 0x80072EE7.","61","1",,"3","0","2","4611686018427387904","8154","Microsoft-Windows-Bits-Client","ef1cc15b-46c1-414e-bb95-e76b077bd51e","Microsoft-Windows-Bits-Client/Operational","4832","2196","MSEDGEWIN10","S-1-5-18","10/17/2020 3:50:12 AM","30d6e1fa-38f7-49b9-8e45-b15ec6a041f9",,"System.UInt32[]","System.Diagnostics.Eventing.Reader.EventBookmark","Warning","Stop",,"System.Collections.ObjectModel.ReadOnlyCollection`1[System.String]","System.Collections.Generic.List`1[System.Diagnostics.Eventing.Reader.EventProperty]"
"BITS stopped transferring the PreSignInSettingsConfigJSON transfer job that is associated with the https://g.live.com/odclientsettings/Prod URL. The status code is 0x80072EE7.","61","1",,"3","0","2","4611686018427387904","8153","Microsoft-Windows-Bits-Client","ef1cc15b-46c1-414e-bb95-e76b077bd51e","Microsoft-Windows-Bits-Client/Operational","4832","3580","MSEDGEWIN10","S-1-5-18","10/17/2020 3:49:57 AM","ac9510ee-e6ac-4dda-b4c5-a466ef48d9ca",,"System.UInt32[]","System.Diagnostics.Eventing.Reader.EventBookmark","Warning","Stop",,"System.Collections.ObjectModel.ReadOnlyCollection`1[System.String]","System.Collections.Generic.List`1[System.Diagnostics.Eventing.Reader.EventProperty]"
"BITS stopped transferring the PreSignInSettingsConfigJSON transfer job that is associated with the https://g.live.com/odclientsettings/Prod URL. The status code is 0x80072EE7.","61","1",,"3","0","2","4611686018427387904","8152","Microsoft-Windows-Bits-Client","ef1cc15b-46c1-414e-bb95-e76b077bd51e","Microsoft-Windows-Bits-Client/Operational","4832","5072","MSEDGEWIN10","S-1-5-18","10/17/2020 3:49:47 AM","480b6cd6-0092-47ab-8176-e2d1f8cad9dd",,"System.UInt32[]","System.Diagnostics.Eventing.Reader.EventBookmark","Warning","Stop",,"System.Collections.ObjectModel.ReadOnlyCollection`1[System.String]","System.Collections.Generic.List`1[System.Diagnostics.Eventing.Reader.EventProperty]"
"BITS stopped transferring the PreSignInSettingsConfigJSON transfer job that is associated with the https://g.live.com/odclientsettings/Prod URL. The status code is 0x80072EE7.","61","1",,"3","0","2","4611686018427387904","8151","Microsoft-Windows-Bits-Client","ef1cc15b-46c1-414e-bb95-e76b077bd51e","Microsoft-Windows-Bits-Client/Operational","4832","2196","MSEDGEWIN10","S-1-5-18","10/17/2020 3:49:37 AM","00d88307-4ae2-40e5-b0c2-3a8a28bb029f",,"System.UInt32[]","System.Diagnostics.Eventing.Reader.EventBookmark","Warning","Stop",,"System.Collections.ObjectModel.ReadOnlyCollection`1[System.String]","System.Collections.Generic.List`1[System.Diagnostics.Eventing.Reader.EventProperty]"
"BITS stopped transferring the PreSignInSettingsConfigJSON transfer job that is associated with the https://g.live.com/odclientsettings/Prod URL. The status code is 0x80072EE7.","61","1",,"3","0","2","4611686018427387904","8150","Microsoft-Windows-Bits-Client","ef1cc15b-46c1-414e-bb95-e76b077bd51e","Microsoft-Windows-Bits-Client/Operational","4832","5072","MSEDGEWIN10","S-1-5-18","10/17/2020 3:49:27 AM","20db811a-3081-4f3f-9f68-e7fa4b263fcc",,"System.UInt32[]","System.Diagnostics.Eventing.Reader.EventBookmark","Warning","Stop",,"System.Collections.ObjectModel.ReadOnlyCollection`1[System.String]","System.Collections.Generic.List`1[System.Diagnostics.Eventing.Reader.EventProperty]"
"The BITS service created a new job.
Transfer job: PreSignInSettingsConfigJSON
Job ID: {01aabad6-604f-4f50-ace1-39ca301bcd9f}
Owner: MSEDGEWIN10\IEUser
Process Path: C:\Users\IEUser\AppData\Local\Microsoft\OneDrive\OneDriveStandaloneUpdater.exe
Process ID: 880","3","2",,"4","0","0","4611686018427387904","8149","Microsoft-Windows-Bits-Client","ef1cc15b-46c1-414e-bb95-e76b077bd51e","Microsoft-Windows-Bits-Client/Operational","4832","2196","MSEDGEWIN10","S-1-5-18","10/17/2020 3:49:27 AM",,,"System.UInt32[]","System.Diagnostics.Eventing.Reader.EventBookmark","Information","Info",,"System.Collections.ObjectModel.ReadOnlyCollection`1[System.String]","System.Collections.Generic.List`1[System.Diagnostics.Eventing.Reader.EventProperty]"
"Job cancelled. User: NT AUTHORITY\SYSTEM, job: C:\Program Files (x86)\Google\Update\1.3.35.452\Recovery\GUR72A5.tmp\GoogleUpdateSetup.crx3, jobID: {d451000a-0325-4637-a5d0-1255c6a4e25b}, owner: NT AUTHORITY\SYSTEM, filecount: 1","5","0",,"4","0","0","4611686018427387904","8148","Microsoft-Windows-Bits-Client","ef1cc15b-46c1-414e-bb95-e76b077bd51e","Microsoft-Windows-Bits-Client/Operational","4832","5072","MSEDGEWIN10","S-1-5-18","10/17/2020 3:42:35 AM",,,"System.UInt32[]","System.Diagnostics.Eventing.Reader.EventBookmark","Information","Info",,"System.Collections.ObjectModel.ReadOnlyCollection`1[System.String]","System.Collections.Generic.List`1[System.Diagnostics.Eventing.Reader.EventProperty]"
"BITS stopped transferring the C:\Program Files (x86)\Google\Update\1.3.35.452\Recovery\GUR72A5.tmp\GoogleUpdateSetup.crx3 transfer job that is associated with the https://clients2.google.com/service/check2?crx3=true&appid=?1601?-?01?-?01T00:00:00.000000000ZB430FD4D0-B729-4F61-AA34-91526481799D?1601?-?01?-?01T00:00:00.000000000ZD&appversion=1.3.35.452&applang=&machine=1&version=1.3.35.452&userid=?1601?-?01?-?01T00:00:00.000000000ZB41975F82-406F-4186-AABD-6E6A89517884?1601?-?01?-?01T00:00:00.000000000ZD&osversion=10.0&servicepack= URL. The status code is 0x80072EE7.","61","1",,"3","0","2","4611686018427387904","8147","Microsoft-Windows-Bits-Client","ef1cc15b-46c1-414e-bb95-e76b077bd51e","Microsoft-Windows-Bits-Client/Operational","4832","5072","MSEDGEWIN10","S-1-5-18","10/17/2020 3:42:35 AM","3b0b4e63-bb83-47ad-bf63-323287791f90",,"System.UInt32[]","System.Diagnostics.Eventing.Reader.EventBookmark","Warning","Stop",,"System.Collections.ObjectModel.ReadOnlyCollection`1[System.String]","System.Collections.Generic.List`1[System.Diagnostics.Eventing.Reader.EventProperty]"
"The BITS service created a new job.
Transfer job: C:\Program Files (x86)\Google\Update\1.3.35.452\Recovery\GUR72A5.tmp\GoogleUpdateSetup.crx3
Job ID: {d451000a-0325-4637-a5d0-1255c6a4e25b}
Owner: NT AUTHORITY\SYSTEM
Process Path: C:\Program Files (x86)\Google\Update\GoogleUpdate.exe
Process ID: 6684","3","2",,"4","0","0","4611686018427387904","8146","Microsoft-Windows-Bits-Client","ef1cc15b-46c1-414e-bb95-e76b077bd51e","Microsoft-Windows-Bits-Client/Operational","4832","5072","MSEDGEWIN10","S-1-5-18","10/17/2020 3:42:35 AM",,,"System.UInt32[]","System.Diagnostics.Eventing.Reader.EventBookmark","Information","Info",,"System.Collections.ObjectModel.ReadOnlyCollection`1[System.String]","System.Collections.Generic.List`1[System.Diagnostics.Eventing.Reader.EventProperty]"
"Job cancelled. User: NT AUTHORITY\SYSTEM, job: C:\Program Files (x86)\Google\Update\1.3.35.452\Recovery\GUR72A5.tmp\GoogleUpdateSetup.crx3, jobID: {28098696-e082-4544-8f8a-fffab649f1bf}, owner: NT AUTHORITY\SYSTEM, filecount: 1","5","0",,"4","0","0","4611686018427387904","8145","Microsoft-Windows-Bits-Client","ef1cc15b-46c1-414e-bb95-e76b077bd51e","Microsoft-Windows-Bits-Client/Operational","4832","5072","MSEDGEWIN10","S-1-5-18","10/17/2020 3:42:35 AM",,,"System.UInt32[]","System.Diagnostics.Eventing.Reader.EventBookmark","Information","Info",,"System.Collections.ObjectModel.ReadOnlyCollection`1[System.String]","System.Collections.Generic.List`1[System.Diagnostics.Eventing.Reader.EventProperty]"
"BITS stopped transferring the C:\Program Files (x86)\Google\Update\1.3.35.452\Recovery\GUR72A5.tmp\GoogleUpdateSetup.crx3 transfer job that is associated with the https://clients2.google.com/service/check2?crx3=true&appid=?1601?-?01?-?01T00:00:00.000000000ZB430FD4D0-B729-4F61-AA34-91526481799D?1601?-?01?-?01T00:00:00.000000000ZD&appversion=1.3.35.452&applang=&machine=1&version=1.3.35.452&userid=?1601?-?01?-?01T00:00:00.000000000ZB41975F82-406F-4186-AABD-6E6A89517884?1601?-?01?-?01T00:00:00.000000000ZD&osversion=10.0&servicepack= URL. The status code is 0x80072EE7.","61","1",,"3","0","2","4611686018427387904","8144","Microsoft-Windows-Bits-Client","ef1cc15b-46c1-414e-bb95-e76b077bd51e","Microsoft-Windows-Bits-Client/Operational","4832","2196","MSEDGEWIN10","S-1-5-18","10/17/2020 3:42:35 AM","bc7f9d5c-ce43-4e58-82f1-d809e33c9b28",,"System.UInt32[]","System.Diagnostics.Eventing.Reader.EventBookmark","Warning","Stop",,"System.Collections.ObjectModel.ReadOnlyCollection`1[System.String]","System.Collections.Generic.List`1[System.Diagnostics.Eventing.Reader.EventProperty]"
"The BITS service created a new job.
Transfer job: C:\Program Files (x86)\Google\Update\1.3.35.452\Recovery\GUR72A5.tmp\GoogleUpdateSetup.crx3
Job ID: {28098696-e082-4544-8f8a-fffab649f1bf}
Owner: NT AUTHORITY\SYSTEM
Process Path: C:\Program Files (x86)\Google\Update\GoogleUpdate.exe
Process ID: 6684","3","2",,"4","0","0","4611686018427387904","8143","Microsoft-Windows-Bits-Client","ef1cc15b-46c1-414e-bb95-e76b077bd51e","Microsoft-Windows-Bits-Client/Operational","4832","5072","MSEDGEWIN10","S-1-5-18","10/17/2020 3:42:35 AM",,,"System.UInt32[]","System.Diagnostics.Eventing.Reader.EventBookmark","Information","Info",,"System.Collections.ObjectModel.ReadOnlyCollection`1[System.String]","System.Collections.Generic.List`1[System.Diagnostics.Eventing.Reader.EventProperty]"
"Job cancelled. User: NT AUTHORITY\SYSTEM, job: C:\Users\IEUser\AppData\Local\{CA67FBD7-FA5E-4615-86AC-FA0556DE515E}, jobID: {6dd7e43b-c05a-4a2d-97b3-a16c9d139abf}, owner: NT AUTHORITY\SYSTEM, filecount: 1","5","0",,"4","0","0","4611686018427387904","8142","Microsoft-Windows-Bits-Client","ef1cc15b-46c1-414e-bb95-e76b077bd51e","Microsoft-Windows-Bits-Client/Operational","4832","5072","MSEDGEWIN10","S-1-5-18","10/17/2020 3:42:35 AM",,,"System.UInt32[]","System.Diagnostics.Eventing.Reader.EventBookmark","Information","Info",,"System.Collections.ObjectModel.ReadOnlyCollection`1[System.String]","System.Collections.Generic.List`1[System.Diagnostics.Eventing.Reader.EventProperty]"
"BITS stopped transferring the C:\Users\IEUser\AppData\Local\{CA67FBD7-FA5E-4615-86AC-FA0556DE515E} transfer job that is associated with the https://clients2.google.com/service/check2?crx3=true&appid=?1601?-?01?-?01T00:00:00.000000000ZB430FD4D0-B729-4F61-AA34-91526481799D?1601?-?01?-?01T00:00:00.000000000ZD&appversion=1.3.35.452&applang=&machine=1&version=1.3.35.452&userid=?1601?-?01?-?01T00:00:00.000000000ZB41975F82-406F-4186-AABD-6E6A89517884?1601?-?01?-?01T00:00:00.000000000ZD&osversion=10.0&servicepack= URL. The status code is 0x80072EE7.","61","1",,"3","0","2","4611686018427387904","8141","Microsoft-Windows-Bits-Client","ef1cc15b-46c1-414e-bb95-e76b077bd51e","Microsoft-Windows-Bits-Client/Operational","4832","2516","MSEDGEWIN10","S-1-5-18","10/17/2020 3:42:35 AM","0821a5c3-08f1-45c4-9688-4d61f553628e",,"System.UInt32[]","System.Diagnostics.Eventing.Reader.EventBookmark","Warning","Stop",,"System.Collections.ObjectModel.ReadOnlyCollection`1[System.String]","System.Collections.Generic.List`1[System.Diagnostics.Eventing.Reader.EventProperty]"
"The BITS service created a new job.
Transfer job: C:\Users\IEUser\AppData\Local\{CA67FBD7-FA5E-4615-86AC-FA0556DE515E}
Job ID: {6dd7e43b-c05a-4a2d-97b3-a16c9d139abf}
Owner: NT AUTHORITY\SYSTEM
Process Path: C:\Program Files (x86)\Google\Update\GoogleUpdate.exe
Process ID: 6684","3","2",,"4","0","0","4611686018427387904","8140","Microsoft-Windows-Bits-Client","ef1cc15b-46c1-414e-bb95-e76b077bd51e","Microsoft-Windows-Bits-Client/Operational","4832","2196","MSEDGEWIN10","S-1-5-18","10/17/2020 3:42:35 AM",,,"System.UInt32[]","System.Diagnostics.Eventing.Reader.EventBookmark","Information","Info",,"System.Collections.ObjectModel.ReadOnlyCollection`1[System.String]","System.Collections.Generic.List`1[System.Diagnostics.Eventing.Reader.EventProperty]"
"Job cancelled. User: NT AUTHORITY\SYSTEM, job: C:\Users\IEUser\AppData\Local\{CA67FBD7-FA5E-4615-86AC-FA0556DE515E}, jobID: {639bdc4b-9aef-4405-9dff-615019ad4755}, owner: NT AUTHORITY\SYSTEM, filecount: 1","5","0",,"4","0","0","4611686018427387904","8139","Microsoft-Windows-Bits-Client","ef1cc15b-46c1-414e-bb95-e76b077bd51e","Microsoft-Windows-Bits-Client/Operational","4832","2196","MSEDGEWIN10","S-1-5-18","10/17/2020 3:42:35 AM",,,"System.UInt32[]","System.Diagnostics.Eventing.Reader.EventBookmark","Information","Info",,"System.Collections.ObjectModel.ReadOnlyCollection`1[System.String]","System.Collections.Generic.List`1[System.Diagnostics.Eventing.Reader.EventProperty]"
"BITS stopped transferring the C:\Users\IEUser\AppData\Local\{CA67FBD7-FA5E-4615-86AC-FA0556DE515E} transfer job that is associated with the https://clients2.google.com/service/check2?crx3=true&appid=?1601?-?01?-?01T00:00:00.000000000ZB430FD4D0-B729-4F61-AA34-91526481799D?1601?-?01?-?01T00:00:00.000000000ZD&appversion=1.3.35.452&applang=&machine=1&version=1.3.35.452&userid=?1601?-?01?-?01T00:00:00.000000000ZB41975F82-406F-4186-AABD-6E6A89517884?1601?-?01?-?01T00:00:00.000000000ZD&osversion=10.0&servicepack= URL. The status code is 0x80072EE7.","61","1",,"3","0","2","4611686018427387904","8138","Microsoft-Windows-Bits-Client","ef1cc15b-46c1-414e-bb95-e76b077bd51e","Microsoft-Windows-Bits-Client/Operational","4832","2196","MSEDGEWIN10","S-1-5-18","10/17/2020 3:42:35 AM","5c1fb12a-9541-4b2d-8180-cfda5e1dce2f",,"System.UInt32[]","System.Diagnostics.Eventing.Reader.EventBookmark","Warning","Stop",,"System.Collections.ObjectModel.ReadOnlyCollection`1[System.String]","System.Collections.Generic.List`1[System.Diagnostics.Eventing.Reader.EventProperty]"
"The BITS service created a new job.
Transfer job: C:\Users\IEUser\AppData\Local\{CA67FBD7-FA5E-4615-86AC-FA0556DE515E}
Job ID: {639bdc4b-9aef-4405-9dff-615019ad4755}
Owner: NT AUTHORITY\SYSTEM
Process Path: C:\Program Files (x86)\Google\Update\GoogleUpdate.exe
Process ID: 6684","3","2",,"4","0","0","4611686018427387904","8137","Microsoft-Windows-Bits-Client","ef1cc15b-46c1-414e-bb95-e76b077bd51e","Microsoft-Windows-Bits-Client/Operational","4832","5072","MSEDGEWIN10","S-1-5-18","10/17/2020 3:42:35 AM",,,"System.UInt32[]","System.Diagnostics.Eventing.Reader.EventBookmark","Information","Info",,"System.Collections.ObjectModel.ReadOnlyCollection`1[System.String]","System.Collections.Generic.List`1[System.Diagnostics.Eventing.Reader.EventProperty]"
"BITS stopped transferring the Font Download transfer job that is associated with the https://fs.microsoft.com/fs/windows/config.json URL. The status code is 0x80072EE7.","61","1",,"3","0","2","4611686018427387904","8136","Microsoft-Windows-Bits-Client","ef1cc15b-46c1-414e-bb95-e76b077bd51e","Microsoft-Windows-Bits-Client/Operational","4832","2196","MSEDGEWIN10","S-1-5-18","10/17/2020 3:41:57 AM","92435033-be8f-4772-95f9-8448fef20e0c",,"System.UInt32[]","System.Diagnostics.Eventing.Reader.EventBookmark","Warning","Stop",,"System.Collections.ObjectModel.ReadOnlyCollection`1[System.String]","System.Collections.Generic.List`1[System.Diagnostics.Eventing.Reader.EventProperty]"
"High performance property for BITS job ""Font Download"" with ID ""{316d5a72-c392-42ac-820f-8f390d3371e5}"" Enabled.","209","0",,"4","0","0","4611686018427387904","8135","Microsoft-Windows-Bits-Client","ef1cc15b-46c1-414e-bb95-e76b077bd51e","Microsoft-Windows-Bits-Client/Operational","4832","2196","MSEDGEWIN10","S-1-5-18","10/17/2020 3:41:57 AM",,,"System.UInt32[]","System.Diagnostics.Eventing.Reader.EventBookmark","Information","Info",,"System.Collections.ObjectModel.ReadOnlyCollection`1[System.String]","System.Collections.Generic.List`1[System.Diagnostics.Eventing.Reader.EventProperty]"
"The BITS service created a new job.
Transfer job: Font Download
Job ID: {316d5a72-c392-42ac-820f-8f390d3371e5}
Owner: NT AUTHORITY\LOCAL SERVICE
Process Path: C:\Windows\System32\svchost.exe
Process ID: 2072","3","2",,"4","0","0","4611686018427387904","8134","Microsoft-Windows-Bits-Client","ef1cc15b-46c1-414e-bb95-e76b077bd51e","Microsoft-Windows-Bits-Client/Operational","4832","2532","MSEDGEWIN10","S-1-5-18","10/17/2020 3:41:57 AM",,,"System.UInt32[]","System.Diagnostics.Eventing.Reader.EventBookmark","Information","Info",,"System.Collections.ObjectModel.ReadOnlyCollection`1[System.String]","System.Collections.Generic.List`1[System.Diagnostics.Eventing.Reader.EventProperty]"
"The BITS service loaded the job list from disk.","306","0",,"5","0","0","4611686018427387904","8133","Microsoft-Windows-Bits-Client","ef1cc15b-46c1-414e-bb95-e76b077bd51e","Microsoft-Windows-Bits-Client/Operational","4832","1740","MSEDGEWIN10","S-1-5-18","10/17/2020 3:41:54 AM",,,"System.UInt32[]","System.Diagnostics.Eventing.Reader.EventBookmark","Verbose","Info",,"System.Collections.ObjectModel.ReadOnlyCollection`1[System.String]","System.Collections.Generic.List`1[System.Diagnostics.Eventing.Reader.EventProperty]"
"BITS stopped transferring the Font Download transfer job that is associated with the https://fs.microsoft.com/fs/windows/config.json URL. The status code is 0x80072EE7.","61","1",,"3","0","2","4611686018427387904","8132","Microsoft-Windows-Bits-Client","ef1cc15b-46c1-414e-bb95-e76b077bd51e","Microsoft-Windows-Bits-Client/Operational","5000","4324","MSEDGEWIN10","S-1-5-18","10/15/2020 9:29:30 AM","64bddd7e-74a4-434f-8a91-6e445e9564bd",,"System.UInt32[]","System.Diagnostics.Eventing.Reader.EventBookmark","Warning","Stop",,"System.Collections.ObjectModel.ReadOnlyCollection`1[System.String]","System.Collections.Generic.List`1[System.Diagnostics.Eventing.Reader.EventProperty]"
"BITS stopped transferring the Font Download transfer job that is associated with the https://fs.microsoft.com/fs/windows/config.json URL. The status code is 0x80072EE7.","61","1",,"3","0","2","4611686018427387904","8131","Microsoft-Windows-Bits-Client","ef1cc15b-46c1-414e-bb95-e76b077bd51e","Microsoft-Windows-Bits-Client/Operational","5000","2124","MSEDGEWIN10","S-1-5-18","10/15/2020 9:19:30 AM","9223881d-378a-47b3-8328-9e4d8fd68bbf",,"System.UInt32[]","System.Diagnostics.Eventing.Reader.EventBookmark","Warning","Stop",,"System.Collections.ObjectModel.ReadOnlyCollection`1[System.String]","System.Collections.Generic.List`1[System.Diagnostics.Eventing.Reader.EventProperty]"
"BITS stopped transferring the Font Download transfer job that is associated with the https://fs.microsoft.com/fs/windows/config.json URL. The status code is 0x80072EE7.","61","1",,"3","0","2","4611686018427387904","8130","Microsoft-Windows-Bits-Client","ef1cc15b-46c1-414e-bb95-e76b077bd51e","Microsoft-Windows-Bits-Client/Operational","5000","5960","MSEDGEWIN10","S-1-5-18","10/15/2020 9:09:30 AM","63c42dd5-1bbd-4b54-a1cb-250b73920178",,"System.UInt32[]","System.Diagnostics.Eventing.Reader.EventBookmark","Warning","Stop",,"System.Collections.ObjectModel.ReadOnlyCollection`1[System.String]","System.Collections.Generic.List`1[System.Diagnostics.Eventing.Reader.EventProperty]"
"High performance property for BITS job ""MicrosoftMapsBingGeoStore"" with ID ""{192f0678-fb13-44bb-aa45-58bdabcd5528}"" Enabled.","209","0",,"4","0","0","4611686018427387904","8129","Microsoft-Windows-Bits-Client","ef1cc15b-46c1-414e-bb95-e76b077bd51e","Microsoft-Windows-Bits-Client/Operational","5000","5496","MSEDGEWIN10","S-1-5-18","10/15/2020 9:00:38 AM",,,"System.UInt32[]","System.Diagnostics.Eventing.Reader.EventBookmark","Information","Info",,"System.Collections.ObjectModel.ReadOnlyCollection`1[System.String]","System.Collections.Generic.List`1[System.Diagnostics.Eventing.Reader.EventProperty]"
"The BITS service created a new job.
Transfer job: MicrosoftMapsBingGeoStore
Job ID: {192f0678-fb13-44bb-aa45-58bdabcd5528}
Owner: NT AUTHORITY\NETWORK SERVICE
Process Path: C:\Windows\System32\svchost.exe
Process ID: 5820","3","2",,"4","0","0","4611686018427387904","8128","Microsoft-Windows-Bits-Client","ef1cc15b-46c1-414e-bb95-e76b077bd51e","Microsoft-Windows-Bits-Client/Operational","5000","8144","MSEDGEWIN10","S-1-5-18","10/15/2020 9:00:38 AM",,,"System.UInt32[]","System.Diagnostics.Eventing.Reader.EventBookmark","Information","Info",,"System.Collections.ObjectModel.ReadOnlyCollection`1[System.String]","System.Collections.Generic.List`1[System.Diagnostics.Eventing.Reader.EventProperty]"
"BITS stopped transferring the Font Download transfer job that is associated with the https://fs.microsoft.com/fs/windows/config.json URL. The status code is 0x80072EE7.","61","1",,"3","0","2","4611686018427387904","8127","Microsoft-Windows-Bits-Client","ef1cc15b-46c1-414e-bb95-e76b077bd51e","Microsoft-Windows-Bits-Client/Operational","5000","8144","MSEDGEWIN10","S-1-5-18","10/15/2020 8:59:30 AM","21ddbff4-4857-4bc0-951e-cd743ecead9a",,"System.UInt32[]","System.Diagnostics.Eventing.Reader.EventBookmark","Warning","Stop",,"System.Collections.ObjectModel.ReadOnlyCollection`1[System.String]","System.Collections.Generic.List`1[System.Diagnostics.Eventing.Reader.EventProperty]"
"BITS stopped transferring the Font Download transfer job that is associated with the https://fs.microsoft.com/fs/windows/config.json URL. The status code is 0x80072EE7.","61","1",,"3","0","2","4611686018427387904","8126","Microsoft-Windows-Bits-Client","ef1cc15b-46c1-414e-bb95-e76b077bd51e","Microsoft-Windows-Bits-Client/Operational","5000","7068","MSEDGEWIN10","S-1-5-18","10/15/2020 8:49:30 AM","030ac116-6c65-4586-ba87-7605e9cd18b9",,"System.UInt32[]","System.Diagnostics.Eventing.Reader.EventBookmark","Warning","Stop",,"System.Collections.ObjectModel.ReadOnlyCollection`1[System.String]","System.Collections.Generic.List`1[System.Diagnostics.Eventing.Reader.EventProperty]"
"BITS stopped transferring the Font Download transfer job that is associated with the https://fs.microsoft.com/fs/windows/config.json URL. The status code is 0x80072EE7.","61","1",,"3","0","2","4611686018427387904","8125","Microsoft-Windows-Bits-Client","ef1cc15b-46c1-414e-bb95-e76b077bd51e","Microsoft-Windows-Bits-Client/Operational","5000","3060","MSEDGEWIN10","S-1-5-18","10/15/2020 8:39:30 AM","dd15ca88-55fc-4470-9fea-9203c06f501e",,"System.UInt32[]","System.Diagnostics.Eventing.Reader.EventBookmark","Warning","Stop",,"System.Collections.ObjectModel.ReadOnlyCollection`1[System.String]","System.Collections.Generic.List`1[System.Diagnostics.Eventing.Reader.EventProperty]"
"High performance property for BITS job ""Font Download"" with ID ""{936af96a-1add-4386-8bd3-1b0083b8895e}"" Enabled.","209","0",,"4","0","0","4611686018427387904","8124","Microsoft-Windows-Bits-Client","ef1cc15b-46c1-414e-bb95-e76b077bd51e","Microsoft-Windows-Bits-Client/Operational","5000","1732","MSEDGEWIN10","S-1-5-18","10/15/2020 8:39:30 AM",,,"System.UInt32[]","System.Diagnostics.Eventing.Reader.EventBookmark","Information","Info",,"System.Collections.ObjectModel.ReadOnlyCollection`1[System.String]","System.Collections.Generic.List`1[System.Diagnostics.Eventing.Reader.EventProperty]"
"The BITS service created a new job.
Transfer job: Font Download
Job ID: {936af96a-1add-4386-8bd3-1b0083b8895e}
Owner: NT AUTHORITY\LOCAL SERVICE
Process Path: C:\Windows\System32\svchost.exe
Process ID: 1924","3","2",,"4","0","0","4611686018427387904","8123","Microsoft-Windows-Bits-Client","ef1cc15b-46c1-414e-bb95-e76b077bd51e","Microsoft-Windows-Bits-Client/Operational","5000","784","MSEDGEWIN10","S-1-5-18","10/15/2020 8:39:30 AM",,,"System.UInt32[]","System.Diagnostics.Eventing.Reader.EventBookmark","Information","Info",,"System.Collections.ObjectModel.ReadOnlyCollection`1[System.String]","System.Collections.Generic.List`1[System.Diagnostics.Eventing.Reader.EventProperty]"
"The BITS service loaded the job list from disk.","306","0",,"5","0","0","4611686018427387904","8122","Microsoft-Windows-Bits-Client","ef1cc15b-46c1-414e-bb95-e76b077bd51e","Microsoft-Windows-Bits-Client/Operational","5000","5016","MSEDGEWIN10","S-1-5-18","10/15/2020 8:39:27 AM",,,"System.UInt32[]","System.Diagnostics.Eventing.Reader.EventBookmark","Verbose","Info",,"System.Collections.ObjectModel.ReadOnlyCollection`1[System.String]","System.Collections.Generic.List`1[System.Diagnostics.Eventing.Reader.EventProperty]"
"BITS stopped transferring the Font Download transfer job that is associated with the https://fs.microsoft.com/fs/windows/config.json URL. The status code is 0x80072EE7.","61","1",,"3","0","2","4611686018427387904","8121","Microsoft-Windows-Bits-Client","ef1cc15b-46c1-414e-bb95-e76b077bd51e","Microsoft-Windows-Bits-Client/Operational","5852","3316","MSEDGEWIN10","S-1-5-18","10/15/2020 6:13:05 AM","01b64736-284d-4e9d-82f4-8ca3c7fce524",,"System.UInt32[]","System.Diagnostics.Eventing.Reader.EventBookmark","Warning","Stop",,"System.Collections.ObjectModel.ReadOnlyCollection`1[System.String]","System.Collections.Generic.List`1[System.Diagnostics.Eventing.Reader.EventProperty]"
"BITS stopped transferring the Font Download transfer job that is associated with the https://fs.microsoft.com/fs/windows/config.json URL. The status code is 0x80072EE7.","61","1",,"3","0","2","4611686018427387904","8120","Microsoft-Windows-Bits-Client","ef1cc15b-46c1-414e-bb95-e76b077bd51e","Microsoft-Windows-Bits-Client/Operational","5852","3020","MSEDGEWIN10","S-1-5-18","10/15/2020 6:03:05 AM","af1286e4-bf05-4fde-8031-8e6b6af357e7",,"System.UInt32[]","System.Diagnostics.Eventing.Reader.EventBookmark","Warning","Stop",,"System.Collections.ObjectModel.ReadOnlyCollection`1[System.String]","System.Collections.Generic.List`1[System.Diagnostics.Eventing.Reader.EventProperty]"
"BITS stopped transferring the Font Download transfer job that is associated with the https://fs.microsoft.com/fs/windows/config.json URL. The status code is 0x80072EE7.","61","1",,"3","0","2","4611686018427387904","8119","Microsoft-Windows-Bits-Client","ef1cc15b-46c1-414e-bb95-e76b077bd51e","Microsoft-Windows-Bits-Client/Operational","5852","3020","MSEDGEWIN10","S-1-5-18","10/15/2020 5:53:05 AM","9b465e87-456b-498e-8354-524daf9127eb",,"System.UInt32[]","System.Diagnostics.Eventing.Reader.EventBookmark","Warning","Stop",,"System.Collections.ObjectModel.ReadOnlyCollection`1[System.String]","System.Collections.Generic.List`1[System.Diagnostics.Eventing.Reader.EventProperty]"
"BITS stopped transferring the Font Download transfer job that is associated with the https://fs.microsoft.com/fs/windows/config.json URL. The status code is 0x80072EE7.","61","1",,"3","0","2","4611686018427387904","8118","Microsoft-Windows-Bits-Client","ef1cc15b-46c1-414e-bb95-e76b077bd51e","Microsoft-Windows-Bits-Client/Operational","5852","5404","MSEDGEWIN10","S-1-5-18","10/15/2020 5:43:05 AM","b9f7ec48-4370-4c9e-b6e1-e7cfd24686c2",,"System.UInt32[]","System.Diagnostics.Eventing.Reader.EventBookmark","Warning","Stop",,"System.Collections.ObjectModel.ReadOnlyCollection`1[System.String]","System.Collections.Generic.List`1[System.Diagnostics.Eventing.Reader.EventProperty]"
"Job cancelled. User: MSEDGEWIN10\IEUser, job: UpdateDescriptionXml, jobID: {555abd4b-7f7d-4477-a21c-8a0342b698eb}, owner: MSEDGEWIN10\IEUser, filecount: 1","5","0",,"4","0","0","4611686018427387904","8117","Microsoft-Windows-Bits-Client","ef1cc15b-46c1-414e-bb95-e76b077bd51e","Microsoft-Windows-Bits-Client/Operational","5852","4476","MSEDGEWIN10","S-1-5-21-3461203602-4096304019-2269080069-1000","10/15/2020 5:33:27 AM",,,"System.UInt32[]","System.Diagnostics.Eventing.Reader.EventBookmark","Information","Info",,"System.Collections.ObjectModel.ReadOnlyCollection`1[System.String]","System.Collections.Generic.List`1[System.Diagnostics.Eventing.Reader.EventProperty]"
"BITS stopped transferring the UpdateDescriptionXml transfer job that is associated with the https://g.live.com/1rewlive5skydrive/ODSUProduction URL. The status code is 0x80072EE7.","61","1",,"3","0","2","4611686018427387904","8116","Microsoft-Windows-Bits-Client","ef1cc15b-46c1-414e-bb95-e76b077bd51e","Microsoft-Windows-Bits-Client/Operational","5852","4476","MSEDGEWIN10","S-1-5-18","10/15/2020 5:33:12 AM","60d513f8-18bb-4d35-8c7a-03c8dfa2ef4f",,"System.UInt32[]","System.Diagnostics.Eventing.Reader.EventBookmark","Warning","Stop",,"System.Collections.ObjectModel.ReadOnlyCollection`1[System.String]","System.Collections.Generic.List`1[System.Diagnostics.Eventing.Reader.EventProperty]"
"BITS stopped transferring the Font Download transfer job that is associated with the https://fs.microsoft.com/fs/windows/config.json URL. The status code is 0x80072EE7.","61","1",,"3","0","2","4611686018427387904","8115","Microsoft-Windows-Bits-Client","ef1cc15b-46c1-414e-bb95-e76b077bd51e","Microsoft-Windows-Bits-Client/Operational","5852","4476","MSEDGEWIN10","S-1-5-18","10/15/2020 5:33:05 AM","e9e53395-6e11-480b-9309-ba0a2c908ace",,"System.UInt32[]","System.Diagnostics.Eventing.Reader.EventBookmark","Warning","Stop",,"System.Collections.ObjectModel.ReadOnlyCollection`1[System.String]","System.Collections.Generic.List`1[System.Diagnostics.Eventing.Reader.EventProperty]"
"BITS stopped transferring the UpdateDescriptionXml transfer job that is associated with the https://g.live.com/1rewlive5skydrive/ODSUProduction URL. The status code is 0x80072EE7.","61","1",,"3","0","2","4611686018427387904","8114","Microsoft-Windows-Bits-Client","ef1cc15b-46c1-414e-bb95-e76b077bd51e","Microsoft-Windows-Bits-Client/Operational","5852","7724","MSEDGEWIN10","S-1-5-18","10/15/2020 5:33:02 AM","135b8df0-bbf8-49ce-a172-cfbea275b7f3",,"System.UInt32[]","System.Diagnostics.Eventing.Reader.EventBookmark","Warning","Stop",,"System.Collections.ObjectModel.ReadOnlyCollection`1[System.String]","System.Collections.Generic.List`1[System.Diagnostics.Eventing.Reader.EventProperty]"
"BITS stopped transferring the UpdateDescriptionXml transfer job that is associated with the https://g.live.com/1rewlive5skydrive/ODSUProduction URL. The status code is 0x80072EE7.","61","1",,"3","0","2","4611686018427387904","8113","Microsoft-Windows-Bits-Client","ef1cc15b-46c1-414e-bb95-e76b077bd51e","Microsoft-Windows-Bits-Client/Operational","5852","4476","MSEDGEWIN10","S-1-5-18","10/15/2020 5:32:52 AM","ab12996f-5c1e-4b92-a533-461720442c69",,"System.UInt32[]","System.Diagnostics.Eventing.Reader.EventBookmark","Warning","Stop",,"System.Collections.ObjectModel.ReadOnlyCollection`1[System.String]","System.Collections.Generic.List`1[System.Diagnostics.Eventing.Reader.EventProperty]"
"BITS stopped transferring the UpdateDescriptionXml transfer job that is associated with the https://g.live.com/1rewlive5skydrive/ODSUProduction URL. The status code is 0x80072EE7.","61","1",,"3","0","2","4611686018427387904","8112","Microsoft-Windows-Bits-Client","ef1cc15b-46c1-414e-bb95-e76b077bd51e","Microsoft-Windows-Bits-Client/Operational","5852","7724","MSEDGEWIN10","S-1-5-18","10/15/2020 5:32:42 AM","fa069dd2-3212-406d-8de5-c95755c4e809",,"System.UInt32[]","System.Diagnostics.Eventing.Reader.EventBookmark","Warning","Stop",,"System.Collections.ObjectModel.ReadOnlyCollection`1[System.String]","System.Collections.Generic.List`1[System.Diagnostics.Eventing.Reader.EventProperty]"
"BITS stopped transferring the UpdateDescriptionXml transfer job that is associated with the https://g.live.com/1rewlive5skydrive/ODSUProduction URL. The status code is 0x80072EE7.","61","1",,"3","0","2","4611686018427387904","8111","Microsoft-Windows-Bits-Client","ef1cc15b-46c1-414e-bb95-e76b077bd51e","Microsoft-Windows-Bits-Client/Operational","5852","7724","MSEDGEWIN10","S-1-5-18","10/15/2020 5:32:27 AM","f6e09449-93e7-45e3-a5ba-d484d6aeb45a",,"System.UInt32[]","System.Diagnostics.Eventing.Reader.EventBookmark","Warning","Stop",,"System.Collections.ObjectModel.ReadOnlyCollection`1[System.String]","System.Collections.Generic.List`1[System.Diagnostics.Eventing.Reader.EventProperty]"
"BITS stopped transferring the UpdateDescriptionXml transfer job that is associated with the https://g.live.com/1rewlive5skydrive/ODSUProduction URL. The status code is 0x80072EE7.","61","1",,"3","0","2","4611686018427387904","8110","Microsoft-Windows-Bits-Client","ef1cc15b-46c1-414e-bb95-e76b077bd51e","Microsoft-Windows-Bits-Client/Operational","5852","7724","MSEDGEWIN10","S-1-5-18","10/15/2020 5:32:17 AM","ced2cf41-a671-49f7-960d-4b62969e7a2d",,"System.UInt32[]","System.Diagnostics.Eventing.Reader.EventBookmark","Warning","Stop",,"System.Collections.ObjectModel.ReadOnlyCollection`1[System.String]","System.Collections.Generic.List`1[System.Diagnostics.Eventing.Reader.EventProperty]"
"BITS stopped transferring the UpdateDescriptionXml transfer job that is associated with the https://g.live.com/1rewlive5skydrive/ODSUProduction URL. The status code is 0x80072EE7.","61","1",,"3","0","2","4611686018427387904","8109","Microsoft-Windows-Bits-Client","ef1cc15b-46c1-414e-bb95-e76b077bd51e","Microsoft-Windows-Bits-Client/Operational","5852","4476","MSEDGEWIN10","S-1-5-18","10/15/2020 5:32:07 AM","4974abc1-fe52-4c67-8ad9-ac396f424461",,"System.UInt32[]","System.Diagnostics.Eventing.Reader.EventBookmark","Warning","Stop",,"System.Collections.ObjectModel.ReadOnlyCollection`1[System.String]","System.Collections.Generic.List`1[System.Diagnostics.Eventing.Reader.EventProperty]"
"BITS stopped transferring the UpdateDescriptionXml transfer job that is associated with the https://g.live.com/1rewlive5skydrive/ODSUProduction URL. The status code is 0x80072EE7.","61","1",,"3","0","2","4611686018427387904","8108","Microsoft-Windows-Bits-Client","ef1cc15b-46c1-414e-bb95-e76b077bd51e","Microsoft-Windows-Bits-Client/Operational","5852","4476","MSEDGEWIN10","S-1-5-18","10/15/2020 5:31:57 AM","4aead2fa-b732-4eab-a343-0dfda4307481",,"System.UInt32[]","System.Diagnostics.Eventing.Reader.EventBookmark","Warning","Stop",,"System.Collections.ObjectModel.ReadOnlyCollection`1[System.String]","System.Collections.Generic.List`1[System.Diagnostics.Eventing.Reader.EventProperty]"
"BITS stopped transferring the UpdateDescriptionXml transfer job that is associated with the https://g.live.com/1rewlive5skydrive/ODSUProduction URL. The status code is 0x80072EE7.","61","1",,"3","0","2","4611686018427387904","8107","Microsoft-Windows-Bits-Client","ef1cc15b-46c1-414e-bb95-e76b077bd51e","Microsoft-Windows-Bits-Client/Operational","5852","7188","MSEDGEWIN10","S-1-5-18","10/15/2020 5:31:42 AM","873fe627-01ab-45bc-95af-99915edb36ee",,"System.UInt32[]","System.Diagnostics.Eventing.Reader.EventBookmark","Warning","Stop",,"System.Collections.ObjectModel.ReadOnlyCollection`1[System.String]","System.Collections.Generic.List`1[System.Diagnostics.Eventing.Reader.EventProperty]"
"BITS stopped transferring the UpdateDescriptionXml transfer job that is associated with the https://g.live.com/1rewlive5skydrive/ODSUProduction URL. The status code is 0x80072EE7.","61","1",,"3","0","2","4611686018427387904","8106","Microsoft-Windows-Bits-Client","ef1cc15b-46c1-414e-bb95-e76b077bd51e","Microsoft-Windows-Bits-Client/Operational","5852","7724","MSEDGEWIN10","S-1-5-18","10/15/2020 5:31:32 AM","879894b0-a264-4158-b8f0-b95b55367ed3",,"System.UInt32[]","System.Diagnostics.Eventing.Reader.EventBookmark","Warning","Stop",,"System.Collections.ObjectModel.ReadOnlyCollection`1[System.String]","System.Collections.Generic.List`1[System.Diagnostics.Eventing.Reader.EventProperty]"
