"BITS stopped transferring the Push Notification Platform Job: 1 transfer job that is associated with the https://site-cdn.onenote.net/161340731555_Images/LiveTileImages/MediumAndLarge/Image1.png URL. The status code is 0x80072EE7.","61","1",,"3","0","2","4611686018427387904","8246","Microsoft-Windows-Bits-Client","ef1cc15b-46c1-414e-bb95-e76b077bd51e","Microsoft-Windows-Bits-Client/Operational","7824","4960","MSEDGEWIN10","S-1-5-18","10/17/2020 3:37:53 PM","4edb3f2b-73b0-4c06-9b70-c8ff99d78ac4",,"System.UInt32[]","System.Diagnostics.Eventing.Reader.EventBookmark","Warning","Stop",,"System.Collections.ObjectModel.ReadOnlyCollection`1[System.String]","System.Collections.Generic.List`1[System.Diagnostics.Eventing.Reader.EventProperty]"
"BITS started the Push Notification Platform Job: 1 transfer job that is associated with the https://site-cdn.onenote.net/161340731555_Images/LiveTileImages/MediumAndLarge/Image1.png URL.","59","1",,"4","0","1","4611686018427387904","8245","Microsoft-Windows-Bits-Client","ef1cc15b-46c1-414e-bb95-e76b077bd51e","Microsoft-Windows-Bits-Client/Operational","7824","940","MSEDGEWIN10","S-1-5-18","10/17/2020 3:37:53 PM","4edb3f2b-73b0-4c06-9b70-c8ff99d78ac4",,"System.UInt32[]","System.Diagnostics.Eventing.Reader.EventBookmark","Information","Start",,"System.Collections.ObjectModel.ReadOnlyCollection`1[System.String]","System.Collections.Generic.List`1[System.Diagnostics.Eventing.Reader.EventProperty]"
"BITS stopped transferring the Push Notification Platform Job: 1 transfer job that is associated with the https://site-cdn.onenote.net/161340731555_Images/LiveTileImages/MediumAndLarge/Image1.png URL. The status code is 0x80072EE7.","61","1",,"3","0","2","4611686018427387904","8244","Microsoft-Windows-Bits-Client","ef1cc15b-46c1-414e-bb95-e76b077bd51e","Microsoft-Windows-Bits-Client/Operational","7824","7884","MSEDGEWIN10","S-1-5-18","10/17/2020 3:37:53 PM","f238d534-c53a-466d-8fdd-339492847598",,"System.UInt32[]","System.Diagnostics.Eventing.Reader.EventBookmark","Warning","Stop",,"System.Collections.ObjectModel.ReadOnlyCollection`1[System.String]","System.Collections.Generic.List`1[System.Diagnostics.Eventing.Reader.EventProperty]"
"BITS started the Push Notification Platform Job: 1 transfer job that is associated with the https://site-cdn.onenote.net/161340731555_Images/LiveTileImages/MediumAndLarge/Image1.png URL.","59","1",,"4","0","1","4611686018427387904","8243","Microsoft-Windows-Bits-Client","ef1cc15b-46c1-414e-bb95-e76b077bd51e","Microsoft-Windows-Bits-Client/Operational","7824","940","MSEDGEWIN10","S-1-5-18","10/17/2020 3:37:53 PM","f238d534-c53a-466d-8fdd-339492847598",,"System.UInt32[]","System.Diagnostics.Eventing.Reader.EventBookmark","Information","Start",,"System.Collections.ObjectModel.ReadOnlyCollection`1[System.String]","System.Collections.Generic.List`1[System.Diagnostics.Eventing.Reader.EventProperty]"
"BITS stopped transferring the Push Notification Platform Job: 1 transfer job that is associated with the https://site-cdn.onenote.net/161340731555_Images/LiveTileImages/MediumAndLarge/Image1.png URL. The status code is 0x80072EE7.","61","1",,"3","0","2","4611686018427387904","8242","Microsoft-Windows-Bits-Client","ef1cc15b-46c1-414e-bb95-e76b077bd51e","Microsoft-Windows-Bits-Client/Operational","7824","4960","MSEDGEWIN10","S-1-5-18","10/17/2020 3:37:53 PM","d89f0111-2704-4a3a-addb-0528eba17058",,"System.UInt32[]","System.Diagnostics.Eventing.Reader.EventBookmark","Warning","Stop",,"System.Collections.ObjectModel.ReadOnlyCollection`1[System.String]","System.Collections.Generic.List`1[System.Diagnostics.Eventing.Reader.EventProperty]"
"BITS started the Push Notification Platform Job: 1 transfer job that is associated with the https://site-cdn.onenote.net/161340731555_Images/LiveTileImages/MediumAndLarge/Image1.png URL.","59","1",,"4","0","1","4611686018427387904","8241","Microsoft-Windows-Bits-Client","ef1cc15b-46c1-414e-bb95-e76b077bd51e","Microsoft-Windows-Bits-Client/Operational","7824","940","MSEDGEWIN10","S-1-5-18","10/17/2020 3:37:53 PM","d89f0111-2704-4a3a-addb-0528eba17058",,"System.UInt32[]","System.Diagnostics.Eventing.Reader.EventBookmark","Information","Start",,"System.Collections.ObjectModel.ReadOnlyCollection`1[System.String]","System.Collections.Generic.List`1[System.Diagnostics.Eventing.Reader.EventProperty]"
"High performance property for BITS job ""Push Notification Platform Job: 1"" with ID ""{9359eef9-5c89-46f3-8d1f-eb6c5ece3e22}"" Enabled.","209","0",,"4","0","0","4611686018427387904","8240","Microsoft-Windows-Bits-Client","ef1cc15b-46c1-414e-bb95-e76b077bd51e","Microsoft-Windows-Bits-Client/Operational","7824","3256","MSEDGEWIN10","S-1-5-18","10/17/2020 3:37:53 PM",,,"System.UInt32[]","System.Diagnostics.Eventing.Reader.EventBookmark","Information","Info",,"System.Collections.ObjectModel.ReadOnlyCollection`1[System.String]","System.Collections.Generic.List`1[System.Diagnostics.Eventing.Reader.EventProperty]"
"The BITS service created a new job.
Transfer job: Push Notification Platform Job: 1
Job ID: {9359eef9-5c89-46f3-8d1f-eb6c5ece3e22}
Owner: MSEDGEWIN10\IEUser
Process Path: C:\Windows\System32\svchost.exe
Process ID: 4600","3","2",,"4","0","0","4611686018427387904","8239","Microsoft-Windows-Bits-Client","ef1cc15b-46c1-414e-bb95-e76b077bd51e","Microsoft-Windows-Bits-Client/Operational","7824","3256","MSEDGEWIN10","S-1-5-18","10/17/2020 3:37:53 PM",,,"System.UInt32[]","System.Diagnostics.Eventing.Reader.EventBookmark","Information","Info",,"System.Collections.ObjectModel.ReadOnlyCollection`1[System.String]","System.Collections.Generic.List`1[System.Diagnostics.Eventing.Reader.EventProperty]"
"Job cancelled. User: MSEDGEWIN10\IEUser, job: Push Notification Platform Job: 1, jobID: {fcecbd31-d931-4cf3-8061-291be3d6df18}, owner: MSEDGEWIN10\IEUser, filecount: 1","5","0",,"4","0","0","4611686018427387904","8238","Microsoft-Windows-Bits-Client","ef1cc15b-46c1-414e-bb95-e76b077bd51e","Microsoft-Windows-Bits-Client/Operational","7824","3256","MSEDGEWIN10","S-1-5-21-3461203602-4096304019-2269080069-1000","10/17/2020 3:37:53 PM",,,"System.UInt32[]","System.Diagnostics.Eventing.Reader.EventBookmark","Information","Info",,"System.Collections.ObjectModel.ReadOnlyCollection`1[System.String]","System.Collections.Generic.List`1[System.Diagnostics.Eventing.Reader.EventProperty]"
"BITS stopped transferring the Push Notification Platform Job: 1 transfer job that is associated with the https://img-s-msn-com.akamaized.net/tenant/amp/entityid/BB1a7GBU.img?w=100&h=100&m=6&tilesize=medium&ms-scale=100&ms-contrast=standard URL. The status code is 0x80072EE7.","61","1",,"3","0","2","4611686018427387904","8237","Microsoft-Windows-Bits-Client","ef1cc15b-46c1-414e-bb95-e76b077bd51e","Microsoft-Windows-Bits-Client/Operational","7824","4960","MSEDGEWIN10","S-1-5-18","10/17/2020 3:37:53 PM","1768119e-a75a-41f5-93b8-0bf4058a84e9",,"System.UInt32[]","System.Diagnostics.Eventing.Reader.EventBookmark","Warning","Stop",,"System.Collections.ObjectModel.ReadOnlyCollection`1[System.String]","System.Collections.Generic.List`1[System.Diagnostics.Eventing.Reader.EventProperty]"
"BITS started the Push Notification Platform Job: 1 transfer job that is associated with the https://img-s-msn-com.akamaized.net/tenant/amp/entityid/BB1a7GBU.img?w=100&h=100&m=6&tilesize=medium&ms-scale=100&ms-contrast=standard URL.","59","1",,"4","0","1","4611686018427387904","8236","Microsoft-Windows-Bits-Client","ef1cc15b-46c1-414e-bb95-e76b077bd51e","Microsoft-Windows-Bits-Client/Operational","7824","940","MSEDGEWIN10","S-1-5-18","10/17/2020 3:37:52 PM","1768119e-a75a-41f5-93b8-0bf4058a84e9",,"System.UInt32[]","System.Diagnostics.Eventing.Reader.EventBookmark","Information","Start",,"System.Collections.ObjectModel.ReadOnlyCollection`1[System.String]","System.Collections.Generic.List`1[System.Diagnostics.Eventing.Reader.EventProperty]"
"BITS stopped transferring the Push Notification Platform Job: 1 transfer job that is associated with the https://img-s-msn-com.akamaized.net/tenant/amp/entityid/BB1a7GBU.img?w=100&h=100&m=6&tilesize=medium&ms-scale=100&ms-contrast=standard URL. The status code is 0x80072EE7.","61","1",,"3","0","2","4611686018427387904","8235","Microsoft-Windows-Bits-Client","ef1cc15b-46c1-414e-bb95-e76b077bd51e","Microsoft-Windows-Bits-Client/Operational","7824","3780","MSEDGEWIN10","S-1-5-18","10/17/2020 3:37:52 PM","55fdce8b-968d-4f58-91eb-d787216e6383",,"System.UInt32[]","System.Diagnostics.Eventing.Reader.EventBookmark","Warning","Stop",,"System.Collections.ObjectModel.ReadOnlyCollection`1[System.String]","System.Collections.Generic.List`1[System.Diagnostics.Eventing.Reader.EventProperty]"
"BITS started the Push Notification Platform Job: 1 transfer job that is associated with the https://img-s-msn-com.akamaized.net/tenant/amp/entityid/BB1a7GBU.img?w=100&h=100&m=6&tilesize=medium&ms-scale=100&ms-contrast=standard URL.","59","1",,"4","0","1","4611686018427387904","8234","Microsoft-Windows-Bits-Client","ef1cc15b-46c1-414e-bb95-e76b077bd51e","Microsoft-Windows-Bits-Client/Operational","7824","940","MSEDGEWIN10","S-1-5-18","10/17/2020 3:37:52 PM","55fdce8b-968d-4f58-91eb-d787216e6383",,"System.UInt32[]","System.Diagnostics.Eventing.Reader.EventBookmark","Information","Start",,"System.Collections.ObjectModel.ReadOnlyCollection`1[System.String]","System.Collections.Generic.List`1[System.Diagnostics.Eventing.Reader.EventProperty]"
"BITS stopped transferring the Push Notification Platform Job: 1 transfer job that is associated with the https://img-s-msn-com.akamaized.net/tenant/amp/entityid/BB1a7GBU.img?w=100&h=100&m=6&tilesize=medium&ms-scale=100&ms-contrast=standard URL. The status code is 0x80072EE7.","61","1",,"3","0","2","4611686018427387904","8233","Microsoft-Windows-Bits-Client","ef1cc15b-46c1-414e-bb95-e76b077bd51e","Microsoft-Windows-Bits-Client/Operational","7824","3256","MSEDGEWIN10","S-1-5-18","10/17/2020 3:37:52 PM","291cd8a8-8ff9-4e52-a66b-88190e163d0c",,"System.UInt32[]","System.Diagnostics.Eventing.Reader.EventBookmark","Warning","Stop",,"System.Collections.ObjectModel.ReadOnlyCollection`1[System.String]","System.Collections.Generic.List`1[System.Diagnostics.Eventing.Reader.EventProperty]"
"BITS started the Push Notification Platform Job: 1 transfer job that is associated with the https://img-s-msn-com.akamaized.net/tenant/amp/entityid/BB1a7GBU.img?w=100&h=100&m=6&tilesize=medium&ms-scale=100&ms-contrast=standard URL.","59","1",,"4","0","1","4611686018427387904","8232","Microsoft-Windows-Bits-Client","ef1cc15b-46c1-414e-bb95-e76b077bd51e","Microsoft-Windows-Bits-Client/Operational","7824","940","MSEDGEWIN10","S-1-5-18","10/17/2020 3:37:52 PM","291cd8a8-8ff9-4e52-a66b-88190e163d0c",,"System.UInt32[]","System.Diagnostics.Eventing.Reader.EventBookmark","Information","Start",,"System.Collections.ObjectModel.ReadOnlyCollection`1[System.String]","System.Collections.Generic.List`1[System.Diagnostics.Eventing.Reader.EventProperty]"
"BITS stopped transferring the Push Notification Platform Job: 1 transfer job that is associated with the https://img-s-msn-com.akamaized.net/tenant/amp/entityid/BB1a7GBU.img?w=100&h=100&m=6&tilesize=medium&ms-scale=100&ms-contrast=standard URL. The status code is 0x80072EE7.","61","1",,"3","0","2","4611686018427387904","8231","Microsoft-Windows-Bits-Client","ef1cc15b-46c1-414e-bb95-e76b077bd51e","Microsoft-Windows-Bits-Client/Operational","7824","3256","MSEDGEWIN10","S-1-5-18","10/17/2020 3:37:52 PM","951afcdb-edab-4d98-bb13-6c8ea6cfc337",,"System.UInt32[]","System.Diagnostics.Eventing.Reader.EventBookmark","Warning","Stop",,"System.Collections.ObjectModel.ReadOnlyCollection`1[System.String]","System.Collections.Generic.List`1[System.Diagnostics.Eventing.Reader.EventProperty]"
"BITS started the Push Notification Platform Job: 1 transfer job that is associated with the https://img-s-msn-com.akamaized.net/tenant/amp/entityid/BB1a7GBU.img?w=100&h=100&m=6&tilesize=medium&ms-scale=100&ms-contrast=standard URL.","59","1",,"4","0","1","4611686018427387904","8230","Microsoft-Windows-Bits-Client","ef1cc15b-46c1-414e-bb95-e76b077bd51e","Microsoft-Windows-Bits-Client/Operational","7824","940","MSEDGEWIN10","S-1-5-18","10/17/2020 3:37:52 PM","951afcdb-edab-4d98-bb13-6c8ea6cfc337",,"System.UInt32[]","System.Diagnostics.Eventing.Reader.EventBookmark","Information","Start",,"System.Collections.ObjectModel.ReadOnlyCollection`1[System.String]","System.Collections.Generic.List`1[System.Diagnostics.Eventing.Reader.EventProperty]"
"High performance property for BITS job ""Push Notification Platform Job: 1"" with ID ""{fcecbd31-d931-4cf3-8061-291be3d6df18}"" Enabled.","209","0",,"4","0","0","4611686018427387904","8229","Microsoft-Windows-Bits-Client","ef1cc15b-46c1-414e-bb95-e76b077bd51e","Microsoft-Windows-Bits-Client/Operational","7824","4960","MSEDGEWIN10","S-1-5-18","10/17/2020 3:37:52 PM",,,"System.UInt32[]","System.Diagnostics.Eventing.Reader.EventBookmark","Information","Info",,"System.Collections.ObjectModel.ReadOnlyCollection`1[System.String]","System.Collections.Generic.List`1[System.Diagnostics.Eventing.Reader.EventProperty]"
"The BITS service created a new job.
Transfer job: Push Notification Platform Job: 1
Job ID: {fcecbd31-d931-4cf3-8061-291be3d6df18}
Owner: MSEDGEWIN10\IEUser
Process Path: C:\Windows\System32\svchost.exe
Process ID: 4600","3","2",,"4","0","0","4611686018427387904","8228","Microsoft-Windows-Bits-Client","ef1cc15b-46c1-414e-bb95-e76b077bd51e","Microsoft-Windows-Bits-Client/Operational","7824","4960","MSEDGEWIN10","S-1-5-18","10/17/2020 3:37:52 PM",,,"System.UInt32[]","System.Diagnostics.Eventing.Reader.EventBookmark","Information","Info",,"System.Collections.ObjectModel.ReadOnlyCollection`1[System.String]","System.Collections.Generic.List`1[System.Diagnostics.Eventing.Reader.EventProperty]"
"The BITS service loaded the job list from disk.","306","0",,"5","0","0","4611686018427387904","8227","Microsoft-Windows-Bits-Client","ef1cc15b-46c1-414e-bb95-e76b077bd51e","Microsoft-Windows-Bits-Client/Operational","7824","4680","MSEDGEWIN10","S-1-5-18","10/17/2020 3:37:52 PM",,,"System.UInt32[]","System.Diagnostics.Eventing.Reader.EventBookmark","Verbose","Info",,"System.Collections.ObjectModel.ReadOnlyCollection`1[System.String]","System.Collections.Generic.List`1[System.Diagnostics.Eventing.Reader.EventProperty]"
"High performance property for BITS job ""MicrosoftMapsBingGeoStore"" with ID ""{2ade9cac-a543-41ac-84d2-808b8312364d}"" Enabled.","209","0",,"4","0","0","4611686018427387904","8226","Microsoft-Windows-Bits-Client","ef1cc15b-46c1-414e-bb95-e76b077bd51e","Microsoft-Windows-Bits-Client/Operational","1488","1040","MSEDGEWIN10","S-1-5-18","10/17/2020 5:57:17 AM",,,"System.UInt32[]","System.Diagnostics.Eventing.Reader.EventBookmark","Information","Info",,"System.Collections.ObjectModel.ReadOnlyCollection`1[System.String]","System.Collections.Generic.List`1[System.Diagnostics.Eventing.Reader.EventProperty]"
"The BITS service created a new job.
Transfer job: MicrosoftMapsBingGeoStore
Job ID: {2ade9cac-a543-41ac-84d2-808b8312364d}
Owner: NT AUTHORITY\NETWORK SERVICE
Process Path: C:\Windows\System32\svchost.exe
Process ID: 8120","3","2",,"4","0","0","4611686018427387904","8225","Microsoft-Windows-Bits-Client","ef1cc15b-46c1-414e-bb95-e76b077bd51e","Microsoft-Windows-Bits-Client/Operational","1488","1040","MSEDGEWIN10","S-1-5-18","10/17/2020 5:57:17 AM",,,"System.UInt32[]","System.Diagnostics.Eventing.Reader.EventBookmark","Information","Info",,"System.Collections.ObjectModel.ReadOnlyCollection`1[System.String]","System.Collections.Generic.List`1[System.Diagnostics.Eventing.Reader.EventProperty]"
"The BITS service loaded the job list from disk.","306","0",,"5","0","0","4611686018427387904","8224","Microsoft-Windows-Bits-Client","ef1cc15b-46c1-414e-bb95-e76b077bd51e","Microsoft-Windows-Bits-Client/Operational","1488","4808","MSEDGEWIN10","S-1-5-18","10/17/2020 5:57:16 AM",,,"System.UInt32[]","System.Diagnostics.Eventing.Reader.EventBookmark","Verbose","Info",,"System.Collections.ObjectModel.ReadOnlyCollection`1[System.String]","System.Collections.Generic.List`1[System.Diagnostics.Eventing.Reader.EventProperty]"
"The transfer job is complete.
User: MSEDGEWIN10\IEUser
Transfer job: C:\Users\IEUser\AppData\Local\Temp\{8B60600B-E6B4-4083-99F3-D3A4CFB95796}-86.0.4240.75_85.0.4183.121_chrome_updater.exe
Job ID: {a5842cb6-8f50-4944-8af7-2c088b21ddc3}
Owner: MSEDGEWIN10\IEUser
File count: 1","4","1",,"4","0","0","4611686018427387904","8223","Microsoft-Windows-Bits-Client","ef1cc15b-46c1-414e-bb95-e76b077bd51e","Microsoft-Windows-Bits-Client/Operational","4028","6308","MSEDGEWIN10","S-1-5-18","10/17/2020 5:36:06 AM",,,"System.UInt32[]","System.Diagnostics.Eventing.Reader.EventBookmark","Information","Info",,"System.Collections.ObjectModel.ReadOnlyCollection`1[System.String]","System.Collections.Generic.List`1[System.Diagnostics.Eventing.Reader.EventProperty]"
"BITS stopped transferring the C:\Users\IEUser\AppData\Local\Temp\{8B60600B-E6B4-4083-99F3-D3A4CFB95796}-86.0.4240.75_85.0.4183.121_chrome_updater.exe transfer job that is associated with the http://r2---sn-5hne6nsr.gvt1.com/edgedl/release2/chrome/W_YanCvPLKRFNu-eN8kKOw_86.0.4240.75/86.0.4240.75_85.0.4183.121_chrome_updater.exe?cms_redirect=yes&mh=ps&mip=213.127.67.142&mm=28&mn=sn-5hne6nsr&ms=nvh&mt=1602937879&mv=m&mvi=2&pl=17&shardbypass=yes URL. The status code is 0x0.","60","1",,"4","0","2","4611686018427387904","8222","Microsoft-Windows-Bits-Client","ef1cc15b-46c1-414e-bb95-e76b077bd51e","Microsoft-Windows-Bits-Client/Operational","4028","6308","MSEDGEWIN10","S-1-5-18","10/17/2020 5:36:06 AM","9ee2b7a4-77ce-4cfc-bb31-6ebcfae55322",,"System.UInt32[]","System.Diagnostics.Eventing.Reader.EventBookmark","Information","Stop",,"System.Collections.ObjectModel.ReadOnlyCollection`1[System.String]","System.Collections.Generic.List`1[System.Diagnostics.Eventing.Reader.EventProperty]"
"The transfer job is complete.
User: MSEDGEWIN10\IEUser
Transfer job: PreSignInSettingsConfigJSON
Job ID: {ebe5f231-0e5e-46d9-8bc4-9ef9de460f5f}
Owner: MSEDGEWIN10\IEUser
File count: 1","4","1",,"4","0","0","4611686018427387904","8221","Microsoft-Windows-Bits-Client","ef1cc15b-46c1-414e-bb95-e76b077bd51e","Microsoft-Windows-Bits-Client/Operational","4028","3692","MSEDGEWIN10","S-1-5-18","10/17/2020 5:33:56 AM",,,"System.UInt32[]","System.Diagnostics.Eventing.Reader.EventBookmark","Information","Info",,"System.Collections.ObjectModel.ReadOnlyCollection`1[System.String]","System.Collections.Generic.List`1[System.Diagnostics.Eventing.Reader.EventProperty]"
"BITS stopped transferring the PreSignInSettingsConfigJSON transfer job that is associated with the https://g.live.com/odclientsettings/Prod URL. The status code is 0x0.","60","1",,"4","0","2","4611686018427387904","8220","Microsoft-Windows-Bits-Client","ef1cc15b-46c1-414e-bb95-e76b077bd51e","Microsoft-Windows-Bits-Client/Operational","4028","3692","MSEDGEWIN10","S-1-5-18","10/17/2020 5:33:56 AM","ddf90fcb-3c14-4e7b-8239-2ef435279eff",,"System.UInt32[]","System.Diagnostics.Eventing.Reader.EventBookmark","Information","Stop",,"System.Collections.ObjectModel.ReadOnlyCollection`1[System.String]","System.Collections.Generic.List`1[System.Diagnostics.Eventing.Reader.EventProperty]"
"BITS started the PreSignInSettingsConfigJSON transfer job that is associated with the https://g.live.com/odclientsettings/Prod URL.","59","1",,"4","0","1","4611686018427387904","8219","Microsoft-Windows-Bits-Client","ef1cc15b-46c1-414e-bb95-e76b077bd51e","Microsoft-Windows-Bits-Client/Operational","4028","4408","MSEDGEWIN10","S-1-5-18","10/17/2020 5:33:56 AM","ddf90fcb-3c14-4e7b-8239-2ef435279eff",,"System.UInt32[]","System.Diagnostics.Eventing.Reader.EventBookmark","Information","Start",,"System.Collections.ObjectModel.ReadOnlyCollection`1[System.String]","System.Collections.Generic.List`1[System.Diagnostics.Eventing.Reader.EventProperty]"
"The BITS service created a new job.
Transfer job: PreSignInSettingsConfigJSON
Job ID: {ebe5f231-0e5e-46d9-8bc4-9ef9de460f5f}
Owner: MSEDGEWIN10\IEUser
Process Path: C:\Users\IEUser\AppData\Local\Microsoft\OneDrive\StandaloneUpdater\OneDriveSetup.exe
Process ID: 4624","3","2",,"4","0","0","4611686018427387904","8218","Microsoft-Windows-Bits-Client","ef1cc15b-46c1-414e-bb95-e76b077bd51e","Microsoft-Windows-Bits-Client/Operational","4028","6304","MSEDGEWIN10","S-1-5-18","10/17/2020 5:33:56 AM",,,"System.UInt32[]","System.Diagnostics.Eventing.Reader.EventBookmark","Information","Info",,"System.Collections.ObjectModel.ReadOnlyCollection`1[System.String]","System.Collections.Generic.List`1[System.Diagnostics.Eventing.Reader.EventProperty]"
"The transfer job is complete.
User: MSEDGEWIN10\IEUser
Transfer job: SetupBinary
Job ID: {44deefe1-ea3b-4a93-a17e-ace1b1340028}
Owner: MSEDGEWIN10\IEUser
File count: 1","4","1",,"4","0","0","4611686018427387904","8217","Microsoft-Windows-Bits-Client","ef1cc15b-46c1-414e-bb95-e76b077bd51e","Microsoft-Windows-Bits-Client/Operational","4028","1552","MSEDGEWIN10","S-1-5-18","10/17/2020 5:33:54 AM",,,"System.UInt32[]","System.Diagnostics.Eventing.Reader.EventBookmark","Information","Info",,"System.Collections.ObjectModel.ReadOnlyCollection`1[System.String]","System.Collections.Generic.List`1[System.Diagnostics.Eventing.Reader.EventProperty]"
"BITS stopped transferring the SetupBinary transfer job that is associated with the https://oneclient.sfx.ms/Win/Prod/20.169.0823.0006/OneDriveSetup.exe URL. The status code is 0x0.","60","1",,"4","0","2","4611686018427387904","8216","Microsoft-Windows-Bits-Client","ef1cc15b-46c1-414e-bb95-e76b077bd51e","Microsoft-Windows-Bits-Client/Operational","4028","3692","MSEDGEWIN10","S-1-5-18","10/17/2020 5:33:54 AM","4df41a1c-f43b-4d1e-bf6d-b8096a565bdc",,"System.UInt32[]","System.Diagnostics.Eventing.Reader.EventBookmark","Information","Stop",,"System.Collections.ObjectModel.ReadOnlyCollection`1[System.String]","System.Collections.Generic.List`1[System.Diagnostics.Eventing.Reader.EventProperty]"
"BITS started the SetupBinary transfer job that is associated with the https://oneclient.sfx.ms/Win/Prod/20.169.0823.0006/OneDriveSetup.exe URL.","59","1",,"4","0","1","4611686018427387904","8215","Microsoft-Windows-Bits-Client","ef1cc15b-46c1-414e-bb95-e76b077bd51e","Microsoft-Windows-Bits-Client/Operational","4028","908","MSEDGEWIN10","S-1-5-18","10/17/2020 5:32:11 AM","4df41a1c-f43b-4d1e-bf6d-b8096a565bdc",,"System.UInt32[]","System.Diagnostics.Eventing.Reader.EventBookmark","Information","Start",,"System.Collections.ObjectModel.ReadOnlyCollection`1[System.String]","System.Collections.Generic.List`1[System.Diagnostics.Eventing.Reader.EventProperty]"
"The BITS service created a new job.
Transfer job: SetupBinary
Job ID: {44deefe1-ea3b-4a93-a17e-ace1b1340028}
Owner: MSEDGEWIN10\IEUser
Process Path: C:\Users\IEUser\AppData\Local\Microsoft\OneDrive\OneDriveStandaloneUpdater.exe
Process ID: 7880","3","2",,"4","0","0","4611686018427387904","8214","Microsoft-Windows-Bits-Client","ef1cc15b-46c1-414e-bb95-e76b077bd51e","Microsoft-Windows-Bits-Client/Operational","4028","3668","MSEDGEWIN10","S-1-5-18","10/17/2020 5:32:11 AM",,,"System.UInt32[]","System.Diagnostics.Eventing.Reader.EventBookmark","Information","Info",,"System.Collections.ObjectModel.ReadOnlyCollection`1[System.String]","System.Collections.Generic.List`1[System.Diagnostics.Eventing.Reader.EventProperty]"
"The transfer job is complete.
User: MSEDGEWIN10\IEUser
Transfer job: UpdateDescriptionXml
Job ID: {283757e0-0a70-42d2-a47a-967f0ec4a2e7}
Owner: MSEDGEWIN10\IEUser
File count: 1","4","1",,"4","0","0","4611686018427387904","8213","Microsoft-Windows-Bits-Client","ef1cc15b-46c1-414e-bb95-e76b077bd51e","Microsoft-Windows-Bits-Client/Operational","4028","3668","MSEDGEWIN10","S-1-5-18","10/17/2020 5:32:11 AM",,,"System.UInt32[]","System.Diagnostics.Eventing.Reader.EventBookmark","Information","Info",,"System.Collections.ObjectModel.ReadOnlyCollection`1[System.String]","System.Collections.Generic.List`1[System.Diagnostics.Eventing.Reader.EventProperty]"
"BITS stopped transferring the UpdateDescriptionXml transfer job that is associated with the https://g.live.com/1rewlive5skydrive/ODSUProduction URL. The status code is 0x0.","60","1",,"4","0","2","4611686018427387904","8212","Microsoft-Windows-Bits-Client","ef1cc15b-46c1-414e-bb95-e76b077bd51e","Microsoft-Windows-Bits-Client/Operational","4028","3668","MSEDGEWIN10","S-1-5-18","10/17/2020 5:32:11 AM","4241e72c-807f-4726-ba09-2b36091059f3",,"System.UInt32[]","System.Diagnostics.Eventing.Reader.EventBookmark","Information","Stop",,"System.Collections.ObjectModel.ReadOnlyCollection`1[System.String]","System.Collections.Generic.List`1[System.Diagnostics.Eventing.Reader.EventProperty]"
"BITS started the UpdateDescriptionXml transfer job that is associated with the https://g.live.com/1rewlive5skydrive/ODSUProduction URL.","59","1",,"4","0","1","4611686018427387904","8211","Microsoft-Windows-Bits-Client","ef1cc15b-46c1-414e-bb95-e76b077bd51e","Microsoft-Windows-Bits-Client/Operational","4028","908","MSEDGEWIN10","S-1-5-18","10/17/2020 5:32:11 AM","4241e72c-807f-4726-ba09-2b36091059f3",,"System.UInt32[]","System.Diagnostics.Eventing.Reader.EventBookmark","Information","Start",,"System.Collections.ObjectModel.ReadOnlyCollection`1[System.String]","System.Collections.Generic.List`1[System.Diagnostics.Eventing.Reader.EventProperty]"
"The BITS service created a new job.
Transfer job: UpdateDescriptionXml
Job ID: {283757e0-0a70-42d2-a47a-967f0ec4a2e7}
Owner: MSEDGEWIN10\IEUser
Process Path: C:\Users\IEUser\AppData\Local\Microsoft\OneDrive\OneDriveStandaloneUpdater.exe
Process ID: 7880","3","2",,"4","0","0","4611686018427387904","8210","Microsoft-Windows-Bits-Client","ef1cc15b-46c1-414e-bb95-e76b077bd51e","Microsoft-Windows-Bits-Client/Operational","4028","1552","MSEDGEWIN10","S-1-5-18","10/17/2020 5:32:11 AM",,,"System.UInt32[]","System.Diagnostics.Eventing.Reader.EventBookmark","Information","Info",,"System.Collections.ObjectModel.ReadOnlyCollection`1[System.String]","System.Collections.Generic.List`1[System.Diagnostics.Eventing.Reader.EventProperty]"
"The transfer job is complete.
User: MSEDGEWIN10\IEUser
Transfer job: PreSignInSettingsConfigJSON
Job ID: {01aabad6-604f-4f50-ace1-39ca301bcd9f}
Owner: MSEDGEWIN10\IEUser
File count: 1","4","1",,"4","0","0","4611686018427387904","8209","Microsoft-Windows-Bits-Client","ef1cc15b-46c1-414e-bb95-e76b077bd51e","Microsoft-Windows-Bits-Client/Operational","4028","1552","MSEDGEWIN10","S-1-5-18","10/17/2020 5:32:11 AM",,,"System.UInt32[]","System.Diagnostics.Eventing.Reader.EventBookmark","Information","Info",,"System.Collections.ObjectModel.ReadOnlyCollection`1[System.String]","System.Collections.Generic.List`1[System.Diagnostics.Eventing.Reader.EventProperty]"
"BITS stopped transferring the PreSignInSettingsConfigJSON transfer job that is associated with the https://g.live.com/odclientsettings/Prod URL. The status code is 0x0.","60","1",,"4","0","2","4611686018427387904","8208","Microsoft-Windows-Bits-Client","ef1cc15b-46c1-414e-bb95-e76b077bd51e","Microsoft-Windows-Bits-Client/Operational","4028","3668","MSEDGEWIN10","S-1-5-18","10/17/2020 5:32:11 AM","77d3b2aa-3103-42bd-9511-5f4a9add11b4",,"System.UInt32[]","System.Diagnostics.Eventing.Reader.EventBookmark","Information","Stop",,"System.Collections.ObjectModel.ReadOnlyCollection`1[System.String]","System.Collections.Generic.List`1[System.Diagnostics.Eventing.Reader.EventProperty]"
"BITS started the PreSignInSettingsConfigJSON transfer job that is associated with the https://g.live.com/odclientsettings/Prod URL.","59","1",,"4","0","1","4611686018427387904","8207","Microsoft-Windows-Bits-Client","ef1cc15b-46c1-414e-bb95-e76b077bd51e","Microsoft-Windows-Bits-Client/Operational","4028","908","MSEDGEWIN10","S-1-5-18","10/17/2020 5:32:11 AM","77d3b2aa-3103-42bd-9511-5f4a9add11b4",,"System.UInt32[]","System.Diagnostics.Eventing.Reader.EventBookmark","Information","Start",,"System.Collections.ObjectModel.ReadOnlyCollection`1[System.String]","System.Collections.Generic.List`1[System.Diagnostics.Eventing.Reader.EventProperty]"
"BITS started the C:\Users\IEUser\AppData\Local\Temp\{8B60600B-E6B4-4083-99F3-D3A4CFB95796}-86.0.4240.75_85.0.4183.121_chrome_updater.exe transfer job that is associated with the http://r2---sn-5hne6nsr.gvt1.com/edgedl/release2/chrome/W_YanCvPLKRFNu-eN8kKOw_86.0.4240.75/86.0.4240.75_85.0.4183.121_chrome_updater.exe?cms_redirect=yes&mh=ps&mip=213.127.67.142&mm=28&mn=sn-5hne6nsr&ms=nvh&mt=1602937879&mv=m&mvi=2&pl=17&shardbypass=yes URL.","59","1",,"4","0","1","4611686018427387904","8206","Microsoft-Windows-Bits-Client","ef1cc15b-46c1-414e-bb95-e76b077bd51e","Microsoft-Windows-Bits-Client/Operational","4028","908","MSEDGEWIN10","S-1-5-18","10/17/2020 5:32:08 AM","9ee2b7a4-77ce-4cfc-bb31-6ebcfae55322",,"System.UInt32[]","System.Diagnostics.Eventing.Reader.EventBookmark","Information","Start",,"System.Collections.ObjectModel.ReadOnlyCollection`1[System.String]","System.Collections.Generic.List`1[System.Diagnostics.Eventing.Reader.EventProperty]"
"The initialization of the peer helper modules failed with the following error:  0x80070032.","310","0",,"3","0","0","4611686018427387904","8205","Microsoft-Windows-Bits-Client","ef1cc15b-46c1-414e-bb95-e76b077bd51e","Microsoft-Windows-Bits-Client/Operational","4028","908","MSEDGEWIN10","S-1-5-18","10/17/2020 5:32:08 AM",,,"System.UInt32[]","System.Diagnostics.Eventing.Reader.EventBookmark","Warning","Info",,"System.Collections.ObjectModel.ReadOnlyCollection`1[System.String]","System.Collections.Generic.List`1[System.Diagnostics.Eventing.Reader.EventProperty]"
"The BITS service created a new job.
Transfer job: C:\Users\IEUser\AppData\Local\Temp\{8B60600B-E6B4-4083-99F3-D3A4CFB95796}-86.0.4240.75_85.0.4183.121_chrome_updater.exe
Job ID: {a5842cb6-8f50-4944-8af7-2c088b21ddc3}
Owner: MSEDGEWIN10\IEUser
Process Path: C:\Program Files (x86)\Google\Update\GoogleUpdate.exe
Process ID: 3076","3","2",,"4","0","0","4611686018427387904","8204","Microsoft-Windows-Bits-Client","ef1cc15b-46c1-414e-bb95-e76b077bd51e","Microsoft-Windows-Bits-Client/Operational","4028","1552","MSEDGEWIN10","S-1-5-18","10/17/2020 5:32:08 AM",,,"System.UInt32[]","System.Diagnostics.Eventing.Reader.EventBookmark","Information","Info",,"System.Collections.ObjectModel.ReadOnlyCollection`1[System.String]","System.Collections.Generic.List`1[System.Diagnostics.Eventing.Reader.EventProperty]"
"The BITS service loaded the job list from disk.","306","0",,"5","0","0","4611686018427387904","8203","Microsoft-Windows-Bits-Client","ef1cc15b-46c1-414e-bb95-e76b077bd51e","Microsoft-Windows-Bits-Client/Operational","4028","4404","MSEDGEWIN10","S-1-5-18","10/17/2020 5:32:04 AM",,,"System.UInt32[]","System.Diagnostics.Eventing.Reader.EventBookmark","Verbose","Info",,"System.Collections.ObjectModel.ReadOnlyCollection`1[System.String]","System.Collections.Generic.List`1[System.Diagnostics.Eventing.Reader.EventProperty]"
"The BITS service loaded the job list from disk.","306","0",,"5","0","0","4611686018427387904","8202","Microsoft-Windows-Bits-Client","ef1cc15b-46c1-414e-bb95-e76b077bd51e","Microsoft-Windows-Bits-Client/Operational","4972","4860","MSEDGEWIN10","S-1-5-18","10/17/2020 5:25:11 AM",,,"System.UInt32[]","System.Diagnostics.Eventing.Reader.EventBookmark","Verbose","Info",,"System.Collections.ObjectModel.ReadOnlyCollection`1[System.String]","System.Collections.Generic.List`1[System.Diagnostics.Eventing.Reader.EventProperty]"
"The transfer job is complete.
User: MSEDGEWIN10\IEUser
Transfer job: C:\Users\IEUser\AppData\Local\Temp\{ACA8FE61-4C38-4216-A89C-9F88343DF21F}-GoogleUpdateSetup.exe
Job ID: {400b6cf7-d355-4e0c-b9ae-4e8d8c8ff6a0}
Owner: MSEDGEWIN10\IEUser
File count: 1","4","1",,"4","0","0","4611686018427387904","8201","Microsoft-Windows-Bits-Client","ef1cc15b-46c1-414e-bb95-e76b077bd51e","Microsoft-Windows-Bits-Client/Operational","4964","6460","MSEDGEWIN10","S-1-5-18","10/17/2020 4:50:15 AM",,,"System.UInt32[]","System.Diagnostics.Eventing.Reader.EventBookmark","Information","Info",,"System.Collections.ObjectModel.ReadOnlyCollection`1[System.String]","System.Collections.Generic.List`1[System.Diagnostics.Eventing.Reader.EventProperty]"
"BITS stopped transferring the C:\Users\IEUser\AppData\Local\Temp\{ACA8FE61-4C38-4216-A89C-9F88343DF21F}-GoogleUpdateSetup.exe transfer job that is associated with the http://r3---sn-5hnedn7z.gvt1.com/edgedl/release2/update2/HvaldRNSrX7_feOQD9wvGQ_1.3.36.32/GoogleUpdateSetup.exe?cms_redirect=yes&mh=Aq&mip=213.127.67.142&mm=28&mn=sn-5hnedn7z&ms=nvh&mt=1602935359&mv=m&mvi=3&pl=17&shardbypass=yes URL. The status code is 0x0.","60","1",,"4","0","2","4611686018427387904","8200","Microsoft-Windows-Bits-Client","ef1cc15b-46c1-414e-bb95-e76b077bd51e","Microsoft-Windows-Bits-Client/Operational","4964","368","MSEDGEWIN10","S-1-5-18","10/17/2020 4:50:15 AM","3a7966f4-c627-4d9a-9be6-0647dd61db3a",,"System.UInt32[]","System.Diagnostics.Eventing.Reader.EventBookmark","Information","Stop",,"System.Collections.ObjectModel.ReadOnlyCollection`1[System.String]","System.Collections.Generic.List`1[System.Diagnostics.Eventing.Reader.EventProperty]"
"BITS started the C:\Users\IEUser\AppData\Local\Temp\{ACA8FE61-4C38-4216-A89C-9F88343DF21F}-GoogleUpdateSetup.exe transfer job that is associated with the http://r3---sn-5hnedn7z.gvt1.com/edgedl/release2/update2/HvaldRNSrX7_feOQD9wvGQ_1.3.36.32/GoogleUpdateSetup.exe?cms_redirect=yes&mh=Aq&mip=213.127.67.142&mm=28&mn=sn-5hnedn7z&ms=nvh&mt=1602935359&mv=m&mvi=3&pl=17&shardbypass=yes URL.","59","1",,"4","0","1","4611686018427387904","8199","Microsoft-Windows-Bits-Client","ef1cc15b-46c1-414e-bb95-e76b077bd51e","Microsoft-Windows-Bits-Client/Operational","4964","2612","MSEDGEWIN10","S-1-5-18","10/17/2020 4:50:02 AM","3a7966f4-c627-4d9a-9be6-0647dd61db3a",,"System.UInt32[]","System.Diagnostics.Eventing.Reader.EventBookmark","Information","Start",,"System.Collections.ObjectModel.ReadOnlyCollection`1[System.String]","System.Collections.Generic.List`1[System.Diagnostics.Eventing.Reader.EventProperty]"
"The initialization of the peer helper modules failed with the following error:  0x80070032.","310","0",,"3","0","0","4611686018427387904","8198","Microsoft-Windows-Bits-Client","ef1cc15b-46c1-414e-bb95-e76b077bd51e","Microsoft-Windows-Bits-Client/Operational","4964","2612","MSEDGEWIN10","S-1-5-18","10/17/2020 4:50:02 AM",,,"System.UInt32[]","System.Diagnostics.Eventing.Reader.EventBookmark","Warning","Info",,"System.Collections.ObjectModel.ReadOnlyCollection`1[System.String]","System.Collections.Generic.List`1[System.Diagnostics.Eventing.Reader.EventProperty]"
"The BITS service created a new job.
Transfer job: C:\Users\IEUser\AppData\Local\Temp\{ACA8FE61-4C38-4216-A89C-9F88343DF21F}-GoogleUpdateSetup.exe
Job ID: {400b6cf7-d355-4e0c-b9ae-4e8d8c8ff6a0}
Owner: MSEDGEWIN10\IEUser
Process Path: C:\Program Files (x86)\Google\Update\GoogleUpdate.exe
Process ID: 5560","3","2",,"4","0","0","4611686018427387904","8197","Microsoft-Windows-Bits-Client","ef1cc15b-46c1-414e-bb95-e76b077bd51e","Microsoft-Windows-Bits-Client/Operational","4964","6460","MSEDGEWIN10","S-1-5-18","10/17/2020 4:50:02 AM",,,"System.UInt32[]","System.Diagnostics.Eventing.Reader.EventBookmark","Information","Info",,"System.Collections.ObjectModel.ReadOnlyCollection`1[System.String]","System.Collections.Generic.List`1[System.Diagnostics.Eventing.Reader.EventProperty]"
"The BITS service loaded the job list from disk.","306","0",,"5","0","0","4611686018427387904","8196","Microsoft-Windows-Bits-Client","ef1cc15b-46c1-414e-bb95-e76b077bd51e","Microsoft-Windows-Bits-Client/Operational","4964","8840","MSEDGEWIN10","S-1-5-18","10/17/2020 4:50:02 AM",,,"System.UInt32[]","System.Diagnostics.Eventing.Reader.EventBookmark","Verbose","Info",,"System.Collections.ObjectModel.ReadOnlyCollection`1[System.String]","System.Collections.Generic.List`1[System.Diagnostics.Eventing.Reader.EventProperty]"
"The transfer job is complete.
User: NT AUTHORITY\LOCAL SERVICE
Transfer job: Font Download
Job ID: {316d5a72-c392-42ac-820f-8f390d3371e5}
Owner: NT AUTHORITY\LOCAL SERVICE
File count: 1","4","1",,"4","0","0","4611686018427387904","8195","Microsoft-Windows-Bits-Client","ef1cc15b-46c1-414e-bb95-e76b077bd51e","Microsoft-Windows-Bits-Client/Operational","4832","4156","MSEDGEWIN10","S-1-5-18","10/17/2020 4:38:58 AM",,,"System.UInt32[]","System.Diagnostics.Eventing.Reader.EventBookmark","Information","Info",,"System.Collections.ObjectModel.ReadOnlyCollection`1[System.String]","System.Collections.Generic.List`1[System.Diagnostics.Eventing.Reader.EventProperty]"
"BITS stopped transferring the Font Download transfer job that is associated with the https://fs.microsoft.com/fs/windows/config.json URL. The status code is 0x0.","60","1",,"4","0","2","4611686018427387904","8194","Microsoft-Windows-Bits-Client","ef1cc15b-46c1-414e-bb95-e76b077bd51e","Microsoft-Windows-Bits-Client/Operational","4832","4156","MSEDGEWIN10","S-1-5-18","10/17/2020 4:38:58 AM","b78f5411-669a-4b66-98b4-97bb0f7c5bad",,"System.UInt32[]","System.Diagnostics.Eventing.Reader.EventBookmark","Information","Stop",,"System.Collections.ObjectModel.ReadOnlyCollection`1[System.String]","System.Collections.Generic.List`1[System.Diagnostics.Eventing.Reader.EventProperty]"
"BITS started the Font Download transfer job that is associated with the https://fs.microsoft.com/fs/windows/config.json URL.","59","1",,"4","0","1","4611686018427387904","8193","Microsoft-Windows-Bits-Client","ef1cc15b-46c1-414e-bb95-e76b077bd51e","Microsoft-Windows-Bits-Client/Operational","4832","7156","MSEDGEWIN10","S-1-5-18","10/17/2020 4:38:58 AM","b78f5411-669a-4b66-98b4-97bb0f7c5bad",,"System.UInt32[]","System.Diagnostics.Eventing.Reader.EventBookmark","Information","Start",,"System.Collections.ObjectModel.ReadOnlyCollection`1[System.String]","System.Collections.Generic.List`1[System.Diagnostics.Eventing.Reader.EventProperty]"
"The initialization of the peer helper modules failed with the following error:  0x80070032.","310","0",,"3","0","0","4611686018427387904","8192","Microsoft-Windows-Bits-Client","ef1cc15b-46c1-414e-bb95-e76b077bd51e","Microsoft-Windows-Bits-Client/Operational","4832","7156","MSEDGEWIN10","S-1-5-18","10/17/2020 4:38:58 AM",,,"System.UInt32[]","System.Diagnostics.Eventing.Reader.EventBookmark","Warning","Info",,"System.Collections.ObjectModel.ReadOnlyCollection`1[System.String]","System.Collections.Generic.List`1[System.Diagnostics.Eventing.Reader.EventProperty]"
"BITS stopped transferring the Font Download transfer job that is associated with the https://fs.microsoft.com/fs/windows/config.json URL. The status code is 0x80072EE7.","61","1",,"3","0","2","4611686018427387904","8191","Microsoft-Windows-Bits-Client","ef1cc15b-46c1-414e-bb95-e76b077bd51e","Microsoft-Windows-Bits-Client/Operational","4832","2752","MSEDGEWIN10","S-1-5-18","10/17/2020 4:38:49 AM","502efaeb-aa23-4a68-a635-46be025a9322",,"System.UInt32[]","System.Diagnostics.Eventing.Reader.EventBookmark","Warning","Stop",,"System.Collections.ObjectModel.ReadOnlyCollection`1[System.String]","System.Collections.Generic.List`1[System.Diagnostics.Eventing.Reader.EventProperty]"
"BITS stopped transferring the Font Download transfer job that is associated with the https://fs.microsoft.com/fs/windows/config.json URL. The status code is 0x80072EE7.","61","1",,"3","0","2","4611686018427387904","8190","Microsoft-Windows-Bits-Client","ef1cc15b-46c1-414e-bb95-e76b077bd51e","Microsoft-Windows-Bits-Client/Operational","4832","6192","MSEDGEWIN10","S-1-5-18","10/17/2020 4:38:48 AM","e98301a6-d519-4d6b-99a9-cda2f8c76cc7",,"System.UInt32[]","System.Diagnostics.Eventing.Reader.EventBookmark","Warning","Stop",,"System.Collections.ObjectModel.ReadOnlyCollection`1[System.String]","System.Collections.Generic.List`1[System.Diagnostics.Eventing.Reader.EventProperty]"
"BITS stopped transferring the Font Download transfer job that is associated with the https://fs.microsoft.com/fs/windows/config.json URL. The status code is 0x80072EE7.","61","1",,"3","0","2","4611686018427387904","8189","Microsoft-Windows-Bits-Client","ef1cc15b-46c1-414e-bb95-e76b077bd51e","Microsoft-Windows-Bits-Client/Operational","4832","6192","MSEDGEWIN10","S-1-5-18","10/17/2020 4:38:47 AM","2e20f3e5-3a24-4056-9a00-c7c00c80f082",,"System.UInt32[]","System.Diagnostics.Eventing.Reader.EventBookmark","Warning","Stop",,"System.Collections.ObjectModel.ReadOnlyCollection`1[System.String]","System.Collections.Generic.List`1[System.Diagnostics.Eventing.Reader.EventProperty]"
"BITS stopped transferring the Font Download transfer job that is associated with the https://fs.microsoft.com/fs/windows/config.json URL. The status code is 0x80072EE7.","61","1",,"3","0","2","4611686018427387904","8188","Microsoft-Windows-Bits-Client","ef1cc15b-46c1-414e-bb95-e76b077bd51e","Microsoft-Windows-Bits-Client/Operational","4832","4788","MSEDGEWIN10","S-1-5-18","10/17/2020 4:38:46 AM","f9204503-97a4-4187-aef0-0e34ac1ba9b8",,"System.UInt32[]","System.Diagnostics.Eventing.Reader.EventBookmark","Warning","Stop",,"System.Collections.ObjectModel.ReadOnlyCollection`1[System.String]","System.Collections.Generic.List`1[System.Diagnostics.Eventing.Reader.EventProperty]"
"BITS stopped transferring the Font Download transfer job that is associated with the https://fs.microsoft.com/fs/windows/config.json URL. The status code is 0x80072EE7.","61","1",,"3","0","2","4611686018427387904","8187","Microsoft-Windows-Bits-Client","ef1cc15b-46c1-414e-bb95-e76b077bd51e","Microsoft-Windows-Bits-Client/Operational","4832","2752","MSEDGEWIN10","S-1-5-18","10/17/2020 4:38:45 AM","5a6a7c48-755b-48b7-b74c-43ba52f4dcbd",,"System.UInt32[]","System.Diagnostics.Eventing.Reader.EventBookmark","Warning","Stop",,"System.Collections.ObjectModel.ReadOnlyCollection`1[System.String]","System.Collections.Generic.List`1[System.Diagnostics.Eventing.Reader.EventProperty]"
"BITS stopped transferring the Font Download transfer job that is associated with the https://fs.microsoft.com/fs/windows/config.json URL. The status code is 0x80072EE7.","61","1",,"3","0","2","4611686018427387904","8186","Microsoft-Windows-Bits-Client","ef1cc15b-46c1-414e-bb95-e76b077bd51e","Microsoft-Windows-Bits-Client/Operational","4832","6192","MSEDGEWIN10","S-1-5-18","10/17/2020 4:38:44 AM","acc1b044-437d-45cb-a41b-ba8f018a77e3",,"System.UInt32[]","System.Diagnostics.Eventing.Reader.EventBookmark","Warning","Stop",,"System.Collections.ObjectModel.ReadOnlyCollection`1[System.String]","System.Collections.Generic.List`1[System.Diagnostics.Eventing.Reader.EventProperty]"
"BITS stopped transferring the Font Download transfer job that is associated with the https://fs.microsoft.com/fs/windows/config.json URL. The status code is 0x80072EE7.","61","1",,"3","0","2","4611686018427387904","8185","Microsoft-Windows-Bits-Client","ef1cc15b-46c1-414e-bb95-e76b077bd51e","Microsoft-Windows-Bits-Client/Operational","4832","2752","MSEDGEWIN10","S-1-5-18","10/17/2020 4:38:43 AM","335f8fb2-720c-4b26-8ea3-f2c8820737a3",,"System.UInt32[]","System.Diagnostics.Eventing.Reader.EventBookmark","Warning","Stop",,"System.Collections.ObjectModel.ReadOnlyCollection`1[System.String]","System.Collections.Generic.List`1[System.Diagnostics.Eventing.Reader.EventProperty]"
"BITS stopped transferring the Font Download transfer job that is associated with the https://fs.microsoft.com/fs/windows/config.json URL. The status code is 0x80072EE7.","61","1",,"3","0","2","4611686018427387904","8184","Microsoft-Windows-Bits-Client","ef1cc15b-46c1-414e-bb95-e76b077bd51e","Microsoft-Windows-Bits-Client/Operational","4832","2752","MSEDGEWIN10","S-1-5-18","10/17/2020 4:38:42 AM","8e16025b-9d97-4030-95a6-5edd7bbf5090",,"System.UInt32[]","System.Diagnostics.Eventing.Reader.EventBookmark","Warning","Stop",,"System.Collections.ObjectModel.ReadOnlyCollection`1[System.String]","System.Collections.Generic.List`1[System.Diagnostics.Eventing.Reader.EventProperty]"
"BITS stopped transferring the Font Download transfer job that is associated with the https://fs.microsoft.com/fs/windows/config.json URL. The status code is 0x80072EE7.","61","1",,"3","0","2","4611686018427387904","8183","Microsoft-Windows-Bits-Client","ef1cc15b-46c1-414e-bb95-e76b077bd51e","Microsoft-Windows-Bits-Client/Operational","4832","4788","MSEDGEWIN10","S-1-5-18","10/17/2020 4:38:41 AM","1a8baeea-b6c5-4ec6-8456-e28d9f5f2ea0",,"System.UInt32[]","System.Diagnostics.Eventing.Reader.EventBookmark","Warning","Stop",,"System.Collections.ObjectModel.ReadOnlyCollection`1[System.String]","System.Collections.Generic.List`1[System.Diagnostics.Eventing.Reader.EventProperty]"
"BITS stopped transferring the Font Download transfer job that is associated with the https://fs.microsoft.com/fs/windows/config.json URL. The status code is 0x80072EE7.","61","1",,"3","0","2","4611686018427387904","8182","Microsoft-Windows-Bits-Client","ef1cc15b-46c1-414e-bb95-e76b077bd51e","Microsoft-Windows-Bits-Client/Operational","4832","2752","MSEDGEWIN10","S-1-5-18","10/17/2020 4:38:40 AM","2567ec65-a428-4c5d-b0ff-e651307ca828",,"System.UInt32[]","System.Diagnostics.Eventing.Reader.EventBookmark","Warning","Stop",,"System.Collections.ObjectModel.ReadOnlyCollection`1[System.String]","System.Collections.Generic.List`1[System.Diagnostics.Eventing.Reader.EventProperty]"
"BITS stopped transferring the Font Download transfer job that is associated with the https://fs.microsoft.com/fs/windows/config.json URL. The status code is 0x80072EE7.","61","1",,"3","0","2","4611686018427387904","8181","Microsoft-Windows-Bits-Client","ef1cc15b-46c1-414e-bb95-e76b077bd51e","Microsoft-Windows-Bits-Client/Operational","4832","4788","MSEDGEWIN10","S-1-5-18","10/17/2020 4:38:39 AM","bde7a9e5-2332-4832-b1d1-1b63b56dda1d",,"System.UInt32[]","System.Diagnostics.Eventing.Reader.EventBookmark","Warning","Stop",,"System.Collections.ObjectModel.ReadOnlyCollection`1[System.String]","System.Collections.Generic.List`1[System.Diagnostics.Eventing.Reader.EventProperty]"
"BITS stopped transferring the Font Download transfer job that is associated with the https://fs.microsoft.com/fs/windows/config.json URL. The status code is 0x80072EE7.","61","1",,"3","0","2","4611686018427387904","8180","Microsoft-Windows-Bits-Client","ef1cc15b-46c1-414e-bb95-e76b077bd51e","Microsoft-Windows-Bits-Client/Operational","4832","6192","MSEDGEWIN10","S-1-5-18","10/17/2020 4:38:39 AM","c69d64cd-0acd-4972-a166-4aa27fd0bc47",,"System.UInt32[]","System.Diagnostics.Eventing.Reader.EventBookmark","Warning","Stop",,"System.Collections.ObjectModel.ReadOnlyCollection`1[System.String]","System.Collections.Generic.List`1[System.Diagnostics.Eventing.Reader.EventProperty]"
"BITS stopped transferring the Font Download transfer job that is associated with the https://fs.microsoft.com/fs/windows/config.json URL. The status code is 0x80072EE7.","61","1",,"3","0","2","4611686018427387904","8179","Microsoft-Windows-Bits-Client","ef1cc15b-46c1-414e-bb95-e76b077bd51e","Microsoft-Windows-Bits-Client/Operational","4832","2752","MSEDGEWIN10","S-1-5-18","10/17/2020 4:38:39 AM","87c6620b-7a1a-4575-92f6-753814c3a1e4",,"System.UInt32[]","System.Diagnostics.Eventing.Reader.EventBookmark","Warning","Stop",,"System.Collections.ObjectModel.ReadOnlyCollection`1[System.String]","System.Collections.Generic.List`1[System.Diagnostics.Eventing.Reader.EventProperty]"
"BITS stopped transferring the Font Download transfer job that is associated with the https://fs.microsoft.com/fs/windows/config.json URL. The status code is 0x80072EE7.","61","1",,"3","0","2","4611686018427387904","8178","Microsoft-Windows-Bits-Client","ef1cc15b-46c1-414e-bb95-e76b077bd51e","Microsoft-Windows-Bits-Client/Operational","4832","3284","MSEDGEWIN10","S-1-5-18","10/17/2020 4:32:42 AM","09a3c23f-017d-44b3-bd9c-01f040271d19",,"System.UInt32[]","System.Diagnostics.Eventing.Reader.EventBookmark","Warning","Stop",,"System.Collections.ObjectModel.ReadOnlyCollection`1[System.String]","System.Collections.Generic.List`1[System.Diagnostics.Eventing.Reader.EventProperty]"
"Job cancelled. User: MSEDGEWIN10\IEUser, job: UpdateDescriptionXml, jobID: {2ce08503-0f40-4a28-9fd3-a113f8e9ade1}, owner: MSEDGEWIN10\IEUser, filecount: 1","5","0",,"4","0","0","4611686018427387904","8177","Microsoft-Windows-Bits-Client","ef1cc15b-46c1-414e-bb95-e76b077bd51e","Microsoft-Windows-Bits-Client/Operational","4832","232","MSEDGEWIN10","S-1-5-21-3461203602-4096304019-2269080069-1000","10/17/2020 4:24:45 AM",,,"System.UInt32[]","System.Diagnostics.Eventing.Reader.EventBookmark","Information","Info",,"System.Collections.ObjectModel.ReadOnlyCollection`1[System.String]","System.Collections.Generic.List`1[System.Diagnostics.Eventing.Reader.EventProperty]"
"BITS stopped transferring the UpdateDescriptionXml transfer job that is associated with the https://g.live.com/1rewlive5skydrive/ODSUProduction URL. The status code is 0x80072EE7.","61","1",,"3","0","2","4611686018427387904","8176","Microsoft-Windows-Bits-Client","ef1cc15b-46c1-414e-bb95-e76b077bd51e","Microsoft-Windows-Bits-Client/Operational","4832","7628","MSEDGEWIN10","S-1-5-18","10/17/2020 4:24:28 AM","fba2c2df-4af5-4c66-a058-114e89637707",,"System.UInt32[]","System.Diagnostics.Eventing.Reader.EventBookmark","Warning","Stop",,"System.Collections.ObjectModel.ReadOnlyCollection`1[System.String]","System.Collections.Generic.List`1[System.Diagnostics.Eventing.Reader.EventProperty]"
