Process ID: 8124","3","2",,"4","0","0","4611686018427387904","8819","Microsoft-Windows-Bits-Client","ef1cc15b-46c1-414e-bb95-e76b077bd51e","Microsoft-Windows-Bits-Client/Operational","7676","5208","MSEDGEWIN10","S-1-5-18","11/12/2020 2:46:10 AM",,,"System.UInt32[]","System.Diagnostics.Eventing.Reader.EventBookmark","Information","Info",,"System.Collections.ObjectModel.ReadOnlyCollection`1[System.String]","System.Collections.Generic.List`1[System.Diagnostics.Eventing.Reader.EventProperty]"
"Job cancelled. User: NT AUTHORITY\SYSTEM, job: C:\Users\IEUser\AppData\Local\{3FD1CE18-35CB-4333-89F8-DA4D98954D9F}, jobID: {16c14a8e-4fde-4a68-ac33-3fcb912bb637}, owner: NT AUTHORITY\SYSTEM, filecount: 1","5","0",,"4","0","0","4611686018427387904","8818","Microsoft-Windows-Bits-Client","ef1cc15b-46c1-414e-bb95-e76b077bd51e","Microsoft-Windows-Bits-Client/Operational","7676","5208","MSEDGEWIN10","S-1-5-18","11/12/2020 2:46:10 AM",,,"System.UInt32[]","System.Diagnostics.Eventing.Reader.EventBookmark","Information","Info",,"System.Collections.ObjectModel.ReadOnlyCollection`1[System.String]","System.Collections.Generic.List`1[System.Diagnostics.Eventing.Reader.EventProperty]"
"BITS stopped transferring the C:\Users\IEUser\AppData\Local\{3FD1CE18-35CB-4333-89F8-DA4D98954D9F} transfer job that is associated with the https://clients2.google.com/service/check2?crx3=true&appid=?1601?-?01?-?01T00:00:00.000000000ZB430FD4D0-B729-4F61-AA34-91526481799D?1601?-?01?-?01T00:00:00.000000000ZD&appversion=1.3.36.32&applang=&machine=1&version=1.3.36.32&userid=?1601?-?01?-?01T00:00:00.000000000ZB41975F82-406F-4186-AABD-6E6A89517884?1601?-?01?-?01T00:00:00.000000000ZD&osversion=10.0&servicepack= URL. The status code is 0x80072EE7.","61","1",,"3","0","2","4611686018427387904","8817","Microsoft-Windows-Bits-Client","ef1cc15b-46c1-414e-bb95-e76b077bd51e","Microsoft-Windows-Bits-Client/Operational","7676","5208","MSEDGEWIN10","S-1-5-18","11/12/2020 2:46:10 AM","a7abf431-dc06-4d38-a778-fe018da91a86",,"System.UInt32[]","System.Diagnostics.Eventing.Reader.EventBookmark","Warning","Stop",,"System.Collections.ObjectModel.ReadOnlyCollection`1[System.String]","System.Collections.Generic.List`1[System.Diagnostics.Eventing.Reader.EventProperty]"
"The BITS service created a new job.
Transfer job: C:\Users\IEUser\AppData\Local\{3FD1CE18-35CB-4333-89F8-DA4D98954D9F}
Job ID: {16c14a8e-4fde-4a68-ac33-3fcb912bb637}
Owner: NT AUTHORITY\SYSTEM
Process Path: C:\Program Files (x86)\Google\Update\GoogleUpdate.exe
Process ID: 8124","3","2",,"4","0","0","4611686018427387904","8816","Microsoft-Windows-Bits-Client","ef1cc15b-46c1-414e-bb95-e76b077bd51e","Microsoft-Windows-Bits-Client/Operational","7676","8352","MSEDGEWIN10","S-1-5-18","11/12/2020 2:46:10 AM",,,"System.UInt32[]","System.Diagnostics.Eventing.Reader.EventBookmark","Information","Info",,"System.Collections.ObjectModel.ReadOnlyCollection`1[System.String]","System.Collections.Generic.List`1[System.Diagnostics.Eventing.Reader.EventProperty]"
"The BITS service loaded the job list from disk.","306","0",,"5","0","0","4611686018427387904","8815","Microsoft-Windows-Bits-Client","ef1cc15b-46c1-414e-bb95-e76b077bd51e","Microsoft-Windows-Bits-Client/Operational","7676","1748","MSEDGEWIN10","S-1-5-18","11/12/2020 2:46:06 AM",,,"System.UInt32[]","System.Diagnostics.Eventing.Reader.EventBookmark","Verbose","Info",,"System.Collections.ObjectModel.ReadOnlyCollection`1[System.String]","System.Collections.Generic.List`1[System.Diagnostics.Eventing.Reader.EventProperty]"
"The BITS service loaded the job list from disk.","306","0",,"5","0","0","4611686018427387904","8814","Microsoft-Windows-Bits-Client","ef1cc15b-46c1-414e-bb95-e76b077bd51e","Microsoft-Windows-Bits-Client/Operational","9144","8132","MSEDGEWIN10","S-1-5-18","11/11/2020 7:59:46 AM",,,"System.UInt32[]","System.Diagnostics.Eventing.Reader.EventBookmark","Verbose","Info",,"System.Collections.ObjectModel.ReadOnlyCollection`1[System.String]","System.Collections.Generic.List`1[System.Diagnostics.Eventing.Reader.EventProperty]"
"Job cancelled. User: MSEDGEWIN10\IEUser, job: Push Notification Platform Job: 1, jobID: {f79cd3a7-cfa0-4c94-bdd2-428ad7f831f0}, owner: MSEDGEWIN10\IEUser, filecount: 1","5","0",,"4","0","0","4611686018427387904","8813","Microsoft-Windows-Bits-Client","ef1cc15b-46c1-414e-bb95-e76b077bd51e","Microsoft-Windows-Bits-Client/Operational","3676","7972","MSEDGEWIN10","S-1-5-21-3461203602-4096304019-2269080069-1000","11/11/2020 7:56:12 AM",,,"System.UInt32[]","System.Diagnostics.Eventing.Reader.EventBookmark","Information","Info",,"System.Collections.ObjectModel.ReadOnlyCollection`1[System.String]","System.Collections.Generic.List`1[System.Diagnostics.Eventing.Reader.EventProperty]"
"BITS stopped transferring the Push Notification Platform Job: 1 transfer job that is associated with the https://site-cdn.onenote.net/161350540457_Images/LiveTileImages/MediumAndLarge/Image3.png URL. The status code is 0x80072EE7.","61","1",,"3","0","2","4611686018427387904","8812","Microsoft-Windows-Bits-Client","ef1cc15b-46c1-414e-bb95-e76b077bd51e","Microsoft-Windows-Bits-Client/Operational","3676","7972","MSEDGEWIN10","S-1-5-18","11/11/2020 7:56:12 AM","426404d8-97b8-43ee-ae45-273d15752bfb",,"System.UInt32[]","System.Diagnostics.Eventing.Reader.EventBookmark","Warning","Stop",,"System.Collections.ObjectModel.ReadOnlyCollection`1[System.String]","System.Collections.Generic.List`1[System.Diagnostics.Eventing.Reader.EventProperty]"
"BITS started the Push Notification Platform Job: 1 transfer job that is associated with the https://site-cdn.onenote.net/161350540457_Images/LiveTileImages/MediumAndLarge/Image3.png URL.","59","1",,"4","0","1","4611686018427387904","8811","Microsoft-Windows-Bits-Client","ef1cc15b-46c1-414e-bb95-e76b077bd51e","Microsoft-Windows-Bits-Client/Operational","3676","5644","MSEDGEWIN10","S-1-5-18","11/11/2020 7:56:12 AM","426404d8-97b8-43ee-ae45-273d15752bfb",,"System.UInt32[]","System.Diagnostics.Eventing.Reader.EventBookmark","Information","Start",,"System.Collections.ObjectModel.ReadOnlyCollection`1[System.String]","System.Collections.Generic.List`1[System.Diagnostics.Eventing.Reader.EventProperty]"
"BITS stopped transferring the Push Notification Platform Job: 1 transfer job that is associated with the https://site-cdn.onenote.net/161350540457_Images/LiveTileImages/MediumAndLarge/Image3.png URL. The status code is 0x80072EE7.","61","1",,"3","0","2","4611686018427387904","8810","Microsoft-Windows-Bits-Client","ef1cc15b-46c1-414e-bb95-e76b077bd51e","Microsoft-Windows-Bits-Client/Operational","3676","7972","MSEDGEWIN10","S-1-5-18","11/11/2020 7:56:12 AM","a421f00e-90b9-499f-8ad3-09435dc55003",,"System.UInt32[]","System.Diagnostics.Eventing.Reader.EventBookmark","Warning","Stop",,"System.Collections.ObjectModel.ReadOnlyCollection`1[System.String]","System.Collections.Generic.List`1[System.Diagnostics.Eventing.Reader.EventProperty]"
"BITS started the Push Notification Platform Job: 1 transfer job that is associated with the https://site-cdn.onenote.net/161350540457_Images/LiveTileImages/MediumAndLarge/Image3.png URL.","59","1",,"4","0","1","4611686018427387904","8809","Microsoft-Windows-Bits-Client","ef1cc15b-46c1-414e-bb95-e76b077bd51e","Microsoft-Windows-Bits-Client/Operational","3676","5644","MSEDGEWIN10","S-1-5-18","11/11/2020 7:56:12 AM","a421f00e-90b9-499f-8ad3-09435dc55003",,"System.UInt32[]","System.Diagnostics.Eventing.Reader.EventBookmark","Information","Start",,"System.Collections.ObjectModel.ReadOnlyCollection`1[System.String]","System.Collections.Generic.List`1[System.Diagnostics.Eventing.Reader.EventProperty]"
"BITS stopped transferring the Push Notification Platform Job: 1 transfer job that is associated with the https://site-cdn.onenote.net/161350540457_Images/LiveTileImages/MediumAndLarge/Image3.png URL. The status code is 0x80072EE7.","61","1",,"3","0","2","4611686018427387904","8808","Microsoft-Windows-Bits-Client","ef1cc15b-46c1-414e-bb95-e76b077bd51e","Microsoft-Windows-Bits-Client/Operational","3676","7972","MSEDGEWIN10","S-1-5-18","11/11/2020 7:56:12 AM","3ed89e35-e699-4387-8d54-a0ce197908d9",,"System.UInt32[]","System.Diagnostics.Eventing.Reader.EventBookmark","Warning","Stop",,"System.Collections.ObjectModel.ReadOnlyCollection`1[System.String]","System.Collections.Generic.List`1[System.Diagnostics.Eventing.Reader.EventProperty]"
"BITS started the Push Notification Platform Job: 1 transfer job that is associated with the https://site-cdn.onenote.net/161350540457_Images/LiveTileImages/MediumAndLarge/Image3.png URL.","59","1",,"4","0","1","4611686018427387904","8807","Microsoft-Windows-Bits-Client","ef1cc15b-46c1-414e-bb95-e76b077bd51e","Microsoft-Windows-Bits-Client/Operational","3676","5644","MSEDGEWIN10","S-1-5-18","11/11/2020 7:56:12 AM","3ed89e35-e699-4387-8d54-a0ce197908d9",,"System.UInt32[]","System.Diagnostics.Eventing.Reader.EventBookmark","Information","Start",,"System.Collections.ObjectModel.ReadOnlyCollection`1[System.String]","System.Collections.Generic.List`1[System.Diagnostics.Eventing.Reader.EventProperty]"
"BITS stopped transferring the Push Notification Platform Job: 1 transfer job that is associated with the https://site-cdn.onenote.net/161350540457_Images/LiveTileImages/MediumAndLarge/Image3.png URL. The status code is 0x80072EE7.","61","1",,"3","0","2","4611686018427387904","8806","Microsoft-Windows-Bits-Client","ef1cc15b-46c1-414e-bb95-e76b077bd51e","Microsoft-Windows-Bits-Client/Operational","3676","7972","MSEDGEWIN10","S-1-5-18","11/11/2020 7:56:12 AM","309c300d-5d37-4ea0-b02a-f7e4e69874f5",,"System.UInt32[]","System.Diagnostics.Eventing.Reader.EventBookmark","Warning","Stop",,"System.Collections.ObjectModel.ReadOnlyCollection`1[System.String]","System.Collections.Generic.List`1[System.Diagnostics.Eventing.Reader.EventProperty]"
"BITS started the Push Notification Platform Job: 1 transfer job that is associated with the https://site-cdn.onenote.net/161350540457_Images/LiveTileImages/MediumAndLarge/Image3.png URL.","59","1",,"4","0","1","4611686018427387904","8805","Microsoft-Windows-Bits-Client","ef1cc15b-46c1-414e-bb95-e76b077bd51e","Microsoft-Windows-Bits-Client/Operational","3676","5644","MSEDGEWIN10","S-1-5-18","11/11/2020 7:56:12 AM","309c300d-5d37-4ea0-b02a-f7e4e69874f5",,"System.UInt32[]","System.Diagnostics.Eventing.Reader.EventBookmark","Information","Start",,"System.Collections.ObjectModel.ReadOnlyCollection`1[System.String]","System.Collections.Generic.List`1[System.Diagnostics.Eventing.Reader.EventProperty]"
"High performance property for BITS job ""Push Notification Platform Job: 1"" with ID ""{f79cd3a7-cfa0-4c94-bdd2-428ad7f831f0}"" Enabled.","209","0",,"4","0","0","4611686018427387904","8804","Microsoft-Windows-Bits-Client","ef1cc15b-46c1-414e-bb95-e76b077bd51e","Microsoft-Windows-Bits-Client/Operational","3676","4628","MSEDGEWIN10","S-1-5-18","11/11/2020 7:56:12 AM",,,"System.UInt32[]","System.Diagnostics.Eventing.Reader.EventBookmark","Information","Info",,"System.Collections.ObjectModel.ReadOnlyCollection`1[System.String]","System.Collections.Generic.List`1[System.Diagnostics.Eventing.Reader.EventProperty]"
"The BITS service created a new job.
Transfer job: Push Notification Platform Job: 1
Job ID: {f79cd3a7-cfa0-4c94-bdd2-428ad7f831f0}
Owner: MSEDGEWIN10\IEUser
Process Path: C:\Windows\System32\svchost.exe
Process ID: 6644","3","2",,"4","0","0","4611686018427387904","8803","Microsoft-Windows-Bits-Client","ef1cc15b-46c1-414e-bb95-e76b077bd51e","Microsoft-Windows-Bits-Client/Operational","3676","4628","MSEDGEWIN10","S-1-5-18","11/11/2020 7:56:12 AM",,,"System.UInt32[]","System.Diagnostics.Eventing.Reader.EventBookmark","Information","Info",,"System.Collections.ObjectModel.ReadOnlyCollection`1[System.String]","System.Collections.Generic.List`1[System.Diagnostics.Eventing.Reader.EventProperty]"
"Job cancelled. User: MSEDGEWIN10\IEUser, job: Push Notification Platform Job: 1, jobID: {d7e9a52a-1f10-4378-bf69-8e4a7e75a2fc}, owner: MSEDGEWIN10\IEUser, filecount: 1","5","0",,"4","0","0","4611686018427387904","8802","Microsoft-Windows-Bits-Client","ef1cc15b-46c1-414e-bb95-e76b077bd51e","Microsoft-Windows-Bits-Client/Operational","3676","7972","MSEDGEWIN10","S-1-5-21-3461203602-4096304019-2269080069-1000","11/11/2020 7:56:12 AM",,,"System.UInt32[]","System.Diagnostics.Eventing.Reader.EventBookmark","Information","Info",,"System.Collections.ObjectModel.ReadOnlyCollection`1[System.String]","System.Collections.Generic.List`1[System.Diagnostics.Eventing.Reader.EventProperty]"
"BITS stopped transferring the Push Notification Platform Job: 1 transfer job that is associated with the https://img-s-msn-com.akamaized.net/tenant/amp/entityid/BB1aUuAd.img?w=100&h=100&m=6&tilesize=medium&x=795&y=190&ms-scale=100&ms-contrast=standard URL. The status code is 0x80072EE7.","61","1",,"3","0","2","4611686018427387904","8801","Microsoft-Windows-Bits-Client","ef1cc15b-46c1-414e-bb95-e76b077bd51e","Microsoft-Windows-Bits-Client/Operational","3676","7972","MSEDGEWIN10","S-1-5-18","11/11/2020 7:56:12 AM","1b9fd0b4-592b-4ea9-96f3-a2f78504c44b",,"System.UInt32[]","System.Diagnostics.Eventing.Reader.EventBookmark","Warning","Stop",,"System.Collections.ObjectModel.ReadOnlyCollection`1[System.String]","System.Collections.Generic.List`1[System.Diagnostics.Eventing.Reader.EventProperty]"
"BITS started the Push Notification Platform Job: 1 transfer job that is associated with the https://img-s-msn-com.akamaized.net/tenant/amp/entityid/BB1aUuAd.img?w=100&h=100&m=6&tilesize=medium&x=795&y=190&ms-scale=100&ms-contrast=standard URL.","59","1",,"4","0","1","4611686018427387904","8800","Microsoft-Windows-Bits-Client","ef1cc15b-46c1-414e-bb95-e76b077bd51e","Microsoft-Windows-Bits-Client/Operational","3676","5644","MSEDGEWIN10","S-1-5-18","11/11/2020 7:56:12 AM","1b9fd0b4-592b-4ea9-96f3-a2f78504c44b",,"System.UInt32[]","System.Diagnostics.Eventing.Reader.EventBookmark","Information","Start",,"System.Collections.ObjectModel.ReadOnlyCollection`1[System.String]","System.Collections.Generic.List`1[System.Diagnostics.Eventing.Reader.EventProperty]"
"BITS stopped transferring the Push Notification Platform Job: 1 transfer job that is associated with the https://img-s-msn-com.akamaized.net/tenant/amp/entityid/BB1aUuAd.img?w=100&h=100&m=6&tilesize=medium&x=795&y=190&ms-scale=100&ms-contrast=standard URL. The status code is 0x80072EE7.","61","1",,"3","0","2","4611686018427387904","8799","Microsoft-Windows-Bits-Client","ef1cc15b-46c1-414e-bb95-e76b077bd51e","Microsoft-Windows-Bits-Client/Operational","3676","1808","MSEDGEWIN10","S-1-5-18","11/11/2020 7:56:12 AM","bc94f258-d1d5-4e93-94ea-dd9add7aa6d0",,"System.UInt32[]","System.Diagnostics.Eventing.Reader.EventBookmark","Warning","Stop",,"System.Collections.ObjectModel.ReadOnlyCollection`1[System.String]","System.Collections.Generic.List`1[System.Diagnostics.Eventing.Reader.EventProperty]"
"BITS started the Push Notification Platform Job: 1 transfer job that is associated with the https://img-s-msn-com.akamaized.net/tenant/amp/entityid/BB1aUuAd.img?w=100&h=100&m=6&tilesize=medium&x=795&y=190&ms-scale=100&ms-contrast=standard URL.","59","1",,"4","0","1","4611686018427387904","8798","Microsoft-Windows-Bits-Client","ef1cc15b-46c1-414e-bb95-e76b077bd51e","Microsoft-Windows-Bits-Client/Operational","3676","5644","MSEDGEWIN10","S-1-5-18","11/11/2020 7:56:12 AM","bc94f258-d1d5-4e93-94ea-dd9add7aa6d0",,"System.UInt32[]","System.Diagnostics.Eventing.Reader.EventBookmark","Information","Start",,"System.Collections.ObjectModel.ReadOnlyCollection`1[System.String]","System.Collections.Generic.List`1[System.Diagnostics.Eventing.Reader.EventProperty]"
"BITS stopped transferring the Push Notification Platform Job: 1 transfer job that is associated with the https://img-s-msn-com.akamaized.net/tenant/amp/entityid/BB1aUuAd.img?w=100&h=100&m=6&tilesize=medium&x=795&y=190&ms-scale=100&ms-contrast=standard URL. The status code is 0x80072EE7.","61","1",,"3","0","2","4611686018427387904","8797","Microsoft-Windows-Bits-Client","ef1cc15b-46c1-414e-bb95-e76b077bd51e","Microsoft-Windows-Bits-Client/Operational","3676","1808","MSEDGEWIN10","S-1-5-18","11/11/2020 7:56:12 AM","72d4d1fd-18e7-42cd-91f7-5273e206e515",,"System.UInt32[]","System.Diagnostics.Eventing.Reader.EventBookmark","Warning","Stop",,"System.Collections.ObjectModel.ReadOnlyCollection`1[System.String]","System.Collections.Generic.List`1[System.Diagnostics.Eventing.Reader.EventProperty]"
"BITS started the Push Notification Platform Job: 1 transfer job that is associated with the https://img-s-msn-com.akamaized.net/tenant/amp/entityid/BB1aUuAd.img?w=100&h=100&m=6&tilesize=medium&x=795&y=190&ms-scale=100&ms-contrast=standard URL.","59","1",,"4","0","1","4611686018427387904","8796","Microsoft-Windows-Bits-Client","ef1cc15b-46c1-414e-bb95-e76b077bd51e","Microsoft-Windows-Bits-Client/Operational","3676","5644","MSEDGEWIN10","S-1-5-18","11/11/2020 7:56:12 AM","72d4d1fd-18e7-42cd-91f7-5273e206e515",,"System.UInt32[]","System.Diagnostics.Eventing.Reader.EventBookmark","Information","Start",,"System.Collections.ObjectModel.ReadOnlyCollection`1[System.String]","System.Collections.Generic.List`1[System.Diagnostics.Eventing.Reader.EventProperty]"
"BITS stopped transferring the Push Notification Platform Job: 1 transfer job that is associated with the https://img-s-msn-com.akamaized.net/tenant/amp/entityid/BB1aUuAd.img?w=100&h=100&m=6&tilesize=medium&x=795&y=190&ms-scale=100&ms-contrast=standard URL. The status code is 0x80072EE7.","61","1",,"3","0","2","4611686018427387904","8795","Microsoft-Windows-Bits-Client","ef1cc15b-46c1-414e-bb95-e76b077bd51e","Microsoft-Windows-Bits-Client/Operational","3676","1808","MSEDGEWIN10","S-1-5-18","11/11/2020 7:56:12 AM","99e28bc3-a608-476d-9a1b-2668164ba196",,"System.UInt32[]","System.Diagnostics.Eventing.Reader.EventBookmark","Warning","Stop",,"System.Collections.ObjectModel.ReadOnlyCollection`1[System.String]","System.Collections.Generic.List`1[System.Diagnostics.Eventing.Reader.EventProperty]"
"BITS started the Push Notification Platform Job: 1 transfer job that is associated with the https://img-s-msn-com.akamaized.net/tenant/amp/entityid/BB1aUuAd.img?w=100&h=100&m=6&tilesize=medium&x=795&y=190&ms-scale=100&ms-contrast=standard URL.","59","1",,"4","0","1","4611686018427387904","8794","Microsoft-Windows-Bits-Client","ef1cc15b-46c1-414e-bb95-e76b077bd51e","Microsoft-Windows-Bits-Client/Operational","3676","5644","MSEDGEWIN10","S-1-5-18","11/11/2020 7:56:12 AM","99e28bc3-a608-476d-9a1b-2668164ba196",,"System.UInt32[]","System.Diagnostics.Eventing.Reader.EventBookmark","Information","Start",,"System.Collections.ObjectModel.ReadOnlyCollection`1[System.String]","System.Collections.Generic.List`1[System.Diagnostics.Eventing.Reader.EventProperty]"
"High performance property for BITS job ""Push Notification Platform Job: 1"" with ID ""{d7e9a52a-1f10-4378-bf69-8e4a7e75a2fc}"" Enabled.","209","0",,"4","0","0","4611686018427387904","8793","Microsoft-Windows-Bits-Client","ef1cc15b-46c1-414e-bb95-e76b077bd51e","Microsoft-Windows-Bits-Client/Operational","3676","7972","MSEDGEWIN10","S-1-5-18","11/11/2020 7:56:12 AM",,,"System.UInt32[]","System.Diagnostics.Eventing.Reader.EventBookmark","Information","Info",,"System.Collections.ObjectModel.ReadOnlyCollection`1[System.String]","System.Collections.Generic.List`1[System.Diagnostics.Eventing.Reader.EventProperty]"
"The BITS service created a new job.
Transfer job: Push Notification Platform Job: 1
Job ID: {d7e9a52a-1f10-4378-bf69-8e4a7e75a2fc}
Owner: MSEDGEWIN10\IEUser
Process Path: C:\Windows\System32\svchost.exe
Process ID: 6644","3","2",,"4","0","0","4611686018427387904","8792","Microsoft-Windows-Bits-Client","ef1cc15b-46c1-414e-bb95-e76b077bd51e","Microsoft-Windows-Bits-Client/Operational","3676","7972","MSEDGEWIN10","S-1-5-18","11/11/2020 7:56:12 AM",,,"System.UInt32[]","System.Diagnostics.Eventing.Reader.EventBookmark","Information","Info",,"System.Collections.ObjectModel.ReadOnlyCollection`1[System.String]","System.Collections.Generic.List`1[System.Diagnostics.Eventing.Reader.EventProperty]"
"Job cancelled. User: MSEDGEWIN10\IEUser, job: Push Notification Platform Job: 1, jobID: {f02baa27-f425-41d8-a9d0-6c4ce666cbfa}, owner: MSEDGEWIN10\IEUser, filecount: 1","5","0",,"4","0","0","4611686018427387904","8791","Microsoft-Windows-Bits-Client","ef1cc15b-46c1-414e-bb95-e76b077bd51e","Microsoft-Windows-Bits-Client/Operational","3676","7972","MSEDGEWIN10","S-1-5-21-3461203602-4096304019-2269080069-1000","11/11/2020 7:56:12 AM",,,"System.UInt32[]","System.Diagnostics.Eventing.Reader.EventBookmark","Information","Info",,"System.Collections.ObjectModel.ReadOnlyCollection`1[System.String]","System.Collections.Generic.List`1[System.Diagnostics.Eventing.Reader.EventProperty]"
"BITS stopped transferring the Push Notification Platform Job: 1 transfer job that is associated with the https://site-cdn.onenote.net/161350540457_Images/LiveTileImages/MediumAndLarge/Image3.png URL. The status code is 0x80072EE7.","61","1",,"3","0","2","4611686018427387904","8790","Microsoft-Windows-Bits-Client","ef1cc15b-46c1-414e-bb95-e76b077bd51e","Microsoft-Windows-Bits-Client/Operational","3676","7972","MSEDGEWIN10","S-1-5-18","11/11/2020 7:56:12 AM","a29a907b-cabd-4deb-aa4c-8eebe37441ae",,"System.UInt32[]","System.Diagnostics.Eventing.Reader.EventBookmark","Warning","Stop",,"System.Collections.ObjectModel.ReadOnlyCollection`1[System.String]","System.Collections.Generic.List`1[System.Diagnostics.Eventing.Reader.EventProperty]"
"BITS started the Push Notification Platform Job: 1 transfer job that is associated with the https://site-cdn.onenote.net/161350540457_Images/LiveTileImages/MediumAndLarge/Image3.png URL.","59","1",,"4","0","1","4611686018427387904","8789","Microsoft-Windows-Bits-Client","ef1cc15b-46c1-414e-bb95-e76b077bd51e","Microsoft-Windows-Bits-Client/Operational","3676","5644","MSEDGEWIN10","S-1-5-18","11/11/2020 7:56:12 AM","a29a907b-cabd-4deb-aa4c-8eebe37441ae",,"System.UInt32[]","System.Diagnostics.Eventing.Reader.EventBookmark","Information","Start",,"System.Collections.ObjectModel.ReadOnlyCollection`1[System.String]","System.Collections.Generic.List`1[System.Diagnostics.Eventing.Reader.EventProperty]"
"BITS stopped transferring the Push Notification Platform Job: 1 transfer job that is associated with the https://site-cdn.onenote.net/161350540457_Images/LiveTileImages/MediumAndLarge/Image3.png URL. The status code is 0x80072EE7.","61","1",,"3","0","2","4611686018427387904","8788","Microsoft-Windows-Bits-Client","ef1cc15b-46c1-414e-bb95-e76b077bd51e","Microsoft-Windows-Bits-Client/Operational","3676","1808","MSEDGEWIN10","S-1-5-18","11/11/2020 7:56:12 AM","790bcde5-cc7f-4647-af44-bc3e896c9b9e",,"System.UInt32[]","System.Diagnostics.Eventing.Reader.EventBookmark","Warning","Stop",,"System.Collections.ObjectModel.ReadOnlyCollection`1[System.String]","System.Collections.Generic.List`1[System.Diagnostics.Eventing.Reader.EventProperty]"
"BITS started the Push Notification Platform Job: 1 transfer job that is associated with the https://site-cdn.onenote.net/161350540457_Images/LiveTileImages/MediumAndLarge/Image3.png URL.","59","1",,"4","0","1","4611686018427387904","8787","Microsoft-Windows-Bits-Client","ef1cc15b-46c1-414e-bb95-e76b077bd51e","Microsoft-Windows-Bits-Client/Operational","3676","5644","MSEDGEWIN10","S-1-5-18","11/11/2020 7:56:12 AM","790bcde5-cc7f-4647-af44-bc3e896c9b9e",,"System.UInt32[]","System.Diagnostics.Eventing.Reader.EventBookmark","Information","Start",,"System.Collections.ObjectModel.ReadOnlyCollection`1[System.String]","System.Collections.Generic.List`1[System.Diagnostics.Eventing.Reader.EventProperty]"
"BITS stopped transferring the Push Notification Platform Job: 1 transfer job that is associated with the https://site-cdn.onenote.net/161350540457_Images/LiveTileImages/MediumAndLarge/Image3.png URL. The status code is 0x80072EE7.","61","1",,"3","0","2","4611686018427387904","8786","Microsoft-Windows-Bits-Client","ef1cc15b-46c1-414e-bb95-e76b077bd51e","Microsoft-Windows-Bits-Client/Operational","3676","7972","MSEDGEWIN10","S-1-5-18","11/11/2020 7:56:12 AM","9991762e-4770-4dea-b153-e3a01bc5564d",,"System.UInt32[]","System.Diagnostics.Eventing.Reader.EventBookmark","Warning","Stop",,"System.Collections.ObjectModel.ReadOnlyCollection`1[System.String]","System.Collections.Generic.List`1[System.Diagnostics.Eventing.Reader.EventProperty]"
"BITS started the Push Notification Platform Job: 1 transfer job that is associated with the https://site-cdn.onenote.net/161350540457_Images/LiveTileImages/MediumAndLarge/Image3.png URL.","59","1",,"4","0","1","4611686018427387904","8785","Microsoft-Windows-Bits-Client","ef1cc15b-46c1-414e-bb95-e76b077bd51e","Microsoft-Windows-Bits-Client/Operational","3676","5644","MSEDGEWIN10","S-1-5-18","11/11/2020 7:56:12 AM","9991762e-4770-4dea-b153-e3a01bc5564d",,"System.UInt32[]","System.Diagnostics.Eventing.Reader.EventBookmark","Information","Start",,"System.Collections.ObjectModel.ReadOnlyCollection`1[System.String]","System.Collections.Generic.List`1[System.Diagnostics.Eventing.Reader.EventProperty]"
"BITS stopped transferring the Push Notification Platform Job: 1 transfer job that is associated with the https://site-cdn.onenote.net/161350540457_Images/LiveTileImages/MediumAndLarge/Image3.png URL. The status code is 0x80072EE7.","61","1",,"3","0","2","4611686018427387904","8784","Microsoft-Windows-Bits-Client","ef1cc15b-46c1-414e-bb95-e76b077bd51e","Microsoft-Windows-Bits-Client/Operational","3676","7972","MSEDGEWIN10","S-1-5-18","11/11/2020 7:56:12 AM","8f6060b7-7671-4f9d-9d16-94be7b3418b5",,"System.UInt32[]","System.Diagnostics.Eventing.Reader.EventBookmark","Warning","Stop",,"System.Collections.ObjectModel.ReadOnlyCollection`1[System.String]","System.Collections.Generic.List`1[System.Diagnostics.Eventing.Reader.EventProperty]"
"BITS started the Push Notification Platform Job: 1 transfer job that is associated with the https://site-cdn.onenote.net/161350540457_Images/LiveTileImages/MediumAndLarge/Image3.png URL.","59","1",,"4","0","1","4611686018427387904","8783","Microsoft-Windows-Bits-Client","ef1cc15b-46c1-414e-bb95-e76b077bd51e","Microsoft-Windows-Bits-Client/Operational","3676","5644","MSEDGEWIN10","S-1-5-18","11/11/2020 7:56:12 AM","8f6060b7-7671-4f9d-9d16-94be7b3418b5",,"System.UInt32[]","System.Diagnostics.Eventing.Reader.EventBookmark","Information","Start",,"System.Collections.ObjectModel.ReadOnlyCollection`1[System.String]","System.Collections.Generic.List`1[System.Diagnostics.Eventing.Reader.EventProperty]"
"High performance property for BITS job ""Push Notification Platform Job: 1"" with ID ""{f02baa27-f425-41d8-a9d0-6c4ce666cbfa}"" Enabled.","209","0",,"4","0","0","4611686018427387904","8782","Microsoft-Windows-Bits-Client","ef1cc15b-46c1-414e-bb95-e76b077bd51e","Microsoft-Windows-Bits-Client/Operational","3676","1808","MSEDGEWIN10","S-1-5-18","11/11/2020 7:56:12 AM",,,"System.UInt32[]","System.Diagnostics.Eventing.Reader.EventBookmark","Information","Info",,"System.Collections.ObjectModel.ReadOnlyCollection`1[System.String]","System.Collections.Generic.List`1[System.Diagnostics.Eventing.Reader.EventProperty]"
"The BITS service created a new job.
Transfer job: Push Notification Platform Job: 1
Job ID: {f02baa27-f425-41d8-a9d0-6c4ce666cbfa}
Owner: MSEDGEWIN10\IEUser
Process Path: C:\Windows\System32\svchost.exe
Process ID: 6644","3","2",,"4","0","0","4611686018427387904","8781","Microsoft-Windows-Bits-Client","ef1cc15b-46c1-414e-bb95-e76b077bd51e","Microsoft-Windows-Bits-Client/Operational","3676","1808","MSEDGEWIN10","S-1-5-18","11/11/2020 7:56:12 AM",,,"System.UInt32[]","System.Diagnostics.Eventing.Reader.EventBookmark","Information","Info",,"System.Collections.ObjectModel.ReadOnlyCollection`1[System.String]","System.Collections.Generic.List`1[System.Diagnostics.Eventing.Reader.EventProperty]"
"Job cancelled. User: MSEDGEWIN10\IEUser, job: Push Notification Platform Job: 1, jobID: {a557536d-eaa5-401a-9bfb-13999d32c916}, owner: MSEDGEWIN10\IEUser, filecount: 1","5","0",,"4","0","0","4611686018427387904","8780","Microsoft-Windows-Bits-Client","ef1cc15b-46c1-414e-bb95-e76b077bd51e","Microsoft-Windows-Bits-Client/Operational","3676","1808","MSEDGEWIN10","S-1-5-21-3461203602-4096304019-2269080069-1000","11/11/2020 7:56:12 AM",,,"System.UInt32[]","System.Diagnostics.Eventing.Reader.EventBookmark","Information","Info",,"System.Collections.ObjectModel.ReadOnlyCollection`1[System.String]","System.Collections.Generic.List`1[System.Diagnostics.Eventing.Reader.EventProperty]"
"BITS stopped transferring the Push Notification Platform Job: 1 transfer job that is associated with the https://img-s-msn-com.akamaized.net/tenant/amp/entityid/BB1aUuAd.img?w=100&h=100&m=6&tilesize=medium&x=795&y=190&ms-scale=100&ms-contrast=standard URL. The status code is 0x80072EE7.","61","1",,"3","0","2","4611686018427387904","8779","Microsoft-Windows-Bits-Client","ef1cc15b-46c1-414e-bb95-e76b077bd51e","Microsoft-Windows-Bits-Client/Operational","3676","4628","MSEDGEWIN10","S-1-5-18","11/11/2020 7:56:12 AM","e0dcad2d-c279-4471-8512-cbba600cfdc4",,"System.UInt32[]","System.Diagnostics.Eventing.Reader.EventBookmark","Warning","Stop",,"System.Collections.ObjectModel.ReadOnlyCollection`1[System.String]","System.Collections.Generic.List`1[System.Diagnostics.Eventing.Reader.EventProperty]"
"BITS started the Push Notification Platform Job: 1 transfer job that is associated with the https://img-s-msn-com.akamaized.net/tenant/amp/entityid/BB1aUuAd.img?w=100&h=100&m=6&tilesize=medium&x=795&y=190&ms-scale=100&ms-contrast=standard URL.","59","1",,"4","0","1","4611686018427387904","8778","Microsoft-Windows-Bits-Client","ef1cc15b-46c1-414e-bb95-e76b077bd51e","Microsoft-Windows-Bits-Client/Operational","3676","5644","MSEDGEWIN10","S-1-5-18","11/11/2020 7:56:12 AM","e0dcad2d-c279-4471-8512-cbba600cfdc4",,"System.UInt32[]","System.Diagnostics.Eventing.Reader.EventBookmark","Information","Start",,"System.Collections.ObjectModel.ReadOnlyCollection`1[System.String]","System.Collections.Generic.List`1[System.Diagnostics.Eventing.Reader.EventProperty]"
"BITS stopped transferring the Push Notification Platform Job: 1 transfer job that is associated with the https://img-s-msn-com.akamaized.net/tenant/amp/entityid/BB1aUuAd.img?w=100&h=100&m=6&tilesize=medium&x=795&y=190&ms-scale=100&ms-contrast=standard URL. The status code is 0x80072EE7.","61","1",,"3","0","2","4611686018427387904","8777","Microsoft-Windows-Bits-Client","ef1cc15b-46c1-414e-bb95-e76b077bd51e","Microsoft-Windows-Bits-Client/Operational","3676","7972","MSEDGEWIN10","S-1-5-18","11/11/2020 7:56:12 AM","28f84b62-d06d-42b9-aef6-70640f017540",,"System.UInt32[]","System.Diagnostics.Eventing.Reader.EventBookmark","Warning","Stop",,"System.Collections.ObjectModel.ReadOnlyCollection`1[System.String]","System.Collections.Generic.List`1[System.Diagnostics.Eventing.Reader.EventProperty]"
"BITS started the Push Notification Platform Job: 1 transfer job that is associated with the https://img-s-msn-com.akamaized.net/tenant/amp/entityid/BB1aUuAd.img?w=100&h=100&m=6&tilesize=medium&x=795&y=190&ms-scale=100&ms-contrast=standard URL.","59","1",,"4","0","1","4611686018427387904","8776","Microsoft-Windows-Bits-Client","ef1cc15b-46c1-414e-bb95-e76b077bd51e","Microsoft-Windows-Bits-Client/Operational","3676","5644","MSEDGEWIN10","S-1-5-18","11/11/2020 7:56:12 AM","28f84b62-d06d-42b9-aef6-70640f017540",,"System.UInt32[]","System.Diagnostics.Eventing.Reader.EventBookmark","Information","Start",,"System.Collections.ObjectModel.ReadOnlyCollection`1[System.String]","System.Collections.Generic.List`1[System.Diagnostics.Eventing.Reader.EventProperty]"
"BITS stopped transferring the Push Notification Platform Job: 1 transfer job that is associated with the https://img-s-msn-com.akamaized.net/tenant/amp/entityid/BB1aUuAd.img?w=100&h=100&m=6&tilesize=medium&x=795&y=190&ms-scale=100&ms-contrast=standard URL. The status code is 0x80072EE7.","61","1",,"3","0","2","4611686018427387904","8775","Microsoft-Windows-Bits-Client","ef1cc15b-46c1-414e-bb95-e76b077bd51e","Microsoft-Windows-Bits-Client/Operational","3676","7972","MSEDGEWIN10","S-1-5-18","11/11/2020 7:56:12 AM","5ebd7129-28ba-4c40-a0b2-5187d6f6bce5",,"System.UInt32[]","System.Diagnostics.Eventing.Reader.EventBookmark","Warning","Stop",,"System.Collections.ObjectModel.ReadOnlyCollection`1[System.String]","System.Collections.Generic.List`1[System.Diagnostics.Eventing.Reader.EventProperty]"
"BITS started the Push Notification Platform Job: 1 transfer job that is associated with the https://img-s-msn-com.akamaized.net/tenant/amp/entityid/BB1aUuAd.img?w=100&h=100&m=6&tilesize=medium&x=795&y=190&ms-scale=100&ms-contrast=standard URL.","59","1",,"4","0","1","4611686018427387904","8774","Microsoft-Windows-Bits-Client","ef1cc15b-46c1-414e-bb95-e76b077bd51e","Microsoft-Windows-Bits-Client/Operational","3676","5644","MSEDGEWIN10","S-1-5-18","11/11/2020 7:56:12 AM","5ebd7129-28ba-4c40-a0b2-5187d6f6bce5",,"System.UInt32[]","System.Diagnostics.Eventing.Reader.EventBookmark","Information","Start",,"System.Collections.ObjectModel.ReadOnlyCollection`1[System.String]","System.Collections.Generic.List`1[System.Diagnostics.Eventing.Reader.EventProperty]"
"BITS stopped transferring the Push Notification Platform Job: 1 transfer job that is associated with the https://img-s-msn-com.akamaized.net/tenant/amp/entityid/BB1aUuAd.img?w=100&h=100&m=6&tilesize=medium&x=795&y=190&ms-scale=100&ms-contrast=standard URL. The status code is 0x80072EE7.","61","1",,"3","0","2","4611686018427387904","8773","Microsoft-Windows-Bits-Client","ef1cc15b-46c1-414e-bb95-e76b077bd51e","Microsoft-Windows-Bits-Client/Operational","3676","7972","MSEDGEWIN10","S-1-5-18","11/11/2020 7:56:12 AM","0081a399-68b6-43b6-97be-ae048b7f7ff2",,"System.UInt32[]","System.Diagnostics.Eventing.Reader.EventBookmark","Warning","Stop",,"System.Collections.ObjectModel.ReadOnlyCollection`1[System.String]","System.Collections.Generic.List`1[System.Diagnostics.Eventing.Reader.EventProperty]"
"BITS started the Push Notification Platform Job: 1 transfer job that is associated with the https://img-s-msn-com.akamaized.net/tenant/amp/entityid/BB1aUuAd.img?w=100&h=100&m=6&tilesize=medium&x=795&y=190&ms-scale=100&ms-contrast=standard URL.","59","1",,"4","0","1","4611686018427387904","8772","Microsoft-Windows-Bits-Client","ef1cc15b-46c1-414e-bb95-e76b077bd51e","Microsoft-Windows-Bits-Client/Operational","3676","5644","MSEDGEWIN10","S-1-5-18","11/11/2020 7:56:12 AM","0081a399-68b6-43b6-97be-ae048b7f7ff2",,"System.UInt32[]","System.Diagnostics.Eventing.Reader.EventBookmark","Information","Start",,"System.Collections.ObjectModel.ReadOnlyCollection`1[System.String]","System.Collections.Generic.List`1[System.Diagnostics.Eventing.Reader.EventProperty]"
"High performance property for BITS job ""Push Notification Platform Job: 1"" with ID ""{a557536d-eaa5-401a-9bfb-13999d32c916}"" Enabled.","209","0",,"4","0","0","4611686018427387904","8771","Microsoft-Windows-Bits-Client","ef1cc15b-46c1-414e-bb95-e76b077bd51e","Microsoft-Windows-Bits-Client/Operational","3676","4628","MSEDGEWIN10","S-1-5-18","11/11/2020 7:56:12 AM",,,"System.UInt32[]","System.Diagnostics.Eventing.Reader.EventBookmark","Information","Info",,"System.Collections.ObjectModel.ReadOnlyCollection`1[System.String]","System.Collections.Generic.List`1[System.Diagnostics.Eventing.Reader.EventProperty]"
"The BITS service created a new job.
Transfer job: Push Notification Platform Job: 1
Job ID: {a557536d-eaa5-401a-9bfb-13999d32c916}
Owner: MSEDGEWIN10\IEUser
Process Path: C:\Windows\System32\svchost.exe
Process ID: 6644","3","2",,"4","0","0","4611686018427387904","8770","Microsoft-Windows-Bits-Client","ef1cc15b-46c1-414e-bb95-e76b077bd51e","Microsoft-Windows-Bits-Client/Operational","3676","4628","MSEDGEWIN10","S-1-5-18","11/11/2020 7:56:12 AM",,,"System.UInt32[]","System.Diagnostics.Eventing.Reader.EventBookmark","Information","Info",,"System.Collections.ObjectModel.ReadOnlyCollection`1[System.String]","System.Collections.Generic.List`1[System.Diagnostics.Eventing.Reader.EventProperty]"
"The BITS service loaded the job list from disk.","306","0",,"5","0","0","4611686018427387904","8769","Microsoft-Windows-Bits-Client","ef1cc15b-46c1-414e-bb95-e76b077bd51e","Microsoft-Windows-Bits-Client/Operational","3676","3132","MSEDGEWIN10","S-1-5-18","11/11/2020 7:56:12 AM",,,"System.UInt32[]","System.Diagnostics.Eventing.Reader.EventBookmark","Verbose","Info",,"System.Collections.ObjectModel.ReadOnlyCollection`1[System.String]","System.Collections.Generic.List`1[System.Diagnostics.Eventing.Reader.EventProperty]"
"The transfer job is complete.
User: MSEDGEWIN10\IEUser
Transfer job: UpdateDescriptionXml
Job ID: {d5e34b43-1eb5-4134-8e7a-1812849c295e}
Owner: MSEDGEWIN10\IEUser
File count: 1","4","1",,"4","0","0","4611686018427387904","8768","Microsoft-Windows-Bits-Client","ef1cc15b-46c1-414e-bb95-e76b077bd51e","Microsoft-Windows-Bits-Client/Operational","660","6356","MSEDGEWIN10","S-1-5-18","11/11/2020 4:51:33 AM",,,"System.UInt32[]","System.Diagnostics.Eventing.Reader.EventBookmark","Information","Info",,"System.Collections.ObjectModel.ReadOnlyCollection`1[System.String]","System.Collections.Generic.List`1[System.Diagnostics.Eventing.Reader.EventProperty]"
"BITS stopped transferring the UpdateDescriptionXml transfer job that is associated with the https://g.live.com/1rewlive5skydrive/ODSUProduction URL. The status code is 0x0.","60","1",,"4","0","2","4611686018427387904","8767","Microsoft-Windows-Bits-Client","ef1cc15b-46c1-414e-bb95-e76b077bd51e","Microsoft-Windows-Bits-Client/Operational","660","6356","MSEDGEWIN10","S-1-5-18","11/11/2020 4:51:33 AM","c27525e8-26ff-4cc2-af9f-135edef98b1d",,"System.UInt32[]","System.Diagnostics.Eventing.Reader.EventBookmark","Information","Stop",,"System.Collections.ObjectModel.ReadOnlyCollection`1[System.String]","System.Collections.Generic.List`1[System.Diagnostics.Eventing.Reader.EventProperty]"
"BITS started the UpdateDescriptionXml transfer job that is associated with the https://g.live.com/1rewlive5skydrive/ODSUProduction URL.","59","1",,"4","0","1","4611686018427387904","8766","Microsoft-Windows-Bits-Client","ef1cc15b-46c1-414e-bb95-e76b077bd51e","Microsoft-Windows-Bits-Client/Operational","660","2668","MSEDGEWIN10","S-1-5-18","11/11/2020 4:51:33 AM","c27525e8-26ff-4cc2-af9f-135edef98b1d",,"System.UInt32[]","System.Diagnostics.Eventing.Reader.EventBookmark","Information","Start",,"System.Collections.ObjectModel.ReadOnlyCollection`1[System.String]","System.Collections.Generic.List`1[System.Diagnostics.Eventing.Reader.EventProperty]"
"The BITS service created a new job.
Transfer job: UpdateDescriptionXml
Job ID: {d5e34b43-1eb5-4134-8e7a-1812849c295e}
Owner: MSEDGEWIN10\IEUser
Process Path: C:\Users\IEUser\AppData\Local\Microsoft\OneDrive\OneDriveStandaloneUpdater.exe
Process ID: 352","3","2",,"4","0","0","4611686018427387904","8765","Microsoft-Windows-Bits-Client","ef1cc15b-46c1-414e-bb95-e76b077bd51e","Microsoft-Windows-Bits-Client/Operational","660","9068","MSEDGEWIN10","S-1-5-18","11/11/2020 4:51:30 AM",,,"System.UInt32[]","System.Diagnostics.Eventing.Reader.EventBookmark","Information","Info",,"System.Collections.ObjectModel.ReadOnlyCollection`1[System.String]","System.Collections.Generic.List`1[System.Diagnostics.Eventing.Reader.EventProperty]"
"The transfer job is complete.
User: MSEDGEWIN10\IEUser
Transfer job: PreSignInSettingsConfigJSON
Job ID: {414e3cee-6a93-4e4d-b3d8-581072e80d80}
Owner: MSEDGEWIN10\IEUser
File count: 1","4","1",,"4","0","0","4611686018427387904","8764","Microsoft-Windows-Bits-Client","ef1cc15b-46c1-414e-bb95-e76b077bd51e","Microsoft-Windows-Bits-Client/Operational","660","9068","MSEDGEWIN10","S-1-5-18","11/11/2020 4:51:30 AM",,,"System.UInt32[]","System.Diagnostics.Eventing.Reader.EventBookmark","Information","Info",,"System.Collections.ObjectModel.ReadOnlyCollection`1[System.String]","System.Collections.Generic.List`1[System.Diagnostics.Eventing.Reader.EventProperty]"
"BITS stopped transferring the PreSignInSettingsConfigJSON transfer job that is associated with the https://g.live.com/odclientsettings/Prod URL. The status code is 0x0.","60","1",,"4","0","2","4611686018427387904","8763","Microsoft-Windows-Bits-Client","ef1cc15b-46c1-414e-bb95-e76b077bd51e","Microsoft-Windows-Bits-Client/Operational","660","9068","MSEDGEWIN10","S-1-5-18","11/11/2020 4:51:30 AM","92e85d52-86e8-4fc7-8ab5-56f16ddc7cac",,"System.UInt32[]","System.Diagnostics.Eventing.Reader.EventBookmark","Information","Stop",,"System.Collections.ObjectModel.ReadOnlyCollection`1[System.String]","System.Collections.Generic.List`1[System.Diagnostics.Eventing.Reader.EventProperty]"
"BITS started the PreSignInSettingsConfigJSON transfer job that is associated with the https://g.live.com/odclientsettings/Prod URL.","59","1",,"4","0","1","4611686018427387904","8762","Microsoft-Windows-Bits-Client","ef1cc15b-46c1-414e-bb95-e76b077bd51e","Microsoft-Windows-Bits-Client/Operational","660","2668","MSEDGEWIN10","S-1-5-18","11/11/2020 4:51:23 AM","92e85d52-86e8-4fc7-8ab5-56f16ddc7cac",,"System.UInt32[]","System.Diagnostics.Eventing.Reader.EventBookmark","Information","Start",,"System.Collections.ObjectModel.ReadOnlyCollection`1[System.String]","System.Collections.Generic.List`1[System.Diagnostics.Eventing.Reader.EventProperty]"
"The initialization of the peer helper modules failed with the following error:  0x80070032.","310","0",,"3","0","0","4611686018427387904","8761","Microsoft-Windows-Bits-Client","ef1cc15b-46c1-414e-bb95-e76b077bd51e","Microsoft-Windows-Bits-Client/Operational","660","2668","MSEDGEWIN10","S-1-5-18","11/11/2020 4:51:23 AM",,,"System.UInt32[]","System.Diagnostics.Eventing.Reader.EventBookmark","Warning","Info",,"System.Collections.ObjectModel.ReadOnlyCollection`1[System.String]","System.Collections.Generic.List`1[System.Diagnostics.Eventing.Reader.EventProperty]"
"The BITS service created a new job.
Transfer job: PreSignInSettingsConfigJSON
Job ID: {414e3cee-6a93-4e4d-b3d8-581072e80d80}
Owner: MSEDGEWIN10\IEUser
Process Path: C:\Users\IEUser\AppData\Local\Microsoft\OneDrive\OneDriveStandaloneUpdater.exe
Process ID: 352","3","2",,"4","0","0","4611686018427387904","8760","Microsoft-Windows-Bits-Client","ef1cc15b-46c1-414e-bb95-e76b077bd51e","Microsoft-Windows-Bits-Client/Operational","660","9008","MSEDGEWIN10","S-1-5-18","11/11/2020 4:51:22 AM",,,"System.UInt32[]","System.Diagnostics.Eventing.Reader.EventBookmark","Information","Info",,"System.Collections.ObjectModel.ReadOnlyCollection`1[System.String]","System.Collections.Generic.List`1[System.Diagnostics.Eventing.Reader.EventProperty]"
"The BITS service loaded the job list from disk.","306","0",,"5","0","0","4611686018427387904","8759","Microsoft-Windows-Bits-Client","ef1cc15b-46c1-414e-bb95-e76b077bd51e","Microsoft-Windows-Bits-Client/Operational","660","2104","MSEDGEWIN10","S-1-5-18","11/11/2020 4:51:22 AM",,,"System.UInt32[]","System.Diagnostics.Eventing.Reader.EventBookmark","Verbose","Info",,"System.Collections.ObjectModel.ReadOnlyCollection`1[System.String]","System.Collections.Generic.List`1[System.Diagnostics.Eventing.Reader.EventProperty]"
"The BITS service loaded the job list from disk.","306","0",,"5","0","0","4611686018427387904","8758","Microsoft-Windows-Bits-Client","ef1cc15b-46c1-414e-bb95-e76b077bd51e","Microsoft-Windows-Bits-Client/Operational","3096","1776","MSEDGEWIN10","S-1-5-18","11/11/2020 2:22:25 AM",,,"System.UInt32[]","System.Diagnostics.Eventing.Reader.EventBookmark","Verbose","Info",,"System.Collections.ObjectModel.ReadOnlyCollection`1[System.String]","System.Collections.Generic.List`1[System.Diagnostics.Eventing.Reader.EventProperty]"
"Job cancelled. User: NT AUTHORITY\NETWORK SERVICE, job: SpeechModelDownloadJob, jobID: {e17daa88-cfa0-4582-9697-e413c623bc20}, owner: NT AUTHORITY\NETWORK SERVICE, filecount: 1","5","0",,"4","0","0","4611686018427387904","8757","Microsoft-Windows-Bits-Client","ef1cc15b-46c1-414e-bb95-e76b077bd51e","Microsoft-Windows-Bits-Client/Operational","24492","25140","MSEDGEWIN10","S-1-5-20","11/11/2020 12:31:45 AM",,,"System.UInt32[]","System.Diagnostics.Eventing.Reader.EventBookmark","Information","Info",,"System.Collections.ObjectModel.ReadOnlyCollection`1[System.String]","System.Collections.Generic.List`1[System.Diagnostics.Eventing.Reader.EventProperty]"
"BITS stopped transferring the SpeechModelDownloadJob transfer job that is associated with the https://msftspeechmodelsprod.azureedge.net/SR/SV10-EV100/en-us-n/MV101/naspmodelsmetadata.xml URL. The status code is 0x80072EE7.","61","1",,"3","0","2","4611686018427387904","8756","Microsoft-Windows-Bits-Client","ef1cc15b-46c1-414e-bb95-e76b077bd51e","Microsoft-Windows-Bits-Client/Operational","24492","5176","MSEDGEWIN10","S-1-5-18","11/11/2020 12:31:44 AM","70aaaab8-d321-4661-b898-2e0fe900626e",,"System.UInt32[]","System.Diagnostics.Eventing.Reader.EventBookmark","Warning","Stop",,"System.Collections.ObjectModel.ReadOnlyCollection`1[System.String]","System.Collections.Generic.List`1[System.Diagnostics.Eventing.Reader.EventProperty]"
"The BITS service created a new job.
Transfer job: SpeechModelDownloadJob
Job ID: {e17daa88-cfa0-4582-9697-e413c623bc20}
Owner: NT AUTHORITY\NETWORK SERVICE
Process Path: C:\Windows\System32\Speech_OneCore\common\SpeechModelDownload.exe
Process ID: 3388","3","2",,"4","0","0","4611686018427387904","8755","Microsoft-Windows-Bits-Client","ef1cc15b-46c1-414e-bb95-e76b077bd51e","Microsoft-Windows-Bits-Client/Operational","24492","4544","MSEDGEWIN10","S-1-5-18","11/11/2020 12:31:44 AM",,,"System.UInt32[]","System.Diagnostics.Eventing.Reader.EventBookmark","Information","Info",,"System.Collections.ObjectModel.ReadOnlyCollection`1[System.String]","System.Collections.Generic.List`1[System.Diagnostics.Eventing.Reader.EventProperty]"
"The BITS service loaded the job list from disk.","306","0",,"5","0","0","4611686018427387904","8754","Microsoft-Windows-Bits-Client","ef1cc15b-46c1-414e-bb95-e76b077bd51e","Microsoft-Windows-Bits-Client/Operational","24492","252","MSEDGEWIN10","S-1-5-18","11/11/2020 12:31:43 AM",,,"System.UInt32[]","System.Diagnostics.Eventing.Reader.EventBookmark","Verbose","Info",,"System.Collections.ObjectModel.ReadOnlyCollection`1[System.String]","System.Collections.Generic.List`1[System.Diagnostics.Eventing.Reader.EventProperty]"
"High performance property for BITS job ""MicrosoftMapsBingGeoStore"" with ID ""{b1659148-70b8-4f06-b29c-b3e0b595ea07}"" Enabled.","209","0",,"4","0","0","4611686018427387904","8753","Microsoft-Windows-Bits-Client","ef1cc15b-46c1-414e-bb95-e76b077bd51e","Microsoft-Windows-Bits-Client/Operational","1056","25076","MSEDGEWIN10","S-1-5-18","11/11/2020 12:24:02 AM",,,"System.UInt32[]","System.Diagnostics.Eventing.Reader.EventBookmark","Information","Info",,"System.Collections.ObjectModel.ReadOnlyCollection`1[System.String]","System.Collections.Generic.List`1[System.Diagnostics.Eventing.Reader.EventProperty]"
"The BITS service created a new job.
Transfer job: MicrosoftMapsBingGeoStore
Job ID: {b1659148-70b8-4f06-b29c-b3e0b595ea07}
Owner: NT AUTHORITY\NETWORK SERVICE
Process Path: C:\Windows\System32\svchost.exe
Process ID: 1092","3","2",,"4","0","0","4611686018427387904","8752","Microsoft-Windows-Bits-Client","ef1cc15b-46c1-414e-bb95-e76b077bd51e","Microsoft-Windows-Bits-Client/Operational","1056","4292","MSEDGEWIN10","S-1-5-18","11/11/2020 12:24:02 AM",,,"System.UInt32[]","System.Diagnostics.Eventing.Reader.EventBookmark","Information","Info",,"System.Collections.ObjectModel.ReadOnlyCollection`1[System.String]","System.Collections.Generic.List`1[System.Diagnostics.Eventing.Reader.EventProperty]"
"The BITS service loaded the job list from disk.","306","0",,"5","0","0","4611686018427387904","8751","Microsoft-Windows-Bits-Client","ef1cc15b-46c1-414e-bb95-e76b077bd51e","Microsoft-Windows-Bits-Client/Operational","1056","24336","MSEDGEWIN10","S-1-5-18","11/11/2020 12:24:01 AM",,,"System.UInt32[]","System.Diagnostics.Eventing.Reader.EventBookmark","Verbose","Info",,"System.Collections.ObjectModel.ReadOnlyCollection`1[System.String]","System.Collections.Generic.List`1[System.Diagnostics.Eventing.Reader.EventProperty]"
"The transfer job is complete.
User: MSEDGEWIN10\IEUser
Transfer job: UpdateDescriptionXml
Job ID: {2b7ff57e-4cc7-401c-8ff2-f5fdc1c41b4b}
Owner: MSEDGEWIN10\IEUser
File count: 1","4","1",,"4","0","0","4611686018427387904","8750","Microsoft-Windows-Bits-Client","ef1cc15b-46c1-414e-bb95-e76b077bd51e","Microsoft-Windows-Bits-Client/Operational","3160","5824","MSEDGEWIN10","S-1-5-18","11/10/2020 4:36:03 AM",,,"System.UInt32[]","System.Diagnostics.Eventing.Reader.EventBookmark","Information","Info",,"System.Collections.ObjectModel.ReadOnlyCollection`1[System.String]","System.Collections.Generic.List`1[System.Diagnostics.Eventing.Reader.EventProperty]"
"BITS stopped transferring the UpdateDescriptionXml transfer job that is associated with the https://g.live.com/1rewlive5skydrive/ODSUProduction URL. The status code is 0x0.","60","1",,"4","0","2","4611686018427387904","8749","Microsoft-Windows-Bits-Client","ef1cc15b-46c1-414e-bb95-e76b077bd51e","Microsoft-Windows-Bits-Client/Operational","3160","5824","MSEDGEWIN10","S-1-5-18","11/10/2020 4:36:03 AM","3af3de52-8fe5-47e1-b051-52c3a0a959cd",,"System.UInt32[]","System.Diagnostics.Eventing.Reader.EventBookmark","Information","Stop",,"System.Collections.ObjectModel.ReadOnlyCollection`1[System.String]","System.Collections.Generic.List`1[System.Diagnostics.Eventing.Reader.EventProperty]"
