"BITS stopped transferring the Font Download transfer job that is associated with the https://fs.microsoft.com/fs/windows/config.json URL. The status code is 0x80072EE7.","61","1",,"3","0","2","4611686018427387904","7962","Microsoft-Windows-Bits-Client","ef1cc15b-46c1-414e-bb95-e76b077bd51e","Microsoft-Windows-Bits-Client/Operational","420","6468","MSEDGEWIN10","S-1-5-18","10/11/2020 5:17:39 AM","823752e6-a407-4759-9472-04e083c17651",,"System.UInt32[]","System.Diagnostics.Eventing.Reader.EventBookmark","Warning","Stop",,"System.Collections.ObjectModel.ReadOnlyCollection`1[System.String]","System.Collections.Generic.List`1[System.Diagnostics.Eventing.Reader.EventProperty]"
"BITS stopped transferring the Font Download transfer job that is associated with the https://fs.microsoft.com/fs/windows/config.json URL. The status code is 0x80072EE7.","61","1",,"3","0","2","4611686018427387904","7961","Microsoft-Windows-Bits-Client","ef1cc15b-46c1-414e-bb95-e76b077bd51e","Microsoft-Windows-Bits-Client/Operational","420","7792","MSEDGEWIN10","S-1-5-18","10/11/2020 5:07:39 AM","1df5d636-14ff-49a7-8a11-a5c367cd1ed2",,"System.UInt32[]","System.Diagnostics.Eventing.Reader.EventBookmark","Warning","Stop",,"System.Collections.ObjectModel.ReadOnlyCollection`1[System.String]","System.Collections.Generic.List`1[System.Diagnostics.Eventing.Reader.EventProperty]"
"BITS stopped transferring the Font Download transfer job that is associated with the https://fs.microsoft.com/fs/windows/config.json URL. The status code is 0x80072EE7.","61","1",,"3","0","2","4611686018427387904","7960","Microsoft-Windows-Bits-Client","ef1cc15b-46c1-414e-bb95-e76b077bd51e","Microsoft-Windows-Bits-Client/Operational","420","7792","MSEDGEWIN10","S-1-5-18","10/11/2020 4:57:39 AM","a62c1d24-98a0-4eb3-ac8c-a597bfac7dcd",,"System.UInt32[]","System.Diagnostics.Eventing.Reader.EventBookmark","Warning","Stop",,"System.Collections.ObjectModel.ReadOnlyCollection`1[System.String]","System.Collections.Generic.List`1[System.Diagnostics.Eventing.Reader.EventProperty]"
"BITS stopped transferring the Font Download transfer job that is associated with the https://fs.microsoft.com/fs/windows/config.json URL. The status code is 0x80072EE7.","61","1",,"3","0","2","4611686018427387904","7959","Microsoft-Windows-Bits-Client","ef1cc15b-46c1-414e-bb95-e76b077bd51e","Microsoft-Windows-Bits-Client/Operational","420","2036","MSEDGEWIN10","S-1-5-18","10/11/2020 4:47:39 AM","42fcfff0-b89b-48bc-8fc1-5815333d337e",,"System.UInt32[]","System.Diagnostics.Eventing.Reader.EventBookmark","Warning","Stop",,"System.Collections.ObjectModel.ReadOnlyCollection`1[System.String]","System.Collections.Generic.List`1[System.Diagnostics.Eventing.Reader.EventProperty]"
"BITS stopped transferring the Font Download transfer job that is associated with the https://fs.microsoft.com/fs/windows/config.json URL. The status code is 0x80072EE7.","61","1",,"3","0","2","4611686018427387904","7958","Microsoft-Windows-Bits-Client","ef1cc15b-46c1-414e-bb95-e76b077bd51e","Microsoft-Windows-Bits-Client/Operational","420","4876","MSEDGEWIN10","S-1-5-18","10/11/2020 4:37:39 AM","9a1adadd-262b-40af-b020-1679cbef9eb5",,"System.UInt32[]","System.Diagnostics.Eventing.Reader.EventBookmark","Warning","Stop",,"System.Collections.ObjectModel.ReadOnlyCollection`1[System.String]","System.Collections.Generic.List`1[System.Diagnostics.Eventing.Reader.EventProperty]"
"High performance property for BITS job ""Font Download"" with ID ""{648c0935-6d84-4d6c-b8bf-f7f0a68f3603}"" Enabled.","209","0",,"4","0","0","4611686018427387904","7957","Microsoft-Windows-Bits-Client","ef1cc15b-46c1-414e-bb95-e76b077bd51e","Microsoft-Windows-Bits-Client/Operational","420","1036","MSEDGEWIN10","S-1-5-18","10/11/2020 4:37:39 AM",,,"System.UInt32[]","System.Diagnostics.Eventing.Reader.EventBookmark","Information","Info",,"System.Collections.ObjectModel.ReadOnlyCollection`1[System.String]","System.Collections.Generic.List`1[System.Diagnostics.Eventing.Reader.EventProperty]"
"BITS stopped transferring the PreSignInSettingsConfigJSON transfer job that is associated with the https://g.live.com/odclientsettings/Prod URL. The status code is 0x80072EE7.","61","1",,"3","0","2","4611686018427387904","7956","Microsoft-Windows-Bits-Client","ef1cc15b-46c1-414e-bb95-e76b077bd51e","Microsoft-Windows-Bits-Client/Operational","420","4876","MSEDGEWIN10","S-1-5-18","10/11/2020 4:37:39 AM","a5c2e102-0816-4c7a-aa18-77c88f8a7cd4",,"System.UInt32[]","System.Diagnostics.Eventing.Reader.EventBookmark","Warning","Stop",,"System.Collections.ObjectModel.ReadOnlyCollection`1[System.String]","System.Collections.Generic.List`1[System.Diagnostics.Eventing.Reader.EventProperty]"
"The BITS service created a new job.
Transfer job: Font Download
Job ID: {648c0935-6d84-4d6c-b8bf-f7f0a68f3603}
Owner: NT AUTHORITY\LOCAL SERVICE
Process Path: C:\Windows\System32\svchost.exe
Process ID: 2152","3","2",,"4","0","0","4611686018427387904","7955","Microsoft-Windows-Bits-Client","ef1cc15b-46c1-414e-bb95-e76b077bd51e","Microsoft-Windows-Bits-Client/Operational","420","1032","MSEDGEWIN10","S-1-5-18","10/11/2020 4:37:39 AM",,,"System.UInt32[]","System.Diagnostics.Eventing.Reader.EventBookmark","Information","Info",,"System.Collections.ObjectModel.ReadOnlyCollection`1[System.String]","System.Collections.Generic.List`1[System.Diagnostics.Eventing.Reader.EventProperty]"
"The BITS service loaded the job list from disk.","306","0",,"5","0","0","4611686018427387904","7954","Microsoft-Windows-Bits-Client","ef1cc15b-46c1-414e-bb95-e76b077bd51e","Microsoft-Windows-Bits-Client/Operational","420","1040","MSEDGEWIN10","S-1-5-18","10/11/2020 4:37:36 AM",,,"System.UInt32[]","System.Diagnostics.Eventing.Reader.EventBookmark","Verbose","Info",,"System.Collections.ObjectModel.ReadOnlyCollection`1[System.String]","System.Collections.Generic.List`1[System.Diagnostics.Eventing.Reader.EventProperty]"
"BITS stopped transferring the PreSignInSettingsConfigJSON transfer job that is associated with the https://g.live.com/odclientsettings/Prod URL. The status code is 0x80072EE7.","61","1",,"3","0","2","4611686018427387904","7953","Microsoft-Windows-Bits-Client","ef1cc15b-46c1-414e-bb95-e76b077bd51e","Microsoft-Windows-Bits-Client/Operational","3512","764","MSEDGEWIN10","S-1-5-18","10/11/2020 4:35:28 AM","8530eba0-6420-4eba-922d-ee07d5bcfe2e",,"System.UInt32[]","System.Diagnostics.Eventing.Reader.EventBookmark","Warning","Stop",,"System.Collections.ObjectModel.ReadOnlyCollection`1[System.String]","System.Collections.Generic.List`1[System.Diagnostics.Eventing.Reader.EventProperty]"
"BITS stopped transferring the PreSignInSettingsConfigJSON transfer job that is associated with the https://g.live.com/odclientsettings/Prod URL. The status code is 0x80072EE7.","61","1",,"3","0","2","4611686018427387904","7952","Microsoft-Windows-Bits-Client","ef1cc15b-46c1-414e-bb95-e76b077bd51e","Microsoft-Windows-Bits-Client/Operational","3512","1988","MSEDGEWIN10","S-1-5-18","10/11/2020 4:35:18 AM","4cd988db-ca6b-4775-a89b-c70e9e0169d3",,"System.UInt32[]","System.Diagnostics.Eventing.Reader.EventBookmark","Warning","Stop",,"System.Collections.ObjectModel.ReadOnlyCollection`1[System.String]","System.Collections.Generic.List`1[System.Diagnostics.Eventing.Reader.EventProperty]"
"BITS stopped transferring the PreSignInSettingsConfigJSON transfer job that is associated with the https://g.live.com/odclientsettings/Prod URL. The status code is 0x80072EE7.","61","1",,"3","0","2","4611686018427387904","7951","Microsoft-Windows-Bits-Client","ef1cc15b-46c1-414e-bb95-e76b077bd51e","Microsoft-Windows-Bits-Client/Operational","3512","1988","MSEDGEWIN10","S-1-5-18","10/11/2020 4:35:03 AM","d82bd8cc-cb3f-4c18-b7d5-2b75b8b60193",,"System.UInt32[]","System.Diagnostics.Eventing.Reader.EventBookmark","Warning","Stop",,"System.Collections.ObjectModel.ReadOnlyCollection`1[System.String]","System.Collections.Generic.List`1[System.Diagnostics.Eventing.Reader.EventProperty]"
"BITS stopped transferring the PreSignInSettingsConfigJSON transfer job that is associated with the https://g.live.com/odclientsettings/Prod URL. The status code is 0x80072EE7.","61","1",,"3","0","2","4611686018427387904","7950","Microsoft-Windows-Bits-Client","ef1cc15b-46c1-414e-bb95-e76b077bd51e","Microsoft-Windows-Bits-Client/Operational","3512","3572","MSEDGEWIN10","S-1-5-18","10/11/2020 4:34:53 AM","a74fa278-71ed-4552-bb38-4f06d333d07d",,"System.UInt32[]","System.Diagnostics.Eventing.Reader.EventBookmark","Warning","Stop",,"System.Collections.ObjectModel.ReadOnlyCollection`1[System.String]","System.Collections.Generic.List`1[System.Diagnostics.Eventing.Reader.EventProperty]"
"BITS stopped transferring the PreSignInSettingsConfigJSON transfer job that is associated with the https://g.live.com/odclientsettings/Prod URL. The status code is 0x80072EE7.","61","1",,"3","0","2","4611686018427387904","7949","Microsoft-Windows-Bits-Client","ef1cc15b-46c1-414e-bb95-e76b077bd51e","Microsoft-Windows-Bits-Client/Operational","3512","3572","MSEDGEWIN10","S-1-5-18","10/11/2020 4:34:43 AM","ed75bdb7-63c5-4bd7-b248-3025d60d9bc7",,"System.UInt32[]","System.Diagnostics.Eventing.Reader.EventBookmark","Warning","Stop",,"System.Collections.ObjectModel.ReadOnlyCollection`1[System.String]","System.Collections.Generic.List`1[System.Diagnostics.Eventing.Reader.EventProperty]"
"BITS stopped transferring the PreSignInSettingsConfigJSON transfer job that is associated with the https://g.live.com/odclientsettings/Prod URL. The status code is 0x80072EE7.","61","1",,"3","0","2","4611686018427387904","7948","Microsoft-Windows-Bits-Client","ef1cc15b-46c1-414e-bb95-e76b077bd51e","Microsoft-Windows-Bits-Client/Operational","3512","1988","MSEDGEWIN10","S-1-5-18","10/11/2020 4:34:33 AM","6630b73c-45ed-430d-b45c-2cb32fef2380",,"System.UInt32[]","System.Diagnostics.Eventing.Reader.EventBookmark","Warning","Stop",,"System.Collections.ObjectModel.ReadOnlyCollection`1[System.String]","System.Collections.Generic.List`1[System.Diagnostics.Eventing.Reader.EventProperty]"
"BITS stopped transferring the PreSignInSettingsConfigJSON transfer job that is associated with the https://g.live.com/odclientsettings/Prod URL. The status code is 0x80072EE7.","61","1",,"3","0","2","4611686018427387904","7947","Microsoft-Windows-Bits-Client","ef1cc15b-46c1-414e-bb95-e76b077bd51e","Microsoft-Windows-Bits-Client/Operational","3512","764","MSEDGEWIN10","S-1-5-18","10/11/2020 4:34:18 AM","9304309e-c18f-4cbb-a2f7-cc1dcde5672a",,"System.UInt32[]","System.Diagnostics.Eventing.Reader.EventBookmark","Warning","Stop",,"System.Collections.ObjectModel.ReadOnlyCollection`1[System.String]","System.Collections.Generic.List`1[System.Diagnostics.Eventing.Reader.EventProperty]"
"BITS stopped transferring the PreSignInSettingsConfigJSON transfer job that is associated with the https://g.live.com/odclientsettings/Prod URL. The status code is 0x80072EE7.","61","1",,"3","0","2","4611686018427387904","7946","Microsoft-Windows-Bits-Client","ef1cc15b-46c1-414e-bb95-e76b077bd51e","Microsoft-Windows-Bits-Client/Operational","3512","3572","MSEDGEWIN10","S-1-5-18","10/11/2020 4:34:08 AM","7da94da5-0e83-446b-b75a-fbcf65ad738d",,"System.UInt32[]","System.Diagnostics.Eventing.Reader.EventBookmark","Warning","Stop",,"System.Collections.ObjectModel.ReadOnlyCollection`1[System.String]","System.Collections.Generic.List`1[System.Diagnostics.Eventing.Reader.EventProperty]"
"BITS stopped transferring the PreSignInSettingsConfigJSON transfer job that is associated with the https://g.live.com/odclientsettings/Prod URL. The status code is 0x80072EE7.","61","1",,"3","0","2","4611686018427387904","7945","Microsoft-Windows-Bits-Client","ef1cc15b-46c1-414e-bb95-e76b077bd51e","Microsoft-Windows-Bits-Client/Operational","3512","1988","MSEDGEWIN10","S-1-5-18","10/11/2020 4:33:58 AM","5066effd-ad59-4121-81f2-c2297b3de95b",,"System.UInt32[]","System.Diagnostics.Eventing.Reader.EventBookmark","Warning","Stop",,"System.Collections.ObjectModel.ReadOnlyCollection`1[System.String]","System.Collections.Generic.List`1[System.Diagnostics.Eventing.Reader.EventProperty]"
"BITS stopped transferring the PreSignInSettingsConfigJSON transfer job that is associated with the https://g.live.com/odclientsettings/Prod URL. The status code is 0x80072EE7.","61","1",,"3","0","2","4611686018427387904","7944","Microsoft-Windows-Bits-Client","ef1cc15b-46c1-414e-bb95-e76b077bd51e","Microsoft-Windows-Bits-Client/Operational","3512","3572","MSEDGEWIN10","S-1-5-18","10/11/2020 4:33:48 AM","faf6ef6a-3210-4ec4-bbf0-ae903e34183e",,"System.UInt32[]","System.Diagnostics.Eventing.Reader.EventBookmark","Warning","Stop",,"System.Collections.ObjectModel.ReadOnlyCollection`1[System.String]","System.Collections.Generic.List`1[System.Diagnostics.Eventing.Reader.EventProperty]"
"BITS stopped transferring the PreSignInSettingsConfigJSON transfer job that is associated with the https://g.live.com/odclientsettings/Prod URL. The status code is 0x80072EE7.","61","1",,"3","0","2","4611686018427387904","7943","Microsoft-Windows-Bits-Client","ef1cc15b-46c1-414e-bb95-e76b077bd51e","Microsoft-Windows-Bits-Client/Operational","3512","1988","MSEDGEWIN10","S-1-5-18","10/11/2020 4:33:33 AM","3ffa507a-1e81-4271-bf33-2aa980f5df0e",,"System.UInt32[]","System.Diagnostics.Eventing.Reader.EventBookmark","Warning","Stop",,"System.Collections.ObjectModel.ReadOnlyCollection`1[System.String]","System.Collections.Generic.List`1[System.Diagnostics.Eventing.Reader.EventProperty]"
"BITS stopped transferring the PreSignInSettingsConfigJSON transfer job that is associated with the https://g.live.com/odclientsettings/Prod URL. The status code is 0x80072EE7.","61","1",,"3","0","2","4611686018427387904","7942","Microsoft-Windows-Bits-Client","ef1cc15b-46c1-414e-bb95-e76b077bd51e","Microsoft-Windows-Bits-Client/Operational","3512","764","MSEDGEWIN10","S-1-5-18","10/11/2020 4:33:23 AM","036caedd-3f91-47aa-ad23-536edfb2e3dc",,"System.UInt32[]","System.Diagnostics.Eventing.Reader.EventBookmark","Warning","Stop",,"System.Collections.ObjectModel.ReadOnlyCollection`1[System.String]","System.Collections.Generic.List`1[System.Diagnostics.Eventing.Reader.EventProperty]"
"BITS stopped transferring the PreSignInSettingsConfigJSON transfer job that is associated with the https://g.live.com/odclientsettings/Prod URL. The status code is 0x80072EE7.","61","1",,"3","0","2","4611686018427387904","7941","Microsoft-Windows-Bits-Client","ef1cc15b-46c1-414e-bb95-e76b077bd51e","Microsoft-Windows-Bits-Client/Operational","3512","1988","MSEDGEWIN10","S-1-5-18","10/11/2020 4:33:13 AM","951ce912-462a-4caa-8935-a31bd3869b47",,"System.UInt32[]","System.Diagnostics.Eventing.Reader.EventBookmark","Warning","Stop",,"System.Collections.ObjectModel.ReadOnlyCollection`1[System.String]","System.Collections.Generic.List`1[System.Diagnostics.Eventing.Reader.EventProperty]"
"BITS stopped transferring the PreSignInSettingsConfigJSON transfer job that is associated with the https://g.live.com/odclientsettings/Prod URL. The status code is 0x80072EE7.","61","1",,"3","0","2","4611686018427387904","7940","Microsoft-Windows-Bits-Client","ef1cc15b-46c1-414e-bb95-e76b077bd51e","Microsoft-Windows-Bits-Client/Operational","3512","3572","MSEDGEWIN10","S-1-5-18","10/11/2020 4:33:03 AM","5294b5c8-70aa-483b-a44e-f0678720e026",,"System.UInt32[]","System.Diagnostics.Eventing.Reader.EventBookmark","Warning","Stop",,"System.Collections.ObjectModel.ReadOnlyCollection`1[System.String]","System.Collections.Generic.List`1[System.Diagnostics.Eventing.Reader.EventProperty]"
"The BITS service created a new job.
Transfer job: PreSignInSettingsConfigJSON
Job ID: {10d675a0-7b54-47c4-a271-211ec0d0f8aa}
Owner: MSEDGEWIN10\IEUser
Process Path: C:\Users\IEUser\AppData\Local\Microsoft\OneDrive\OneDriveStandaloneUpdater.exe
Process ID: 2480","3","2",,"4","0","0","4611686018427387904","7939","Microsoft-Windows-Bits-Client","ef1cc15b-46c1-414e-bb95-e76b077bd51e","Microsoft-Windows-Bits-Client/Operational","3512","3572","MSEDGEWIN10","S-1-5-18","10/11/2020 4:33:03 AM",,,"System.UInt32[]","System.Diagnostics.Eventing.Reader.EventBookmark","Information","Info",,"System.Collections.ObjectModel.ReadOnlyCollection`1[System.String]","System.Collections.Generic.List`1[System.Diagnostics.Eventing.Reader.EventProperty]"
"BITS stopped transferring the Font Download transfer job that is associated with the https://fs.microsoft.com/fs/windows/config.json URL. The status code is 0x80072EE7.","61","1",,"3","0","2","4611686018427387904","7938","Microsoft-Windows-Bits-Client","ef1cc15b-46c1-414e-bb95-e76b077bd51e","Microsoft-Windows-Bits-Client/Operational","3512","1988","MSEDGEWIN10","S-1-5-18","10/11/2020 4:31:47 AM","42be3520-32af-4339-b20c-2ec24d6f5f2f",,"System.UInt32[]","System.Diagnostics.Eventing.Reader.EventBookmark","Warning","Stop",,"System.Collections.ObjectModel.ReadOnlyCollection`1[System.String]","System.Collections.Generic.List`1[System.Diagnostics.Eventing.Reader.EventProperty]"
"High performance property for BITS job ""Font Download"" with ID ""{07945cb3-5c21-439a-9422-908cebba2ced}"" Enabled.","209","0",,"4","0","0","4611686018427387904","7937","Microsoft-Windows-Bits-Client","ef1cc15b-46c1-414e-bb95-e76b077bd51e","Microsoft-Windows-Bits-Client/Operational","3512","4092","MSEDGEWIN10","S-1-5-18","10/11/2020 4:31:47 AM",,,"System.UInt32[]","System.Diagnostics.Eventing.Reader.EventBookmark","Information","Info",,"System.Collections.ObjectModel.ReadOnlyCollection`1[System.String]","System.Collections.Generic.List`1[System.Diagnostics.Eventing.Reader.EventProperty]"
"The BITS service created a new job.
Transfer job: Font Download
Job ID: {07945cb3-5c21-439a-9422-908cebba2ced}
Owner: NT AUTHORITY\LOCAL SERVICE
Process Path: C:\Windows\System32\svchost.exe
Process ID: 2152","3","2",,"4","0","0","4611686018427387904","7936","Microsoft-Windows-Bits-Client","ef1cc15b-46c1-414e-bb95-e76b077bd51e","Microsoft-Windows-Bits-Client/Operational","3512","4092","MSEDGEWIN10","S-1-5-18","10/11/2020 4:31:47 AM",,,"System.UInt32[]","System.Diagnostics.Eventing.Reader.EventBookmark","Information","Info",,"System.Collections.ObjectModel.ReadOnlyCollection`1[System.String]","System.Collections.Generic.List`1[System.Diagnostics.Eventing.Reader.EventProperty]"
"The BITS service loaded the job list from disk.","306","0",,"5","0","0","4611686018427387904","7935","Microsoft-Windows-Bits-Client","ef1cc15b-46c1-414e-bb95-e76b077bd51e","Microsoft-Windows-Bits-Client/Operational","3512","3532","MSEDGEWIN10","S-1-5-18","10/11/2020 4:31:44 AM",,,"System.UInt32[]","System.Diagnostics.Eventing.Reader.EventBookmark","Verbose","Info",,"System.Collections.ObjectModel.ReadOnlyCollection`1[System.String]","System.Collections.Generic.List`1[System.Diagnostics.Eventing.Reader.EventProperty]"
"BITS stopped transferring the Font Download transfer job that is associated with the https://fs.microsoft.com/fs/windows/config.json URL. The status code is 0x80072EE7.","61","1",,"3","0","2","4611686018427387904","7934","Microsoft-Windows-Bits-Client","ef1cc15b-46c1-414e-bb95-e76b077bd51e","Microsoft-Windows-Bits-Client/Operational","920","656","MSEDGEWIN10","S-1-5-18","10/11/2020 4:22:46 AM","ba14527c-6b9b-4ce1-aab2-5e6261511f5c",,"System.UInt32[]","System.Diagnostics.Eventing.Reader.EventBookmark","Warning","Stop",,"System.Collections.ObjectModel.ReadOnlyCollection`1[System.String]","System.Collections.Generic.List`1[System.Diagnostics.Eventing.Reader.EventProperty]"
"BITS stopped transferring the Font Download transfer job that is associated with the https://fs.microsoft.com/fs/windows/config.json URL. The status code is 0x80072EE7.","61","1",,"3","0","2","4611686018427387904","7933","Microsoft-Windows-Bits-Client","ef1cc15b-46c1-414e-bb95-e76b077bd51e","Microsoft-Windows-Bits-Client/Operational","920","4032","MSEDGEWIN10","S-1-5-18","10/11/2020 4:12:46 AM","91b0739c-ee05-4931-9285-449c41d50846",,"System.UInt32[]","System.Diagnostics.Eventing.Reader.EventBookmark","Warning","Stop",,"System.Collections.ObjectModel.ReadOnlyCollection`1[System.String]","System.Collections.Generic.List`1[System.Diagnostics.Eventing.Reader.EventProperty]"
"BITS stopped transferring the Font Download transfer job that is associated with the https://fs.microsoft.com/fs/windows/config.json URL. The status code is 0x80072EE7.","61","1",,"3","0","2","4611686018427387904","7932","Microsoft-Windows-Bits-Client","ef1cc15b-46c1-414e-bb95-e76b077bd51e","Microsoft-Windows-Bits-Client/Operational","920","3740","MSEDGEWIN10","S-1-5-18","10/11/2020 4:02:46 AM","dff7bae2-7d4a-4e54-b709-ecaef277b1b3",,"System.UInt32[]","System.Diagnostics.Eventing.Reader.EventBookmark","Warning","Stop",,"System.Collections.ObjectModel.ReadOnlyCollection`1[System.String]","System.Collections.Generic.List`1[System.Diagnostics.Eventing.Reader.EventProperty]"
"High performance property for BITS job ""MicrosoftMapsBingGeoStore"" with ID ""{054eaf55-d763-480e-913c-81ae7c6370f3}"" Enabled.","209","0",,"4","0","0","4611686018427387904","7931","Microsoft-Windows-Bits-Client","ef1cc15b-46c1-414e-bb95-e76b077bd51e","Microsoft-Windows-Bits-Client/Operational","920","360","MSEDGEWIN10","S-1-5-18","10/11/2020 4:00:11 AM",,,"System.UInt32[]","System.Diagnostics.Eventing.Reader.EventBookmark","Information","Info",,"System.Collections.ObjectModel.ReadOnlyCollection`1[System.String]","System.Collections.Generic.List`1[System.Diagnostics.Eventing.Reader.EventProperty]"
"The BITS service created a new job.
Transfer job: MicrosoftMapsBingGeoStore
Job ID: {054eaf55-d763-480e-913c-81ae7c6370f3}
Owner: NT AUTHORITY\NETWORK SERVICE
Process Path: C:\Windows\System32\svchost.exe
Process ID: 3960","3","2",,"4","0","0","4611686018427387904","7930","Microsoft-Windows-Bits-Client","ef1cc15b-46c1-414e-bb95-e76b077bd51e","Microsoft-Windows-Bits-Client/Operational","920","1276","MSEDGEWIN10","S-1-5-18","10/11/2020 4:00:11 AM",,,"System.UInt32[]","System.Diagnostics.Eventing.Reader.EventBookmark","Information","Info",,"System.Collections.ObjectModel.ReadOnlyCollection`1[System.String]","System.Collections.Generic.List`1[System.Diagnostics.Eventing.Reader.EventProperty]"
"Job cancelled. User: NT AUTHORITY\SYSTEM, job: C:\Program Files (x86)\Google\Update\1.3.35.452\Recovery\GUR5EEF.tmp\GoogleUpdateSetup.crx3, jobID: {f74f1140-6f4b-416e-8f4f-aa64c6f50318}, owner: NT AUTHORITY\SYSTEM, filecount: 1","5","0",,"4","0","0","4611686018427387904","7929","Microsoft-Windows-Bits-Client","ef1cc15b-46c1-414e-bb95-e76b077bd51e","Microsoft-Windows-Bits-Client/Operational","920","4880","MSEDGEWIN10","S-1-5-18","10/11/2020 3:53:20 AM",,,"System.UInt32[]","System.Diagnostics.Eventing.Reader.EventBookmark","Information","Info",,"System.Collections.ObjectModel.ReadOnlyCollection`1[System.String]","System.Collections.Generic.List`1[System.Diagnostics.Eventing.Reader.EventProperty]"
"BITS stopped transferring the C:\Program Files (x86)\Google\Update\1.3.35.452\Recovery\GUR5EEF.tmp\GoogleUpdateSetup.crx3 transfer job that is associated with the https://clients2.google.com/service/check2?crx3=true&appid=?1601?-?01?-?01T00:00:00.000000000ZB430FD4D0-B729-4F61-AA34-91526481799D?1601?-?01?-?01T00:00:00.000000000ZD&appversion=1.3.35.452&applang=&machine=1&version=1.3.35.452&userid=?1601?-?01?-?01T00:00:00.000000000ZB41975F82-406F-4186-AABD-6E6A89517884?1601?-?01?-?01T00:00:00.000000000ZD&osversion=10.0&servicepack= URL. The status code is 0x80072EE7.","61","1",,"3","0","2","4611686018427387904","7928","Microsoft-Windows-Bits-Client","ef1cc15b-46c1-414e-bb95-e76b077bd51e","Microsoft-Windows-Bits-Client/Operational","920","1088","MSEDGEWIN10","S-1-5-18","10/11/2020 3:53:20 AM","ee843078-8868-48f9-bf91-0140305e5b04",,"System.UInt32[]","System.Diagnostics.Eventing.Reader.EventBookmark","Warning","Stop",,"System.Collections.ObjectModel.ReadOnlyCollection`1[System.String]","System.Collections.Generic.List`1[System.Diagnostics.Eventing.Reader.EventProperty]"
"The BITS service created a new job.
Transfer job: C:\Program Files (x86)\Google\Update\1.3.35.452\Recovery\GUR5EEF.tmp\GoogleUpdateSetup.crx3
Job ID: {f74f1140-6f4b-416e-8f4f-aa64c6f50318}
Owner: NT AUTHORITY\SYSTEM
Process Path: C:\Program Files (x86)\Google\Update\GoogleUpdate.exe
Process ID: 1848","3","2",,"4","0","0","4611686018427387904","7927","Microsoft-Windows-Bits-Client","ef1cc15b-46c1-414e-bb95-e76b077bd51e","Microsoft-Windows-Bits-Client/Operational","920","4880","MSEDGEWIN10","S-1-5-18","10/11/2020 3:53:20 AM",,,"System.UInt32[]","System.Diagnostics.Eventing.Reader.EventBookmark","Information","Info",,"System.Collections.ObjectModel.ReadOnlyCollection`1[System.String]","System.Collections.Generic.List`1[System.Diagnostics.Eventing.Reader.EventProperty]"
"Job cancelled. User: NT AUTHORITY\SYSTEM, job: C:\Program Files (x86)\Google\Update\1.3.35.452\Recovery\GUR5EEF.tmp\GoogleUpdateSetup.crx3, jobID: {73d6a7e1-0a22-4eee-937c-d585101609ea}, owner: NT AUTHORITY\SYSTEM, filecount: 1","5","0",,"4","0","0","4611686018427387904","7926","Microsoft-Windows-Bits-Client","ef1cc15b-46c1-414e-bb95-e76b077bd51e","Microsoft-Windows-Bits-Client/Operational","920","4880","MSEDGEWIN10","S-1-5-18","10/11/2020 3:53:20 AM",,,"System.UInt32[]","System.Diagnostics.Eventing.Reader.EventBookmark","Information","Info",,"System.Collections.ObjectModel.ReadOnlyCollection`1[System.String]","System.Collections.Generic.List`1[System.Diagnostics.Eventing.Reader.EventProperty]"
"BITS stopped transferring the C:\Program Files (x86)\Google\Update\1.3.35.452\Recovery\GUR5EEF.tmp\GoogleUpdateSetup.crx3 transfer job that is associated with the https://clients2.google.com/service/check2?crx3=true&appid=?1601?-?01?-?01T00:00:00.000000000ZB430FD4D0-B729-4F61-AA34-91526481799D?1601?-?01?-?01T00:00:00.000000000ZD&appversion=1.3.35.452&applang=&machine=1&version=1.3.35.452&userid=?1601?-?01?-?01T00:00:00.000000000ZB41975F82-406F-4186-AABD-6E6A89517884?1601?-?01?-?01T00:00:00.000000000ZD&osversion=10.0&servicepack= URL. The status code is 0x80072EE7.","61","1",,"3","0","2","4611686018427387904","7925","Microsoft-Windows-Bits-Client","ef1cc15b-46c1-414e-bb95-e76b077bd51e","Microsoft-Windows-Bits-Client/Operational","920","4880","MSEDGEWIN10","S-1-5-18","10/11/2020 3:53:20 AM","7e9ffc98-bda2-464f-a8f1-5fa95456f5ca",,"System.UInt32[]","System.Diagnostics.Eventing.Reader.EventBookmark","Warning","Stop",,"System.Collections.ObjectModel.ReadOnlyCollection`1[System.String]","System.Collections.Generic.List`1[System.Diagnostics.Eventing.Reader.EventProperty]"
"The BITS service created a new job.
Transfer job: C:\Program Files (x86)\Google\Update\1.3.35.452\Recovery\GUR5EEF.tmp\GoogleUpdateSetup.crx3
Job ID: {73d6a7e1-0a22-4eee-937c-d585101609ea}
Owner: NT AUTHORITY\SYSTEM
Process Path: C:\Program Files (x86)\Google\Update\GoogleUpdate.exe
Process ID: 1848","3","2",,"4","0","0","4611686018427387904","7924","Microsoft-Windows-Bits-Client","ef1cc15b-46c1-414e-bb95-e76b077bd51e","Microsoft-Windows-Bits-Client/Operational","920","5020","MSEDGEWIN10","S-1-5-18","10/11/2020 3:53:20 AM",,,"System.UInt32[]","System.Diagnostics.Eventing.Reader.EventBookmark","Information","Info",,"System.Collections.ObjectModel.ReadOnlyCollection`1[System.String]","System.Collections.Generic.List`1[System.Diagnostics.Eventing.Reader.EventProperty]"
"BITS stopped transferring the Font Download transfer job that is associated with the https://fs.microsoft.com/fs/windows/config.json URL. The status code is 0x80072EE7.","61","1",,"3","0","2","4611686018427387904","7923","Microsoft-Windows-Bits-Client","ef1cc15b-46c1-414e-bb95-e76b077bd51e","Microsoft-Windows-Bits-Client/Operational","920","1088","MSEDGEWIN10","S-1-5-18","10/11/2020 3:52:46 AM","17f9c695-6101-4bfe-929b-361f142a364e",,"System.UInt32[]","System.Diagnostics.Eventing.Reader.EventBookmark","Warning","Stop",,"System.Collections.ObjectModel.ReadOnlyCollection`1[System.String]","System.Collections.Generic.List`1[System.Diagnostics.Eventing.Reader.EventProperty]"
"High performance property for BITS job ""Font Download"" with ID ""{54a74dad-e2c2-4451-a9a0-d8e57a504ab7}"" Enabled.","209","0",,"4","0","0","4611686018427387904","7922","Microsoft-Windows-Bits-Client","ef1cc15b-46c1-414e-bb95-e76b077bd51e","Microsoft-Windows-Bits-Client/Operational","920","1088","MSEDGEWIN10","S-1-5-18","10/11/2020 3:52:46 AM",,,"System.UInt32[]","System.Diagnostics.Eventing.Reader.EventBookmark","Information","Info",,"System.Collections.ObjectModel.ReadOnlyCollection`1[System.String]","System.Collections.Generic.List`1[System.Diagnostics.Eventing.Reader.EventProperty]"
"The BITS service created a new job.
Transfer job: Font Download
Job ID: {54a74dad-e2c2-4451-a9a0-d8e57a504ab7}
Owner: NT AUTHORITY\LOCAL SERVICE
Process Path: C:\Windows\System32\svchost.exe
Process ID: 2136","3","2",,"4","0","0","4611686018427387904","7921","Microsoft-Windows-Bits-Client","ef1cc15b-46c1-414e-bb95-e76b077bd51e","Microsoft-Windows-Bits-Client/Operational","920","4880","MSEDGEWIN10","S-1-5-18","10/11/2020 3:52:46 AM",,,"System.UInt32[]","System.Diagnostics.Eventing.Reader.EventBookmark","Information","Info",,"System.Collections.ObjectModel.ReadOnlyCollection`1[System.String]","System.Collections.Generic.List`1[System.Diagnostics.Eventing.Reader.EventProperty]"
"The BITS service loaded the job list from disk.","306","0",,"5","0","0","4611686018427387904","7920","Microsoft-Windows-Bits-Client","ef1cc15b-46c1-414e-bb95-e76b077bd51e","Microsoft-Windows-Bits-Client/Operational","920","2408","MSEDGEWIN10","S-1-5-18","10/11/2020 3:52:43 AM",,,"System.UInt32[]","System.Diagnostics.Eventing.Reader.EventBookmark","Verbose","Info",,"System.Collections.ObjectModel.ReadOnlyCollection`1[System.String]","System.Collections.Generic.List`1[System.Diagnostics.Eventing.Reader.EventProperty]"
"BITS stopped transferring the Font Download transfer job that is associated with the https://fs.microsoft.com/fs/windows/config.json URL. The status code is 0x80072EE7.","61","1",,"3","0","2","4611686018427387904","7919","Microsoft-Windows-Bits-Client","ef1cc15b-46c1-414e-bb95-e76b077bd51e","Microsoft-Windows-Bits-Client/Operational","8008","6652","MSEDGEWIN10","S-1-5-18","10/9/2020 5:16:25 AM","ed3251c7-2ed5-48dc-9197-d9b701f574ab",,"System.UInt32[]","System.Diagnostics.Eventing.Reader.EventBookmark","Warning","Stop",,"System.Collections.ObjectModel.ReadOnlyCollection`1[System.String]","System.Collections.Generic.List`1[System.Diagnostics.Eventing.Reader.EventProperty]"
"BITS stopped transferring the Font Download transfer job that is associated with the https://fs.microsoft.com/fs/windows/config.json URL. The status code is 0x80072EE7.","61","1",,"3","0","2","4611686018427387904","7918","Microsoft-Windows-Bits-Client","ef1cc15b-46c1-414e-bb95-e76b077bd51e","Microsoft-Windows-Bits-Client/Operational","8008","2364","MSEDGEWIN10","S-1-5-18","10/9/2020 5:05:57 AM","8d96f7e5-51b6-44ff-a26e-6fbd8645bd45",,"System.UInt32[]","System.Diagnostics.Eventing.Reader.EventBookmark","Warning","Stop",,"System.Collections.ObjectModel.ReadOnlyCollection`1[System.String]","System.Collections.Generic.List`1[System.Diagnostics.Eventing.Reader.EventProperty]"
"BITS stopped transferring the Font Download transfer job that is associated with the https://fs.microsoft.com/fs/windows/config.json URL. The status code is 0x80072EE7.","61","1",,"3","0","2","4611686018427387904","7917","Microsoft-Windows-Bits-Client","ef1cc15b-46c1-414e-bb95-e76b077bd51e","Microsoft-Windows-Bits-Client/Operational","8008","2120","MSEDGEWIN10","S-1-5-18","10/9/2020 4:55:56 AM","431f6c2f-7854-43cd-8b09-db57aef422aa",,"System.UInt32[]","System.Diagnostics.Eventing.Reader.EventBookmark","Warning","Stop",,"System.Collections.ObjectModel.ReadOnlyCollection`1[System.String]","System.Collections.Generic.List`1[System.Diagnostics.Eventing.Reader.EventProperty]"
"Job cancelled. User: MSEDGEWIN10\IEUser, job: UpdateDescriptionXml, jobID: {b1180483-2eda-4a51-86f8-60fdc283d715}, owner: MSEDGEWIN10\IEUser, filecount: 1","5","0",,"4","0","0","4611686018427387904","7916","Microsoft-Windows-Bits-Client","ef1cc15b-46c1-414e-bb95-e76b077bd51e","Microsoft-Windows-Bits-Client/Operational","8008","8156","MSEDGEWIN10","S-1-5-21-3461203602-4096304019-2269080069-1000","10/9/2020 4:25:45 AM",,,"System.UInt32[]","System.Diagnostics.Eventing.Reader.EventBookmark","Information","Info",,"System.Collections.ObjectModel.ReadOnlyCollection`1[System.String]","System.Collections.Generic.List`1[System.Diagnostics.Eventing.Reader.EventProperty]"
"BITS stopped transferring the UpdateDescriptionXml transfer job that is associated with the https://g.live.com/1rewlive5skydrive/ODSUProduction URL. The status code is 0x80072EE7.","61","1",,"3","0","2","4611686018427387904","7915","Microsoft-Windows-Bits-Client","ef1cc15b-46c1-414e-bb95-e76b077bd51e","Microsoft-Windows-Bits-Client/Operational","8008","8156","MSEDGEWIN10","S-1-5-18","10/9/2020 4:25:30 AM","e4ac1154-94f1-49c2-ba03-d4df1034c6da",,"System.UInt32[]","System.Diagnostics.Eventing.Reader.EventBookmark","Warning","Stop",,"System.Collections.ObjectModel.ReadOnlyCollection`1[System.String]","System.Collections.Generic.List`1[System.Diagnostics.Eventing.Reader.EventProperty]"
"BITS stopped transferring the UpdateDescriptionXml transfer job that is associated with the https://g.live.com/1rewlive5skydrive/ODSUProduction URL. The status code is 0x80072EE7.","61","1",,"3","0","2","4611686018427387904","7914","Microsoft-Windows-Bits-Client","ef1cc15b-46c1-414e-bb95-e76b077bd51e","Microsoft-Windows-Bits-Client/Operational","8008","8152","MSEDGEWIN10","S-1-5-18","10/9/2020 4:25:20 AM","6c12d091-21b6-41df-98ef-d0f2f8f062d0",,"System.UInt32[]","System.Diagnostics.Eventing.Reader.EventBookmark","Warning","Stop",,"System.Collections.ObjectModel.ReadOnlyCollection`1[System.String]","System.Collections.Generic.List`1[System.Diagnostics.Eventing.Reader.EventProperty]"
"BITS stopped transferring the UpdateDescriptionXml transfer job that is associated with the https://g.live.com/1rewlive5skydrive/ODSUProduction URL. The status code is 0x80072EE7.","61","1",,"3","0","2","4611686018427387904","7913","Microsoft-Windows-Bits-Client","ef1cc15b-46c1-414e-bb95-e76b077bd51e","Microsoft-Windows-Bits-Client/Operational","8008","8156","MSEDGEWIN10","S-1-5-18","10/9/2020 4:25:10 AM","2026c25d-a16f-4e16-9414-4eb6ff25eb0c",,"System.UInt32[]","System.Diagnostics.Eventing.Reader.EventBookmark","Warning","Stop",,"System.Collections.ObjectModel.ReadOnlyCollection`1[System.String]","System.Collections.Generic.List`1[System.Diagnostics.Eventing.Reader.EventProperty]"
"BITS stopped transferring the UpdateDescriptionXml transfer job that is associated with the https://g.live.com/1rewlive5skydrive/ODSUProduction URL. The status code is 0x80072EE7.","61","1",,"3","0","2","4611686018427387904","7912","Microsoft-Windows-Bits-Client","ef1cc15b-46c1-414e-bb95-e76b077bd51e","Microsoft-Windows-Bits-Client/Operational","8008","8096","MSEDGEWIN10","S-1-5-18","10/9/2020 4:25:00 AM","3c6dff0c-dee4-4bd7-a943-f51f476eb9c1",,"System.UInt32[]","System.Diagnostics.Eventing.Reader.EventBookmark","Warning","Stop",,"System.Collections.ObjectModel.ReadOnlyCollection`1[System.String]","System.Collections.Generic.List`1[System.Diagnostics.Eventing.Reader.EventProperty]"
"BITS stopped transferring the UpdateDescriptionXml transfer job that is associated with the https://g.live.com/1rewlive5skydrive/ODSUProduction URL. The status code is 0x80072EE7.","61","1",,"3","0","2","4611686018427387904","7911","Microsoft-Windows-Bits-Client","ef1cc15b-46c1-414e-bb95-e76b077bd51e","Microsoft-Windows-Bits-Client/Operational","8008","8156","MSEDGEWIN10","S-1-5-18","10/9/2020 4:24:45 AM","ea5114df-e31f-4741-ace8-75f1207351c2",,"System.UInt32[]","System.Diagnostics.Eventing.Reader.EventBookmark","Warning","Stop",,"System.Collections.ObjectModel.ReadOnlyCollection`1[System.String]","System.Collections.Generic.List`1[System.Diagnostics.Eventing.Reader.EventProperty]"
"BITS stopped transferring the UpdateDescriptionXml transfer job that is associated with the https://g.live.com/1rewlive5skydrive/ODSUProduction URL. The status code is 0x80072EE7.","61","1",,"3","0","2","4611686018427387904","7910","Microsoft-Windows-Bits-Client","ef1cc15b-46c1-414e-bb95-e76b077bd51e","Microsoft-Windows-Bits-Client/Operational","8008","8096","MSEDGEWIN10","S-1-5-18","10/9/2020 4:24:35 AM","4af7ca50-93f2-49fa-9d2c-825220258988",,"System.UInt32[]","System.Diagnostics.Eventing.Reader.EventBookmark","Warning","Stop",,"System.Collections.ObjectModel.ReadOnlyCollection`1[System.String]","System.Collections.Generic.List`1[System.Diagnostics.Eventing.Reader.EventProperty]"
"BITS stopped transferring the UpdateDescriptionXml transfer job that is associated with the https://g.live.com/1rewlive5skydrive/ODSUProduction URL. The status code is 0x80072EE7.","61","1",,"3","0","2","4611686018427387904","7909","Microsoft-Windows-Bits-Client","ef1cc15b-46c1-414e-bb95-e76b077bd51e","Microsoft-Windows-Bits-Client/Operational","8008","8156","MSEDGEWIN10","S-1-5-18","10/9/2020 4:24:25 AM","d0173fe4-abc4-43d2-8348-50762a847a8e",,"System.UInt32[]","System.Diagnostics.Eventing.Reader.EventBookmark","Warning","Stop",,"System.Collections.ObjectModel.ReadOnlyCollection`1[System.String]","System.Collections.Generic.List`1[System.Diagnostics.Eventing.Reader.EventProperty]"
"BITS stopped transferring the UpdateDescriptionXml transfer job that is associated with the https://g.live.com/1rewlive5skydrive/ODSUProduction URL. The status code is 0x80072EE7.","61","1",,"3","0","2","4611686018427387904","7908","Microsoft-Windows-Bits-Client","ef1cc15b-46c1-414e-bb95-e76b077bd51e","Microsoft-Windows-Bits-Client/Operational","8008","8152","MSEDGEWIN10","S-1-5-18","10/9/2020 4:24:15 AM","e0578160-7f35-4538-83c2-4a8bfce14ccb",,"System.UInt32[]","System.Diagnostics.Eventing.Reader.EventBookmark","Warning","Stop",,"System.Collections.ObjectModel.ReadOnlyCollection`1[System.String]","System.Collections.Generic.List`1[System.Diagnostics.Eventing.Reader.EventProperty]"
"BITS stopped transferring the UpdateDescriptionXml transfer job that is associated with the https://g.live.com/1rewlive5skydrive/ODSUProduction URL. The status code is 0x80072EE7.","61","1",,"3","0","2","4611686018427387904","7907","Microsoft-Windows-Bits-Client","ef1cc15b-46c1-414e-bb95-e76b077bd51e","Microsoft-Windows-Bits-Client/Operational","8008","8156","MSEDGEWIN10","S-1-5-18","10/9/2020 4:24:00 AM","c222d47b-d2a0-4d8f-a5ac-cd961d6338f0",,"System.UInt32[]","System.Diagnostics.Eventing.Reader.EventBookmark","Warning","Stop",,"System.Collections.ObjectModel.ReadOnlyCollection`1[System.String]","System.Collections.Generic.List`1[System.Diagnostics.Eventing.Reader.EventProperty]"
"BITS stopped transferring the UpdateDescriptionXml transfer job that is associated with the https://g.live.com/1rewlive5skydrive/ODSUProduction URL. The status code is 0x80072EE7.","61","1",,"3","0","2","4611686018427387904","7906","Microsoft-Windows-Bits-Client","ef1cc15b-46c1-414e-bb95-e76b077bd51e","Microsoft-Windows-Bits-Client/Operational","8008","8152","MSEDGEWIN10","S-1-5-18","10/9/2020 4:23:50 AM","7926caa3-2ff8-478a-8f4f-08ce0e47c6c2",,"System.UInt32[]","System.Diagnostics.Eventing.Reader.EventBookmark","Warning","Stop",,"System.Collections.ObjectModel.ReadOnlyCollection`1[System.String]","System.Collections.Generic.List`1[System.Diagnostics.Eventing.Reader.EventProperty]"
"BITS stopped transferring the UpdateDescriptionXml transfer job that is associated with the https://g.live.com/1rewlive5skydrive/ODSUProduction URL. The status code is 0x80072EE7.","61","1",,"3","0","2","4611686018427387904","7905","Microsoft-Windows-Bits-Client","ef1cc15b-46c1-414e-bb95-e76b077bd51e","Microsoft-Windows-Bits-Client/Operational","8008","8156","MSEDGEWIN10","S-1-5-18","10/9/2020 4:23:40 AM","abb0cd0c-7e9c-4b9d-9317-1ff81b57b624",,"System.UInt32[]","System.Diagnostics.Eventing.Reader.EventBookmark","Warning","Stop",,"System.Collections.ObjectModel.ReadOnlyCollection`1[System.String]","System.Collections.Generic.List`1[System.Diagnostics.Eventing.Reader.EventProperty]"
"BITS stopped transferring the UpdateDescriptionXml transfer job that is associated with the https://g.live.com/1rewlive5skydrive/ODSUProduction URL. The status code is 0x80072EE7.","61","1",,"3","0","2","4611686018427387904","7904","Microsoft-Windows-Bits-Client","ef1cc15b-46c1-414e-bb95-e76b077bd51e","Microsoft-Windows-Bits-Client/Operational","8008","8156","MSEDGEWIN10","S-1-5-18","10/9/2020 4:23:30 AM","83fee358-8140-4b95-ae9f-4509eae4c4a9",,"System.UInt32[]","System.Diagnostics.Eventing.Reader.EventBookmark","Warning","Stop",,"System.Collections.ObjectModel.ReadOnlyCollection`1[System.String]","System.Collections.Generic.List`1[System.Diagnostics.Eventing.Reader.EventProperty]"
"BITS stopped transferring the UpdateDescriptionXml transfer job that is associated with the https://g.live.com/1rewlive5skydrive/ODSUProduction URL. The status code is 0x80072EE7.","61","1",,"3","0","2","4611686018427387904","7903","Microsoft-Windows-Bits-Client","ef1cc15b-46c1-414e-bb95-e76b077bd51e","Microsoft-Windows-Bits-Client/Operational","8008","8156","MSEDGEWIN10","S-1-5-18","10/9/2020 4:23:15 AM","1bf39a2d-a798-4177-afd0-b260d46a9e65",,"System.UInt32[]","System.Diagnostics.Eventing.Reader.EventBookmark","Warning","Stop",,"System.Collections.ObjectModel.ReadOnlyCollection`1[System.String]","System.Collections.Generic.List`1[System.Diagnostics.Eventing.Reader.EventProperty]"
"BITS stopped transferring the UpdateDescriptionXml transfer job that is associated with the https://g.live.com/1rewlive5skydrive/ODSUProduction URL. The status code is 0x80072EE7.","61","1",,"3","0","2","4611686018427387904","7902","Microsoft-Windows-Bits-Client","ef1cc15b-46c1-414e-bb95-e76b077bd51e","Microsoft-Windows-Bits-Client/Operational","8008","8152","MSEDGEWIN10","S-1-5-18","10/9/2020 4:23:05 AM","458dbc86-629c-4fc7-a1e5-18b1526f4bec",,"System.UInt32[]","System.Diagnostics.Eventing.Reader.EventBookmark","Warning","Stop",,"System.Collections.ObjectModel.ReadOnlyCollection`1[System.String]","System.Collections.Generic.List`1[System.Diagnostics.Eventing.Reader.EventProperty]"
"BITS stopped transferring the UpdateDescriptionXml transfer job that is associated with the https://g.live.com/1rewlive5skydrive/ODSUProduction URL. The status code is 0x80072EE7.","61","1",,"3","0","2","4611686018427387904","7901","Microsoft-Windows-Bits-Client","ef1cc15b-46c1-414e-bb95-e76b077bd51e","Microsoft-Windows-Bits-Client/Operational","8008","8152","MSEDGEWIN10","S-1-5-18","10/9/2020 4:22:55 AM","796dc387-d6c3-4f96-93be-68bcaa48625a",,"System.UInt32[]","System.Diagnostics.Eventing.Reader.EventBookmark","Warning","Stop",,"System.Collections.ObjectModel.ReadOnlyCollection`1[System.String]","System.Collections.Generic.List`1[System.Diagnostics.Eventing.Reader.EventProperty]"
"BITS stopped transferring the UpdateDescriptionXml transfer job that is associated with the https://g.live.com/1rewlive5skydrive/ODSUProduction URL. The status code is 0x80072EE7.","61","1",,"3","0","2","4611686018427387904","7900","Microsoft-Windows-Bits-Client","ef1cc15b-46c1-414e-bb95-e76b077bd51e","Microsoft-Windows-Bits-Client/Operational","8008","8096","MSEDGEWIN10","S-1-5-18","10/9/2020 4:22:45 AM","169d2e36-252e-4263-a904-6ef83e249076",,"System.UInt32[]","System.Diagnostics.Eventing.Reader.EventBookmark","Warning","Stop",,"System.Collections.ObjectModel.ReadOnlyCollection`1[System.String]","System.Collections.Generic.List`1[System.Diagnostics.Eventing.Reader.EventProperty]"
"The BITS service created a new job.
Transfer job: UpdateDescriptionXml
Job ID: {b1180483-2eda-4a51-86f8-60fdc283d715}
Owner: MSEDGEWIN10\IEUser
Process Path: C:\Users\IEUser\AppData\Local\Microsoft\OneDrive\OneDriveStandaloneUpdater.exe
Process ID: 6104","3","2",,"4","0","0","4611686018427387904","7899","Microsoft-Windows-Bits-Client","ef1cc15b-46c1-414e-bb95-e76b077bd51e","Microsoft-Windows-Bits-Client/Operational","8008","8096","MSEDGEWIN10","S-1-5-18","10/9/2020 4:22:45 AM",,,"System.UInt32[]","System.Diagnostics.Eventing.Reader.EventBookmark","Information","Info",,"System.Collections.ObjectModel.ReadOnlyCollection`1[System.String]","System.Collections.Generic.List`1[System.Diagnostics.Eventing.Reader.EventProperty]"
"Job cancelled. User: MSEDGEWIN10\IEUser, job: PreSignInSettingsConfigJSON, jobID: {cb5f4f7e-3674-46b5-bbdc-1e900032712c}, owner: MSEDGEWIN10\IEUser, filecount: 1","5","0",,"4","0","0","4611686018427387904","7898","Microsoft-Windows-Bits-Client","ef1cc15b-46c1-414e-bb95-e76b077bd51e","Microsoft-Windows-Bits-Client/Operational","8008","8096","MSEDGEWIN10","S-1-5-21-3461203602-4096304019-2269080069-1000","10/9/2020 4:21:54 AM",,,"System.UInt32[]","System.Diagnostics.Eventing.Reader.EventBookmark","Information","Info",,"System.Collections.ObjectModel.ReadOnlyCollection`1[System.String]","System.Collections.Generic.List`1[System.Diagnostics.Eventing.Reader.EventProperty]"
"BITS stopped transferring the PreSignInSettingsConfigJSON transfer job that is associated with the https://g.live.com/odclientsettings/Prod URL. The status code is 0x80072EE7.","61","1",,"3","0","2","4611686018427387904","7897","Microsoft-Windows-Bits-Client","ef1cc15b-46c1-414e-bb95-e76b077bd51e","Microsoft-Windows-Bits-Client/Operational","8008","8096","MSEDGEWIN10","S-1-5-18","10/9/2020 4:21:39 AM","7f970928-4896-4dc8-be86-ffbab73bc988",,"System.UInt32[]","System.Diagnostics.Eventing.Reader.EventBookmark","Warning","Stop",,"System.Collections.ObjectModel.ReadOnlyCollection`1[System.String]","System.Collections.Generic.List`1[System.Diagnostics.Eventing.Reader.EventProperty]"
"BITS stopped transferring the PreSignInSettingsConfigJSON transfer job that is associated with the https://g.live.com/odclientsettings/Prod URL. The status code is 0x80072EE7.","61","1",,"3","0","2","4611686018427387904","7896","Microsoft-Windows-Bits-Client","ef1cc15b-46c1-414e-bb95-e76b077bd51e","Microsoft-Windows-Bits-Client/Operational","8008","8152","MSEDGEWIN10","S-1-5-18","10/9/2020 4:21:29 AM","5e68e381-a508-4310-91e1-2e8b3cf69487",,"System.UInt32[]","System.Diagnostics.Eventing.Reader.EventBookmark","Warning","Stop",,"System.Collections.ObjectModel.ReadOnlyCollection`1[System.String]","System.Collections.Generic.List`1[System.Diagnostics.Eventing.Reader.EventProperty]"
"BITS stopped transferring the PreSignInSettingsConfigJSON transfer job that is associated with the https://g.live.com/odclientsettings/Prod URL. The status code is 0x80072EE7.","61","1",,"3","0","2","4611686018427387904","7895","Microsoft-Windows-Bits-Client","ef1cc15b-46c1-414e-bb95-e76b077bd51e","Microsoft-Windows-Bits-Client/Operational","8008","8096","MSEDGEWIN10","S-1-5-18","10/9/2020 4:21:19 AM","094d64ed-093c-4026-bcfb-b427ac569305",,"System.UInt32[]","System.Diagnostics.Eventing.Reader.EventBookmark","Warning","Stop",,"System.Collections.ObjectModel.ReadOnlyCollection`1[System.String]","System.Collections.Generic.List`1[System.Diagnostics.Eventing.Reader.EventProperty]"
"BITS stopped transferring the PreSignInSettingsConfigJSON transfer job that is associated with the https://g.live.com/odclientsettings/Prod URL. The status code is 0x80072EE7.","61","1",,"3","0","2","4611686018427387904","7894","Microsoft-Windows-Bits-Client","ef1cc15b-46c1-414e-bb95-e76b077bd51e","Microsoft-Windows-Bits-Client/Operational","8008","8156","MSEDGEWIN10","S-1-5-18","10/9/2020 4:21:09 AM","4b880607-c533-49f3-8fe2-784105c3acbe",,"System.UInt32[]","System.Diagnostics.Eventing.Reader.EventBookmark","Warning","Stop",,"System.Collections.ObjectModel.ReadOnlyCollection`1[System.String]","System.Collections.Generic.List`1[System.Diagnostics.Eventing.Reader.EventProperty]"
"BITS stopped transferring the PreSignInSettingsConfigJSON transfer job that is associated with the https://g.live.com/odclientsettings/Prod URL. The status code is 0x80072EE7.","61","1",,"3","0","2","4611686018427387904","7893","Microsoft-Windows-Bits-Client","ef1cc15b-46c1-414e-bb95-e76b077bd51e","Microsoft-Windows-Bits-Client/Operational","8008","8152","MSEDGEWIN10","S-1-5-18","10/9/2020 4:20:54 AM","4c76734a-1d45-487e-b26c-323dccaa366e",,"System.UInt32[]","System.Diagnostics.Eventing.Reader.EventBookmark","Warning","Stop",,"System.Collections.ObjectModel.ReadOnlyCollection`1[System.String]","System.Collections.Generic.List`1[System.Diagnostics.Eventing.Reader.EventProperty]"
"BITS stopped transferring the PreSignInSettingsConfigJSON transfer job that is associated with the https://g.live.com/odclientsettings/Prod URL. The status code is 0x80072EE7.","61","1",,"3","0","2","4611686018427387904","7892","Microsoft-Windows-Bits-Client","ef1cc15b-46c1-414e-bb95-e76b077bd51e","Microsoft-Windows-Bits-Client/Operational","8008","8156","MSEDGEWIN10","S-1-5-18","10/9/2020 4:20:44 AM","24273e1a-4777-492a-819a-1653ee43575e",,"System.UInt32[]","System.Diagnostics.Eventing.Reader.EventBookmark","Warning","Stop",,"System.Collections.ObjectModel.ReadOnlyCollection`1[System.String]","System.Collections.Generic.List`1[System.Diagnostics.Eventing.Reader.EventProperty]"
"BITS stopped transferring the PreSignInSettingsConfigJSON transfer job that is associated with the https://g.live.com/odclientsettings/Prod URL. The status code is 0x80072EE7.","61","1",,"3","0","2","4611686018427387904","7891","Microsoft-Windows-Bits-Client","ef1cc15b-46c1-414e-bb95-e76b077bd51e","Microsoft-Windows-Bits-Client/Operational","8008","8156","MSEDGEWIN10","S-1-5-18","10/9/2020 4:20:34 AM","1ee35136-f310-482e-9a40-3e5067ebdeed",,"System.UInt32[]","System.Diagnostics.Eventing.Reader.EventBookmark","Warning","Stop",,"System.Collections.ObjectModel.ReadOnlyCollection`1[System.String]","System.Collections.Generic.List`1[System.Diagnostics.Eventing.Reader.EventProperty]"
