"Job cancelled. User: MSEDGEWIN10\IEUser, job: 539cd7d7.png, jobID: {80215064-c6f0-4685-b47e-d332ba28aee8}, owner: MSEDGEWIN10\IEUser, filecount: 1","5","0",,"4","0","0","4611686018427387904","9337","Microsoft-Windows-Bits-Client","ef1cc15b-46c1-414e-bb95-e76b077bd51e","Microsoft-Windows-Bits-Client/Operational","5328","10060","MSEDGEWIN10","S-1-5-21-3461203602-4096304019-2269080069-1000","3/15/2021 10:57:38 AM",,,"System.UInt32[]","System.Diagnostics.Eventing.Reader.EventBookmark","Information","Info",,"System.Collections.ObjectModel.ReadOnlyCollection`1[System.String]","System.Collections.Generic.List`1[System.Diagnostics.Eventing.Reader.EventProperty]"
"BITS stopped transferring the 539cd7d7.png transfer job that is associated with the https://i.imgur.com/IFpvPlt.png URL. The status code is 0x80072EE7.","61","1",,"3","0","2","4611686018427387904","9336","Microsoft-Windows-Bits-Client","ef1cc15b-46c1-414e-bb95-e76b077bd51e","Microsoft-Windows-Bits-Client/Operational","5328","10060","MSEDGEWIN10","S-1-5-18","3/15/2021 10:56:57 AM","64454a88-9fe8-444a-9b7c-edc7669531a5",,"System.UInt32[]","System.Diagnostics.Eventing.Reader.EventBookmark","Warning","Stop",,"System.Collections.ObjectModel.ReadOnlyCollection`1[System.String]","System.Collections.Generic.List`1[System.Diagnostics.Eventing.Reader.EventProperty]"
"The BITS service created a new job.
Transfer job: 539cd7d7.png
Job ID: {80215064-c6f0-4685-b47e-d332ba28aee8}
Owner: MSEDGEWIN10\IEUser
Process Path: C:\Windows\SysWOW64\notepad.exe
Process ID: 9084","3","2",,"4","0","0","4611686018427387904","9335","Microsoft-Windows-Bits-Client","ef1cc15b-46c1-414e-bb95-e76b077bd51e","Microsoft-Windows-Bits-Client/Operational","5328","8604","MSEDGEWIN10","S-1-5-18","3/15/2021 10:56:57 AM",,,"System.UInt32[]","System.Diagnostics.Eventing.Reader.EventBookmark","Information","Info",,"System.Collections.ObjectModel.ReadOnlyCollection`1[System.String]","System.Collections.Generic.List`1[System.Diagnostics.Eventing.Reader.EventProperty]"
"BITS stopped transferring the Font Download transfer job that is associated with the https://fs.microsoft.com/fs/windows/config.json URL. The status code is 0x80072EE7.","61","1",,"3","0","2","4611686018427387904","9334","Microsoft-Windows-Bits-Client","ef1cc15b-46c1-414e-bb95-e76b077bd51e","Microsoft-Windows-Bits-Client/Operational","5328","8604","MSEDGEWIN10","S-1-5-18","3/15/2021 10:56:14 AM","6a8303d9-6f35-4fae-aff4-821d68b5c6b0",,"System.UInt32[]","System.Diagnostics.Eventing.Reader.EventBookmark","Warning","Stop",,"System.Collections.ObjectModel.ReadOnlyCollection`1[System.String]","System.Collections.Generic.List`1[System.Diagnostics.Eventing.Reader.EventProperty]"
"Job cancelled. User: MSEDGEWIN10\IEUser, job: UpdateDescriptionXml, jobID: {784c2213-0f9c-42c8-b954-b23c831c4359}, owner: MSEDGEWIN10\IEUser, filecount: 1","5","0",,"4","0","0","4611686018427387904","9333","Microsoft-Windows-Bits-Client","ef1cc15b-46c1-414e-bb95-e76b077bd51e","Microsoft-Windows-Bits-Client/Operational","5328","2860","MSEDGEWIN10","S-1-5-21-3461203602-4096304019-2269080069-1000","3/15/2021 10:55:34 AM",,,"System.UInt32[]","System.Diagnostics.Eventing.Reader.EventBookmark","Information","Info",,"System.Collections.ObjectModel.ReadOnlyCollection`1[System.String]","System.Collections.Generic.List`1[System.Diagnostics.Eventing.Reader.EventProperty]"
"BITS stopped transferring the UpdateDescriptionXml transfer job that is associated with the https://g.live.com/1rewlive5skydrive/ODSUProduction URL. The status code is 0x80072EE7.","61","1",,"3","0","2","4611686018427387904","9332","Microsoft-Windows-Bits-Client","ef1cc15b-46c1-414e-bb95-e76b077bd51e","Microsoft-Windows-Bits-Client/Operational","5328","2860","MSEDGEWIN10","S-1-5-18","3/15/2021 10:55:19 AM","9d11b754-2df5-46a2-b225-8faf312113f7",,"System.UInt32[]","System.Diagnostics.Eventing.Reader.EventBookmark","Warning","Stop",,"System.Collections.ObjectModel.ReadOnlyCollection`1[System.String]","System.Collections.Generic.List`1[System.Diagnostics.Eventing.Reader.EventProperty]"
"BITS stopped transferring the UpdateDescriptionXml transfer job that is associated with the https://g.live.com/1rewlive5skydrive/ODSUProduction URL. The status code is 0x80072EE7.","61","1",,"3","0","2","4611686018427387904","9331","Microsoft-Windows-Bits-Client","ef1cc15b-46c1-414e-bb95-e76b077bd51e","Microsoft-Windows-Bits-Client/Operational","5328","2860","MSEDGEWIN10","S-1-5-18","3/15/2021 10:55:09 AM","853c5889-fe67-4d18-900e-0f1ead7c77c7",,"System.UInt32[]","System.Diagnostics.Eventing.Reader.EventBookmark","Warning","Stop",,"System.Collections.ObjectModel.ReadOnlyCollection`1[System.String]","System.Collections.Generic.List`1[System.Diagnostics.Eventing.Reader.EventProperty]"
"BITS stopped transferring the UpdateDescriptionXml transfer job that is associated with the https://g.live.com/1rewlive5skydrive/ODSUProduction URL. The status code is 0x80072EE7.","61","1",,"3","0","2","4611686018427387904","9330","Microsoft-Windows-Bits-Client","ef1cc15b-46c1-414e-bb95-e76b077bd51e","Microsoft-Windows-Bits-Client/Operational","5328","8604","MSEDGEWIN10","S-1-5-18","3/15/2021 10:54:59 AM","cbc92fef-c026-4be5-81a8-cce4bac5f68c",,"System.UInt32[]","System.Diagnostics.Eventing.Reader.EventBookmark","Warning","Stop",,"System.Collections.ObjectModel.ReadOnlyCollection`1[System.String]","System.Collections.Generic.List`1[System.Diagnostics.Eventing.Reader.EventProperty]"
"BITS stopped transferring the UpdateDescriptionXml transfer job that is associated with the https://g.live.com/1rewlive5skydrive/ODSUProduction URL. The status code is 0x80072EE7.","61","1",,"3","0","2","4611686018427387904","9329","Microsoft-Windows-Bits-Client","ef1cc15b-46c1-414e-bb95-e76b077bd51e","Microsoft-Windows-Bits-Client/Operational","5328","10060","MSEDGEWIN10","S-1-5-18","3/15/2021 10:54:49 AM","15fdd17c-6a0d-4996-a778-c1b53a637926",,"System.UInt32[]","System.Diagnostics.Eventing.Reader.EventBookmark","Warning","Stop",,"System.Collections.ObjectModel.ReadOnlyCollection`1[System.String]","System.Collections.Generic.List`1[System.Diagnostics.Eventing.Reader.EventProperty]"
"BITS stopped transferring the UpdateDescriptionXml transfer job that is associated with the https://g.live.com/1rewlive5skydrive/ODSUProduction URL. The status code is 0x80072EE7.","61","1",,"3","0","2","4611686018427387904","9328","Microsoft-Windows-Bits-Client","ef1cc15b-46c1-414e-bb95-e76b077bd51e","Microsoft-Windows-Bits-Client/Operational","5328","10060","MSEDGEWIN10","S-1-5-18","3/15/2021 10:54:34 AM","2f13674b-2975-4171-aa81-7f9d69f87e83",,"System.UInt32[]","System.Diagnostics.Eventing.Reader.EventBookmark","Warning","Stop",,"System.Collections.ObjectModel.ReadOnlyCollection`1[System.String]","System.Collections.Generic.List`1[System.Diagnostics.Eventing.Reader.EventProperty]"
"BITS stopped transferring the UpdateDescriptionXml transfer job that is associated with the https://g.live.com/1rewlive5skydrive/ODSUProduction URL. The status code is 0x80072EE7.","61","1",,"3","0","2","4611686018427387904","9327","Microsoft-Windows-Bits-Client","ef1cc15b-46c1-414e-bb95-e76b077bd51e","Microsoft-Windows-Bits-Client/Operational","5328","8604","MSEDGEWIN10","S-1-5-18","3/15/2021 10:54:24 AM","0bbef04f-28ed-489a-bb26-d06f38db9315",,"System.UInt32[]","System.Diagnostics.Eventing.Reader.EventBookmark","Warning","Stop",,"System.Collections.ObjectModel.ReadOnlyCollection`1[System.String]","System.Collections.Generic.List`1[System.Diagnostics.Eventing.Reader.EventProperty]"
"BITS stopped transferring the UpdateDescriptionXml transfer job that is associated with the https://g.live.com/1rewlive5skydrive/ODSUProduction URL. The status code is 0x80072EE7.","61","1",,"3","0","2","4611686018427387904","9326","Microsoft-Windows-Bits-Client","ef1cc15b-46c1-414e-bb95-e76b077bd51e","Microsoft-Windows-Bits-Client/Operational","5328","8604","MSEDGEWIN10","S-1-5-18","3/15/2021 10:54:14 AM","f0c567dd-0e06-41b6-930e-3618ad7d05d0",,"System.UInt32[]","System.Diagnostics.Eventing.Reader.EventBookmark","Warning","Stop",,"System.Collections.ObjectModel.ReadOnlyCollection`1[System.String]","System.Collections.Generic.List`1[System.Diagnostics.Eventing.Reader.EventProperty]"
"BITS stopped transferring the UpdateDescriptionXml transfer job that is associated with the https://g.live.com/1rewlive5skydrive/ODSUProduction URL. The status code is 0x80072EE7.","61","1",,"3","0","2","4611686018427387904","9325","Microsoft-Windows-Bits-Client","ef1cc15b-46c1-414e-bb95-e76b077bd51e","Microsoft-Windows-Bits-Client/Operational","5328","2860","MSEDGEWIN10","S-1-5-18","3/15/2021 10:54:04 AM","04da5f7d-05f1-4dfa-8aea-4b00a7569c54",,"System.UInt32[]","System.Diagnostics.Eventing.Reader.EventBookmark","Warning","Stop",,"System.Collections.ObjectModel.ReadOnlyCollection`1[System.String]","System.Collections.Generic.List`1[System.Diagnostics.Eventing.Reader.EventProperty]"
"BITS stopped transferring the UpdateDescriptionXml transfer job that is associated with the https://g.live.com/1rewlive5skydrive/ODSUProduction URL. The status code is 0x80072EE7.","61","1",,"3","0","2","4611686018427387904","9324","Microsoft-Windows-Bits-Client","ef1cc15b-46c1-414e-bb95-e76b077bd51e","Microsoft-Windows-Bits-Client/Operational","5328","2860","MSEDGEWIN10","S-1-5-18","3/15/2021 10:53:49 AM","ea1a5ef2-b3ee-4908-a646-d9bf4436bd7a",,"System.UInt32[]","System.Diagnostics.Eventing.Reader.EventBookmark","Warning","Stop",,"System.Collections.ObjectModel.ReadOnlyCollection`1[System.String]","System.Collections.Generic.List`1[System.Diagnostics.Eventing.Reader.EventProperty]"
"BITS stopped transferring the UpdateDescriptionXml transfer job that is associated with the https://g.live.com/1rewlive5skydrive/ODSUProduction URL. The status code is 0x80072EE7.","61","1",,"3","0","2","4611686018427387904","9323","Microsoft-Windows-Bits-Client","ef1cc15b-46c1-414e-bb95-e76b077bd51e","Microsoft-Windows-Bits-Client/Operational","5328","10060","MSEDGEWIN10","S-1-5-18","3/15/2021 10:53:39 AM","94ce3fcc-b9ed-4998-ae2e-588aa3abb868",,"System.UInt32[]","System.Diagnostics.Eventing.Reader.EventBookmark","Warning","Stop",,"System.Collections.ObjectModel.ReadOnlyCollection`1[System.String]","System.Collections.Generic.List`1[System.Diagnostics.Eventing.Reader.EventProperty]"
"BITS stopped transferring the UpdateDescriptionXml transfer job that is associated with the https://g.live.com/1rewlive5skydrive/ODSUProduction URL. The status code is 0x80072EE7.","61","1",,"3","0","2","4611686018427387904","9322","Microsoft-Windows-Bits-Client","ef1cc15b-46c1-414e-bb95-e76b077bd51e","Microsoft-Windows-Bits-Client/Operational","5328","8604","MSEDGEWIN10","S-1-5-18","3/15/2021 10:53:29 AM","2872b4ec-948d-4653-b89a-142d91b1c82b",,"System.UInt32[]","System.Diagnostics.Eventing.Reader.EventBookmark","Warning","Stop",,"System.Collections.ObjectModel.ReadOnlyCollection`1[System.String]","System.Collections.Generic.List`1[System.Diagnostics.Eventing.Reader.EventProperty]"
"BITS stopped transferring the UpdateDescriptionXml transfer job that is associated with the https://g.live.com/1rewlive5skydrive/ODSUProduction URL. The status code is 0x80072EE7.","61","1",,"3","0","2","4611686018427387904","9321","Microsoft-Windows-Bits-Client","ef1cc15b-46c1-414e-bb95-e76b077bd51e","Microsoft-Windows-Bits-Client/Operational","5328","2860","MSEDGEWIN10","S-1-5-18","3/15/2021 10:53:19 AM","89b7ba73-1562-48cf-a669-96f926f41ad3",,"System.UInt32[]","System.Diagnostics.Eventing.Reader.EventBookmark","Warning","Stop",,"System.Collections.ObjectModel.ReadOnlyCollection`1[System.String]","System.Collections.Generic.List`1[System.Diagnostics.Eventing.Reader.EventProperty]"
"BITS stopped transferring the UpdateDescriptionXml transfer job that is associated with the https://g.live.com/1rewlive5skydrive/ODSUProduction URL. The status code is 0x80072EE7.","61","1",,"3","0","2","4611686018427387904","9320","Microsoft-Windows-Bits-Client","ef1cc15b-46c1-414e-bb95-e76b077bd51e","Microsoft-Windows-Bits-Client/Operational","5328","2860","MSEDGEWIN10","S-1-5-18","3/15/2021 10:53:04 AM","13b2f6ca-8c31-4cea-8fd0-b2238020a35e",,"System.UInt32[]","System.Diagnostics.Eventing.Reader.EventBookmark","Warning","Stop",,"System.Collections.ObjectModel.ReadOnlyCollection`1[System.String]","System.Collections.Generic.List`1[System.Diagnostics.Eventing.Reader.EventProperty]"
"BITS stopped transferring the UpdateDescriptionXml transfer job that is associated with the https://g.live.com/1rewlive5skydrive/ODSUProduction URL. The status code is 0x80072EE7.","61","1",,"3","0","2","4611686018427387904","9319","Microsoft-Windows-Bits-Client","ef1cc15b-46c1-414e-bb95-e76b077bd51e","Microsoft-Windows-Bits-Client/Operational","5328","8604","MSEDGEWIN10","S-1-5-18","3/15/2021 10:52:54 AM","65535361-f4e8-47c6-994d-54a3ad52d8ea",,"System.UInt32[]","System.Diagnostics.Eventing.Reader.EventBookmark","Warning","Stop",,"System.Collections.ObjectModel.ReadOnlyCollection`1[System.String]","System.Collections.Generic.List`1[System.Diagnostics.Eventing.Reader.EventProperty]"
"BITS stopped transferring the UpdateDescriptionXml transfer job that is associated with the https://g.live.com/1rewlive5skydrive/ODSUProduction URL. The status code is 0x80072EE7.","61","1",,"3","0","2","4611686018427387904","9318","Microsoft-Windows-Bits-Client","ef1cc15b-46c1-414e-bb95-e76b077bd51e","Microsoft-Windows-Bits-Client/Operational","5328","10060","MSEDGEWIN10","S-1-5-18","3/15/2021 10:52:44 AM","0bc77a80-7850-45e6-8cd9-79a85cbbe897",,"System.UInt32[]","System.Diagnostics.Eventing.Reader.EventBookmark","Warning","Stop",,"System.Collections.ObjectModel.ReadOnlyCollection`1[System.String]","System.Collections.Generic.List`1[System.Diagnostics.Eventing.Reader.EventProperty]"
"BITS stopped transferring the UpdateDescriptionXml transfer job that is associated with the https://g.live.com/1rewlive5skydrive/ODSUProduction URL. The status code is 0x80072EE7.","61","1",,"3","0","2","4611686018427387904","9317","Microsoft-Windows-Bits-Client","ef1cc15b-46c1-414e-bb95-e76b077bd51e","Microsoft-Windows-Bits-Client/Operational","5328","8604","MSEDGEWIN10","S-1-5-18","3/15/2021 10:52:34 AM","0a7aafcc-24af-4137-bc52-3216b7f8b2ec",,"System.UInt32[]","System.Diagnostics.Eventing.Reader.EventBookmark","Warning","Stop",,"System.Collections.ObjectModel.ReadOnlyCollection`1[System.String]","System.Collections.Generic.List`1[System.Diagnostics.Eventing.Reader.EventProperty]"
"The BITS service created a new job.
Transfer job: UpdateDescriptionXml
Job ID: {784c2213-0f9c-42c8-b954-b23c831c4359}
Owner: MSEDGEWIN10\IEUser
Process Path: C:\Users\IEUser\AppData\Local\Microsoft\OneDrive\OneDriveStandaloneUpdater.exe
Process ID: 3860","3","2",,"4","0","0","4611686018427387904","9316","Microsoft-Windows-Bits-Client","ef1cc15b-46c1-414e-bb95-e76b077bd51e","Microsoft-Windows-Bits-Client/Operational","5328","10060","MSEDGEWIN10","S-1-5-18","3/15/2021 10:52:34 AM",,,"System.UInt32[]","System.Diagnostics.Eventing.Reader.EventBookmark","Information","Info",,"System.Collections.ObjectModel.ReadOnlyCollection`1[System.String]","System.Collections.Generic.List`1[System.Diagnostics.Eventing.Reader.EventProperty]"
"Job cancelled. User: MSEDGEWIN10\IEUser, job: PreSignInSettingsConfigJSON, jobID: {104b39bc-4f3f-450f-8064-d6ee7b4a7bec}, owner: MSEDGEWIN10\IEUser, filecount: 1","5","0",,"4","0","0","4611686018427387904","9315","Microsoft-Windows-Bits-Client","ef1cc15b-46c1-414e-bb95-e76b077bd51e","Microsoft-Windows-Bits-Client/Operational","5328","10060","MSEDGEWIN10","S-1-5-21-3461203602-4096304019-2269080069-1000","3/15/2021 10:51:43 AM",,,"System.UInt32[]","System.Diagnostics.Eventing.Reader.EventBookmark","Information","Info",,"System.Collections.ObjectModel.ReadOnlyCollection`1[System.String]","System.Collections.Generic.List`1[System.Diagnostics.Eventing.Reader.EventProperty]"
"BITS stopped transferring the PreSignInSettingsConfigJSON transfer job that is associated with the https://g.live.com/odclientsettings/Prod URL. The status code is 0x80072EE7.","61","1",,"3","0","2","4611686018427387904","9314","Microsoft-Windows-Bits-Client","ef1cc15b-46c1-414e-bb95-e76b077bd51e","Microsoft-Windows-Bits-Client/Operational","5328","10060","MSEDGEWIN10","S-1-5-18","3/15/2021 10:51:28 AM","d54fc2ad-f490-4d6a-af24-5372e5b6fab3",,"System.UInt32[]","System.Diagnostics.Eventing.Reader.EventBookmark","Warning","Stop",,"System.Collections.ObjectModel.ReadOnlyCollection`1[System.String]","System.Collections.Generic.List`1[System.Diagnostics.Eventing.Reader.EventProperty]"
"BITS stopped transferring the PreSignInSettingsConfigJSON transfer job that is associated with the https://g.live.com/odclientsettings/Prod URL. The status code is 0x80072EE7.","61","1",,"3","0","2","4611686018427387904","9313","Microsoft-Windows-Bits-Client","ef1cc15b-46c1-414e-bb95-e76b077bd51e","Microsoft-Windows-Bits-Client/Operational","5328","10060","MSEDGEWIN10","S-1-5-18","3/15/2021 10:51:18 AM","867eb963-4763-40a9-8c81-abf652a154c4",,"System.UInt32[]","System.Diagnostics.Eventing.Reader.EventBookmark","Warning","Stop",,"System.Collections.ObjectModel.ReadOnlyCollection`1[System.String]","System.Collections.Generic.List`1[System.Diagnostics.Eventing.Reader.EventProperty]"
"BITS stopped transferring the PreSignInSettingsConfigJSON transfer job that is associated with the https://g.live.com/odclientsettings/Prod URL. The status code is 0x80072EE7.","61","1",,"3","0","2","4611686018427387904","9312","Microsoft-Windows-Bits-Client","ef1cc15b-46c1-414e-bb95-e76b077bd51e","Microsoft-Windows-Bits-Client/Operational","5328","8604","MSEDGEWIN10","S-1-5-18","3/15/2021 10:51:08 AM","dd5da2e4-eda7-4ddd-ae70-38da55b80b1d",,"System.UInt32[]","System.Diagnostics.Eventing.Reader.EventBookmark","Warning","Stop",,"System.Collections.ObjectModel.ReadOnlyCollection`1[System.String]","System.Collections.Generic.List`1[System.Diagnostics.Eventing.Reader.EventProperty]"
"BITS stopped transferring the PreSignInSettingsConfigJSON transfer job that is associated with the https://g.live.com/odclientsettings/Prod URL. The status code is 0x80072EE7.","61","1",,"3","0","2","4611686018427387904","9311","Microsoft-Windows-Bits-Client","ef1cc15b-46c1-414e-bb95-e76b077bd51e","Microsoft-Windows-Bits-Client/Operational","5328","2860","MSEDGEWIN10","S-1-5-18","3/15/2021 10:50:58 AM","e5474c20-f9c3-40d8-aefa-017d40c49c8d",,"System.UInt32[]","System.Diagnostics.Eventing.Reader.EventBookmark","Warning","Stop",,"System.Collections.ObjectModel.ReadOnlyCollection`1[System.String]","System.Collections.Generic.List`1[System.Diagnostics.Eventing.Reader.EventProperty]"
"BITS stopped transferring the PreSignInSettingsConfigJSON transfer job that is associated with the https://g.live.com/odclientsettings/Prod URL. The status code is 0x80072EE7.","61","1",,"3","0","2","4611686018427387904","9310","Microsoft-Windows-Bits-Client","ef1cc15b-46c1-414e-bb95-e76b077bd51e","Microsoft-Windows-Bits-Client/Operational","5328","8604","MSEDGEWIN10","S-1-5-18","3/15/2021 10:50:43 AM","c1ea8e62-6f1d-4b77-9112-6d509989af11",,"System.UInt32[]","System.Diagnostics.Eventing.Reader.EventBookmark","Warning","Stop",,"System.Collections.ObjectModel.ReadOnlyCollection`1[System.String]","System.Collections.Generic.List`1[System.Diagnostics.Eventing.Reader.EventProperty]"
"BITS stopped transferring the PreSignInSettingsConfigJSON transfer job that is associated with the https://g.live.com/odclientsettings/Prod URL. The status code is 0x80072EE7.","61","1",,"3","0","2","4611686018427387904","9309","Microsoft-Windows-Bits-Client","ef1cc15b-46c1-414e-bb95-e76b077bd51e","Microsoft-Windows-Bits-Client/Operational","5328","10060","MSEDGEWIN10","S-1-5-18","3/15/2021 10:50:33 AM","2ea84c0b-b0a2-4500-9a69-ca7c8a83081e",,"System.UInt32[]","System.Diagnostics.Eventing.Reader.EventBookmark","Warning","Stop",,"System.Collections.ObjectModel.ReadOnlyCollection`1[System.String]","System.Collections.Generic.List`1[System.Diagnostics.Eventing.Reader.EventProperty]"
"BITS stopped transferring the PreSignInSettingsConfigJSON transfer job that is associated with the https://g.live.com/odclientsettings/Prod URL. The status code is 0x80072EE7.","61","1",,"3","0","2","4611686018427387904","9308","Microsoft-Windows-Bits-Client","ef1cc15b-46c1-414e-bb95-e76b077bd51e","Microsoft-Windows-Bits-Client/Operational","5328","2860","MSEDGEWIN10","S-1-5-18","3/15/2021 10:50:23 AM","b3d0859a-4f78-465f-87cb-da4a9b17763e",,"System.UInt32[]","System.Diagnostics.Eventing.Reader.EventBookmark","Warning","Stop",,"System.Collections.ObjectModel.ReadOnlyCollection`1[System.String]","System.Collections.Generic.List`1[System.Diagnostics.Eventing.Reader.EventProperty]"
"BITS stopped transferring the PreSignInSettingsConfigJSON transfer job that is associated with the https://g.live.com/odclientsettings/Prod URL. The status code is 0x80072EE7.","61","1",,"3","0","2","4611686018427387904","9307","Microsoft-Windows-Bits-Client","ef1cc15b-46c1-414e-bb95-e76b077bd51e","Microsoft-Windows-Bits-Client/Operational","5328","10060","MSEDGEWIN10","S-1-5-18","3/15/2021 10:50:13 AM","a821a4c6-9a7f-4deb-94fb-6a9cc0354daa",,"System.UInt32[]","System.Diagnostics.Eventing.Reader.EventBookmark","Warning","Stop",,"System.Collections.ObjectModel.ReadOnlyCollection`1[System.String]","System.Collections.Generic.List`1[System.Diagnostics.Eventing.Reader.EventProperty]"
"BITS stopped transferring the PreSignInSettingsConfigJSON transfer job that is associated with the https://g.live.com/odclientsettings/Prod URL. The status code is 0x80072EE7.","61","1",,"3","0","2","4611686018427387904","9306","Microsoft-Windows-Bits-Client","ef1cc15b-46c1-414e-bb95-e76b077bd51e","Microsoft-Windows-Bits-Client/Operational","5328","8604","MSEDGEWIN10","S-1-5-18","3/15/2021 10:49:58 AM","5928bf1b-2511-4fa2-ba80-b66abfd788e4",,"System.UInt32[]","System.Diagnostics.Eventing.Reader.EventBookmark","Warning","Stop",,"System.Collections.ObjectModel.ReadOnlyCollection`1[System.String]","System.Collections.Generic.List`1[System.Diagnostics.Eventing.Reader.EventProperty]"
"BITS stopped transferring the PreSignInSettingsConfigJSON transfer job that is associated with the https://g.live.com/odclientsettings/Prod URL. The status code is 0x80072EE7.","61","1",,"3","0","2","4611686018427387904","9305","Microsoft-Windows-Bits-Client","ef1cc15b-46c1-414e-bb95-e76b077bd51e","Microsoft-Windows-Bits-Client/Operational","5328","8604","MSEDGEWIN10","S-1-5-18","3/15/2021 10:49:48 AM","fd825e7e-597e-479f-8936-8bf3addb2fed",,"System.UInt32[]","System.Diagnostics.Eventing.Reader.EventBookmark","Warning","Stop",,"System.Collections.ObjectModel.ReadOnlyCollection`1[System.String]","System.Collections.Generic.List`1[System.Diagnostics.Eventing.Reader.EventProperty]"
"BITS stopped transferring the PreSignInSettingsConfigJSON transfer job that is associated with the https://g.live.com/odclientsettings/Prod URL. The status code is 0x80072EE7.","61","1",,"3","0","2","4611686018427387904","9304","Microsoft-Windows-Bits-Client","ef1cc15b-46c1-414e-bb95-e76b077bd51e","Microsoft-Windows-Bits-Client/Operational","5328","8604","MSEDGEWIN10","S-1-5-18","3/15/2021 10:49:38 AM","fcbb8314-55e7-404f-8628-4320ecafb833",,"System.UInt32[]","System.Diagnostics.Eventing.Reader.EventBookmark","Warning","Stop",,"System.Collections.ObjectModel.ReadOnlyCollection`1[System.String]","System.Collections.Generic.List`1[System.Diagnostics.Eventing.Reader.EventProperty]"
"BITS stopped transferring the PreSignInSettingsConfigJSON transfer job that is associated with the https://g.live.com/odclientsettings/Prod URL. The status code is 0x80072EE7.","61","1",,"3","0","2","4611686018427387904","9303","Microsoft-Windows-Bits-Client","ef1cc15b-46c1-414e-bb95-e76b077bd51e","Microsoft-Windows-Bits-Client/Operational","5328","8604","MSEDGEWIN10","S-1-5-18","3/15/2021 10:49:28 AM","fa13f260-4678-46cb-b24c-d5de0402803c",,"System.UInt32[]","System.Diagnostics.Eventing.Reader.EventBookmark","Warning","Stop",,"System.Collections.ObjectModel.ReadOnlyCollection`1[System.String]","System.Collections.Generic.List`1[System.Diagnostics.Eventing.Reader.EventProperty]"
"BITS stopped transferring the PreSignInSettingsConfigJSON transfer job that is associated with the https://g.live.com/odclientsettings/Prod URL. The status code is 0x80072EE7.","61","1",,"3","0","2","4611686018427387904","9302","Microsoft-Windows-Bits-Client","ef1cc15b-46c1-414e-bb95-e76b077bd51e","Microsoft-Windows-Bits-Client/Operational","5328","10060","MSEDGEWIN10","S-1-5-18","3/15/2021 10:49:13 AM","b069e1f1-5640-4b1d-a053-86a3b806275d",,"System.UInt32[]","System.Diagnostics.Eventing.Reader.EventBookmark","Warning","Stop",,"System.Collections.ObjectModel.ReadOnlyCollection`1[System.String]","System.Collections.Generic.List`1[System.Diagnostics.Eventing.Reader.EventProperty]"
"BITS stopped transferring the PreSignInSettingsConfigJSON transfer job that is associated with the https://g.live.com/odclientsettings/Prod URL. The status code is 0x80072EE7.","61","1",,"3","0","2","4611686018427387904","9301","Microsoft-Windows-Bits-Client","ef1cc15b-46c1-414e-bb95-e76b077bd51e","Microsoft-Windows-Bits-Client/Operational","5328","2860","MSEDGEWIN10","S-1-5-18","3/15/2021 10:49:03 AM","43528cf4-c03f-45f0-98ed-379cb07544ef",,"System.UInt32[]","System.Diagnostics.Eventing.Reader.EventBookmark","Warning","Stop",,"System.Collections.ObjectModel.ReadOnlyCollection`1[System.String]","System.Collections.Generic.List`1[System.Diagnostics.Eventing.Reader.EventProperty]"
"BITS stopped transferring the PreSignInSettingsConfigJSON transfer job that is associated with the https://g.live.com/odclientsettings/Prod URL. The status code is 0x80072EE7.","61","1",,"3","0","2","4611686018427387904","9300","Microsoft-Windows-Bits-Client","ef1cc15b-46c1-414e-bb95-e76b077bd51e","Microsoft-Windows-Bits-Client/Operational","5328","10060","MSEDGEWIN10","S-1-5-18","3/15/2021 10:48:53 AM","5df9c4ea-6dd7-494e-9ede-61afd7c6e090",,"System.UInt32[]","System.Diagnostics.Eventing.Reader.EventBookmark","Warning","Stop",,"System.Collections.ObjectModel.ReadOnlyCollection`1[System.String]","System.Collections.Generic.List`1[System.Diagnostics.Eventing.Reader.EventProperty]"
"BITS stopped transferring the PreSignInSettingsConfigJSON transfer job that is associated with the https://g.live.com/odclientsettings/Prod URL. The status code is 0x80072EE7.","61","1",,"3","0","2","4611686018427387904","9299","Microsoft-Windows-Bits-Client","ef1cc15b-46c1-414e-bb95-e76b077bd51e","Microsoft-Windows-Bits-Client/Operational","5328","2860","MSEDGEWIN10","S-1-5-18","3/15/2021 10:48:43 AM","217c6fad-7c15-4479-a75d-04be666ae342",,"System.UInt32[]","System.Diagnostics.Eventing.Reader.EventBookmark","Warning","Stop",,"System.Collections.ObjectModel.ReadOnlyCollection`1[System.String]","System.Collections.Generic.List`1[System.Diagnostics.Eventing.Reader.EventProperty]"
"The BITS service created a new job.
Transfer job: PreSignInSettingsConfigJSON
Job ID: {104b39bc-4f3f-450f-8064-d6ee7b4a7bec}
Owner: MSEDGEWIN10\IEUser
Process Path: C:\Users\IEUser\AppData\Local\Microsoft\OneDrive\OneDriveStandaloneUpdater.exe
Process ID: 3860","3","2",,"4","0","0","4611686018427387904","9298","Microsoft-Windows-Bits-Client","ef1cc15b-46c1-414e-bb95-e76b077bd51e","Microsoft-Windows-Bits-Client/Operational","5328","2860","MSEDGEWIN10","S-1-5-18","3/15/2021 10:48:43 AM",,,"System.UInt32[]","System.Diagnostics.Eventing.Reader.EventBookmark","Information","Info",,"System.Collections.ObjectModel.ReadOnlyCollection`1[System.String]","System.Collections.Generic.List`1[System.Diagnostics.Eventing.Reader.EventProperty]"
"BITS stopped transferring the Font Download transfer job that is associated with the https://fs.microsoft.com/fs/windows/config.json URL. The status code is 0x80072EE7.","61","1",,"3","0","2","4611686018427387904","9297","Microsoft-Windows-Bits-Client","ef1cc15b-46c1-414e-bb95-e76b077bd51e","Microsoft-Windows-Bits-Client/Operational","5328","9652","MSEDGEWIN10","S-1-5-18","3/15/2021 10:46:13 AM","bcd795a2-e428-44de-be4c-074596ca1aaf",,"System.UInt32[]","System.Diagnostics.Eventing.Reader.EventBookmark","Warning","Stop",,"System.Collections.ObjectModel.ReadOnlyCollection`1[System.String]","System.Collections.Generic.List`1[System.Diagnostics.Eventing.Reader.EventProperty]"
"High performance property for BITS job ""Font Download"" with ID ""{b8452894-8381-4f6a-b7f8-efaec324e701}"" Enabled.","209","0",,"4","0","0","4611686018427387904","9296","Microsoft-Windows-Bits-Client","ef1cc15b-46c1-414e-bb95-e76b077bd51e","Microsoft-Windows-Bits-Client/Operational","5328","7148","MSEDGEWIN10","S-1-5-18","3/15/2021 10:46:13 AM",,,"System.UInt32[]","System.Diagnostics.Eventing.Reader.EventBookmark","Information","Info",,"System.Collections.ObjectModel.ReadOnlyCollection`1[System.String]","System.Collections.Generic.List`1[System.Diagnostics.Eventing.Reader.EventProperty]"
"The BITS service created a new job.
Transfer job: Font Download
Job ID: {b8452894-8381-4f6a-b7f8-efaec324e701}
Owner: NT AUTHORITY\LOCAL SERVICE
Process Path: C:\Windows\System32\svchost.exe
Process ID: 2100","3","2",,"4","0","0","4611686018427387904","9295","Microsoft-Windows-Bits-Client","ef1cc15b-46c1-414e-bb95-e76b077bd51e","Microsoft-Windows-Bits-Client/Operational","5328","2860","MSEDGEWIN10","S-1-5-18","3/15/2021 10:46:13 AM",,,"System.UInt32[]","System.Diagnostics.Eventing.Reader.EventBookmark","Information","Info",,"System.Collections.ObjectModel.ReadOnlyCollection`1[System.String]","System.Collections.Generic.List`1[System.Diagnostics.Eventing.Reader.EventProperty]"
"Job cancelled. User: NT AUTHORITY\SYSTEM, job: C:\Program Files (x86)\Google\Update\1.3.36.32\Recovery\GURBA52.tmp\GoogleUpdateSetup.crx3, jobID: {f292df28-a29f-4f7c-bcc7-28e3ede978ee}, owner: NT AUTHORITY\SYSTEM, filecount: 1","5","0",,"4","0","0","4611686018427387904","9294","Microsoft-Windows-Bits-Client","ef1cc15b-46c1-414e-bb95-e76b077bd51e","Microsoft-Windows-Bits-Client/Operational","5328","7148","MSEDGEWIN10","S-1-5-18","3/15/2021 10:46:12 AM",,,"System.UInt32[]","System.Diagnostics.Eventing.Reader.EventBookmark","Information","Info",,"System.Collections.ObjectModel.ReadOnlyCollection`1[System.String]","System.Collections.Generic.List`1[System.Diagnostics.Eventing.Reader.EventProperty]"
"BITS stopped transferring the C:\Program Files (x86)\Google\Update\1.3.36.32\Recovery\GURBA52.tmp\GoogleUpdateSetup.crx3 transfer job that is associated with the https://clients2.google.com/service/check2?crx3=true&appid=?1601?-?01?-?01T00:00:00.000000000ZB430FD4D0-B729-4F61-AA34-91526481799D?1601?-?01?-?01T00:00:00.000000000ZD&appversion=1.3.36.32&applang=&machine=1&version=1.3.36.32&userid=?1601?-?01?-?01T00:00:00.000000000ZB41975F82-406F-4186-AABD-6E6A89517884?1601?-?01?-?01T00:00:00.000000000ZD&osversion=10.0&servicepack= URL. The status code is 0x80072EE7.","61","1",,"3","0","2","4611686018427387904","9293","Microsoft-Windows-Bits-Client","ef1cc15b-46c1-414e-bb95-e76b077bd51e","Microsoft-Windows-Bits-Client/Operational","5328","7148","MSEDGEWIN10","S-1-5-18","3/15/2021 10:46:12 AM","d4cf3ca3-8b3b-4a5d-8aa5-fe00c0e1b094",,"System.UInt32[]","System.Diagnostics.Eventing.Reader.EventBookmark","Warning","Stop",,"System.Collections.ObjectModel.ReadOnlyCollection`1[System.String]","System.Collections.Generic.List`1[System.Diagnostics.Eventing.Reader.EventProperty]"
"The BITS service created a new job.
Transfer job: C:\Program Files (x86)\Google\Update\1.3.36.32\Recovery\GURBA52.tmp\GoogleUpdateSetup.crx3
Job ID: {f292df28-a29f-4f7c-bcc7-28e3ede978ee}
Owner: NT AUTHORITY\SYSTEM
Process Path: C:\Program Files (x86)\Google\Update\GoogleUpdate.exe
Process ID: 6532","3","2",,"4","0","0","4611686018427387904","9292","Microsoft-Windows-Bits-Client","ef1cc15b-46c1-414e-bb95-e76b077bd51e","Microsoft-Windows-Bits-Client/Operational","5328","9700","MSEDGEWIN10","S-1-5-18","3/15/2021 10:46:12 AM",,,"System.UInt32[]","System.Diagnostics.Eventing.Reader.EventBookmark","Information","Info",,"System.Collections.ObjectModel.ReadOnlyCollection`1[System.String]","System.Collections.Generic.List`1[System.Diagnostics.Eventing.Reader.EventProperty]"
"Job cancelled. User: NT AUTHORITY\SYSTEM, job: C:\Program Files (x86)\Google\Update\1.3.36.32\Recovery\GURBA52.tmp\GoogleUpdateSetup.crx3, jobID: {cc44f452-06c3-494a-b71e-4d07302cf006}, owner: NT AUTHORITY\SYSTEM, filecount: 1","5","0",,"4","0","0","4611686018427387904","9291","Microsoft-Windows-Bits-Client","ef1cc15b-46c1-414e-bb95-e76b077bd51e","Microsoft-Windows-Bits-Client/Operational","5328","9700","MSEDGEWIN10","S-1-5-18","3/15/2021 10:46:12 AM",,,"System.UInt32[]","System.Diagnostics.Eventing.Reader.EventBookmark","Information","Info",,"System.Collections.ObjectModel.ReadOnlyCollection`1[System.String]","System.Collections.Generic.List`1[System.Diagnostics.Eventing.Reader.EventProperty]"
"BITS stopped transferring the C:\Program Files (x86)\Google\Update\1.3.36.32\Recovery\GURBA52.tmp\GoogleUpdateSetup.crx3 transfer job that is associated with the https://clients2.google.com/service/check2?crx3=true&appid=?1601?-?01?-?01T00:00:00.000000000ZB430FD4D0-B729-4F61-AA34-91526481799D?1601?-?01?-?01T00:00:00.000000000ZD&appversion=1.3.36.32&applang=&machine=1&version=1.3.36.32&userid=?1601?-?01?-?01T00:00:00.000000000ZB41975F82-406F-4186-AABD-6E6A89517884?1601?-?01?-?01T00:00:00.000000000ZD&osversion=10.0&servicepack= URL. The status code is 0x80072EE7.","61","1",,"3","0","2","4611686018427387904","9290","Microsoft-Windows-Bits-Client","ef1cc15b-46c1-414e-bb95-e76b077bd51e","Microsoft-Windows-Bits-Client/Operational","5328","9700","MSEDGEWIN10","S-1-5-18","3/15/2021 10:46:12 AM","d0726f6c-0856-4385-a5bc-163ea784d162",,"System.UInt32[]","System.Diagnostics.Eventing.Reader.EventBookmark","Warning","Stop",,"System.Collections.ObjectModel.ReadOnlyCollection`1[System.String]","System.Collections.Generic.List`1[System.Diagnostics.Eventing.Reader.EventProperty]"
"The BITS service created a new job.
Transfer job: C:\Program Files (x86)\Google\Update\1.3.36.32\Recovery\GURBA52.tmp\GoogleUpdateSetup.crx3
Job ID: {cc44f452-06c3-494a-b71e-4d07302cf006}
Owner: NT AUTHORITY\SYSTEM
Process Path: C:\Program Files (x86)\Google\Update\GoogleUpdate.exe
Process ID: 6532","3","2",,"4","0","0","4611686018427387904","9289","Microsoft-Windows-Bits-Client","ef1cc15b-46c1-414e-bb95-e76b077bd51e","Microsoft-Windows-Bits-Client/Operational","5328","2860","MSEDGEWIN10","S-1-5-18","3/15/2021 10:46:12 AM",,,"System.UInt32[]","System.Diagnostics.Eventing.Reader.EventBookmark","Information","Info",,"System.Collections.ObjectModel.ReadOnlyCollection`1[System.String]","System.Collections.Generic.List`1[System.Diagnostics.Eventing.Reader.EventProperty]"
"Job cancelled. User: NT AUTHORITY\SYSTEM, job: C:\Users\IEUser\AppData\Local\{6AD2CAFD-6108-4D4F-A262-7AF246AEF3B3}, jobID: {742f208e-1c9f-4064-98ad-7425a69515ec}, owner: NT AUTHORITY\SYSTEM, filecount: 1","5","0",,"4","0","0","4611686018427387904","9288","Microsoft-Windows-Bits-Client","ef1cc15b-46c1-414e-bb95-e76b077bd51e","Microsoft-Windows-Bits-Client/Operational","5328","2860","MSEDGEWIN10","S-1-5-18","3/15/2021 10:46:12 AM",,,"System.UInt32[]","System.Diagnostics.Eventing.Reader.EventBookmark","Information","Info",,"System.Collections.ObjectModel.ReadOnlyCollection`1[System.String]","System.Collections.Generic.List`1[System.Diagnostics.Eventing.Reader.EventProperty]"
"BITS stopped transferring the C:\Users\IEUser\AppData\Local\{6AD2CAFD-6108-4D4F-A262-7AF246AEF3B3} transfer job that is associated with the https://clients2.google.com/service/check2?crx3=true&appid=?1601?-?01?-?01T00:00:00.000000000ZB430FD4D0-B729-4F61-AA34-91526481799D?1601?-?01?-?01T00:00:00.000000000ZD&appversion=1.3.36.32&applang=&machine=1&version=1.3.36.32&userid=?1601?-?01?-?01T00:00:00.000000000ZB41975F82-406F-4186-AABD-6E6A89517884?1601?-?01?-?01T00:00:00.000000000ZD&osversion=10.0&servicepack= URL. The status code is 0x80072EE7.","61","1",,"3","0","2","4611686018427387904","9287","Microsoft-Windows-Bits-Client","ef1cc15b-46c1-414e-bb95-e76b077bd51e","Microsoft-Windows-Bits-Client/Operational","5328","7148","MSEDGEWIN10","S-1-5-18","3/15/2021 10:46:12 AM","d27ab110-8505-47be-9527-c34437b847b4",,"System.UInt32[]","System.Diagnostics.Eventing.Reader.EventBookmark","Warning","Stop",,"System.Collections.ObjectModel.ReadOnlyCollection`1[System.String]","System.Collections.Generic.List`1[System.Diagnostics.Eventing.Reader.EventProperty]"
"The BITS service created a new job.
Transfer job: C:\Users\IEUser\AppData\Local\{6AD2CAFD-6108-4D4F-A262-7AF246AEF3B3}
Job ID: {742f208e-1c9f-4064-98ad-7425a69515ec}
Owner: NT AUTHORITY\SYSTEM
Process Path: C:\Program Files (x86)\Google\Update\GoogleUpdate.exe
Process ID: 6532","3","2",,"4","0","0","4611686018427387904","9286","Microsoft-Windows-Bits-Client","ef1cc15b-46c1-414e-bb95-e76b077bd51e","Microsoft-Windows-Bits-Client/Operational","5328","9700","MSEDGEWIN10","S-1-5-18","3/15/2021 10:46:12 AM",,,"System.UInt32[]","System.Diagnostics.Eventing.Reader.EventBookmark","Information","Info",,"System.Collections.ObjectModel.ReadOnlyCollection`1[System.String]","System.Collections.Generic.List`1[System.Diagnostics.Eventing.Reader.EventProperty]"
"Job cancelled. User: NT AUTHORITY\SYSTEM, job: C:\Users\IEUser\AppData\Local\{6AD2CAFD-6108-4D4F-A262-7AF246AEF3B3}, jobID: {22eadf81-cc99-49f6-8a7d-89b9beaef4d0}, owner: NT AUTHORITY\SYSTEM, filecount: 1","5","0",,"4","0","0","4611686018427387904","9285","Microsoft-Windows-Bits-Client","ef1cc15b-46c1-414e-bb95-e76b077bd51e","Microsoft-Windows-Bits-Client/Operational","5328","9700","MSEDGEWIN10","S-1-5-18","3/15/2021 10:46:12 AM",,,"System.UInt32[]","System.Diagnostics.Eventing.Reader.EventBookmark","Information","Info",,"System.Collections.ObjectModel.ReadOnlyCollection`1[System.String]","System.Collections.Generic.List`1[System.Diagnostics.Eventing.Reader.EventProperty]"
"BITS stopped transferring the C:\Users\IEUser\AppData\Local\{6AD2CAFD-6108-4D4F-A262-7AF246AEF3B3} transfer job that is associated with the https://clients2.google.com/service/check2?crx3=true&appid=?1601?-?01?-?01T00:00:00.000000000ZB430FD4D0-B729-4F61-AA34-91526481799D?1601?-?01?-?01T00:00:00.000000000ZD&appversion=1.3.36.32&applang=&machine=1&version=1.3.36.32&userid=?1601?-?01?-?01T00:00:00.000000000ZB41975F82-406F-4186-AABD-6E6A89517884?1601?-?01?-?01T00:00:00.000000000ZD&osversion=10.0&servicepack= URL. The status code is 0x80072EE7.","61","1",,"3","0","2","4611686018427387904","9284","Microsoft-Windows-Bits-Client","ef1cc15b-46c1-414e-bb95-e76b077bd51e","Microsoft-Windows-Bits-Client/Operational","5328","9700","MSEDGEWIN10","S-1-5-18","3/15/2021 10:46:12 AM","44f8a77d-fc20-4946-ac85-c3c2fb1347f7",,"System.UInt32[]","System.Diagnostics.Eventing.Reader.EventBookmark","Warning","Stop",,"System.Collections.ObjectModel.ReadOnlyCollection`1[System.String]","System.Collections.Generic.List`1[System.Diagnostics.Eventing.Reader.EventProperty]"
"The BITS service created a new job.
Transfer job: C:\Users\IEUser\AppData\Local\{6AD2CAFD-6108-4D4F-A262-7AF246AEF3B3}
Job ID: {22eadf81-cc99-49f6-8a7d-89b9beaef4d0}
Owner: NT AUTHORITY\SYSTEM
Process Path: C:\Program Files (x86)\Google\Update\GoogleUpdate.exe
Process ID: 6532","3","2",,"4","0","0","4611686018427387904","9283","Microsoft-Windows-Bits-Client","ef1cc15b-46c1-414e-bb95-e76b077bd51e","Microsoft-Windows-Bits-Client/Operational","5328","9700","MSEDGEWIN10","S-1-5-18","3/15/2021 10:46:12 AM",,,"System.UInt32[]","System.Diagnostics.Eventing.Reader.EventBookmark","Information","Info",,"System.Collections.ObjectModel.ReadOnlyCollection`1[System.String]","System.Collections.Generic.List`1[System.Diagnostics.Eventing.Reader.EventProperty]"
"The BITS service loaded the job list from disk.","306","0",,"5","0","0","4611686018427387904","9282","Microsoft-Windows-Bits-Client","ef1cc15b-46c1-414e-bb95-e76b077bd51e","Microsoft-Windows-Bits-Client/Operational","5328","5148","MSEDGEWIN10","S-1-5-18","3/15/2021 10:46:08 AM",,,"System.UInt32[]","System.Diagnostics.Eventing.Reader.EventBookmark","Verbose","Info",,"System.Collections.ObjectModel.ReadOnlyCollection`1[System.String]","System.Collections.Generic.List`1[System.Diagnostics.Eventing.Reader.EventProperty]"
"The BITS service loaded the job list from disk.","306","0",,"5","0","0","4611686018427387904","9281","Microsoft-Windows-Bits-Client","ef1cc15b-46c1-414e-bb95-e76b077bd51e","Microsoft-Windows-Bits-Client/Operational","3708","6076","MSEDGEWIN10","S-1-5-18","12/2/2020 1:46:28 AM",,,"System.UInt32[]","System.Diagnostics.Eventing.Reader.EventBookmark","Verbose","Info",,"System.Collections.ObjectModel.ReadOnlyCollection`1[System.String]","System.Collections.Generic.List`1[System.Diagnostics.Eventing.Reader.EventProperty]"
"High performance property for BITS job ""MicrosoftMapsBingGeoStore"" with ID ""{c95bf6f4-8629-4cb2-ab79-d4c56cec4d51}"" Enabled.","209","0",,"4","0","0","4611686018427387904","9280","Microsoft-Windows-Bits-Client","ef1cc15b-46c1-414e-bb95-e76b077bd51e","Microsoft-Windows-Bits-Client/Operational","944","4996","MSEDGEWIN10","S-1-5-18","12/1/2020 2:45:39 AM",,,"System.UInt32[]","System.Diagnostics.Eventing.Reader.EventBookmark","Information","Info",,"System.Collections.ObjectModel.ReadOnlyCollection`1[System.String]","System.Collections.Generic.List`1[System.Diagnostics.Eventing.Reader.EventProperty]"
"The BITS service created a new job.
Transfer job: MicrosoftMapsBingGeoStore
Job ID: {c95bf6f4-8629-4cb2-ab79-d4c56cec4d51}
Owner: NT AUTHORITY\NETWORK SERVICE
Process Path: C:\Windows\System32\svchost.exe
Process ID: 5316","3","2",,"4","0","0","4611686018427387904","9279","Microsoft-Windows-Bits-Client","ef1cc15b-46c1-414e-bb95-e76b077bd51e","Microsoft-Windows-Bits-Client/Operational","944","4996","MSEDGEWIN10","S-1-5-18","12/1/2020 2:45:39 AM",,,"System.UInt32[]","System.Diagnostics.Eventing.Reader.EventBookmark","Information","Info",,"System.Collections.ObjectModel.ReadOnlyCollection`1[System.String]","System.Collections.Generic.List`1[System.Diagnostics.Eventing.Reader.EventProperty]"
"The BITS service loaded the job list from disk.","306","0",,"5","0","0","4611686018427387904","9278","Microsoft-Windows-Bits-Client","ef1cc15b-46c1-414e-bb95-e76b077bd51e","Microsoft-Windows-Bits-Client/Operational","944","872","MSEDGEWIN10","S-1-5-18","12/1/2020 2:45:39 AM",,,"System.UInt32[]","System.Diagnostics.Eventing.Reader.EventBookmark","Verbose","Info",,"System.Collections.ObjectModel.ReadOnlyCollection`1[System.String]","System.Collections.Generic.List`1[System.Diagnostics.Eventing.Reader.EventProperty]"
"The transfer job is complete.
User: NT AUTHORITY\LOCAL SERVICE
Transfer job: Font Download
Job ID: {81f304ff-1f11-44d7-a053-849ce6823ab5}
Owner: NT AUTHORITY\LOCAL SERVICE
File count: 1","4","1",,"4","0","0","4611686018427387904","9277","Microsoft-Windows-Bits-Client","ef1cc15b-46c1-414e-bb95-e76b077bd51e","Microsoft-Windows-Bits-Client/Operational","6120","1912","MSEDGEWIN10","S-1-5-18","11/30/2020 5:15:34 AM",,,"System.UInt32[]","System.Diagnostics.Eventing.Reader.EventBookmark","Information","Info",,"System.Collections.ObjectModel.ReadOnlyCollection`1[System.String]","System.Collections.Generic.List`1[System.Diagnostics.Eventing.Reader.EventProperty]"
"BITS stopped transferring the Font Download transfer job that is associated with the https://fs.microsoft.com/fs/windows/config.json URL. The status code is 0x0.","60","1",,"4","0","2","4611686018427387904","9276","Microsoft-Windows-Bits-Client","ef1cc15b-46c1-414e-bb95-e76b077bd51e","Microsoft-Windows-Bits-Client/Operational","6120","1912","MSEDGEWIN10","S-1-5-18","11/30/2020 5:15:34 AM","308e95ea-20f2-4115-9a56-99286fa47c5e",,"System.UInt32[]","System.Diagnostics.Eventing.Reader.EventBookmark","Information","Stop",,"System.Collections.ObjectModel.ReadOnlyCollection`1[System.String]","System.Collections.Generic.List`1[System.Diagnostics.Eventing.Reader.EventProperty]"
"BITS started the Font Download transfer job that is associated with the https://fs.microsoft.com/fs/windows/config.json URL.","59","1",,"4","0","1","4611686018427387904","9275","Microsoft-Windows-Bits-Client","ef1cc15b-46c1-414e-bb95-e76b077bd51e","Microsoft-Windows-Bits-Client/Operational","6120","5324","MSEDGEWIN10","S-1-5-18","11/30/2020 5:15:33 AM","308e95ea-20f2-4115-9a56-99286fa47c5e",,"System.UInt32[]","System.Diagnostics.Eventing.Reader.EventBookmark","Information","Start",,"System.Collections.ObjectModel.ReadOnlyCollection`1[System.String]","System.Collections.Generic.List`1[System.Diagnostics.Eventing.Reader.EventProperty]"
"The initialization of the peer helper modules failed with the following error:  0x80070032.","310","0",,"3","0","0","4611686018427387904","9274","Microsoft-Windows-Bits-Client","ef1cc15b-46c1-414e-bb95-e76b077bd51e","Microsoft-Windows-Bits-Client/Operational","6120","5324","MSEDGEWIN10","S-1-5-18","11/30/2020 5:15:33 AM",,,"System.UInt32[]","System.Diagnostics.Eventing.Reader.EventBookmark","Warning","Info",,"System.Collections.ObjectModel.ReadOnlyCollection`1[System.String]","System.Collections.Generic.List`1[System.Diagnostics.Eventing.Reader.EventProperty]"
"High performance property for BITS job ""Font Download"" with ID ""{81f304ff-1f11-44d7-a053-849ce6823ab5}"" Enabled.","209","0",,"4","0","0","4611686018427387904","9273","Microsoft-Windows-Bits-Client","ef1cc15b-46c1-414e-bb95-e76b077bd51e","Microsoft-Windows-Bits-Client/Operational","6120","5164","MSEDGEWIN10","S-1-5-18","11/30/2020 5:15:32 AM",,,"System.UInt32[]","System.Diagnostics.Eventing.Reader.EventBookmark","Information","Info",,"System.Collections.ObjectModel.ReadOnlyCollection`1[System.String]","System.Collections.Generic.List`1[System.Diagnostics.Eventing.Reader.EventProperty]"
"The BITS service created a new job.
Transfer job: Font Download
Job ID: {81f304ff-1f11-44d7-a053-849ce6823ab5}
Owner: NT AUTHORITY\LOCAL SERVICE
Process Path: C:\Windows\System32\svchost.exe
Process ID: 1952","3","2",,"4","0","0","4611686018427387904","9272","Microsoft-Windows-Bits-Client","ef1cc15b-46c1-414e-bb95-e76b077bd51e","Microsoft-Windows-Bits-Client/Operational","6120","5148","MSEDGEWIN10","S-1-5-18","11/30/2020 5:15:32 AM",,,"System.UInt32[]","System.Diagnostics.Eventing.Reader.EventBookmark","Information","Info",,"System.Collections.ObjectModel.ReadOnlyCollection`1[System.String]","System.Collections.Generic.List`1[System.Diagnostics.Eventing.Reader.EventProperty]"
"The BITS service loaded the job list from disk.","306","0",,"5","0","0","4611686018427387904","9271","Microsoft-Windows-Bits-Client","ef1cc15b-46c1-414e-bb95-e76b077bd51e","Microsoft-Windows-Bits-Client/Operational","6120","6140","MSEDGEWIN10","S-1-5-18","11/30/2020 5:15:27 AM",,,"System.UInt32[]","System.Diagnostics.Eventing.Reader.EventBookmark","Verbose","Info",,"System.Collections.ObjectModel.ReadOnlyCollection`1[System.String]","System.Collections.Generic.List`1[System.Diagnostics.Eventing.Reader.EventProperty]"
"The BITS service loaded the job list from disk.","306","0",,"5","0","0","4611686018427387904","9270","Microsoft-Windows-Bits-Client","ef1cc15b-46c1-414e-bb95-e76b077bd51e","Microsoft-Windows-Bits-Client/Operational","1572","1896","MSEDGEWIN10","S-1-5-18","11/29/2020 11:57:00 AM",,,"System.UInt32[]","System.Diagnostics.Eventing.Reader.EventBookmark","Verbose","Info",,"System.Collections.ObjectModel.ReadOnlyCollection`1[System.String]","System.Collections.Generic.List`1[System.Diagnostics.Eventing.Reader.EventProperty]"
"The transfer job is complete.
User: MSEDGEWIN10\IEUser
Transfer job: Push Notification Platform Job: 1
Job ID: {7c884c32-3c47-42eb-b87a-c1cd34ac998f}
Owner: MSEDGEWIN10\IEUser
File count: 1","4","1",,"4","0","0","4611686018427387904","9269","Microsoft-Windows-Bits-Client","ef1cc15b-46c1-414e-bb95-e76b077bd51e","Microsoft-Windows-Bits-Client/Operational","7264","344","MSEDGEWIN10","S-1-5-18","11/29/2020 8:29:22 AM",,,"System.UInt32[]","System.Diagnostics.Eventing.Reader.EventBookmark","Information","Info",,"System.Collections.ObjectModel.ReadOnlyCollection`1[System.String]","System.Collections.Generic.List`1[System.Diagnostics.Eventing.Reader.EventProperty]"
"BITS stopped transferring the Push Notification Platform Job: 1 transfer job that is associated with the https://img-s-msn-com.akamaized.net/tenant/amp/entityid/BB1bsJv4.img?w=100&h=100&m=6&tilesize=medium&x=3175&y=1599&ms-scale=100&ms-contrast=standard URL. The status code is 0x0.","60","1",,"4","0","2","4611686018427387904","9268","Microsoft-Windows-Bits-Client","ef1cc15b-46c1-414e-bb95-e76b077bd51e","Microsoft-Windows-Bits-Client/Operational","7264","344","MSEDGEWIN10","S-1-5-18","11/29/2020 8:29:22 AM","b676c18c-5820-49ab-a0ba-ecc23b117423",,"System.UInt32[]","System.Diagnostics.Eventing.Reader.EventBookmark","Information","Stop",,"System.Collections.ObjectModel.ReadOnlyCollection`1[System.String]","System.Collections.Generic.List`1[System.Diagnostics.Eventing.Reader.EventProperty]"
"BITS started the Push Notification Platform Job: 1 transfer job that is associated with the https://img-s-msn-com.akamaized.net/tenant/amp/entityid/BB1bsJv4.img?w=100&h=100&m=6&tilesize=medium&x=3175&y=1599&ms-scale=100&ms-contrast=standard URL.","59","1",,"4","0","1","4611686018427387904","9267","Microsoft-Windows-Bits-Client","ef1cc15b-46c1-414e-bb95-e76b077bd51e","Microsoft-Windows-Bits-Client/Operational","7264","8664","MSEDGEWIN10","S-1-5-18","11/29/2020 8:29:22 AM","b676c18c-5820-49ab-a0ba-ecc23b117423",,"System.UInt32[]","System.Diagnostics.Eventing.Reader.EventBookmark","Information","Start",,"System.Collections.ObjectModel.ReadOnlyCollection`1[System.String]","System.Collections.Generic.List`1[System.Diagnostics.Eventing.Reader.EventProperty]"
