File count: 1","4","1",,"4","0","0","4611686018427387904","8525","Microsoft-Windows-Bits-Client","ef1cc15b-46c1-414e-bb95-e76b077bd51e","Microsoft-Windows-Bits-Client/Operational","7696","2396","MSEDGEWIN10","S-1-5-18","11/1/2020 10:33:01 AM",,,"System.UInt32[]","System.Diagnostics.Eventing.Reader.EventBookmark","Information","Info",,"System.Collections.ObjectModel.ReadOnlyCollection`1[System.String]","System.Collections.Generic.List`1[System.Diagnostics.Eventing.Reader.EventProperty]"
"BITS stopped transferring the PreSignInSettingsConfigJSON transfer job that is associated with the https://g.live.com/odclientsettings/Prod URL. The status code is 0x0.","60","1",,"4","0","2","4611686018427387904","8524","Microsoft-Windows-Bits-Client","ef1cc15b-46c1-414e-bb95-e76b077bd51e","Microsoft-Windows-Bits-Client/Operational","7696","2396","MSEDGEWIN10","S-1-5-18","11/1/2020 10:33:01 AM","6ad10e53-05c8-4138-97c9-d538b6642037",,"System.UInt32[]","System.Diagnostics.Eventing.Reader.EventBookmark","Information","Stop",,"System.Collections.ObjectModel.ReadOnlyCollection`1[System.String]","System.Collections.Generic.List`1[System.Diagnostics.Eventing.Reader.EventProperty]"
"BITS started the PreSignInSettingsConfigJSON transfer job that is associated with the https://g.live.com/odclientsettings/Prod URL.","59","1",,"4","0","1","4611686018427387904","8523","Microsoft-Windows-Bits-Client","ef1cc15b-46c1-414e-bb95-e76b077bd51e","Microsoft-Windows-Bits-Client/Operational","7696","8924","MSEDGEWIN10","S-1-5-18","11/1/2020 10:33:01 AM","6ad10e53-05c8-4138-97c9-d538b6642037",,"System.UInt32[]","System.Diagnostics.Eventing.Reader.EventBookmark","Information","Start",,"System.Collections.ObjectModel.ReadOnlyCollection`1[System.String]","System.Collections.Generic.List`1[System.Diagnostics.Eventing.Reader.EventProperty]"
"The BITS service created a new job.
Transfer job: PreSignInSettingsConfigJSON
Job ID: {4c082e04-5912-4e4c-954c-a3c48768539b}
Owner: MSEDGEWIN10\IEUser
Process Path: C:\Users\IEUser\AppData\Local\Microsoft\OneDrive\StandaloneUpdater\OneDriveSetup.exe
Process ID: 2456","3","2",,"4","0","0","4611686018427387904","8522","Microsoft-Windows-Bits-Client","ef1cc15b-46c1-414e-bb95-e76b077bd51e","Microsoft-Windows-Bits-Client/Operational","7696","5528","MSEDGEWIN10","S-1-5-18","11/1/2020 10:33:01 AM",,,"System.UInt32[]","System.Diagnostics.Eventing.Reader.EventBookmark","Information","Info",,"System.Collections.ObjectModel.ReadOnlyCollection`1[System.String]","System.Collections.Generic.List`1[System.Diagnostics.Eventing.Reader.EventProperty]"
"The transfer job is complete.
User: MSEDGEWIN10\IEUser
Transfer job: SetupBinary
Job ID: {5749c462-d6ab-4595-812a-03123eebc6d4}
Owner: MSEDGEWIN10\IEUser
File count: 1","4","1",,"4","0","0","4611686018427387904","8521","Microsoft-Windows-Bits-Client","ef1cc15b-46c1-414e-bb95-e76b077bd51e","Microsoft-Windows-Bits-Client/Operational","7696","5528","MSEDGEWIN10","S-1-5-18","11/1/2020 10:32:58 AM",,,"System.UInt32[]","System.Diagnostics.Eventing.Reader.EventBookmark","Information","Info",,"System.Collections.ObjectModel.ReadOnlyCollection`1[System.String]","System.Collections.Generic.List`1[System.Diagnostics.Eventing.Reader.EventProperty]"
"BITS stopped transferring the SetupBinary transfer job that is associated with the https://oneclient.sfx.ms/Win/Prod/20.169.0823.0008/OneDriveSetup.exe URL. The status code is 0x0.","60","1",,"4","0","2","4611686018427387904","8520","Microsoft-Windows-Bits-Client","ef1cc15b-46c1-414e-bb95-e76b077bd51e","Microsoft-Windows-Bits-Client/Operational","7696","5528","MSEDGEWIN10","S-1-5-18","11/1/2020 10:32:58 AM","6afe4f05-4767-4393-a04e-0f6352aa15c3",,"System.UInt32[]","System.Diagnostics.Eventing.Reader.EventBookmark","Information","Stop",,"System.Collections.ObjectModel.ReadOnlyCollection`1[System.String]","System.Collections.Generic.List`1[System.Diagnostics.Eventing.Reader.EventProperty]"
"BITS started the SetupBinary transfer job that is associated with the https://oneclient.sfx.ms/Win/Prod/20.169.0823.0008/OneDriveSetup.exe URL.","59","1",,"4","0","1","4611686018427387904","8519","Microsoft-Windows-Bits-Client","ef1cc15b-46c1-414e-bb95-e76b077bd51e","Microsoft-Windows-Bits-Client/Operational","7696","8568","MSEDGEWIN10","S-1-5-18","11/1/2020 10:30:11 AM","6afe4f05-4767-4393-a04e-0f6352aa15c3",,"System.UInt32[]","System.Diagnostics.Eventing.Reader.EventBookmark","Information","Start",,"System.Collections.ObjectModel.ReadOnlyCollection`1[System.String]","System.Collections.Generic.List`1[System.Diagnostics.Eventing.Reader.EventProperty]"
"BITS stopped transferring the SetupBinary transfer job that is associated with the https://oneclient.sfx.ms/Win/Prod/20.169.0823.0008/OneDriveSetup.exe URL. The status code is 0x80040009.","60","1",,"4","0","2","4611686018427387904","8518","Microsoft-Windows-Bits-Client","ef1cc15b-46c1-414e-bb95-e76b077bd51e","Microsoft-Windows-Bits-Client/Operational","7696","892","MSEDGEWIN10","S-1-5-18","11/1/2020 10:30:11 AM","b3eb215b-b4b8-4d55-ae34-11a94e9f7d7c",,"System.UInt32[]","System.Diagnostics.Eventing.Reader.EventBookmark","Information","Stop",,"System.Collections.ObjectModel.ReadOnlyCollection`1[System.String]","System.Collections.Generic.List`1[System.Diagnostics.Eventing.Reader.EventProperty]"
"BITS started the SetupBinary transfer job that is associated with the https://oneclient.sfx.ms/Win/Prod/20.169.0823.0008/OneDriveSetup.exe URL.","59","1",,"4","0","1","4611686018427387904","8517","Microsoft-Windows-Bits-Client","ef1cc15b-46c1-414e-bb95-e76b077bd51e","Microsoft-Windows-Bits-Client/Operational","7696","8568","MSEDGEWIN10","S-1-5-18","11/1/2020 10:30:10 AM","b3eb215b-b4b8-4d55-ae34-11a94e9f7d7c",,"System.UInt32[]","System.Diagnostics.Eventing.Reader.EventBookmark","Information","Start",,"System.Collections.ObjectModel.ReadOnlyCollection`1[System.String]","System.Collections.Generic.List`1[System.Diagnostics.Eventing.Reader.EventProperty]"
"The BITS service created a new job.
Transfer job: SetupBinary
Job ID: {5749c462-d6ab-4595-812a-03123eebc6d4}
Owner: MSEDGEWIN10\IEUser
Process Path: C:\Users\IEUser\AppData\Local\Microsoft\OneDrive\OneDriveStandaloneUpdater.exe
Process ID: 5224","3","2",,"4","0","0","4611686018427387904","8516","Microsoft-Windows-Bits-Client","ef1cc15b-46c1-414e-bb95-e76b077bd51e","Microsoft-Windows-Bits-Client/Operational","7696","7736","MSEDGEWIN10","S-1-5-18","11/1/2020 10:30:10 AM",,,"System.UInt32[]","System.Diagnostics.Eventing.Reader.EventBookmark","Information","Info",,"System.Collections.ObjectModel.ReadOnlyCollection`1[System.String]","System.Collections.Generic.List`1[System.Diagnostics.Eventing.Reader.EventProperty]"
"The transfer job is complete.
User: MSEDGEWIN10\IEUser
Transfer job: UpdateDescriptionXml
Job ID: {ec0353fe-71f0-40d7-85fd-cc4ad5d8c9cc}
Owner: MSEDGEWIN10\IEUser
File count: 1","4","1",,"4","0","0","4611686018427387904","8515","Microsoft-Windows-Bits-Client","ef1cc15b-46c1-414e-bb95-e76b077bd51e","Microsoft-Windows-Bits-Client/Operational","7696","7736","MSEDGEWIN10","S-1-5-18","11/1/2020 10:30:10 AM",,,"System.UInt32[]","System.Diagnostics.Eventing.Reader.EventBookmark","Information","Info",,"System.Collections.ObjectModel.ReadOnlyCollection`1[System.String]","System.Collections.Generic.List`1[System.Diagnostics.Eventing.Reader.EventProperty]"
"BITS stopped transferring the UpdateDescriptionXml transfer job that is associated with the https://g.live.com/1rewlive5skydrive/ODSUProduction URL. The status code is 0x0.","60","1",,"4","0","2","4611686018427387904","8514","Microsoft-Windows-Bits-Client","ef1cc15b-46c1-414e-bb95-e76b077bd51e","Microsoft-Windows-Bits-Client/Operational","7696","7736","MSEDGEWIN10","S-1-5-18","11/1/2020 10:30:10 AM","010e33bf-d475-486c-83a8-7fcccd8a5624",,"System.UInt32[]","System.Diagnostics.Eventing.Reader.EventBookmark","Information","Stop",,"System.Collections.ObjectModel.ReadOnlyCollection`1[System.String]","System.Collections.Generic.List`1[System.Diagnostics.Eventing.Reader.EventProperty]"
"BITS started the UpdateDescriptionXml transfer job that is associated with the https://g.live.com/1rewlive5skydrive/ODSUProduction URL.","59","1",,"4","0","1","4611686018427387904","8513","Microsoft-Windows-Bits-Client","ef1cc15b-46c1-414e-bb95-e76b077bd51e","Microsoft-Windows-Bits-Client/Operational","7696","8568","MSEDGEWIN10","S-1-5-18","11/1/2020 10:30:10 AM","010e33bf-d475-486c-83a8-7fcccd8a5624",,"System.UInt32[]","System.Diagnostics.Eventing.Reader.EventBookmark","Information","Start",,"System.Collections.ObjectModel.ReadOnlyCollection`1[System.String]","System.Collections.Generic.List`1[System.Diagnostics.Eventing.Reader.EventProperty]"
"The BITS service created a new job.
Transfer job: UpdateDescriptionXml
Job ID: {ec0353fe-71f0-40d7-85fd-cc4ad5d8c9cc}
Owner: MSEDGEWIN10\IEUser
Process Path: C:\Users\IEUser\AppData\Local\Microsoft\OneDrive\OneDriveStandaloneUpdater.exe
Process ID: 5224","3","2",,"4","0","0","4611686018427387904","8512","Microsoft-Windows-Bits-Client","ef1cc15b-46c1-414e-bb95-e76b077bd51e","Microsoft-Windows-Bits-Client/Operational","7696","892","MSEDGEWIN10","S-1-5-18","11/1/2020 10:30:10 AM",,,"System.UInt32[]","System.Diagnostics.Eventing.Reader.EventBookmark","Information","Info",,"System.Collections.ObjectModel.ReadOnlyCollection`1[System.String]","System.Collections.Generic.List`1[System.Diagnostics.Eventing.Reader.EventProperty]"
"The transfer job is complete.
User: MSEDGEWIN10\IEUser
Transfer job: PreSignInSettingsConfigJSON
Job ID: {d6e94cda-8449-4881-9b82-53dbc7a1ac9f}
Owner: MSEDGEWIN10\IEUser
File count: 1","4","1",,"4","0","0","4611686018427387904","8511","Microsoft-Windows-Bits-Client","ef1cc15b-46c1-414e-bb95-e76b077bd51e","Microsoft-Windows-Bits-Client/Operational","7696","892","MSEDGEWIN10","S-1-5-18","11/1/2020 10:30:10 AM",,,"System.UInt32[]","System.Diagnostics.Eventing.Reader.EventBookmark","Information","Info",,"System.Collections.ObjectModel.ReadOnlyCollection`1[System.String]","System.Collections.Generic.List`1[System.Diagnostics.Eventing.Reader.EventProperty]"
"BITS stopped transferring the PreSignInSettingsConfigJSON transfer job that is associated with the https://g.live.com/odclientsettings/Prod URL. The status code is 0x0.","60","1",,"4","0","2","4611686018427387904","8510","Microsoft-Windows-Bits-Client","ef1cc15b-46c1-414e-bb95-e76b077bd51e","Microsoft-Windows-Bits-Client/Operational","7696","892","MSEDGEWIN10","S-1-5-18","11/1/2020 10:30:10 AM","28029343-dba6-4cd9-be2f-a49a82fb750b",,"System.UInt32[]","System.Diagnostics.Eventing.Reader.EventBookmark","Information","Stop",,"System.Collections.ObjectModel.ReadOnlyCollection`1[System.String]","System.Collections.Generic.List`1[System.Diagnostics.Eventing.Reader.EventProperty]"
"BITS started the PreSignInSettingsConfigJSON transfer job that is associated with the https://g.live.com/odclientsettings/Prod URL.","59","1",,"4","0","1","4611686018427387904","8509","Microsoft-Windows-Bits-Client","ef1cc15b-46c1-414e-bb95-e76b077bd51e","Microsoft-Windows-Bits-Client/Operational","7696","8568","MSEDGEWIN10","S-1-5-18","11/1/2020 10:30:10 AM","28029343-dba6-4cd9-be2f-a49a82fb750b",,"System.UInt32[]","System.Diagnostics.Eventing.Reader.EventBookmark","Information","Start",,"System.Collections.ObjectModel.ReadOnlyCollection`1[System.String]","System.Collections.Generic.List`1[System.Diagnostics.Eventing.Reader.EventProperty]"
"The BITS service created a new job.
Transfer job: PreSignInSettingsConfigJSON
Job ID: {d6e94cda-8449-4881-9b82-53dbc7a1ac9f}
Owner: MSEDGEWIN10\IEUser
Process Path: C:\Users\IEUser\AppData\Local\Microsoft\OneDrive\OneDriveStandaloneUpdater.exe
Process ID: 5224","3","2",,"4","0","0","4611686018427387904","8508","Microsoft-Windows-Bits-Client","ef1cc15b-46c1-414e-bb95-e76b077bd51e","Microsoft-Windows-Bits-Client/Operational","7696","892","MSEDGEWIN10","S-1-5-18","11/1/2020 10:30:09 AM",,,"System.UInt32[]","System.Diagnostics.Eventing.Reader.EventBookmark","Information","Info",,"System.Collections.ObjectModel.ReadOnlyCollection`1[System.String]","System.Collections.Generic.List`1[System.Diagnostics.Eventing.Reader.EventProperty]"
"The transfer job is complete.
User: NT AUTHORITY\LOCAL SERVICE
Transfer job: Font Download
Job ID: {5dfd27ce-3641-4af1-9b74-0681dae1bc0d}
Owner: NT AUTHORITY\LOCAL SERVICE
File count: 1","4","1",,"4","0","0","4611686018427387904","8507","Microsoft-Windows-Bits-Client","ef1cc15b-46c1-414e-bb95-e76b077bd51e","Microsoft-Windows-Bits-Client/Operational","7696","892","MSEDGEWIN10","S-1-5-18","11/1/2020 10:28:53 AM",,,"System.UInt32[]","System.Diagnostics.Eventing.Reader.EventBookmark","Information","Info",,"System.Collections.ObjectModel.ReadOnlyCollection`1[System.String]","System.Collections.Generic.List`1[System.Diagnostics.Eventing.Reader.EventProperty]"
"BITS stopped transferring the Font Download transfer job that is associated with the https://fs.microsoft.com/fs/windows/config.json URL. The status code is 0x0.","60","1",,"4","0","2","4611686018427387904","8506","Microsoft-Windows-Bits-Client","ef1cc15b-46c1-414e-bb95-e76b077bd51e","Microsoft-Windows-Bits-Client/Operational","7696","2396","MSEDGEWIN10","S-1-5-18","11/1/2020 10:28:53 AM","7bac0f79-4c93-451e-97c3-a91e88f618cb",,"System.UInt32[]","System.Diagnostics.Eventing.Reader.EventBookmark","Information","Stop",,"System.Collections.ObjectModel.ReadOnlyCollection`1[System.String]","System.Collections.Generic.List`1[System.Diagnostics.Eventing.Reader.EventProperty]"
"BITS started the Font Download transfer job that is associated with the https://fs.microsoft.com/fs/windows/config.json URL.","59","1",,"4","0","1","4611686018427387904","8505","Microsoft-Windows-Bits-Client","ef1cc15b-46c1-414e-bb95-e76b077bd51e","Microsoft-Windows-Bits-Client/Operational","7696","7496","MSEDGEWIN10","S-1-5-18","11/1/2020 10:28:53 AM","7bac0f79-4c93-451e-97c3-a91e88f618cb",,"System.UInt32[]","System.Diagnostics.Eventing.Reader.EventBookmark","Information","Start",,"System.Collections.ObjectModel.ReadOnlyCollection`1[System.String]","System.Collections.Generic.List`1[System.Diagnostics.Eventing.Reader.EventProperty]"
"The initialization of the peer helper modules failed with the following error:  0x80070032.","310","0",,"3","0","0","4611686018427387904","8504","Microsoft-Windows-Bits-Client","ef1cc15b-46c1-414e-bb95-e76b077bd51e","Microsoft-Windows-Bits-Client/Operational","7696","7496","MSEDGEWIN10","S-1-5-18","11/1/2020 10:28:53 AM",,,"System.UInt32[]","System.Diagnostics.Eventing.Reader.EventBookmark","Warning","Info",,"System.Collections.ObjectModel.ReadOnlyCollection`1[System.String]","System.Collections.Generic.List`1[System.Diagnostics.Eventing.Reader.EventProperty]"
"High performance property for BITS job ""Font Download"" with ID ""{5dfd27ce-3641-4af1-9b74-0681dae1bc0d}"" Enabled.","209","0",,"4","0","0","4611686018427387904","8503","Microsoft-Windows-Bits-Client","ef1cc15b-46c1-414e-bb95-e76b077bd51e","Microsoft-Windows-Bits-Client/Operational","7696","5528","MSEDGEWIN10","S-1-5-18","11/1/2020 10:28:53 AM",,,"System.UInt32[]","System.Diagnostics.Eventing.Reader.EventBookmark","Information","Info",,"System.Collections.ObjectModel.ReadOnlyCollection`1[System.String]","System.Collections.Generic.List`1[System.Diagnostics.Eventing.Reader.EventProperty]"
"The BITS service created a new job.
Transfer job: Font Download
Job ID: {5dfd27ce-3641-4af1-9b74-0681dae1bc0d}
Owner: NT AUTHORITY\LOCAL SERVICE
Process Path: C:\Windows\System32\svchost.exe
Process ID: 2016","3","2",,"4","0","0","4611686018427387904","8502","Microsoft-Windows-Bits-Client","ef1cc15b-46c1-414e-bb95-e76b077bd51e","Microsoft-Windows-Bits-Client/Operational","7696","5528","MSEDGEWIN10","S-1-5-18","11/1/2020 10:28:53 AM",,,"System.UInt32[]","System.Diagnostics.Eventing.Reader.EventBookmark","Information","Info",,"System.Collections.ObjectModel.ReadOnlyCollection`1[System.String]","System.Collections.Generic.List`1[System.Diagnostics.Eventing.Reader.EventProperty]"
"The BITS service loaded the job list from disk.","306","0",,"5","0","0","4611686018427387904","8501","Microsoft-Windows-Bits-Client","ef1cc15b-46c1-414e-bb95-e76b077bd51e","Microsoft-Windows-Bits-Client/Operational","7696","7724","MSEDGEWIN10","S-1-5-18","11/1/2020 10:27:57 AM",,,"System.UInt32[]","System.Diagnostics.Eventing.Reader.EventBookmark","Verbose","Info",,"System.Collections.ObjectModel.ReadOnlyCollection`1[System.String]","System.Collections.Generic.List`1[System.Diagnostics.Eventing.Reader.EventProperty]"
"The BITS service loaded the job list from disk.","306","0",,"5","0","0","4611686018427387904","8500","Microsoft-Windows-Bits-Client","ef1cc15b-46c1-414e-bb95-e76b077bd51e","Microsoft-Windows-Bits-Client/Operational","5480","5468","MSEDGEWIN10","S-1-5-18","10/25/2020 8:37:05 AM",,,"System.UInt32[]","System.Diagnostics.Eventing.Reader.EventBookmark","Verbose","Info",,"System.Collections.ObjectModel.ReadOnlyCollection`1[System.String]","System.Collections.Generic.List`1[System.Diagnostics.Eventing.Reader.EventProperty]"
"The transfer job is complete.
User: MSEDGEWIN10\IEUser
Transfer job: Push Notification Platform Job: 1
Job ID: {5f246418-478c-4fdd-b46e-a200607763fb}
Owner: MSEDGEWIN10\IEUser
File count: 1","4","1",,"4","0","0","4611686018427387904","8499","Microsoft-Windows-Bits-Client","ef1cc15b-46c1-414e-bb95-e76b077bd51e","Microsoft-Windows-Bits-Client/Operational","860","1320","MSEDGEWIN10","S-1-5-18","10/24/2020 1:37:35 PM",,,"System.UInt32[]","System.Diagnostics.Eventing.Reader.EventBookmark","Information","Info",,"System.Collections.ObjectModel.ReadOnlyCollection`1[System.String]","System.Collections.Generic.List`1[System.Diagnostics.Eventing.Reader.EventProperty]"
"BITS stopped transferring the Push Notification Platform Job: 1 transfer job that is associated with the https://img-s-msn-com.akamaized.net/tenant/amp/entityid/BB1amg5S.img?w=100&h=100&m=6&tilesize=medium&x=2238&y=680&ms-scale=100&ms-contrast=standard URL. The status code is 0x0.","60","1",,"4","0","2","4611686018427387904","8498","Microsoft-Windows-Bits-Client","ef1cc15b-46c1-414e-bb95-e76b077bd51e","Microsoft-Windows-Bits-Client/Operational","860","7628","MSEDGEWIN10","S-1-5-18","10/24/2020 1:37:35 PM","36ff6664-bb46-4871-8fa3-9e4fa243c3d6",,"System.UInt32[]","System.Diagnostics.Eventing.Reader.EventBookmark","Information","Stop",,"System.Collections.ObjectModel.ReadOnlyCollection`1[System.String]","System.Collections.Generic.List`1[System.Diagnostics.Eventing.Reader.EventProperty]"
"BITS started the Push Notification Platform Job: 1 transfer job that is associated with the https://img-s-msn-com.akamaized.net/tenant/amp/entityid/BB1amg5S.img?w=100&h=100&m=6&tilesize=medium&x=2238&y=680&ms-scale=100&ms-contrast=standard URL.","59","1",,"4","0","1","4611686018427387904","8497","Microsoft-Windows-Bits-Client","ef1cc15b-46c1-414e-bb95-e76b077bd51e","Microsoft-Windows-Bits-Client/Operational","860","5144","MSEDGEWIN10","S-1-5-18","10/24/2020 1:37:35 PM","36ff6664-bb46-4871-8fa3-9e4fa243c3d6",,"System.UInt32[]","System.Diagnostics.Eventing.Reader.EventBookmark","Information","Start",,"System.Collections.ObjectModel.ReadOnlyCollection`1[System.String]","System.Collections.Generic.List`1[System.Diagnostics.Eventing.Reader.EventProperty]"
"High performance property for BITS job ""Push Notification Platform Job: 1"" with ID ""{5f246418-478c-4fdd-b46e-a200607763fb}"" Enabled.","209","0",,"4","0","0","4611686018427387904","8496","Microsoft-Windows-Bits-Client","ef1cc15b-46c1-414e-bb95-e76b077bd51e","Microsoft-Windows-Bits-Client/Operational","860","508","MSEDGEWIN10","S-1-5-18","10/24/2020 1:37:35 PM",,,"System.UInt32[]","System.Diagnostics.Eventing.Reader.EventBookmark","Information","Info",,"System.Collections.ObjectModel.ReadOnlyCollection`1[System.String]","System.Collections.Generic.List`1[System.Diagnostics.Eventing.Reader.EventProperty]"
"The BITS service created a new job.
Transfer job: Push Notification Platform Job: 1
Job ID: {5f246418-478c-4fdd-b46e-a200607763fb}
Owner: MSEDGEWIN10\IEUser
Process Path: C:\Windows\System32\svchost.exe
Process ID: 3936","3","2",,"4","0","0","4611686018427387904","8495","Microsoft-Windows-Bits-Client","ef1cc15b-46c1-414e-bb95-e76b077bd51e","Microsoft-Windows-Bits-Client/Operational","860","508","MSEDGEWIN10","S-1-5-18","10/24/2020 1:37:35 PM",,,"System.UInt32[]","System.Diagnostics.Eventing.Reader.EventBookmark","Information","Info",,"System.Collections.ObjectModel.ReadOnlyCollection`1[System.String]","System.Collections.Generic.List`1[System.Diagnostics.Eventing.Reader.EventProperty]"
"The BITS service loaded the job list from disk.","306","0",,"5","0","0","4611686018427387904","8494","Microsoft-Windows-Bits-Client","ef1cc15b-46c1-414e-bb95-e76b077bd51e","Microsoft-Windows-Bits-Client/Operational","860","8772","MSEDGEWIN10","S-1-5-18","10/24/2020 1:37:34 PM",,,"System.UInt32[]","System.Diagnostics.Eventing.Reader.EventBookmark","Verbose","Info",,"System.Collections.ObjectModel.ReadOnlyCollection`1[System.String]","System.Collections.Generic.List`1[System.Diagnostics.Eventing.Reader.EventProperty]"
"The BITS service loaded the job list from disk.","306","0",,"5","0","0","4611686018427387904","8493","Microsoft-Windows-Bits-Client","ef1cc15b-46c1-414e-bb95-e76b077bd51e","Microsoft-Windows-Bits-Client/Operational","6860","6956","MSEDGEWIN10","S-1-5-18","10/24/2020 1:17:54 PM",,,"System.UInt32[]","System.Diagnostics.Eventing.Reader.EventBookmark","Verbose","Info",,"System.Collections.ObjectModel.ReadOnlyCollection`1[System.String]","System.Collections.Generic.List`1[System.Diagnostics.Eventing.Reader.EventProperty]"
"The transfer job is complete.
User: MSEDGEWIN10\IEUser
Transfer job: Push Notification Platform Job: 1
Job ID: {670f7911-7e9e-4d24-9a21-f4a2cdaaacef}
Owner: MSEDGEWIN10\IEUser
File count: 1","4","1",,"4","0","0","4611686018427387904","8492","Microsoft-Windows-Bits-Client","ef1cc15b-46c1-414e-bb95-e76b077bd51e","Microsoft-Windows-Bits-Client/Operational","2908","2856","MSEDGEWIN10","S-1-5-18","10/24/2020 8:07:58 AM",,,"System.UInt32[]","System.Diagnostics.Eventing.Reader.EventBookmark","Information","Info",,"System.Collections.ObjectModel.ReadOnlyCollection`1[System.String]","System.Collections.Generic.List`1[System.Diagnostics.Eventing.Reader.EventProperty]"
"BITS stopped transferring the Push Notification Platform Job: 1 transfer job that is associated with the https://site-cdn.onenote.net/161342140454_Images/LiveTileImages/MediumAndLarge/Image2.png URL. The status code is 0x0.","60","1",,"4","0","2","4611686018427387904","8491","Microsoft-Windows-Bits-Client","ef1cc15b-46c1-414e-bb95-e76b077bd51e","Microsoft-Windows-Bits-Client/Operational","2908","2856","MSEDGEWIN10","S-1-5-18","10/24/2020 8:07:58 AM","793daa6c-a877-4a52-b7e6-d507d25c1f9e",,"System.UInt32[]","System.Diagnostics.Eventing.Reader.EventBookmark","Information","Stop",,"System.Collections.ObjectModel.ReadOnlyCollection`1[System.String]","System.Collections.Generic.List`1[System.Diagnostics.Eventing.Reader.EventProperty]"
"BITS started the Push Notification Platform Job: 1 transfer job that is associated with the https://site-cdn.onenote.net/161342140454_Images/LiveTileImages/MediumAndLarge/Image2.png URL.","59","1",,"4","0","1","4611686018427387904","8490","Microsoft-Windows-Bits-Client","ef1cc15b-46c1-414e-bb95-e76b077bd51e","Microsoft-Windows-Bits-Client/Operational","2908","5076","MSEDGEWIN10","S-1-5-18","10/24/2020 8:07:57 AM","793daa6c-a877-4a52-b7e6-d507d25c1f9e",,"System.UInt32[]","System.Diagnostics.Eventing.Reader.EventBookmark","Information","Start",,"System.Collections.ObjectModel.ReadOnlyCollection`1[System.String]","System.Collections.Generic.List`1[System.Diagnostics.Eventing.Reader.EventProperty]"
"High performance property for BITS job ""Push Notification Platform Job: 1"" with ID ""{670f7911-7e9e-4d24-9a21-f4a2cdaaacef}"" Enabled.","209","0",,"4","0","0","4611686018427387904","8489","Microsoft-Windows-Bits-Client","ef1cc15b-46c1-414e-bb95-e76b077bd51e","Microsoft-Windows-Bits-Client/Operational","2908","2856","MSEDGEWIN10","S-1-5-18","10/24/2020 8:07:57 AM",,,"System.UInt32[]","System.Diagnostics.Eventing.Reader.EventBookmark","Information","Info",,"System.Collections.ObjectModel.ReadOnlyCollection`1[System.String]","System.Collections.Generic.List`1[System.Diagnostics.Eventing.Reader.EventProperty]"
"The BITS service created a new job.
Transfer job: Push Notification Platform Job: 1
Job ID: {670f7911-7e9e-4d24-9a21-f4a2cdaaacef}
Owner: MSEDGEWIN10\IEUser
Process Path: C:\Windows\System32\svchost.exe
Process ID: 2636","3","2",,"4","0","0","4611686018427387904","8488","Microsoft-Windows-Bits-Client","ef1cc15b-46c1-414e-bb95-e76b077bd51e","Microsoft-Windows-Bits-Client/Operational","2908","2856","MSEDGEWIN10","S-1-5-18","10/24/2020 8:07:57 AM",,,"System.UInt32[]","System.Diagnostics.Eventing.Reader.EventBookmark","Information","Info",,"System.Collections.ObjectModel.ReadOnlyCollection`1[System.String]","System.Collections.Generic.List`1[System.Diagnostics.Eventing.Reader.EventProperty]"
"The transfer job is complete.
User: MSEDGEWIN10\IEUser
Transfer job: Push Notification Platform Job: 1
Job ID: {15b4b448-0812-482d-9a48-ae3ecd4d3340}
Owner: MSEDGEWIN10\IEUser
File count: 1","4","1",,"4","0","0","4611686018427387904","8487","Microsoft-Windows-Bits-Client","ef1cc15b-46c1-414e-bb95-e76b077bd51e","Microsoft-Windows-Bits-Client/Operational","2908","2856","MSEDGEWIN10","S-1-5-18","10/24/2020 8:07:57 AM",,,"System.UInt32[]","System.Diagnostics.Eventing.Reader.EventBookmark","Information","Info",,"System.Collections.ObjectModel.ReadOnlyCollection`1[System.String]","System.Collections.Generic.List`1[System.Diagnostics.Eventing.Reader.EventProperty]"
"BITS stopped transferring the Push Notification Platform Job: 1 transfer job that is associated with the https://img-s-msn-com.akamaized.net/tenant/amp/entityid/BB1amczd.img?w=100&h=100&m=6&tilesize=medium&ms-scale=100&ms-contrast=standard URL. The status code is 0x0.","60","1",,"4","0","2","4611686018427387904","8486","Microsoft-Windows-Bits-Client","ef1cc15b-46c1-414e-bb95-e76b077bd51e","Microsoft-Windows-Bits-Client/Operational","2908","3384","MSEDGEWIN10","S-1-5-18","10/24/2020 8:07:57 AM","1e9c554f-e186-4cf2-aa80-d479a3bc5f08",,"System.UInt32[]","System.Diagnostics.Eventing.Reader.EventBookmark","Information","Stop",,"System.Collections.ObjectModel.ReadOnlyCollection`1[System.String]","System.Collections.Generic.List`1[System.Diagnostics.Eventing.Reader.EventProperty]"
"BITS started the Push Notification Platform Job: 1 transfer job that is associated with the https://img-s-msn-com.akamaized.net/tenant/amp/entityid/BB1amczd.img?w=100&h=100&m=6&tilesize=medium&ms-scale=100&ms-contrast=standard URL.","59","1",,"4","0","1","4611686018427387904","8485","Microsoft-Windows-Bits-Client","ef1cc15b-46c1-414e-bb95-e76b077bd51e","Microsoft-Windows-Bits-Client/Operational","2908","5076","MSEDGEWIN10","S-1-5-18","10/24/2020 8:07:57 AM","1e9c554f-e186-4cf2-aa80-d479a3bc5f08",,"System.UInt32[]","System.Diagnostics.Eventing.Reader.EventBookmark","Information","Start",,"System.Collections.ObjectModel.ReadOnlyCollection`1[System.String]","System.Collections.Generic.List`1[System.Diagnostics.Eventing.Reader.EventProperty]"
"High performance property for BITS job ""Push Notification Platform Job: 1"" with ID ""{15b4b448-0812-482d-9a48-ae3ecd4d3340}"" Enabled.","209","0",,"4","0","0","4611686018427387904","8484","Microsoft-Windows-Bits-Client","ef1cc15b-46c1-414e-bb95-e76b077bd51e","Microsoft-Windows-Bits-Client/Operational","2908","3384","MSEDGEWIN10","S-1-5-18","10/24/2020 8:07:57 AM",,,"System.UInt32[]","System.Diagnostics.Eventing.Reader.EventBookmark","Information","Info",,"System.Collections.ObjectModel.ReadOnlyCollection`1[System.String]","System.Collections.Generic.List`1[System.Diagnostics.Eventing.Reader.EventProperty]"
"The BITS service created a new job.
Transfer job: Push Notification Platform Job: 1
Job ID: {15b4b448-0812-482d-9a48-ae3ecd4d3340}
Owner: MSEDGEWIN10\IEUser
Process Path: C:\Windows\System32\svchost.exe
Process ID: 2636","3","2",,"4","0","0","4611686018427387904","8483","Microsoft-Windows-Bits-Client","ef1cc15b-46c1-414e-bb95-e76b077bd51e","Microsoft-Windows-Bits-Client/Operational","2908","3384","MSEDGEWIN10","S-1-5-18","10/24/2020 8:07:57 AM",,,"System.UInt32[]","System.Diagnostics.Eventing.Reader.EventBookmark","Information","Info",,"System.Collections.ObjectModel.ReadOnlyCollection`1[System.String]","System.Collections.Generic.List`1[System.Diagnostics.Eventing.Reader.EventProperty]"
"The BITS service loaded the job list from disk.","306","0",,"5","0","0","4611686018427387904","8482","Microsoft-Windows-Bits-Client","ef1cc15b-46c1-414e-bb95-e76b077bd51e","Microsoft-Windows-Bits-Client/Operational","2908","3112","MSEDGEWIN10","S-1-5-18","10/24/2020 8:07:57 AM",,,"System.UInt32[]","System.Diagnostics.Eventing.Reader.EventBookmark","Verbose","Info",,"System.Collections.ObjectModel.ReadOnlyCollection`1[System.String]","System.Collections.Generic.List`1[System.Diagnostics.Eventing.Reader.EventProperty]"
"High performance property for BITS job ""MicrosoftMapsBingGeoStore"" with ID ""{ed6f8529-e9d6-4409-8cfe-363b4a2d2bc8}"" Enabled.","209","0",,"4","0","0","4611686018427387904","8481","Microsoft-Windows-Bits-Client","ef1cc15b-46c1-414e-bb95-e76b077bd51e","Microsoft-Windows-Bits-Client/Operational","6760","5008","MSEDGEWIN10","S-1-5-18","10/24/2020 7:42:25 AM",,,"System.UInt32[]","System.Diagnostics.Eventing.Reader.EventBookmark","Information","Info",,"System.Collections.ObjectModel.ReadOnlyCollection`1[System.String]","System.Collections.Generic.List`1[System.Diagnostics.Eventing.Reader.EventProperty]"
"The BITS service created a new job.
Transfer job: MicrosoftMapsBingGeoStore
Job ID: {ed6f8529-e9d6-4409-8cfe-363b4a2d2bc8}
Owner: NT AUTHORITY\NETWORK SERVICE
Process Path: C:\Windows\System32\svchost.exe
Process ID: 7328","3","2",,"4","0","0","4611686018427387904","8480","Microsoft-Windows-Bits-Client","ef1cc15b-46c1-414e-bb95-e76b077bd51e","Microsoft-Windows-Bits-Client/Operational","6760","5008","MSEDGEWIN10","S-1-5-18","10/24/2020 7:42:25 AM",,,"System.UInt32[]","System.Diagnostics.Eventing.Reader.EventBookmark","Information","Info",,"System.Collections.ObjectModel.ReadOnlyCollection`1[System.String]","System.Collections.Generic.List`1[System.Diagnostics.Eventing.Reader.EventProperty]"
"The BITS service loaded the job list from disk.","306","0",,"5","0","0","4611686018427387904","8479","Microsoft-Windows-Bits-Client","ef1cc15b-46c1-414e-bb95-e76b077bd51e","Microsoft-Windows-Bits-Client/Operational","6760","3284","MSEDGEWIN10","S-1-5-18","10/24/2020 7:42:25 AM",,,"System.UInt32[]","System.Diagnostics.Eventing.Reader.EventBookmark","Verbose","Info",,"System.Collections.ObjectModel.ReadOnlyCollection`1[System.String]","System.Collections.Generic.List`1[System.Diagnostics.Eventing.Reader.EventProperty]"
"The transfer job is complete.
User: MSEDGEWIN10\IEUser
Transfer job: UpdateDescriptionXml
Job ID: {f7868f01-033e-41bd-bcb9-b492d8ddc578}
Owner: MSEDGEWIN10\IEUser
File count: 1","4","1",,"4","0","0","4611686018427387904","8478","Microsoft-Windows-Bits-Client","ef1cc15b-46c1-414e-bb95-e76b077bd51e","Microsoft-Windows-Bits-Client/Operational","6692","5548","MSEDGEWIN10","S-1-5-18","10/24/2020 7:25:17 AM",,,"System.UInt32[]","System.Diagnostics.Eventing.Reader.EventBookmark","Information","Info",,"System.Collections.ObjectModel.ReadOnlyCollection`1[System.String]","System.Collections.Generic.List`1[System.Diagnostics.Eventing.Reader.EventProperty]"
"BITS stopped transferring the UpdateDescriptionXml transfer job that is associated with the https://g.live.com/1rewlive5skydrive/ODSUProduction URL. The status code is 0x0.","60","1",,"4","0","2","4611686018427387904","8477","Microsoft-Windows-Bits-Client","ef1cc15b-46c1-414e-bb95-e76b077bd51e","Microsoft-Windows-Bits-Client/Operational","6692","5548","MSEDGEWIN10","S-1-5-18","10/24/2020 7:25:17 AM","3ea8c2d7-dc0b-4e90-b7fc-ee087e91faf3",,"System.UInt32[]","System.Diagnostics.Eventing.Reader.EventBookmark","Information","Stop",,"System.Collections.ObjectModel.ReadOnlyCollection`1[System.String]","System.Collections.Generic.List`1[System.Diagnostics.Eventing.Reader.EventProperty]"
"BITS started the UpdateDescriptionXml transfer job that is associated with the https://g.live.com/1rewlive5skydrive/ODSUProduction URL.","59","1",,"4","0","1","4611686018427387904","8476","Microsoft-Windows-Bits-Client","ef1cc15b-46c1-414e-bb95-e76b077bd51e","Microsoft-Windows-Bits-Client/Operational","6692","1704","MSEDGEWIN10","S-1-5-18","10/24/2020 7:25:17 AM","3ea8c2d7-dc0b-4e90-b7fc-ee087e91faf3",,"System.UInt32[]","System.Diagnostics.Eventing.Reader.EventBookmark","Information","Start",,"System.Collections.ObjectModel.ReadOnlyCollection`1[System.String]","System.Collections.Generic.List`1[System.Diagnostics.Eventing.Reader.EventProperty]"
"The BITS service created a new job.
Transfer job: UpdateDescriptionXml
Job ID: {f7868f01-033e-41bd-bcb9-b492d8ddc578}
Owner: MSEDGEWIN10\IEUser
Process Path: C:\Users\IEUser\AppData\Local\Microsoft\OneDrive\OneDriveStandaloneUpdater.exe
Process ID: 3964","3","2",,"4","0","0","4611686018427387904","8475","Microsoft-Windows-Bits-Client","ef1cc15b-46c1-414e-bb95-e76b077bd51e","Microsoft-Windows-Bits-Client/Operational","6692","2504","MSEDGEWIN10","S-1-5-18","10/24/2020 7:25:16 AM",,,"System.UInt32[]","System.Diagnostics.Eventing.Reader.EventBookmark","Information","Info",,"System.Collections.ObjectModel.ReadOnlyCollection`1[System.String]","System.Collections.Generic.List`1[System.Diagnostics.Eventing.Reader.EventProperty]"
"The transfer job is complete.
User: MSEDGEWIN10\IEUser
Transfer job: PreSignInSettingsConfigJSON
Job ID: {ece7ac05-37a8-42ca-aee9-5c230247d69e}
Owner: MSEDGEWIN10\IEUser
File count: 1","4","1",,"4","0","0","4611686018427387904","8474","Microsoft-Windows-Bits-Client","ef1cc15b-46c1-414e-bb95-e76b077bd51e","Microsoft-Windows-Bits-Client/Operational","6692","2504","MSEDGEWIN10","S-1-5-18","10/24/2020 7:25:16 AM",,,"System.UInt32[]","System.Diagnostics.Eventing.Reader.EventBookmark","Information","Info",,"System.Collections.ObjectModel.ReadOnlyCollection`1[System.String]","System.Collections.Generic.List`1[System.Diagnostics.Eventing.Reader.EventProperty]"
"BITS stopped transferring the PreSignInSettingsConfigJSON transfer job that is associated with the https://g.live.com/odclientsettings/Prod URL. The status code is 0x0.","60","1",,"4","0","2","4611686018427387904","8473","Microsoft-Windows-Bits-Client","ef1cc15b-46c1-414e-bb95-e76b077bd51e","Microsoft-Windows-Bits-Client/Operational","6692","2504","MSEDGEWIN10","S-1-5-18","10/24/2020 7:25:16 AM","fd997ce5-07f5-4c33-afb2-56d46fe5fba4",,"System.UInt32[]","System.Diagnostics.Eventing.Reader.EventBookmark","Information","Stop",,"System.Collections.ObjectModel.ReadOnlyCollection`1[System.String]","System.Collections.Generic.List`1[System.Diagnostics.Eventing.Reader.EventProperty]"
"BITS started the PreSignInSettingsConfigJSON transfer job that is associated with the https://g.live.com/odclientsettings/Prod URL.","59","1",,"4","0","1","4611686018427387904","8472","Microsoft-Windows-Bits-Client","ef1cc15b-46c1-414e-bb95-e76b077bd51e","Microsoft-Windows-Bits-Client/Operational","6692","1704","MSEDGEWIN10","S-1-5-18","10/24/2020 7:25:16 AM","fd997ce5-07f5-4c33-afb2-56d46fe5fba4",,"System.UInt32[]","System.Diagnostics.Eventing.Reader.EventBookmark","Information","Start",,"System.Collections.ObjectModel.ReadOnlyCollection`1[System.String]","System.Collections.Generic.List`1[System.Diagnostics.Eventing.Reader.EventProperty]"
"The initialization of the peer helper modules failed with the following error:  0x80070032.","310","0",,"3","0","0","4611686018427387904","8471","Microsoft-Windows-Bits-Client","ef1cc15b-46c1-414e-bb95-e76b077bd51e","Microsoft-Windows-Bits-Client/Operational","6692","1704","MSEDGEWIN10","S-1-5-18","10/24/2020 7:25:16 AM",,,"System.UInt32[]","System.Diagnostics.Eventing.Reader.EventBookmark","Warning","Info",,"System.Collections.ObjectModel.ReadOnlyCollection`1[System.String]","System.Collections.Generic.List`1[System.Diagnostics.Eventing.Reader.EventProperty]"
"The BITS service created a new job.
Transfer job: PreSignInSettingsConfigJSON
Job ID: {ece7ac05-37a8-42ca-aee9-5c230247d69e}
Owner: MSEDGEWIN10\IEUser
Process Path: C:\Users\IEUser\AppData\Local\Microsoft\OneDrive\OneDriveStandaloneUpdater.exe
Process ID: 3964","3","2",,"4","0","0","4611686018427387904","8470","Microsoft-Windows-Bits-Client","ef1cc15b-46c1-414e-bb95-e76b077bd51e","Microsoft-Windows-Bits-Client/Operational","6692","7160","MSEDGEWIN10","S-1-5-18","10/24/2020 7:25:15 AM",,,"System.UInt32[]","System.Diagnostics.Eventing.Reader.EventBookmark","Information","Info",,"System.Collections.ObjectModel.ReadOnlyCollection`1[System.String]","System.Collections.Generic.List`1[System.Diagnostics.Eventing.Reader.EventProperty]"
"The BITS service loaded the job list from disk.","306","0",,"5","0","0","4611686018427387904","8469","Microsoft-Windows-Bits-Client","ef1cc15b-46c1-414e-bb95-e76b077bd51e","Microsoft-Windows-Bits-Client/Operational","6692","6824","MSEDGEWIN10","S-1-5-18","10/24/2020 7:24:21 AM",,,"System.UInt32[]","System.Diagnostics.Eventing.Reader.EventBookmark","Verbose","Info",,"System.Collections.ObjectModel.ReadOnlyCollection`1[System.String]","System.Collections.Generic.List`1[System.Diagnostics.Eventing.Reader.EventProperty]"
"The transfer job is complete.
User: MSEDGEWIN10\IEUser
Transfer job: Push Notification Platform Job: 1
Job ID: {1b5ae556-0448-406c-8398-b82c75bbc311}
Owner: MSEDGEWIN10\IEUser
File count: 1","4","1",,"4","0","0","4611686018427387904","8468","Microsoft-Windows-Bits-Client","ef1cc15b-46c1-414e-bb95-e76b077bd51e","Microsoft-Windows-Bits-Client/Operational","2888","2588","MSEDGEWIN10","S-1-5-18","10/24/2020 6:53:43 AM",,,"System.UInt32[]","System.Diagnostics.Eventing.Reader.EventBookmark","Information","Info",,"System.Collections.ObjectModel.ReadOnlyCollection`1[System.String]","System.Collections.Generic.List`1[System.Diagnostics.Eventing.Reader.EventProperty]"
"BITS stopped transferring the Push Notification Platform Job: 1 transfer job that is associated with the https://site-cdn.onenote.net/161342140454_Images/LiveTileImages/MediumAndLarge/Image3.png URL. The status code is 0x0.","60","1",,"4","0","2","4611686018427387904","8467","Microsoft-Windows-Bits-Client","ef1cc15b-46c1-414e-bb95-e76b077bd51e","Microsoft-Windows-Bits-Client/Operational","2888","2588","MSEDGEWIN10","S-1-5-18","10/24/2020 6:53:43 AM","0c2aa901-4ba9-4bc7-8aeb-ecadfcee9162",,"System.UInt32[]","System.Diagnostics.Eventing.Reader.EventBookmark","Information","Stop",,"System.Collections.ObjectModel.ReadOnlyCollection`1[System.String]","System.Collections.Generic.List`1[System.Diagnostics.Eventing.Reader.EventProperty]"
"BITS started the Push Notification Platform Job: 1 transfer job that is associated with the https://site-cdn.onenote.net/161342140454_Images/LiveTileImages/MediumAndLarge/Image3.png URL.","59","1",,"4","0","1","4611686018427387904","8466","Microsoft-Windows-Bits-Client","ef1cc15b-46c1-414e-bb95-e76b077bd51e","Microsoft-Windows-Bits-Client/Operational","2888","3912","MSEDGEWIN10","S-1-5-18","10/24/2020 6:53:43 AM","0c2aa901-4ba9-4bc7-8aeb-ecadfcee9162",,"System.UInt32[]","System.Diagnostics.Eventing.Reader.EventBookmark","Information","Start",,"System.Collections.ObjectModel.ReadOnlyCollection`1[System.String]","System.Collections.Generic.List`1[System.Diagnostics.Eventing.Reader.EventProperty]"
"High performance property for BITS job ""Push Notification Platform Job: 1"" with ID ""{1b5ae556-0448-406c-8398-b82c75bbc311}"" Enabled.","209","0",,"4","0","0","4611686018427387904","8465","Microsoft-Windows-Bits-Client","ef1cc15b-46c1-414e-bb95-e76b077bd51e","Microsoft-Windows-Bits-Client/Operational","2888","5204","MSEDGEWIN10","S-1-5-18","10/24/2020 6:53:43 AM",,,"System.UInt32[]","System.Diagnostics.Eventing.Reader.EventBookmark","Information","Info",,"System.Collections.ObjectModel.ReadOnlyCollection`1[System.String]","System.Collections.Generic.List`1[System.Diagnostics.Eventing.Reader.EventProperty]"
"The BITS service created a new job.
Transfer job: Push Notification Platform Job: 1
Job ID: {1b5ae556-0448-406c-8398-b82c75bbc311}
Owner: MSEDGEWIN10\IEUser
Process Path: C:\Windows\System32\svchost.exe
Process ID: 632","3","2",,"4","0","0","4611686018427387904","8464","Microsoft-Windows-Bits-Client","ef1cc15b-46c1-414e-bb95-e76b077bd51e","Microsoft-Windows-Bits-Client/Operational","2888","5204","MSEDGEWIN10","S-1-5-18","10/24/2020 6:53:43 AM",,,"System.UInt32[]","System.Diagnostics.Eventing.Reader.EventBookmark","Information","Info",,"System.Collections.ObjectModel.ReadOnlyCollection`1[System.String]","System.Collections.Generic.List`1[System.Diagnostics.Eventing.Reader.EventProperty]"
"The transfer job is complete.
User: MSEDGEWIN10\IEUser
Transfer job: Push Notification Platform Job: 1
Job ID: {18118556-ea03-4ca2-bfdc-f565f13ccf57}
Owner: MSEDGEWIN10\IEUser
File count: 1","4","1",,"4","0","0","4611686018427387904","8463","Microsoft-Windows-Bits-Client","ef1cc15b-46c1-414e-bb95-e76b077bd51e","Microsoft-Windows-Bits-Client/Operational","2888","7244","MSEDGEWIN10","S-1-5-18","10/24/2020 6:53:43 AM",,,"System.UInt32[]","System.Diagnostics.Eventing.Reader.EventBookmark","Information","Info",,"System.Collections.ObjectModel.ReadOnlyCollection`1[System.String]","System.Collections.Generic.List`1[System.Diagnostics.Eventing.Reader.EventProperty]"
"BITS stopped transferring the Push Notification Platform Job: 1 transfer job that is associated with the https://img-s-msn-com.akamaized.net/tenant/amp/entityid/BB1amaWj.img?w=100&h=100&m=6&tilesize=medium&x=1912&y=840&ms-scale=100&ms-contrast=standard URL. The status code is 0x0.","60","1",,"4","0","2","4611686018427387904","8462","Microsoft-Windows-Bits-Client","ef1cc15b-46c1-414e-bb95-e76b077bd51e","Microsoft-Windows-Bits-Client/Operational","2888","5204","MSEDGEWIN10","S-1-5-18","10/24/2020 6:53:43 AM","6a970d88-84ff-4980-953f-1a014929a326",,"System.UInt32[]","System.Diagnostics.Eventing.Reader.EventBookmark","Information","Stop",,"System.Collections.ObjectModel.ReadOnlyCollection`1[System.String]","System.Collections.Generic.List`1[System.Diagnostics.Eventing.Reader.EventProperty]"
"BITS started the Push Notification Platform Job: 1 transfer job that is associated with the https://img-s-msn-com.akamaized.net/tenant/amp/entityid/BB1amaWj.img?w=100&h=100&m=6&tilesize=medium&x=1912&y=840&ms-scale=100&ms-contrast=standard URL.","59","1",,"4","0","1","4611686018427387904","8461","Microsoft-Windows-Bits-Client","ef1cc15b-46c1-414e-bb95-e76b077bd51e","Microsoft-Windows-Bits-Client/Operational","2888","3912","MSEDGEWIN10","S-1-5-18","10/24/2020 6:53:41 AM","6a970d88-84ff-4980-953f-1a014929a326",,"System.UInt32[]","System.Diagnostics.Eventing.Reader.EventBookmark","Information","Start",,"System.Collections.ObjectModel.ReadOnlyCollection`1[System.String]","System.Collections.Generic.List`1[System.Diagnostics.Eventing.Reader.EventProperty]"
"High performance property for BITS job ""Push Notification Platform Job: 1"" with ID ""{18118556-ea03-4ca2-bfdc-f565f13ccf57}"" Enabled.","209","0",,"4","0","0","4611686018427387904","8460","Microsoft-Windows-Bits-Client","ef1cc15b-46c1-414e-bb95-e76b077bd51e","Microsoft-Windows-Bits-Client/Operational","2888","2588","MSEDGEWIN10","S-1-5-18","10/24/2020 6:53:41 AM",,,"System.UInt32[]","System.Diagnostics.Eventing.Reader.EventBookmark","Information","Info",,"System.Collections.ObjectModel.ReadOnlyCollection`1[System.String]","System.Collections.Generic.List`1[System.Diagnostics.Eventing.Reader.EventProperty]"
"The BITS service created a new job.
Transfer job: Push Notification Platform Job: 1
Job ID: {18118556-ea03-4ca2-bfdc-f565f13ccf57}
Owner: MSEDGEWIN10\IEUser
Process Path: C:\Windows\System32\svchost.exe
Process ID: 632","3","2",,"4","0","0","4611686018427387904","8459","Microsoft-Windows-Bits-Client","ef1cc15b-46c1-414e-bb95-e76b077bd51e","Microsoft-Windows-Bits-Client/Operational","2888","2588","MSEDGEWIN10","S-1-5-18","10/24/2020 6:53:41 AM",,,"System.UInt32[]","System.Diagnostics.Eventing.Reader.EventBookmark","Information","Info",,"System.Collections.ObjectModel.ReadOnlyCollection`1[System.String]","System.Collections.Generic.List`1[System.Diagnostics.Eventing.Reader.EventProperty]"
"The BITS service loaded the job list from disk.","306","0",,"5","0","0","4611686018427387904","8458","Microsoft-Windows-Bits-Client","ef1cc15b-46c1-414e-bb95-e76b077bd51e","Microsoft-Windows-Bits-Client/Operational","2888","7456","MSEDGEWIN10","S-1-5-18","10/24/2020 6:53:41 AM",,,"System.UInt32[]","System.Diagnostics.Eventing.Reader.EventBookmark","Verbose","Info",,"System.Collections.ObjectModel.ReadOnlyCollection`1[System.String]","System.Collections.Generic.List`1[System.Diagnostics.Eventing.Reader.EventProperty]"
"The transfer job is complete.
User: NT AUTHORITY\LOCAL SERVICE
Transfer job: Font Download
Job ID: {d7a05ae3-9029-44b1-82b8-2e4adb82c00b}
Owner: NT AUTHORITY\LOCAL SERVICE
File count: 1","4","1",,"4","0","0","4611686018427387904","8457","Microsoft-Windows-Bits-Client","ef1cc15b-46c1-414e-bb95-e76b077bd51e","Microsoft-Windows-Bits-Client/Operational","2352","4428","MSEDGEWIN10","S-1-5-18","10/24/2020 6:15:51 AM",,,"System.UInt32[]","System.Diagnostics.Eventing.Reader.EventBookmark","Information","Info",,"System.Collections.ObjectModel.ReadOnlyCollection`1[System.String]","System.Collections.Generic.List`1[System.Diagnostics.Eventing.Reader.EventProperty]"
"BITS stopped transferring the Font Download transfer job that is associated with the https://fs.microsoft.com/fs/windows/config.json URL. The status code is 0x0.","60","1",,"4","0","2","4611686018427387904","8456","Microsoft-Windows-Bits-Client","ef1cc15b-46c1-414e-bb95-e76b077bd51e","Microsoft-Windows-Bits-Client/Operational","2352","4420","MSEDGEWIN10","S-1-5-18","10/24/2020 6:15:51 AM","61d705aa-1746-4795-bfd4-a4cb76ae2a0e",,"System.UInt32[]","System.Diagnostics.Eventing.Reader.EventBookmark","Information","Stop",,"System.Collections.ObjectModel.ReadOnlyCollection`1[System.String]","System.Collections.Generic.List`1[System.Diagnostics.Eventing.Reader.EventProperty]"
"BITS started the Font Download transfer job that is associated with the https://fs.microsoft.com/fs/windows/config.json URL.","59","1",,"4","0","1","4611686018427387904","8455","Microsoft-Windows-Bits-Client","ef1cc15b-46c1-414e-bb95-e76b077bd51e","Microsoft-Windows-Bits-Client/Operational","2352","4660","MSEDGEWIN10","S-1-5-18","10/24/2020 6:15:50 AM","61d705aa-1746-4795-bfd4-a4cb76ae2a0e",,"System.UInt32[]","System.Diagnostics.Eventing.Reader.EventBookmark","Information","Start",,"System.Collections.ObjectModel.ReadOnlyCollection`1[System.String]","System.Collections.Generic.List`1[System.Diagnostics.Eventing.Reader.EventProperty]"
"The initialization of the peer helper modules failed with the following error:  0x80070032.","310","0",,"3","0","0","4611686018427387904","8454","Microsoft-Windows-Bits-Client","ef1cc15b-46c1-414e-bb95-e76b077bd51e","Microsoft-Windows-Bits-Client/Operational","2352","4660","MSEDGEWIN10","S-1-5-18","10/24/2020 6:15:50 AM",,,"System.UInt32[]","System.Diagnostics.Eventing.Reader.EventBookmark","Warning","Info",,"System.Collections.ObjectModel.ReadOnlyCollection`1[System.String]","System.Collections.Generic.List`1[System.Diagnostics.Eventing.Reader.EventProperty]"
"High performance property for BITS job ""Font Download"" with ID ""{d7a05ae3-9029-44b1-82b8-2e4adb82c00b}"" Enabled.","209","0",,"4","0","0","4611686018427387904","8453","Microsoft-Windows-Bits-Client","ef1cc15b-46c1-414e-bb95-e76b077bd51e","Microsoft-Windows-Bits-Client/Operational","2352","4420","MSEDGEWIN10","S-1-5-18","10/24/2020 6:15:48 AM",,,"System.UInt32[]","System.Diagnostics.Eventing.Reader.EventBookmark","Information","Info",,"System.Collections.ObjectModel.ReadOnlyCollection`1[System.String]","System.Collections.Generic.List`1[System.Diagnostics.Eventing.Reader.EventProperty]"
"The BITS service created a new job.
Transfer job: Font Download
Job ID: {d7a05ae3-9029-44b1-82b8-2e4adb82c00b}
Owner: NT AUTHORITY\LOCAL SERVICE
Process Path: C:\Windows\System32\svchost.exe
Process ID: 2116","3","2",,"4","0","0","4611686018427387904","8452","Microsoft-Windows-Bits-Client","ef1cc15b-46c1-414e-bb95-e76b077bd51e","Microsoft-Windows-Bits-Client/Operational","2352","4616","MSEDGEWIN10","S-1-5-18","10/24/2020 6:15:48 AM",,,"System.UInt32[]","System.Diagnostics.Eventing.Reader.EventBookmark","Information","Info",,"System.Collections.ObjectModel.ReadOnlyCollection`1[System.String]","System.Collections.Generic.List`1[System.Diagnostics.Eventing.Reader.EventProperty]"
"The BITS service loaded the job list from disk.","306","0",,"5","0","0","4611686018427387904","8451","Microsoft-Windows-Bits-Client","ef1cc15b-46c1-414e-bb95-e76b077bd51e","Microsoft-Windows-Bits-Client/Operational","2352","2404","MSEDGEWIN10","S-1-5-18","10/24/2020 6:15:42 AM",,,"System.UInt32[]","System.Diagnostics.Eventing.Reader.EventBookmark","Verbose","Info",,"System.Collections.ObjectModel.ReadOnlyCollection`1[System.String]","System.Collections.Generic.List`1[System.Diagnostics.Eventing.Reader.EventProperty]"
"The transfer job is complete.
User: MSEDGEWIN10\IEUser
Transfer job: C:\Users\IEUser\AppData\Local\Temp\{2015B2D1-1706-42F6-8C0E-8BEECB408D48}-86.0.4240.111_86.0.4240.75_chrome_updater.exe
Job ID: {20160230-2e6f-428a-a61f-20740628577b}
Owner: MSEDGEWIN10\IEUser
