Process ID: 6852","3","2",,"4","0","0","4611686018427387904","8891","Microsoft-Windows-Bits-Client","ef1cc15b-46c1-414e-bb95-e76b077bd51e","Microsoft-Windows-Bits-Client/Operational","8220","3140","MSEDGEWIN10","S-1-5-18","11/15/2020 3:47:58 AM",,,"System.UInt32[]","System.Diagnostics.Eventing.Reader.EventBookmark","Information","Info",,"System.Collections.ObjectModel.ReadOnlyCollection`1[System.String]","System.Collections.Generic.List`1[System.Diagnostics.Eventing.Reader.EventProperty]"
"The BITS service loaded the job list from disk.","306","0",,"5","0","0","4611686018427387904","8890","Microsoft-Windows-Bits-Client","ef1cc15b-46c1-414e-bb95-e76b077bd51e","Microsoft-Windows-Bits-Client/Operational","8220","5904","MSEDGEWIN10","S-1-5-18","11/15/2020 3:47:58 AM",,,"System.UInt32[]","System.Diagnostics.Eventing.Reader.EventBookmark","Verbose","Info",,"System.Collections.ObjectModel.ReadOnlyCollection`1[System.String]","System.Collections.Generic.List`1[System.Diagnostics.Eventing.Reader.EventProperty]"
"High performance property for BITS job ""MicrosoftMapsBingGeoStore"" with ID ""{1df7bf74-01af-48da-956f-4e49d3bcc24a}"" Enabled.","209","0",,"4","0","0","4611686018427387904","8889","Microsoft-Windows-Bits-Client","ef1cc15b-46c1-414e-bb95-e76b077bd51e","Microsoft-Windows-Bits-Client/Operational","4960","1780","MSEDGEWIN10","S-1-5-18","11/14/2020 4:59:06 PM",,,"System.UInt32[]","System.Diagnostics.Eventing.Reader.EventBookmark","Information","Info",,"System.Collections.ObjectModel.ReadOnlyCollection`1[System.String]","System.Collections.Generic.List`1[System.Diagnostics.Eventing.Reader.EventProperty]"
"The BITS service created a new job.
Transfer job: MicrosoftMapsBingGeoStore
Job ID: {1df7bf74-01af-48da-956f-4e49d3bcc24a}
Owner: NT AUTHORITY\NETWORK SERVICE
Process Path: C:\Windows\System32\svchost.exe
Process ID: 1372","3","2",,"4","0","0","4611686018427387904","8888","Microsoft-Windows-Bits-Client","ef1cc15b-46c1-414e-bb95-e76b077bd51e","Microsoft-Windows-Bits-Client/Operational","4960","4872","MSEDGEWIN10","S-1-5-18","11/14/2020 4:59:06 PM",,,"System.UInt32[]","System.Diagnostics.Eventing.Reader.EventBookmark","Information","Info",,"System.Collections.ObjectModel.ReadOnlyCollection`1[System.String]","System.Collections.Generic.List`1[System.Diagnostics.Eventing.Reader.EventProperty]"
"The BITS service loaded the job list from disk.","306","0",,"5","0","0","4611686018427387904","8887","Microsoft-Windows-Bits-Client","ef1cc15b-46c1-414e-bb95-e76b077bd51e","Microsoft-Windows-Bits-Client/Operational","4960","5320","MSEDGEWIN10","S-1-5-18","11/14/2020 4:59:06 PM",,,"System.UInt32[]","System.Diagnostics.Eventing.Reader.EventBookmark","Verbose","Info",,"System.Collections.ObjectModel.ReadOnlyCollection`1[System.String]","System.Collections.Generic.List`1[System.Diagnostics.Eventing.Reader.EventProperty]"
"The BITS service loaded the job list from disk.","306","0",,"5","0","0","4611686018427387904","8886","Microsoft-Windows-Bits-Client","ef1cc15b-46c1-414e-bb95-e76b077bd51e","Microsoft-Windows-Bits-Client/Operational","3716","3424","MSEDGEWIN10","S-1-5-18","11/14/2020 1:02:27 PM",,,"System.UInt32[]","System.Diagnostics.Eventing.Reader.EventBookmark","Verbose","Info",,"System.Collections.ObjectModel.ReadOnlyCollection`1[System.String]","System.Collections.Generic.List`1[System.Diagnostics.Eventing.Reader.EventProperty]"
"The transfer job is complete.
User: MSEDGEWIN10\IEUser
Transfer job: UpdateDescriptionXml
Job ID: {af7b733b-b289-4325-a84a-db242ff943aa}
Owner: MSEDGEWIN10\IEUser
File count: 1","4","1",,"4","0","0","4611686018427387904","8885","Microsoft-Windows-Bits-Client","ef1cc15b-46c1-414e-bb95-e76b077bd51e","Microsoft-Windows-Bits-Client/Operational","7544","7696","MSEDGEWIN10","S-1-5-18","11/13/2020 11:57:22 AM",,,"System.UInt32[]","System.Diagnostics.Eventing.Reader.EventBookmark","Information","Info",,"System.Collections.ObjectModel.ReadOnlyCollection`1[System.String]","System.Collections.Generic.List`1[System.Diagnostics.Eventing.Reader.EventProperty]"
"BITS stopped transferring the UpdateDescriptionXml transfer job that is associated with the https://g.live.com/1rewlive5skydrive/ODSUProduction URL. The status code is 0x0.","60","1",,"4","0","2","4611686018427387904","8884","Microsoft-Windows-Bits-Client","ef1cc15b-46c1-414e-bb95-e76b077bd51e","Microsoft-Windows-Bits-Client/Operational","7544","5644","MSEDGEWIN10","S-1-5-18","11/13/2020 11:57:22 AM","a773f8e0-215a-44bf-9239-7969289d9884",,"System.UInt32[]","System.Diagnostics.Eventing.Reader.EventBookmark","Information","Stop",,"System.Collections.ObjectModel.ReadOnlyCollection`1[System.String]","System.Collections.Generic.List`1[System.Diagnostics.Eventing.Reader.EventProperty]"
"BITS started the UpdateDescriptionXml transfer job that is associated with the https://g.live.com/1rewlive5skydrive/ODSUProduction URL.","59","1",,"4","0","1","4611686018427387904","8883","Microsoft-Windows-Bits-Client","ef1cc15b-46c1-414e-bb95-e76b077bd51e","Microsoft-Windows-Bits-Client/Operational","7544","8960","MSEDGEWIN10","S-1-5-18","11/13/2020 11:57:22 AM","a773f8e0-215a-44bf-9239-7969289d9884",,"System.UInt32[]","System.Diagnostics.Eventing.Reader.EventBookmark","Information","Start",,"System.Collections.ObjectModel.ReadOnlyCollection`1[System.String]","System.Collections.Generic.List`1[System.Diagnostics.Eventing.Reader.EventProperty]"
"The initialization of the peer helper modules failed with the following error:  0x80070032.","310","0",,"3","0","0","4611686018427387904","8882","Microsoft-Windows-Bits-Client","ef1cc15b-46c1-414e-bb95-e76b077bd51e","Microsoft-Windows-Bits-Client/Operational","7544","8960","MSEDGEWIN10","S-1-5-18","11/13/2020 11:57:22 AM",,,"System.UInt32[]","System.Diagnostics.Eventing.Reader.EventBookmark","Warning","Info",,"System.Collections.ObjectModel.ReadOnlyCollection`1[System.String]","System.Collections.Generic.List`1[System.Diagnostics.Eventing.Reader.EventProperty]"
"The BITS service created a new job.
Transfer job: UpdateDescriptionXml
Job ID: {af7b733b-b289-4325-a84a-db242ff943aa}
Owner: MSEDGEWIN10\IEUser
Process Path: C:\Users\IEUser\AppData\Local\Microsoft\OneDrive\OneDriveStandaloneUpdater.exe
Process ID: 2960","3","2",,"4","0","0","4611686018427387904","8881","Microsoft-Windows-Bits-Client","ef1cc15b-46c1-414e-bb95-e76b077bd51e","Microsoft-Windows-Bits-Client/Operational","7544","9172","MSEDGEWIN10","S-1-5-18","11/13/2020 11:57:18 AM",,,"System.UInt32[]","System.Diagnostics.Eventing.Reader.EventBookmark","Information","Info",,"System.Collections.ObjectModel.ReadOnlyCollection`1[System.String]","System.Collections.Generic.List`1[System.Diagnostics.Eventing.Reader.EventProperty]"
"The transfer job is complete.
User: MSEDGEWIN10\IEUser
Transfer job: PreSignInSettingsConfigJSON
Job ID: {76bcf472-6f33-4a24-9cb5-f553deef20d6}
Owner: MSEDGEWIN10\IEUser
File count: 1","4","1",,"4","0","0","4611686018427387904","8880","Microsoft-Windows-Bits-Client","ef1cc15b-46c1-414e-bb95-e76b077bd51e","Microsoft-Windows-Bits-Client/Operational","7544","9172","MSEDGEWIN10","S-1-5-18","11/13/2020 11:57:18 AM",,,"System.UInt32[]","System.Diagnostics.Eventing.Reader.EventBookmark","Information","Info",,"System.Collections.ObjectModel.ReadOnlyCollection`1[System.String]","System.Collections.Generic.List`1[System.Diagnostics.Eventing.Reader.EventProperty]"
"The BITS service loaded the job list from disk.","306","0",,"5","0","0","4611686018427387904","8879","Microsoft-Windows-Bits-Client","ef1cc15b-46c1-414e-bb95-e76b077bd51e","Microsoft-Windows-Bits-Client/Operational","7544","2884","MSEDGEWIN10","S-1-5-18","11/13/2020 11:57:14 AM",,,"System.UInt32[]","System.Diagnostics.Eventing.Reader.EventBookmark","Verbose","Info",,"System.Collections.ObjectModel.ReadOnlyCollection`1[System.String]","System.Collections.Generic.List`1[System.Diagnostics.Eventing.Reader.EventProperty]"
"The BITS service loaded the job list from disk.","306","0",,"5","0","0","4611686018427387904","8878","Microsoft-Windows-Bits-Client","ef1cc15b-46c1-414e-bb95-e76b077bd51e","Microsoft-Windows-Bits-Client/Operational","9096","9120","MSEDGEWIN10","S-1-5-18","11/13/2020 3:07:24 AM",,,"System.UInt32[]","System.Diagnostics.Eventing.Reader.EventBookmark","Verbose","Info",,"System.Collections.ObjectModel.ReadOnlyCollection`1[System.String]","System.Collections.Generic.List`1[System.Diagnostics.Eventing.Reader.EventProperty]"
"The transfer job is complete.
User: MSEDGEWIN10\IEUser
Transfer job: Push Notification Platform Job: 1
Job ID: {4bf7c276-9074-4ff8-8f87-b9df84df8a2c}
Owner: MSEDGEWIN10\IEUser
File count: 1","4","1",,"4","0","0","4611686018427387904","8877","Microsoft-Windows-Bits-Client","ef1cc15b-46c1-414e-bb95-e76b077bd51e","Microsoft-Windows-Bits-Client/Operational","7212","24532","MSEDGEWIN10","S-1-5-18","11/13/2020 2:32:01 AM",,,"System.UInt32[]","System.Diagnostics.Eventing.Reader.EventBookmark","Information","Info",,"System.Collections.ObjectModel.ReadOnlyCollection`1[System.String]","System.Collections.Generic.List`1[System.Diagnostics.Eventing.Reader.EventProperty]"
"BITS stopped transferring the Push Notification Platform Job: 1 transfer job that is associated with the https://site-cdn.onenote.net/161350540457_Images/LiveTileImages/MediumAndLarge/Image3.png URL. The status code is 0x0.","60","1",,"4","0","2","4611686018427387904","8876","Microsoft-Windows-Bits-Client","ef1cc15b-46c1-414e-bb95-e76b077bd51e","Microsoft-Windows-Bits-Client/Operational","7212","25568","MSEDGEWIN10","S-1-5-18","11/13/2020 2:32:01 AM","76689dc9-ac67-44c9-a658-f0dc569d0af9",,"System.UInt32[]","System.Diagnostics.Eventing.Reader.EventBookmark","Information","Stop",,"System.Collections.ObjectModel.ReadOnlyCollection`1[System.String]","System.Collections.Generic.List`1[System.Diagnostics.Eventing.Reader.EventProperty]"
"BITS started the Push Notification Platform Job: 1 transfer job that is associated with the https://site-cdn.onenote.net/161350540457_Images/LiveTileImages/MediumAndLarge/Image3.png URL.","59","1",,"4","0","1","4611686018427387904","8875","Microsoft-Windows-Bits-Client","ef1cc15b-46c1-414e-bb95-e76b077bd51e","Microsoft-Windows-Bits-Client/Operational","7212","24656","MSEDGEWIN10","S-1-5-18","11/13/2020 2:31:57 AM","76689dc9-ac67-44c9-a658-f0dc569d0af9",,"System.UInt32[]","System.Diagnostics.Eventing.Reader.EventBookmark","Information","Start",,"System.Collections.ObjectModel.ReadOnlyCollection`1[System.String]","System.Collections.Generic.List`1[System.Diagnostics.Eventing.Reader.EventProperty]"
"High performance property for BITS job ""Push Notification Platform Job: 1"" with ID ""{4bf7c276-9074-4ff8-8f87-b9df84df8a2c}"" Enabled.","209","0",,"4","0","0","4611686018427387904","8874","Microsoft-Windows-Bits-Client","ef1cc15b-46c1-414e-bb95-e76b077bd51e","Microsoft-Windows-Bits-Client/Operational","7212","25568","MSEDGEWIN10","S-1-5-18","11/13/2020 2:31:57 AM",,,"System.UInt32[]","System.Diagnostics.Eventing.Reader.EventBookmark","Information","Info",,"System.Collections.ObjectModel.ReadOnlyCollection`1[System.String]","System.Collections.Generic.List`1[System.Diagnostics.Eventing.Reader.EventProperty]"
"The BITS service created a new job.
Transfer job: Push Notification Platform Job: 1
Job ID: {4bf7c276-9074-4ff8-8f87-b9df84df8a2c}
Owner: MSEDGEWIN10\IEUser
Process Path: C:\Windows\System32\svchost.exe
Process ID: 916","3","2",,"4","0","0","4611686018427387904","8873","Microsoft-Windows-Bits-Client","ef1cc15b-46c1-414e-bb95-e76b077bd51e","Microsoft-Windows-Bits-Client/Operational","7212","25568","MSEDGEWIN10","S-1-5-18","11/13/2020 2:31:57 AM",,,"System.UInt32[]","System.Diagnostics.Eventing.Reader.EventBookmark","Information","Info",,"System.Collections.ObjectModel.ReadOnlyCollection`1[System.String]","System.Collections.Generic.List`1[System.Diagnostics.Eventing.Reader.EventProperty]"
"The transfer job is complete.
User: MSEDGEWIN10\IEUser
Transfer job: Push Notification Platform Job: 1
Job ID: {67fc0d15-bfe5-4007-8f81-11eb6069d4f2}
Owner: MSEDGEWIN10\IEUser
File count: 1","4","1",,"4","0","0","4611686018427387904","8872","Microsoft-Windows-Bits-Client","ef1cc15b-46c1-414e-bb95-e76b077bd51e","Microsoft-Windows-Bits-Client/Operational","7212","4176","MSEDGEWIN10","S-1-5-18","11/13/2020 2:12:16 AM",,,"System.UInt32[]","System.Diagnostics.Eventing.Reader.EventBookmark","Information","Info",,"System.Collections.ObjectModel.ReadOnlyCollection`1[System.String]","System.Collections.Generic.List`1[System.Diagnostics.Eventing.Reader.EventProperty]"
"BITS stopped transferring the Push Notification Platform Job: 1 transfer job that is associated with the https://img-s-msn-com.akamaized.net/tenant/amp/entityid/BB1aYFdj.img?w=100&h=100&m=6&tilesize=medium&x=703&y=371&ms-scale=100&ms-contrast=standard URL. The status code is 0x0.","60","1",,"4","0","2","4611686018427387904","8871","Microsoft-Windows-Bits-Client","ef1cc15b-46c1-414e-bb95-e76b077bd51e","Microsoft-Windows-Bits-Client/Operational","7212","4176","MSEDGEWIN10","S-1-5-18","11/13/2020 2:12:16 AM","84409995-f518-48ad-950c-86ac1c50cc2a",,"System.UInt32[]","System.Diagnostics.Eventing.Reader.EventBookmark","Information","Stop",,"System.Collections.ObjectModel.ReadOnlyCollection`1[System.String]","System.Collections.Generic.List`1[System.Diagnostics.Eventing.Reader.EventProperty]"
"BITS started the Push Notification Platform Job: 1 transfer job that is associated with the https://img-s-msn-com.akamaized.net/tenant/amp/entityid/BB1aYFdj.img?w=100&h=100&m=6&tilesize=medium&x=703&y=371&ms-scale=100&ms-contrast=standard URL.","59","1",,"4","0","1","4611686018427387904","8870","Microsoft-Windows-Bits-Client","ef1cc15b-46c1-414e-bb95-e76b077bd51e","Microsoft-Windows-Bits-Client/Operational","7212","3612","MSEDGEWIN10","S-1-5-18","11/13/2020 2:12:09 AM","84409995-f518-48ad-950c-86ac1c50cc2a",,"System.UInt32[]","System.Diagnostics.Eventing.Reader.EventBookmark","Information","Start",,"System.Collections.ObjectModel.ReadOnlyCollection`1[System.String]","System.Collections.Generic.List`1[System.Diagnostics.Eventing.Reader.EventProperty]"
"High performance property for BITS job ""Push Notification Platform Job: 1"" with ID ""{67fc0d15-bfe5-4007-8f81-11eb6069d4f2}"" Enabled.","209","0",,"4","0","0","4611686018427387904","8869","Microsoft-Windows-Bits-Client","ef1cc15b-46c1-414e-bb95-e76b077bd51e","Microsoft-Windows-Bits-Client/Operational","7212","7472","MSEDGEWIN10","S-1-5-18","11/13/2020 2:12:09 AM",,,"System.UInt32[]","System.Diagnostics.Eventing.Reader.EventBookmark","Information","Info",,"System.Collections.ObjectModel.ReadOnlyCollection`1[System.String]","System.Collections.Generic.List`1[System.Diagnostics.Eventing.Reader.EventProperty]"
"The BITS service created a new job.
Transfer job: Push Notification Platform Job: 1
Job ID: {67fc0d15-bfe5-4007-8f81-11eb6069d4f2}
Owner: MSEDGEWIN10\IEUser
Process Path: C:\Windows\System32\svchost.exe
Process ID: 916","3","2",,"4","0","0","4611686018427387904","8868","Microsoft-Windows-Bits-Client","ef1cc15b-46c1-414e-bb95-e76b077bd51e","Microsoft-Windows-Bits-Client/Operational","7212","7472","MSEDGEWIN10","S-1-5-18","11/13/2020 2:12:09 AM",,,"System.UInt32[]","System.Diagnostics.Eventing.Reader.EventBookmark","Information","Info",,"System.Collections.ObjectModel.ReadOnlyCollection`1[System.String]","System.Collections.Generic.List`1[System.Diagnostics.Eventing.Reader.EventProperty]"
"The BITS service loaded the job list from disk.","306","0",,"5","0","0","4611686018427387904","8867","Microsoft-Windows-Bits-Client","ef1cc15b-46c1-414e-bb95-e76b077bd51e","Microsoft-Windows-Bits-Client/Operational","7212","2424","MSEDGEWIN10","S-1-5-18","11/13/2020 2:12:09 AM",,,"System.UInt32[]","System.Diagnostics.Eventing.Reader.EventBookmark","Verbose","Info",,"System.Collections.ObjectModel.ReadOnlyCollection`1[System.String]","System.Collections.Generic.List`1[System.Diagnostics.Eventing.Reader.EventProperty]"
"Job cancelled. User: NT AUTHORITY\NETWORK SERVICE, job: SpeechModelDownloadJob, jobID: {cb28883d-f991-4f5f-a155-551f10f3a51e}, owner: NT AUTHORITY\NETWORK SERVICE, filecount: 1","5","0",,"4","0","0","4611686018427387904","8866","Microsoft-Windows-Bits-Client","ef1cc15b-46c1-414e-bb95-e76b077bd51e","Microsoft-Windows-Bits-Client/Operational","1652","4116","MSEDGEWIN10","S-1-5-20","11/13/2020 1:53:16 AM",,,"System.UInt32[]","System.Diagnostics.Eventing.Reader.EventBookmark","Information","Info",,"System.Collections.ObjectModel.ReadOnlyCollection`1[System.String]","System.Collections.Generic.List`1[System.Diagnostics.Eventing.Reader.EventProperty]"
"BITS stopped transferring the SpeechModelDownloadJob transfer job that is associated with the https://msftspeechmodelsprod.azureedge.net/SR/SV10-EV100/en-us-n/MV101/naspmodelsmetadata.xml URL. The status code is 0x80072EE7.","61","1",,"3","0","2","4611686018427387904","8865","Microsoft-Windows-Bits-Client","ef1cc15b-46c1-414e-bb95-e76b077bd51e","Microsoft-Windows-Bits-Client/Operational","1652","6832","MSEDGEWIN10","S-1-5-18","11/13/2020 1:53:16 AM","45370d4b-ada6-4bf7-8c9a-db4485297944",,"System.UInt32[]","System.Diagnostics.Eventing.Reader.EventBookmark","Warning","Stop",,"System.Collections.ObjectModel.ReadOnlyCollection`1[System.String]","System.Collections.Generic.List`1[System.Diagnostics.Eventing.Reader.EventProperty]"
"The BITS service created a new job.
Transfer job: SpeechModelDownloadJob
Job ID: {cb28883d-f991-4f5f-a155-551f10f3a51e}
Owner: NT AUTHORITY\NETWORK SERVICE
Process Path: C:\Windows\System32\Speech_OneCore\common\SpeechModelDownload.exe
Process ID: 5696","3","2",,"4","0","0","4611686018427387904","8864","Microsoft-Windows-Bits-Client","ef1cc15b-46c1-414e-bb95-e76b077bd51e","Microsoft-Windows-Bits-Client/Operational","1652","6832","MSEDGEWIN10","S-1-5-18","11/13/2020 1:53:15 AM",,,"System.UInt32[]","System.Diagnostics.Eventing.Reader.EventBookmark","Information","Info",,"System.Collections.ObjectModel.ReadOnlyCollection`1[System.String]","System.Collections.Generic.List`1[System.Diagnostics.Eventing.Reader.EventProperty]"
"The BITS service loaded the job list from disk.","306","0",,"5","0","0","4611686018427387904","8863","Microsoft-Windows-Bits-Client","ef1cc15b-46c1-414e-bb95-e76b077bd51e","Microsoft-Windows-Bits-Client/Operational","1652","7628","MSEDGEWIN10","S-1-5-18","11/13/2020 1:53:15 AM",,,"System.UInt32[]","System.Diagnostics.Eventing.Reader.EventBookmark","Verbose","Info",,"System.Collections.ObjectModel.ReadOnlyCollection`1[System.String]","System.Collections.Generic.List`1[System.Diagnostics.Eventing.Reader.EventProperty]"
"High performance property for BITS job ""MicrosoftMapsBingGeoStore"" with ID ""{f1ebf2c0-00b8-44fa-bde0-60d632238888}"" Enabled.","209","0",,"4","0","0","4611686018427387904","8862","Microsoft-Windows-Bits-Client","ef1cc15b-46c1-414e-bb95-e76b077bd51e","Microsoft-Windows-Bits-Client/Operational","6072","3772","MSEDGEWIN10","S-1-5-18","11/13/2020 1:47:30 AM",,,"System.UInt32[]","System.Diagnostics.Eventing.Reader.EventBookmark","Information","Info",,"System.Collections.ObjectModel.ReadOnlyCollection`1[System.String]","System.Collections.Generic.List`1[System.Diagnostics.Eventing.Reader.EventProperty]"
"The BITS service created a new job.
Transfer job: MicrosoftMapsBingGeoStore
Job ID: {f1ebf2c0-00b8-44fa-bde0-60d632238888}
Owner: NT AUTHORITY\NETWORK SERVICE
Process Path: C:\Windows\System32\svchost.exe
Process ID: 6280","3","2",,"4","0","0","4611686018427387904","8861","Microsoft-Windows-Bits-Client","ef1cc15b-46c1-414e-bb95-e76b077bd51e","Microsoft-Windows-Bits-Client/Operational","6072","2284","MSEDGEWIN10","S-1-5-18","11/13/2020 1:47:30 AM",,,"System.UInt32[]","System.Diagnostics.Eventing.Reader.EventBookmark","Information","Info",,"System.Collections.ObjectModel.ReadOnlyCollection`1[System.String]","System.Collections.Generic.List`1[System.Diagnostics.Eventing.Reader.EventProperty]"
"The BITS service loaded the job list from disk.","306","0",,"5","0","0","4611686018427387904","8860","Microsoft-Windows-Bits-Client","ef1cc15b-46c1-414e-bb95-e76b077bd51e","Microsoft-Windows-Bits-Client/Operational","6072","4580","MSEDGEWIN10","S-1-5-18","11/13/2020 1:47:09 AM",,,"System.UInt32[]","System.Diagnostics.Eventing.Reader.EventBookmark","Verbose","Info",,"System.Collections.ObjectModel.ReadOnlyCollection`1[System.String]","System.Collections.Generic.List`1[System.Diagnostics.Eventing.Reader.EventProperty]"
"The transfer job is complete.
User: MSEDGEWIN10\IEUser
Transfer job: Push Notification Platform Job: 1
Job ID: {f076d4a7-0275-4f6f-8293-7d2b0028e2c3}
Owner: MSEDGEWIN10\IEUser
File count: 1","4","1",,"4","0","0","4611686018427387904","8859","Microsoft-Windows-Bits-Client","ef1cc15b-46c1-414e-bb95-e76b077bd51e","Microsoft-Windows-Bits-Client/Operational","8160","4040","MSEDGEWIN10","S-1-5-18","11/12/2020 6:12:25 AM",,,"System.UInt32[]","System.Diagnostics.Eventing.Reader.EventBookmark","Information","Info",,"System.Collections.ObjectModel.ReadOnlyCollection`1[System.String]","System.Collections.Generic.List`1[System.Diagnostics.Eventing.Reader.EventProperty]"
"BITS stopped transferring the Push Notification Platform Job: 1 transfer job that is associated with the https://site-cdn.onenote.net/161350540457_Images/LiveTileImages/MediumAndLarge/Image1.png URL. The status code is 0x0.","60","1",,"4","0","2","4611686018427387904","8858","Microsoft-Windows-Bits-Client","ef1cc15b-46c1-414e-bb95-e76b077bd51e","Microsoft-Windows-Bits-Client/Operational","8160","5124","MSEDGEWIN10","S-1-5-18","11/12/2020 6:12:25 AM","ed613389-e3ac-4e97-9191-f8a3be1d92d2",,"System.UInt32[]","System.Diagnostics.Eventing.Reader.EventBookmark","Information","Stop",,"System.Collections.ObjectModel.ReadOnlyCollection`1[System.String]","System.Collections.Generic.List`1[System.Diagnostics.Eventing.Reader.EventProperty]"
"BITS started the Push Notification Platform Job: 1 transfer job that is associated with the https://site-cdn.onenote.net/161350540457_Images/LiveTileImages/MediumAndLarge/Image1.png URL.","59","1",,"4","0","1","4611686018427387904","8857","Microsoft-Windows-Bits-Client","ef1cc15b-46c1-414e-bb95-e76b077bd51e","Microsoft-Windows-Bits-Client/Operational","8160","8796","MSEDGEWIN10","S-1-5-18","11/12/2020 6:12:25 AM","ed613389-e3ac-4e97-9191-f8a3be1d92d2",,"System.UInt32[]","System.Diagnostics.Eventing.Reader.EventBookmark","Information","Start",,"System.Collections.ObjectModel.ReadOnlyCollection`1[System.String]","System.Collections.Generic.List`1[System.Diagnostics.Eventing.Reader.EventProperty]"
"High performance property for BITS job ""Push Notification Platform Job: 1"" with ID ""{f076d4a7-0275-4f6f-8293-7d2b0028e2c3}"" Enabled.","209","0",,"4","0","0","4611686018427387904","8856","Microsoft-Windows-Bits-Client","ef1cc15b-46c1-414e-bb95-e76b077bd51e","Microsoft-Windows-Bits-Client/Operational","8160","5124","MSEDGEWIN10","S-1-5-18","11/12/2020 6:12:25 AM",,,"System.UInt32[]","System.Diagnostics.Eventing.Reader.EventBookmark","Information","Info",,"System.Collections.ObjectModel.ReadOnlyCollection`1[System.String]","System.Collections.Generic.List`1[System.Diagnostics.Eventing.Reader.EventProperty]"
"The BITS service created a new job.
Transfer job: Push Notification Platform Job: 1
Job ID: {f076d4a7-0275-4f6f-8293-7d2b0028e2c3}
Owner: MSEDGEWIN10\IEUser
Process Path: C:\Windows\System32\svchost.exe
Process ID: 4264","3","2",,"4","0","0","4611686018427387904","8855","Microsoft-Windows-Bits-Client","ef1cc15b-46c1-414e-bb95-e76b077bd51e","Microsoft-Windows-Bits-Client/Operational","8160","5124","MSEDGEWIN10","S-1-5-18","11/12/2020 6:12:25 AM",,,"System.UInt32[]","System.Diagnostics.Eventing.Reader.EventBookmark","Information","Info",,"System.Collections.ObjectModel.ReadOnlyCollection`1[System.String]","System.Collections.Generic.List`1[System.Diagnostics.Eventing.Reader.EventProperty]"
"The transfer job is complete.
User: MSEDGEWIN10\IEUser
Transfer job: Push Notification Platform Job: 1
Job ID: {ad401ba0-5726-4e7c-9cd8-cea10920fe42}
Owner: MSEDGEWIN10\IEUser
File count: 1","4","1",,"4","0","0","4611686018427387904","8854","Microsoft-Windows-Bits-Client","ef1cc15b-46c1-414e-bb95-e76b077bd51e","Microsoft-Windows-Bits-Client/Operational","8160","9200","MSEDGEWIN10","S-1-5-18","11/12/2020 6:12:25 AM",,,"System.UInt32[]","System.Diagnostics.Eventing.Reader.EventBookmark","Information","Info",,"System.Collections.ObjectModel.ReadOnlyCollection`1[System.String]","System.Collections.Generic.List`1[System.Diagnostics.Eventing.Reader.EventProperty]"
"BITS stopped transferring the Push Notification Platform Job: 1 transfer job that is associated with the https://img-s-msn-com.akamaized.net/tenant/amp/entityid/BB1aULGJ.img?w=100&h=100&m=6&tilesize=medium&ms-scale=100&ms-contrast=standard URL. The status code is 0x0.","60","1",,"4","0","2","4611686018427387904","8853","Microsoft-Windows-Bits-Client","ef1cc15b-46c1-414e-bb95-e76b077bd51e","Microsoft-Windows-Bits-Client/Operational","8160","9200","MSEDGEWIN10","S-1-5-18","11/12/2020 6:12:25 AM","64a8476b-e029-4bc6-8b45-2b33635b858f",,"System.UInt32[]","System.Diagnostics.Eventing.Reader.EventBookmark","Information","Stop",,"System.Collections.ObjectModel.ReadOnlyCollection`1[System.String]","System.Collections.Generic.List`1[System.Diagnostics.Eventing.Reader.EventProperty]"
"BITS started the Push Notification Platform Job: 1 transfer job that is associated with the https://img-s-msn-com.akamaized.net/tenant/amp/entityid/BB1aULGJ.img?w=100&h=100&m=6&tilesize=medium&ms-scale=100&ms-contrast=standard URL.","59","1",,"4","0","1","4611686018427387904","8852","Microsoft-Windows-Bits-Client","ef1cc15b-46c1-414e-bb95-e76b077bd51e","Microsoft-Windows-Bits-Client/Operational","8160","8796","MSEDGEWIN10","S-1-5-18","11/12/2020 6:12:22 AM","64a8476b-e029-4bc6-8b45-2b33635b858f",,"System.UInt32[]","System.Diagnostics.Eventing.Reader.EventBookmark","Information","Start",,"System.Collections.ObjectModel.ReadOnlyCollection`1[System.String]","System.Collections.Generic.List`1[System.Diagnostics.Eventing.Reader.EventProperty]"
"High performance property for BITS job ""Push Notification Platform Job: 1"" with ID ""{ad401ba0-5726-4e7c-9cd8-cea10920fe42}"" Enabled.","209","0",,"4","0","0","4611686018427387904","8851","Microsoft-Windows-Bits-Client","ef1cc15b-46c1-414e-bb95-e76b077bd51e","Microsoft-Windows-Bits-Client/Operational","8160","2264","MSEDGEWIN10","S-1-5-18","11/12/2020 6:12:22 AM",,,"System.UInt32[]","System.Diagnostics.Eventing.Reader.EventBookmark","Information","Info",,"System.Collections.ObjectModel.ReadOnlyCollection`1[System.String]","System.Collections.Generic.List`1[System.Diagnostics.Eventing.Reader.EventProperty]"
"The BITS service created a new job.
Transfer job: Push Notification Platform Job: 1
Job ID: {ad401ba0-5726-4e7c-9cd8-cea10920fe42}
Owner: MSEDGEWIN10\IEUser
Process Path: C:\Windows\System32\svchost.exe
Process ID: 4264","3","2",,"4","0","0","4611686018427387904","8850","Microsoft-Windows-Bits-Client","ef1cc15b-46c1-414e-bb95-e76b077bd51e","Microsoft-Windows-Bits-Client/Operational","8160","2264","MSEDGEWIN10","S-1-5-18","11/12/2020 6:12:22 AM",,,"System.UInt32[]","System.Diagnostics.Eventing.Reader.EventBookmark","Information","Info",,"System.Collections.ObjectModel.ReadOnlyCollection`1[System.String]","System.Collections.Generic.List`1[System.Diagnostics.Eventing.Reader.EventProperty]"
"The BITS service loaded the job list from disk.","306","0",,"5","0","0","4611686018427387904","8849","Microsoft-Windows-Bits-Client","ef1cc15b-46c1-414e-bb95-e76b077bd51e","Microsoft-Windows-Bits-Client/Operational","8160","8308","MSEDGEWIN10","S-1-5-18","11/12/2020 6:12:21 AM",,,"System.UInt32[]","System.Diagnostics.Eventing.Reader.EventBookmark","Verbose","Info",,"System.Collections.ObjectModel.ReadOnlyCollection`1[System.String]","System.Collections.Generic.List`1[System.Diagnostics.Eventing.Reader.EventProperty]"
"BITS stopped transferring the PreSignInSettingsConfigJSON transfer job that is associated with the https://g.live.com/odclientsettings/Prod URL. The status code is 0x0.","60","1",,"4","0","2","4611686018427387904","8848","Microsoft-Windows-Bits-Client","ef1cc15b-46c1-414e-bb95-e76b077bd51e","Microsoft-Windows-Bits-Client/Operational","9408","9528","MSEDGEWIN10","S-1-5-18","11/12/2020 4:44:50 AM","a69420ec-cc15-40e5-9683-4fb205d10cdf",,"System.UInt32[]","System.Diagnostics.Eventing.Reader.EventBookmark","Information","Stop",,"System.Collections.ObjectModel.ReadOnlyCollection`1[System.String]","System.Collections.Generic.List`1[System.Diagnostics.Eventing.Reader.EventProperty]"
"BITS started the PreSignInSettingsConfigJSON transfer job that is associated with the https://g.live.com/odclientsettings/Prod URL.","59","1",,"4","0","1","4611686018427387904","8847","Microsoft-Windows-Bits-Client","ef1cc15b-46c1-414e-bb95-e76b077bd51e","Microsoft-Windows-Bits-Client/Operational","9408","9488","MSEDGEWIN10","S-1-5-18","11/12/2020 4:44:50 AM","a69420ec-cc15-40e5-9683-4fb205d10cdf",,"System.UInt32[]","System.Diagnostics.Eventing.Reader.EventBookmark","Information","Start",,"System.Collections.ObjectModel.ReadOnlyCollection`1[System.String]","System.Collections.Generic.List`1[System.Diagnostics.Eventing.Reader.EventProperty]"
"The initialization of the peer helper modules failed with the following error:  0x80070032.","310","0",,"3","0","0","4611686018427387904","8846","Microsoft-Windows-Bits-Client","ef1cc15b-46c1-414e-bb95-e76b077bd51e","Microsoft-Windows-Bits-Client/Operational","9408","9488","MSEDGEWIN10","S-1-5-18","11/12/2020 4:44:50 AM",,,"System.UInt32[]","System.Diagnostics.Eventing.Reader.EventBookmark","Warning","Info",,"System.Collections.ObjectModel.ReadOnlyCollection`1[System.String]","System.Collections.Generic.List`1[System.Diagnostics.Eventing.Reader.EventProperty]"
"BITS stopped transferring the PreSignInSettingsConfigJSON transfer job that is associated with the https://g.live.com/odclientsettings/Prod URL. The status code is 0x80072EE7.","61","1",,"3","0","2","4611686018427387904","8845","Microsoft-Windows-Bits-Client","ef1cc15b-46c1-414e-bb95-e76b077bd51e","Microsoft-Windows-Bits-Client/Operational","9408","9440","MSEDGEWIN10","S-1-5-18","11/12/2020 4:44:33 AM","52474bfa-7474-4564-9ca6-ee6ace0ed16a",,"System.UInt32[]","System.Diagnostics.Eventing.Reader.EventBookmark","Warning","Stop",,"System.Collections.ObjectModel.ReadOnlyCollection`1[System.String]","System.Collections.Generic.List`1[System.Diagnostics.Eventing.Reader.EventProperty]"
"BITS stopped transferring the PreSignInSettingsConfigJSON transfer job that is associated with the https://g.live.com/odclientsettings/Prod URL. The status code is 0x80072EE7.","61","1",,"3","0","2","4611686018427387904","8844","Microsoft-Windows-Bits-Client","ef1cc15b-46c1-414e-bb95-e76b077bd51e","Microsoft-Windows-Bits-Client/Operational","9408","9440","MSEDGEWIN10","S-1-5-18","11/12/2020 4:44:23 AM","5e42e689-9aaf-48ce-a447-1172edd6e3ed",,"System.UInt32[]","System.Diagnostics.Eventing.Reader.EventBookmark","Warning","Stop",,"System.Collections.ObjectModel.ReadOnlyCollection`1[System.String]","System.Collections.Generic.List`1[System.Diagnostics.Eventing.Reader.EventProperty]"
"BITS stopped transferring the PreSignInSettingsConfigJSON transfer job that is associated with the https://g.live.com/odclientsettings/Prod URL. The status code is 0x80072EE7.","61","1",,"3","0","2","4611686018427387904","8843","Microsoft-Windows-Bits-Client","ef1cc15b-46c1-414e-bb95-e76b077bd51e","Microsoft-Windows-Bits-Client/Operational","9408","9536","MSEDGEWIN10","S-1-5-18","11/12/2020 4:44:13 AM","0c3a37bd-107d-4717-a13f-b44b7c8f4756",,"System.UInt32[]","System.Diagnostics.Eventing.Reader.EventBookmark","Warning","Stop",,"System.Collections.ObjectModel.ReadOnlyCollection`1[System.String]","System.Collections.Generic.List`1[System.Diagnostics.Eventing.Reader.EventProperty]"
"BITS stopped transferring the PreSignInSettingsConfigJSON transfer job that is associated with the https://g.live.com/odclientsettings/Prod URL. The status code is 0x80072EE7.","61","1",,"3","0","2","4611686018427387904","8842","Microsoft-Windows-Bits-Client","ef1cc15b-46c1-414e-bb95-e76b077bd51e","Microsoft-Windows-Bits-Client/Operational","9408","9524","MSEDGEWIN10","S-1-5-18","11/12/2020 4:44:02 AM","a157fbbd-ee90-4ca8-84f1-0f3540f2bb51",,"System.UInt32[]","System.Diagnostics.Eventing.Reader.EventBookmark","Warning","Stop",,"System.Collections.ObjectModel.ReadOnlyCollection`1[System.String]","System.Collections.Generic.List`1[System.Diagnostics.Eventing.Reader.EventProperty]"
"BITS stopped transferring the PreSignInSettingsConfigJSON transfer job that is associated with the https://g.live.com/odclientsettings/Prod URL. The status code is 0x80072EE7.","61","1",,"3","0","2","4611686018427387904","8841","Microsoft-Windows-Bits-Client","ef1cc15b-46c1-414e-bb95-e76b077bd51e","Microsoft-Windows-Bits-Client/Operational","9408","9524","MSEDGEWIN10","S-1-5-18","11/12/2020 4:43:47 AM","c94f8719-b1f0-41d6-a0c8-eabe4fd1667c",,"System.UInt32[]","System.Diagnostics.Eventing.Reader.EventBookmark","Warning","Stop",,"System.Collections.ObjectModel.ReadOnlyCollection`1[System.String]","System.Collections.Generic.List`1[System.Diagnostics.Eventing.Reader.EventProperty]"
"BITS stopped transferring the PreSignInSettingsConfigJSON transfer job that is associated with the https://g.live.com/odclientsettings/Prod URL. The status code is 0x80072EE7.","61","1",,"3","0","2","4611686018427387904","8840","Microsoft-Windows-Bits-Client","ef1cc15b-46c1-414e-bb95-e76b077bd51e","Microsoft-Windows-Bits-Client/Operational","9408","9524","MSEDGEWIN10","S-1-5-18","11/12/2020 4:43:37 AM","d49213a7-71db-49db-9d66-d7719ece1c2f",,"System.UInt32[]","System.Diagnostics.Eventing.Reader.EventBookmark","Warning","Stop",,"System.Collections.ObjectModel.ReadOnlyCollection`1[System.String]","System.Collections.Generic.List`1[System.Diagnostics.Eventing.Reader.EventProperty]"
"BITS stopped transferring the PreSignInSettingsConfigJSON transfer job that is associated with the https://g.live.com/odclientsettings/Prod URL. The status code is 0x80072EE7.","61","1",,"3","0","2","4611686018427387904","8839","Microsoft-Windows-Bits-Client","ef1cc15b-46c1-414e-bb95-e76b077bd51e","Microsoft-Windows-Bits-Client/Operational","9408","9520","MSEDGEWIN10","S-1-5-18","11/12/2020 4:43:27 AM","f25ca90f-1bf2-43a8-acc9-a78bb32ef563",,"System.UInt32[]","System.Diagnostics.Eventing.Reader.EventBookmark","Warning","Stop",,"System.Collections.ObjectModel.ReadOnlyCollection`1[System.String]","System.Collections.Generic.List`1[System.Diagnostics.Eventing.Reader.EventProperty]"
"BITS stopped transferring the PreSignInSettingsConfigJSON transfer job that is associated with the https://g.live.com/odclientsettings/Prod URL. The status code is 0x80072EE7.","61","1",,"3","0","2","4611686018427387904","8838","Microsoft-Windows-Bits-Client","ef1cc15b-46c1-414e-bb95-e76b077bd51e","Microsoft-Windows-Bits-Client/Operational","9408","9524","MSEDGEWIN10","S-1-5-18","11/12/2020 4:43:17 AM","ee85db5e-19fb-42d1-a6c1-ee3c540b97ff",,"System.UInt32[]","System.Diagnostics.Eventing.Reader.EventBookmark","Warning","Stop",,"System.Collections.ObjectModel.ReadOnlyCollection`1[System.String]","System.Collections.Generic.List`1[System.Diagnostics.Eventing.Reader.EventProperty]"
"The BITS service created a new job.
Transfer job: PreSignInSettingsConfigJSON
Job ID: {76bcf472-6f33-4a24-9cb5-f553deef20d6}
Owner: MSEDGEWIN10\IEUser
Process Path: C:\Users\IEUser\AppData\Local\Microsoft\OneDrive\OneDriveStandaloneUpdater.exe
Process ID: 3972","3","2",,"4","0","0","4611686018427387904","8837","Microsoft-Windows-Bits-Client","ef1cc15b-46c1-414e-bb95-e76b077bd51e","Microsoft-Windows-Bits-Client/Operational","9408","9524","MSEDGEWIN10","S-1-5-18","11/12/2020 4:43:17 AM",,,"System.UInt32[]","System.Diagnostics.Eventing.Reader.EventBookmark","Information","Info",,"System.Collections.ObjectModel.ReadOnlyCollection`1[System.String]","System.Collections.Generic.List`1[System.Diagnostics.Eventing.Reader.EventProperty]"
"The BITS service loaded the job list from disk.","306","0",,"5","0","0","4611686018427387904","8836","Microsoft-Windows-Bits-Client","ef1cc15b-46c1-414e-bb95-e76b077bd51e","Microsoft-Windows-Bits-Client/Operational","9408","9424","MSEDGEWIN10","S-1-5-18","11/12/2020 4:43:17 AM",,,"System.UInt32[]","System.Diagnostics.Eventing.Reader.EventBookmark","Verbose","Info",,"System.Collections.ObjectModel.ReadOnlyCollection`1[System.String]","System.Collections.Generic.List`1[System.Diagnostics.Eventing.Reader.EventProperty]"
"The transfer job is complete.
User: MSEDGEWIN10\IEUser
Transfer job: C:\Users\IEUser\AppData\Local\Temp\{9FF0B339-0202-4A5B-B73E-CFFB4FCBD124}-86.0.4240.193_86.0.4240.183_chrome_updater.exe
Job ID: {ff56f08a-3d87-4a27-9e54-1444a29f0449}
Owner: MSEDGEWIN10\IEUser
File count: 1","4","1",,"4","0","0","4611686018427387904","8835","Microsoft-Windows-Bits-Client","ef1cc15b-46c1-414e-bb95-e76b077bd51e","Microsoft-Windows-Bits-Client/Operational","4908","4140","MSEDGEWIN10","S-1-5-18","11/12/2020 2:57:10 AM",,,"System.UInt32[]","System.Diagnostics.Eventing.Reader.EventBookmark","Information","Info",,"System.Collections.ObjectModel.ReadOnlyCollection`1[System.String]","System.Collections.Generic.List`1[System.Diagnostics.Eventing.Reader.EventProperty]"
"BITS stopped transferring the C:\Users\IEUser\AppData\Local\Temp\{9FF0B339-0202-4A5B-B73E-CFFB4FCBD124}-86.0.4240.193_86.0.4240.183_chrome_updater.exe transfer job that is associated with the http://r2---sn-5hne6nsy.gvt1.com/edgedl/release2/chrome/QX5U7YrFu2EjtutZ_UHwBg_86.0.4240.193/86.0.4240.193_86.0.4240.183_chrome_updater.exe?cms_redirect=yes&mh=qK&mip=213.127.67.111&mm=28&mn=sn-5hne6nsy&ms=nvh&mt=1605092117&mv=m&mvi=2&pl=17&shardbypass=yes URL. The status code is 0x0.","60","1",,"4","0","2","4611686018427387904","8834","Microsoft-Windows-Bits-Client","ef1cc15b-46c1-414e-bb95-e76b077bd51e","Microsoft-Windows-Bits-Client/Operational","4908","5396","MSEDGEWIN10","S-1-5-18","11/12/2020 2:57:10 AM","7e43ca01-dd5d-4814-8a56-15f509508f44",,"System.UInt32[]","System.Diagnostics.Eventing.Reader.EventBookmark","Information","Stop",,"System.Collections.ObjectModel.ReadOnlyCollection`1[System.String]","System.Collections.Generic.List`1[System.Diagnostics.Eventing.Reader.EventProperty]"
"BITS started the C:\Users\IEUser\AppData\Local\Temp\{9FF0B339-0202-4A5B-B73E-CFFB4FCBD124}-86.0.4240.193_86.0.4240.183_chrome_updater.exe transfer job that is associated with the http://r2---sn-5hne6nsy.gvt1.com/edgedl/release2/chrome/QX5U7YrFu2EjtutZ_UHwBg_86.0.4240.193/86.0.4240.193_86.0.4240.183_chrome_updater.exe?cms_redirect=yes&mh=qK&mip=213.127.67.111&mm=28&mn=sn-5hne6nsy&ms=nvh&mt=1605092117&mv=m&mvi=2&pl=17&shardbypass=yes URL.","59","1",,"4","0","1","4611686018427387904","8833","Microsoft-Windows-Bits-Client","ef1cc15b-46c1-414e-bb95-e76b077bd51e","Microsoft-Windows-Bits-Client/Operational","4908","4660","MSEDGEWIN10","S-1-5-18","11/12/2020 2:56:13 AM","7e43ca01-dd5d-4814-8a56-15f509508f44",,"System.UInt32[]","System.Diagnostics.Eventing.Reader.EventBookmark","Information","Start",,"System.Collections.ObjectModel.ReadOnlyCollection`1[System.String]","System.Collections.Generic.List`1[System.Diagnostics.Eventing.Reader.EventProperty]"
"The initialization of the peer helper modules failed with the following error:  0x80070032.","310","0",,"3","0","0","4611686018427387904","8832","Microsoft-Windows-Bits-Client","ef1cc15b-46c1-414e-bb95-e76b077bd51e","Microsoft-Windows-Bits-Client/Operational","4908","4660","MSEDGEWIN10","S-1-5-18","11/12/2020 2:56:13 AM",,,"System.UInt32[]","System.Diagnostics.Eventing.Reader.EventBookmark","Warning","Info",,"System.Collections.ObjectModel.ReadOnlyCollection`1[System.String]","System.Collections.Generic.List`1[System.Diagnostics.Eventing.Reader.EventProperty]"
"The BITS service created a new job.
Transfer job: C:\Users\IEUser\AppData\Local\Temp\{9FF0B339-0202-4A5B-B73E-CFFB4FCBD124}-86.0.4240.193_86.0.4240.183_chrome_updater.exe
Job ID: {ff56f08a-3d87-4a27-9e54-1444a29f0449}
Owner: MSEDGEWIN10\IEUser
Process Path: C:\Program Files (x86)\Google\Update\GoogleUpdate.exe
Process ID: 7764","3","2",,"4","0","0","4611686018427387904","8831","Microsoft-Windows-Bits-Client","ef1cc15b-46c1-414e-bb95-e76b077bd51e","Microsoft-Windows-Bits-Client/Operational","4908","9820","MSEDGEWIN10","S-1-5-18","11/12/2020 2:56:12 AM",,,"System.UInt32[]","System.Diagnostics.Eventing.Reader.EventBookmark","Information","Info",,"System.Collections.ObjectModel.ReadOnlyCollection`1[System.String]","System.Collections.Generic.List`1[System.Diagnostics.Eventing.Reader.EventProperty]"
"The BITS service loaded the job list from disk.","306","0",,"5","0","0","4611686018427387904","8830","Microsoft-Windows-Bits-Client","ef1cc15b-46c1-414e-bb95-e76b077bd51e","Microsoft-Windows-Bits-Client/Operational","4908","7768","MSEDGEWIN10","S-1-5-18","11/12/2020 2:56:12 AM",,,"System.UInt32[]","System.Diagnostics.Eventing.Reader.EventBookmark","Verbose","Info",,"System.Collections.ObjectModel.ReadOnlyCollection`1[System.String]","System.Collections.Generic.List`1[System.Diagnostics.Eventing.Reader.EventProperty]"
"High performance property for BITS job ""MicrosoftMapsBingGeoStore"" with ID ""{93a772f2-a4e7-4b14-8647-b7dbe759747b}"" Enabled.","209","0",,"4","0","0","4611686018427387904","8829","Microsoft-Windows-Bits-Client","ef1cc15b-46c1-414e-bb95-e76b077bd51e","Microsoft-Windows-Bits-Client/Operational","7676","5208","MSEDGEWIN10","S-1-5-18","11/12/2020 2:47:46 AM",,,"System.UInt32[]","System.Diagnostics.Eventing.Reader.EventBookmark","Information","Info",,"System.Collections.ObjectModel.ReadOnlyCollection`1[System.String]","System.Collections.Generic.List`1[System.Diagnostics.Eventing.Reader.EventProperty]"
"The BITS service created a new job.
Transfer job: MicrosoftMapsBingGeoStore
Job ID: {93a772f2-a4e7-4b14-8647-b7dbe759747b}
Owner: NT AUTHORITY\NETWORK SERVICE
Process Path: C:\Windows\System32\svchost.exe
Process ID: 7760","3","2",,"4","0","0","4611686018427387904","8828","Microsoft-Windows-Bits-Client","ef1cc15b-46c1-414e-bb95-e76b077bd51e","Microsoft-Windows-Bits-Client/Operational","7676","1768","MSEDGEWIN10","S-1-5-18","11/12/2020 2:47:46 AM",,,"System.UInt32[]","System.Diagnostics.Eventing.Reader.EventBookmark","Information","Info",,"System.Collections.ObjectModel.ReadOnlyCollection`1[System.String]","System.Collections.Generic.List`1[System.Diagnostics.Eventing.Reader.EventProperty]"
"Job cancelled. User: NT AUTHORITY\SYSTEM, job: C:\Program Files (x86)\Google\Update\1.3.36.32\Recovery\GUR86EE.tmp\GoogleUpdateSetup.crx3, jobID: {21abe5b0-d766-4a90-96bf-93c22c834ccc}, owner: NT AUTHORITY\SYSTEM, filecount: 1","5","0",,"4","0","0","4611686018427387904","8827","Microsoft-Windows-Bits-Client","ef1cc15b-46c1-414e-bb95-e76b077bd51e","Microsoft-Windows-Bits-Client/Operational","7676","8348","MSEDGEWIN10","S-1-5-18","11/12/2020 2:46:10 AM",,,"System.UInt32[]","System.Diagnostics.Eventing.Reader.EventBookmark","Information","Info",,"System.Collections.ObjectModel.ReadOnlyCollection`1[System.String]","System.Collections.Generic.List`1[System.Diagnostics.Eventing.Reader.EventProperty]"
"BITS stopped transferring the C:\Program Files (x86)\Google\Update\1.3.36.32\Recovery\GUR86EE.tmp\GoogleUpdateSetup.crx3 transfer job that is associated with the https://clients2.google.com/service/check2?crx3=true&appid=?1601?-?01?-?01T00:00:00.000000000ZB430FD4D0-B729-4F61-AA34-91526481799D?1601?-?01?-?01T00:00:00.000000000ZD&appversion=1.3.36.32&applang=&machine=1&version=1.3.36.32&userid=?1601?-?01?-?01T00:00:00.000000000ZB41975F82-406F-4186-AABD-6E6A89517884?1601?-?01?-?01T00:00:00.000000000ZD&osversion=10.0&servicepack= URL. The status code is 0x80072EE7.","61","1",,"3","0","2","4611686018427387904","8826","Microsoft-Windows-Bits-Client","ef1cc15b-46c1-414e-bb95-e76b077bd51e","Microsoft-Windows-Bits-Client/Operational","7676","5208","MSEDGEWIN10","S-1-5-18","11/12/2020 2:46:10 AM","fa6ec767-ebd8-4c4b-88f1-9865242bbd5b",,"System.UInt32[]","System.Diagnostics.Eventing.Reader.EventBookmark","Warning","Stop",,"System.Collections.ObjectModel.ReadOnlyCollection`1[System.String]","System.Collections.Generic.List`1[System.Diagnostics.Eventing.Reader.EventProperty]"
"The BITS service created a new job.
Transfer job: C:\Program Files (x86)\Google\Update\1.3.36.32\Recovery\GUR86EE.tmp\GoogleUpdateSetup.crx3
Job ID: {21abe5b0-d766-4a90-96bf-93c22c834ccc}
Owner: NT AUTHORITY\SYSTEM
Process Path: C:\Program Files (x86)\Google\Update\GoogleUpdate.exe
Process ID: 8124","3","2",,"4","0","0","4611686018427387904","8825","Microsoft-Windows-Bits-Client","ef1cc15b-46c1-414e-bb95-e76b077bd51e","Microsoft-Windows-Bits-Client/Operational","7676","8348","MSEDGEWIN10","S-1-5-18","11/12/2020 2:46:10 AM",,,"System.UInt32[]","System.Diagnostics.Eventing.Reader.EventBookmark","Information","Info",,"System.Collections.ObjectModel.ReadOnlyCollection`1[System.String]","System.Collections.Generic.List`1[System.Diagnostics.Eventing.Reader.EventProperty]"
"Job cancelled. User: NT AUTHORITY\SYSTEM, job: C:\Program Files (x86)\Google\Update\1.3.36.32\Recovery\GUR86EE.tmp\GoogleUpdateSetup.crx3, jobID: {63b80d97-04a5-492e-aba4-ac861a8b9deb}, owner: NT AUTHORITY\SYSTEM, filecount: 1","5","0",,"4","0","0","4611686018427387904","8824","Microsoft-Windows-Bits-Client","ef1cc15b-46c1-414e-bb95-e76b077bd51e","Microsoft-Windows-Bits-Client/Operational","7676","8348","MSEDGEWIN10","S-1-5-18","11/12/2020 2:46:10 AM",,,"System.UInt32[]","System.Diagnostics.Eventing.Reader.EventBookmark","Information","Info",,"System.Collections.ObjectModel.ReadOnlyCollection`1[System.String]","System.Collections.Generic.List`1[System.Diagnostics.Eventing.Reader.EventProperty]"
"BITS stopped transferring the C:\Program Files (x86)\Google\Update\1.3.36.32\Recovery\GUR86EE.tmp\GoogleUpdateSetup.crx3 transfer job that is associated with the https://clients2.google.com/service/check2?crx3=true&appid=?1601?-?01?-?01T00:00:00.000000000ZB430FD4D0-B729-4F61-AA34-91526481799D?1601?-?01?-?01T00:00:00.000000000ZD&appversion=1.3.36.32&applang=&machine=1&version=1.3.36.32&userid=?1601?-?01?-?01T00:00:00.000000000ZB41975F82-406F-4186-AABD-6E6A89517884?1601?-?01?-?01T00:00:00.000000000ZD&osversion=10.0&servicepack= URL. The status code is 0x80072EE7.","61","1",,"3","0","2","4611686018427387904","8823","Microsoft-Windows-Bits-Client","ef1cc15b-46c1-414e-bb95-e76b077bd51e","Microsoft-Windows-Bits-Client/Operational","7676","8348","MSEDGEWIN10","S-1-5-18","11/12/2020 2:46:10 AM","784444b9-7228-4b55-bab3-ca93fe759ae9",,"System.UInt32[]","System.Diagnostics.Eventing.Reader.EventBookmark","Warning","Stop",,"System.Collections.ObjectModel.ReadOnlyCollection`1[System.String]","System.Collections.Generic.List`1[System.Diagnostics.Eventing.Reader.EventProperty]"
"The BITS service created a new job.
Transfer job: C:\Program Files (x86)\Google\Update\1.3.36.32\Recovery\GUR86EE.tmp\GoogleUpdateSetup.crx3
Job ID: {63b80d97-04a5-492e-aba4-ac861a8b9deb}
Owner: NT AUTHORITY\SYSTEM
Process Path: C:\Program Files (x86)\Google\Update\GoogleUpdate.exe
Process ID: 8124","3","2",,"4","0","0","4611686018427387904","8822","Microsoft-Windows-Bits-Client","ef1cc15b-46c1-414e-bb95-e76b077bd51e","Microsoft-Windows-Bits-Client/Operational","7676","5208","MSEDGEWIN10","S-1-5-18","11/12/2020 2:46:10 AM",,,"System.UInt32[]","System.Diagnostics.Eventing.Reader.EventBookmark","Information","Info",,"System.Collections.ObjectModel.ReadOnlyCollection`1[System.String]","System.Collections.Generic.List`1[System.Diagnostics.Eventing.Reader.EventProperty]"
"Job cancelled. User: NT AUTHORITY\SYSTEM, job: C:\Users\IEUser\AppData\Local\{3FD1CE18-35CB-4333-89F8-DA4D98954D9F}, jobID: {aa87e183-ad10-40ec-83aa-ee0f510eca8e}, owner: NT AUTHORITY\SYSTEM, filecount: 1","5","0",,"4","0","0","4611686018427387904","8821","Microsoft-Windows-Bits-Client","ef1cc15b-46c1-414e-bb95-e76b077bd51e","Microsoft-Windows-Bits-Client/Operational","7676","5208","MSEDGEWIN10","S-1-5-18","11/12/2020 2:46:10 AM",,,"System.UInt32[]","System.Diagnostics.Eventing.Reader.EventBookmark","Information","Info",,"System.Collections.ObjectModel.ReadOnlyCollection`1[System.String]","System.Collections.Generic.List`1[System.Diagnostics.Eventing.Reader.EventProperty]"
"BITS stopped transferring the C:\Users\IEUser\AppData\Local\{3FD1CE18-35CB-4333-89F8-DA4D98954D9F} transfer job that is associated with the https://clients2.google.com/service/check2?crx3=true&appid=?1601?-?01?-?01T00:00:00.000000000ZB430FD4D0-B729-4F61-AA34-91526481799D?1601?-?01?-?01T00:00:00.000000000ZD&appversion=1.3.36.32&applang=&machine=1&version=1.3.36.32&userid=?1601?-?01?-?01T00:00:00.000000000ZB41975F82-406F-4186-AABD-6E6A89517884?1601?-?01?-?01T00:00:00.000000000ZD&osversion=10.0&servicepack= URL. The status code is 0x80072EE7.","61","1",,"3","0","2","4611686018427387904","8820","Microsoft-Windows-Bits-Client","ef1cc15b-46c1-414e-bb95-e76b077bd51e","Microsoft-Windows-Bits-Client/Operational","7676","5208","MSEDGEWIN10","S-1-5-18","11/12/2020 2:46:10 AM","c8991ddf-3cc8-4a7f-9990-3142464d5bb0",,"System.UInt32[]","System.Diagnostics.Eventing.Reader.EventBookmark","Warning","Stop",,"System.Collections.ObjectModel.ReadOnlyCollection`1[System.String]","System.Collections.Generic.List`1[System.Diagnostics.Eventing.Reader.EventProperty]"
"The BITS service created a new job.
Transfer job: C:\Users\IEUser\AppData\Local\{3FD1CE18-35CB-4333-89F8-DA4D98954D9F}
Job ID: {aa87e183-ad10-40ec-83aa-ee0f510eca8e}
Owner: NT AUTHORITY\SYSTEM
Process Path: C:\Program Files (x86)\Google\Update\GoogleUpdate.exe
