"BITS stopped transferring the Chrome Component Updater transfer job that is associated with the http://redirector.gvt1.com/edgedl/release2/chrome_component/APhHMzuprJvS7ixvnAk_gdI_1/anGnv31dmOJhheXBnYQ3gw URL. The status code is 0x0.","60","1",,"4","0","2","4611686018427387904","9039","Microsoft-Windows-Bits-Client","ef1cc15b-46c1-414e-bb95-e76b077bd51e","Microsoft-Windows-Bits-Client/Operational","1804","8556","MSEDGEWIN10","S-1-5-18","11/21/2020 3:19:24 AM","d22fad20-94ef-4d5f-8cac-56e8c5e587be",,"System.UInt32[]","System.Diagnostics.Eventing.Reader.EventBookmark","Information","Stop",,"System.Collections.ObjectModel.ReadOnlyCollection`1[System.String]","System.Collections.Generic.List`1[System.Diagnostics.Eventing.Reader.EventProperty]"
"BITS started the Chrome Component Updater transfer job that is associated with the http://redirector.gvt1.com/edgedl/release2/chrome_component/APhHMzuprJvS7ixvnAk_gdI_1/anGnv31dmOJhheXBnYQ3gw URL.","59","1",,"4","0","1","4611686018427387904","9038","Microsoft-Windows-Bits-Client","ef1cc15b-46c1-414e-bb95-e76b077bd51e","Microsoft-Windows-Bits-Client/Operational","1804","7856","MSEDGEWIN10","S-1-5-18","11/21/2020 3:19:21 AM","d22fad20-94ef-4d5f-8cac-56e8c5e587be",,"System.UInt32[]","System.Diagnostics.Eventing.Reader.EventBookmark","Information","Start",,"System.Collections.ObjectModel.ReadOnlyCollection`1[System.String]","System.Collections.Generic.List`1[System.Diagnostics.Eventing.Reader.EventProperty]"
"The BITS service created a new job.
Transfer job: Chrome Component Updater
Job ID: {e1421be1-9bfd-44f4-899c-0ad5acf219eb}
Owner: MSEDGEWIN10\IEUser
Process Path: C:\Program Files (x86)\Google\Chrome\Application\chrome.exe
Process ID: 1204","3","2",,"4","0","0","4611686018427387904","9037","Microsoft-Windows-Bits-Client","ef1cc15b-46c1-414e-bb95-e76b077bd51e","Microsoft-Windows-Bits-Client/Operational","1804","7440","MSEDGEWIN10","S-1-5-18","11/21/2020 3:19:21 AM",,,"System.UInt32[]","System.Diagnostics.Eventing.Reader.EventBookmark","Information","Info",,"System.Collections.ObjectModel.ReadOnlyCollection`1[System.String]","System.Collections.Generic.List`1[System.Diagnostics.Eventing.Reader.EventProperty]"
"The transfer job is complete.
User: MSEDGEWIN10\IEUser
Transfer job: Chrome Component Updater
Job ID: {f971f3c5-3d1a-44fd-ad39-a3f33f061aed}
Owner: MSEDGEWIN10\IEUser
File count: 1","4","1",,"4","0","0","4611686018427387904","9036","Microsoft-Windows-Bits-Client","ef1cc15b-46c1-414e-bb95-e76b077bd51e","Microsoft-Windows-Bits-Client/Operational","1804","7440","MSEDGEWIN10","S-1-5-18","11/21/2020 3:19:20 AM",,,"System.UInt32[]","System.Diagnostics.Eventing.Reader.EventBookmark","Information","Info",,"System.Collections.ObjectModel.ReadOnlyCollection`1[System.String]","System.Collections.Generic.List`1[System.Diagnostics.Eventing.Reader.EventProperty]"
"BITS stopped transferring the Chrome Component Updater transfer job that is associated with the http://redirector.gvt1.com/edgedl/release2/chrome_component/ONVXH2AuMZGs-h196MV_Rg_2505/bYFE7q-GLInSBxc008hucw URL. The status code is 0x0.","60","1",,"4","0","2","4611686018427387904","9035","Microsoft-Windows-Bits-Client","ef1cc15b-46c1-414e-bb95-e76b077bd51e","Microsoft-Windows-Bits-Client/Operational","1804","7440","MSEDGEWIN10","S-1-5-18","11/21/2020 3:19:17 AM","ef70115b-9580-4e15-89a3-9dd16217a2b1",,"System.UInt32[]","System.Diagnostics.Eventing.Reader.EventBookmark","Information","Stop",,"System.Collections.ObjectModel.ReadOnlyCollection`1[System.String]","System.Collections.Generic.List`1[System.Diagnostics.Eventing.Reader.EventProperty]"
"BITS started the Chrome Component Updater transfer job that is associated with the http://redirector.gvt1.com/edgedl/release2/chrome_component/ONVXH2AuMZGs-h196MV_Rg_2505/bYFE7q-GLInSBxc008hucw URL.","59","1",,"4","0","1","4611686018427387904","9034","Microsoft-Windows-Bits-Client","ef1cc15b-46c1-414e-bb95-e76b077bd51e","Microsoft-Windows-Bits-Client/Operational","1804","7856","MSEDGEWIN10","S-1-5-18","11/21/2020 3:19:17 AM","ef70115b-9580-4e15-89a3-9dd16217a2b1",,"System.UInt32[]","System.Diagnostics.Eventing.Reader.EventBookmark","Information","Start",,"System.Collections.ObjectModel.ReadOnlyCollection`1[System.String]","System.Collections.Generic.List`1[System.Diagnostics.Eventing.Reader.EventProperty]"
"The BITS service created a new job.
Transfer job: Chrome Component Updater
Job ID: {f971f3c5-3d1a-44fd-ad39-a3f33f061aed}
Owner: MSEDGEWIN10\IEUser
Process Path: C:\Program Files (x86)\Google\Chrome\Application\chrome.exe
Process ID: 1204","3","2",,"4","0","0","4611686018427387904","9033","Microsoft-Windows-Bits-Client","ef1cc15b-46c1-414e-bb95-e76b077bd51e","Microsoft-Windows-Bits-Client/Operational","1804","7440","MSEDGEWIN10","S-1-5-18","11/21/2020 3:19:16 AM",,,"System.UInt32[]","System.Diagnostics.Eventing.Reader.EventBookmark","Information","Info",,"System.Collections.ObjectModel.ReadOnlyCollection`1[System.String]","System.Collections.Generic.List`1[System.Diagnostics.Eventing.Reader.EventProperty]"
"The transfer job is complete.
User: MSEDGEWIN10\IEUser
Transfer job: Chrome Component Updater
Job ID: {5ec45507-a944-4fb6-8bcc-4cfdd22827e1}
Owner: MSEDGEWIN10\IEUser
File count: 1","4","1",,"4","0","0","4611686018427387904","9032","Microsoft-Windows-Bits-Client","ef1cc15b-46c1-414e-bb95-e76b077bd51e","Microsoft-Windows-Bits-Client/Operational","1804","7440","MSEDGEWIN10","S-1-5-18","11/21/2020 3:19:16 AM",,,"System.UInt32[]","System.Diagnostics.Eventing.Reader.EventBookmark","Information","Info",,"System.Collections.ObjectModel.ReadOnlyCollection`1[System.String]","System.Collections.Generic.List`1[System.Diagnostics.Eventing.Reader.EventProperty]"
"BITS stopped transferring the Chrome Component Updater transfer job that is associated with the http://redirector.gvt1.com/edgedl/release2/chrome_component/KbGq9i1aCJZgbOKmNv6oJQ_6252/VL8i_VzJSassyW3AF-YJHg URL. The status code is 0x0.","60","1",,"4","0","2","4611686018427387904","9031","Microsoft-Windows-Bits-Client","ef1cc15b-46c1-414e-bb95-e76b077bd51e","Microsoft-Windows-Bits-Client/Operational","1804","7440","MSEDGEWIN10","S-1-5-18","11/21/2020 3:19:14 AM","d0d986fa-6b93-4856-9711-1c514e61db31",,"System.UInt32[]","System.Diagnostics.Eventing.Reader.EventBookmark","Information","Stop",,"System.Collections.ObjectModel.ReadOnlyCollection`1[System.String]","System.Collections.Generic.List`1[System.Diagnostics.Eventing.Reader.EventProperty]"
"BITS started the Chrome Component Updater transfer job that is associated with the http://redirector.gvt1.com/edgedl/release2/chrome_component/KbGq9i1aCJZgbOKmNv6oJQ_6252/VL8i_VzJSassyW3AF-YJHg URL.","59","1",,"4","0","1","4611686018427387904","9030","Microsoft-Windows-Bits-Client","ef1cc15b-46c1-414e-bb95-e76b077bd51e","Microsoft-Windows-Bits-Client/Operational","1804","7856","MSEDGEWIN10","S-1-5-18","11/21/2020 3:19:08 AM","d0d986fa-6b93-4856-9711-1c514e61db31",,"System.UInt32[]","System.Diagnostics.Eventing.Reader.EventBookmark","Information","Start",,"System.Collections.ObjectModel.ReadOnlyCollection`1[System.String]","System.Collections.Generic.List`1[System.Diagnostics.Eventing.Reader.EventProperty]"
"The BITS service created a new job.
Transfer job: Chrome Component Updater
Job ID: {5ec45507-a944-4fb6-8bcc-4cfdd22827e1}
Owner: MSEDGEWIN10\IEUser
Process Path: C:\Program Files (x86)\Google\Chrome\Application\chrome.exe
Process ID: 1204","3","2",,"4","0","0","4611686018427387904","9029","Microsoft-Windows-Bits-Client","ef1cc15b-46c1-414e-bb95-e76b077bd51e","Microsoft-Windows-Bits-Client/Operational","1804","7440","MSEDGEWIN10","S-1-5-18","11/21/2020 3:19:07 AM",,,"System.UInt32[]","System.Diagnostics.Eventing.Reader.EventBookmark","Information","Info",,"System.Collections.ObjectModel.ReadOnlyCollection`1[System.String]","System.Collections.Generic.List`1[System.Diagnostics.Eventing.Reader.EventProperty]"
"The transfer job is complete.
User: MSEDGEWIN10\IEUser
Transfer job: Chrome Component Updater
Job ID: {ea09adf0-d2f9-4c13-b53d-20e1c846864f}
Owner: MSEDGEWIN10\IEUser
File count: 1","4","1",,"4","0","0","4611686018427387904","9028","Microsoft-Windows-Bits-Client","ef1cc15b-46c1-414e-bb95-e76b077bd51e","Microsoft-Windows-Bits-Client/Operational","1804","7440","MSEDGEWIN10","S-1-5-18","11/21/2020 3:19:03 AM",,,"System.UInt32[]","System.Diagnostics.Eventing.Reader.EventBookmark","Information","Info",,"System.Collections.ObjectModel.ReadOnlyCollection`1[System.String]","System.Collections.Generic.List`1[System.Diagnostics.Eventing.Reader.EventProperty]"
"BITS stopped transferring the Chrome Component Updater transfer job that is associated with the http://storage.googleapis.com/update-delta/khaoiebndkojlmppeemjhbpbandiljpe/43/42/e0b8b1fb7c27acac43c236b9f6b029b07f2a3b661b5d8eed22848180aaf4f04e.crxd URL. The status code is 0x0.","60","1",,"4","0","2","4611686018427387904","9027","Microsoft-Windows-Bits-Client","ef1cc15b-46c1-414e-bb95-e76b077bd51e","Microsoft-Windows-Bits-Client/Operational","1804","7440","MSEDGEWIN10","S-1-5-18","11/21/2020 3:19:01 AM","c1deb70b-826c-4909-a219-fd082b5c2de3",,"System.UInt32[]","System.Diagnostics.Eventing.Reader.EventBookmark","Information","Stop",,"System.Collections.ObjectModel.ReadOnlyCollection`1[System.String]","System.Collections.Generic.List`1[System.Diagnostics.Eventing.Reader.EventProperty]"
"BITS started the Chrome Component Updater transfer job that is associated with the http://storage.googleapis.com/update-delta/khaoiebndkojlmppeemjhbpbandiljpe/43/42/e0b8b1fb7c27acac43c236b9f6b029b07f2a3b661b5d8eed22848180aaf4f04e.crxd URL.","59","1",,"4","0","1","4611686018427387904","9026","Microsoft-Windows-Bits-Client","ef1cc15b-46c1-414e-bb95-e76b077bd51e","Microsoft-Windows-Bits-Client/Operational","1804","7856","MSEDGEWIN10","S-1-5-18","11/21/2020 3:19:01 AM","c1deb70b-826c-4909-a219-fd082b5c2de3",,"System.UInt32[]","System.Diagnostics.Eventing.Reader.EventBookmark","Information","Start",,"System.Collections.ObjectModel.ReadOnlyCollection`1[System.String]","System.Collections.Generic.List`1[System.Diagnostics.Eventing.Reader.EventProperty]"
"The BITS service created a new job.
Transfer job: Chrome Component Updater
Job ID: {ea09adf0-d2f9-4c13-b53d-20e1c846864f}
Owner: MSEDGEWIN10\IEUser
Process Path: C:\Program Files (x86)\Google\Chrome\Application\chrome.exe
Process ID: 1204","3","2",,"4","0","0","4611686018427387904","9025","Microsoft-Windows-Bits-Client","ef1cc15b-46c1-414e-bb95-e76b077bd51e","Microsoft-Windows-Bits-Client/Operational","1804","7440","MSEDGEWIN10","S-1-5-18","11/21/2020 3:18:59 AM",,,"System.UInt32[]","System.Diagnostics.Eventing.Reader.EventBookmark","Information","Info",,"System.Collections.ObjectModel.ReadOnlyCollection`1[System.String]","System.Collections.Generic.List`1[System.Diagnostics.Eventing.Reader.EventProperty]"
"The transfer job is complete.
User: MSEDGEWIN10\IEUser
Transfer job: Chrome Component Updater
Job ID: {f0dfcc08-6b7d-4db7-95c8-acb07c07c545}
Owner: MSEDGEWIN10\IEUser
File count: 1","4","1",,"4","0","0","4611686018427387904","9024","Microsoft-Windows-Bits-Client","ef1cc15b-46c1-414e-bb95-e76b077bd51e","Microsoft-Windows-Bits-Client/Operational","1804","7440","MSEDGEWIN10","S-1-5-18","11/21/2020 3:18:56 AM",,,"System.UInt32[]","System.Diagnostics.Eventing.Reader.EventBookmark","Information","Info",,"System.Collections.ObjectModel.ReadOnlyCollection`1[System.String]","System.Collections.Generic.List`1[System.Diagnostics.Eventing.Reader.EventProperty]"
"BITS stopped transferring the Chrome Component Updater transfer job that is associated with the http://storage.googleapis.com/update-delta/gcmjkmgdlgnkkcocmoeiminaijmmjnii/9.18.0/9.16.0/ce6075b044b6a23d590819332659310fbc6327480d4ce28d85700575fd1d389b.crxd URL. The status code is 0x0.","60","1",,"4","0","2","4611686018427387904","9023","Microsoft-Windows-Bits-Client","ef1cc15b-46c1-414e-bb95-e76b077bd51e","Microsoft-Windows-Bits-Client/Operational","1804","7440","MSEDGEWIN10","S-1-5-18","11/21/2020 3:18:53 AM","399a7942-729e-468b-815f-1abc185b2ac0",,"System.UInt32[]","System.Diagnostics.Eventing.Reader.EventBookmark","Information","Stop",,"System.Collections.ObjectModel.ReadOnlyCollection`1[System.String]","System.Collections.Generic.List`1[System.Diagnostics.Eventing.Reader.EventProperty]"
"BITS started the Chrome Component Updater transfer job that is associated with the http://storage.googleapis.com/update-delta/gcmjkmgdlgnkkcocmoeiminaijmmjnii/9.18.0/9.16.0/ce6075b044b6a23d590819332659310fbc6327480d4ce28d85700575fd1d389b.crxd URL.","59","1",,"4","0","1","4611686018427387904","9022","Microsoft-Windows-Bits-Client","ef1cc15b-46c1-414e-bb95-e76b077bd51e","Microsoft-Windows-Bits-Client/Operational","1804","7856","MSEDGEWIN10","S-1-5-18","11/21/2020 3:18:47 AM","399a7942-729e-468b-815f-1abc185b2ac0",,"System.UInt32[]","System.Diagnostics.Eventing.Reader.EventBookmark","Information","Start",,"System.Collections.ObjectModel.ReadOnlyCollection`1[System.String]","System.Collections.Generic.List`1[System.Diagnostics.Eventing.Reader.EventProperty]"
"The BITS service created a new job.
Transfer job: Chrome Component Updater
Job ID: {f0dfcc08-6b7d-4db7-95c8-acb07c07c545}
Owner: MSEDGEWIN10\IEUser
Process Path: C:\Program Files (x86)\Google\Chrome\Application\chrome.exe
Process ID: 1204","3","2",,"4","0","0","4611686018427387904","9021","Microsoft-Windows-Bits-Client","ef1cc15b-46c1-414e-bb95-e76b077bd51e","Microsoft-Windows-Bits-Client/Operational","1804","8524","MSEDGEWIN10","S-1-5-18","11/21/2020 3:18:44 AM",,,"System.UInt32[]","System.Diagnostics.Eventing.Reader.EventBookmark","Information","Info",,"System.Collections.ObjectModel.ReadOnlyCollection`1[System.String]","System.Collections.Generic.List`1[System.Diagnostics.Eventing.Reader.EventProperty]"
"The transfer job is complete.
User: MSEDGEWIN10\IEUser
Transfer job: Chrome Component Updater
Job ID: {b0f5cf40-108c-487a-93f0-d6229c4592d0}
Owner: MSEDGEWIN10\IEUser
File count: 1","4","1",,"4","0","0","4611686018427387904","9020","Microsoft-Windows-Bits-Client","ef1cc15b-46c1-414e-bb95-e76b077bd51e","Microsoft-Windows-Bits-Client/Operational","1804","8524","MSEDGEWIN10","S-1-5-18","11/21/2020 3:18:43 AM",,,"System.UInt32[]","System.Diagnostics.Eventing.Reader.EventBookmark","Information","Info",,"System.Collections.ObjectModel.ReadOnlyCollection`1[System.String]","System.Collections.Generic.List`1[System.Diagnostics.Eventing.Reader.EventProperty]"
"BITS stopped transferring the Chrome Component Updater transfer job that is associated with the http://storage.googleapis.com/update-delta/mimojjlkmoijpicakmndhoigimigcmbb/32.0.0.453/32.0.0.433/6a7cbd12b20a2b816950c10566b3db00371455731ff01526469af574701da085.crxd URL. The status code is 0x0.","60","1",,"4","0","2","4611686018427387904","9019","Microsoft-Windows-Bits-Client","ef1cc15b-46c1-414e-bb95-e76b077bd51e","Microsoft-Windows-Bits-Client/Operational","1804","8524","MSEDGEWIN10","S-1-5-18","11/21/2020 3:18:41 AM","dc9c0d53-57d3-4914-b649-7a540e7fa81d",,"System.UInt32[]","System.Diagnostics.Eventing.Reader.EventBookmark","Information","Stop",,"System.Collections.ObjectModel.ReadOnlyCollection`1[System.String]","System.Collections.Generic.List`1[System.Diagnostics.Eventing.Reader.EventProperty]"
"BITS started the Chrome Component Updater transfer job that is associated with the http://storage.googleapis.com/update-delta/mimojjlkmoijpicakmndhoigimigcmbb/32.0.0.453/32.0.0.433/6a7cbd12b20a2b816950c10566b3db00371455731ff01526469af574701da085.crxd URL.","59","1",,"4","0","1","4611686018427387904","9018","Microsoft-Windows-Bits-Client","ef1cc15b-46c1-414e-bb95-e76b077bd51e","Microsoft-Windows-Bits-Client/Operational","1804","8376","MSEDGEWIN10","S-1-5-18","11/21/2020 3:16:44 AM","dc9c0d53-57d3-4914-b649-7a540e7fa81d",,"System.UInt32[]","System.Diagnostics.Eventing.Reader.EventBookmark","Information","Start",,"System.Collections.ObjectModel.ReadOnlyCollection`1[System.String]","System.Collections.Generic.List`1[System.Diagnostics.Eventing.Reader.EventProperty]"
"The initialization of the peer helper modules failed with the following error:  0x80070032.","310","0",,"3","0","0","4611686018427387904","9017","Microsoft-Windows-Bits-Client","ef1cc15b-46c1-414e-bb95-e76b077bd51e","Microsoft-Windows-Bits-Client/Operational","1804","8376","MSEDGEWIN10","S-1-5-18","11/21/2020 3:16:44 AM",,,"System.UInt32[]","System.Diagnostics.Eventing.Reader.EventBookmark","Warning","Info",,"System.Collections.ObjectModel.ReadOnlyCollection`1[System.String]","System.Collections.Generic.List`1[System.Diagnostics.Eventing.Reader.EventProperty]"
"The BITS service created a new job.
Transfer job: Chrome Component Updater
Job ID: {b0f5cf40-108c-487a-93f0-d6229c4592d0}
Owner: MSEDGEWIN10\IEUser
Process Path: C:\Program Files (x86)\Google\Chrome\Application\chrome.exe
Process ID: 1204","3","2",,"4","0","0","4611686018427387904","9016","Microsoft-Windows-Bits-Client","ef1cc15b-46c1-414e-bb95-e76b077bd51e","Microsoft-Windows-Bits-Client/Operational","1804","8556","MSEDGEWIN10","S-1-5-18","11/21/2020 3:16:42 AM",,,"System.UInt32[]","System.Diagnostics.Eventing.Reader.EventBookmark","Information","Info",,"System.Collections.ObjectModel.ReadOnlyCollection`1[System.String]","System.Collections.Generic.List`1[System.Diagnostics.Eventing.Reader.EventProperty]"
"Job cancelled. User: MSEDGEWIN10\IEUser, job: Chrome Component Updater, jobID: {09f9789b-2c98-42fe-a3d5-3a003c8a53dd}, owner: MSEDGEWIN10\IEUser, filecount: 1","5","0",,"4","0","0","4611686018427387904","9015","Microsoft-Windows-Bits-Client","ef1cc15b-46c1-414e-bb95-e76b077bd51e","Microsoft-Windows-Bits-Client/Operational","1804","8556","MSEDGEWIN10","S-1-5-21-3461203602-4096304019-2269080069-1000","11/21/2020 3:16:42 AM",,,"System.UInt32[]","System.Diagnostics.Eventing.Reader.EventBookmark","Information","Info",,"System.Collections.ObjectModel.ReadOnlyCollection`1[System.String]","System.Collections.Generic.List`1[System.Diagnostics.Eventing.Reader.EventProperty]"
"The BITS service loaded the job list from disk.","306","0",,"5","0","0","4611686018427387904","9014","Microsoft-Windows-Bits-Client","ef1cc15b-46c1-414e-bb95-e76b077bd51e","Microsoft-Windows-Bits-Client/Operational","1804","8420","MSEDGEWIN10","S-1-5-18","11/21/2020 3:16:42 AM",,,"System.UInt32[]","System.Diagnostics.Eventing.Reader.EventBookmark","Verbose","Info",,"System.Collections.ObjectModel.ReadOnlyCollection`1[System.String]","System.Collections.Generic.List`1[System.Diagnostics.Eventing.Reader.EventProperty]"
"The transfer job is complete.
User: MSEDGEWIN10\IEUser
Transfer job: UpdateDescriptionXml
Job ID: {9c3823ea-67ec-4704-9d8f-d2903920fdd9}
Owner: MSEDGEWIN10\IEUser
File count: 1","4","1",,"4","0","0","4611686018427387904","9013","Microsoft-Windows-Bits-Client","ef1cc15b-46c1-414e-bb95-e76b077bd51e","Microsoft-Windows-Bits-Client/Operational","7876","7512","MSEDGEWIN10","S-1-5-18","11/21/2020 3:12:31 AM",,,"System.UInt32[]","System.Diagnostics.Eventing.Reader.EventBookmark","Information","Info",,"System.Collections.ObjectModel.ReadOnlyCollection`1[System.String]","System.Collections.Generic.List`1[System.Diagnostics.Eventing.Reader.EventProperty]"
"BITS stopped transferring the UpdateDescriptionXml transfer job that is associated with the https://g.live.com/1rewlive5skydrive/ODSUProduction URL. The status code is 0x0.","60","1",,"4","0","2","4611686018427387904","9012","Microsoft-Windows-Bits-Client","ef1cc15b-46c1-414e-bb95-e76b077bd51e","Microsoft-Windows-Bits-Client/Operational","7876","7512","MSEDGEWIN10","S-1-5-18","11/21/2020 3:12:31 AM","06489c83-fe97-48b5-8477-f68eb43b4895",,"System.UInt32[]","System.Diagnostics.Eventing.Reader.EventBookmark","Information","Stop",,"System.Collections.ObjectModel.ReadOnlyCollection`1[System.String]","System.Collections.Generic.List`1[System.Diagnostics.Eventing.Reader.EventProperty]"
"BITS started the UpdateDescriptionXml transfer job that is associated with the https://g.live.com/1rewlive5skydrive/ODSUProduction URL.","59","1",,"4","0","1","4611686018427387904","9011","Microsoft-Windows-Bits-Client","ef1cc15b-46c1-414e-bb95-e76b077bd51e","Microsoft-Windows-Bits-Client/Operational","7876","3688","MSEDGEWIN10","S-1-5-18","11/21/2020 3:12:31 AM","06489c83-fe97-48b5-8477-f68eb43b4895",,"System.UInt32[]","System.Diagnostics.Eventing.Reader.EventBookmark","Information","Start",,"System.Collections.ObjectModel.ReadOnlyCollection`1[System.String]","System.Collections.Generic.List`1[System.Diagnostics.Eventing.Reader.EventProperty]"
"The BITS service created a new job.
Transfer job: UpdateDescriptionXml
Job ID: {9c3823ea-67ec-4704-9d8f-d2903920fdd9}
Owner: MSEDGEWIN10\IEUser
Process Path: C:\Users\IEUser\AppData\Local\Microsoft\OneDrive\OneDriveStandaloneUpdater.exe
Process ID: 5984","3","2",,"4","0","0","4611686018427387904","9010","Microsoft-Windows-Bits-Client","ef1cc15b-46c1-414e-bb95-e76b077bd51e","Microsoft-Windows-Bits-Client/Operational","7876","7508","MSEDGEWIN10","S-1-5-18","11/21/2020 3:12:31 AM",,,"System.UInt32[]","System.Diagnostics.Eventing.Reader.EventBookmark","Information","Info",,"System.Collections.ObjectModel.ReadOnlyCollection`1[System.String]","System.Collections.Generic.List`1[System.Diagnostics.Eventing.Reader.EventProperty]"
"The transfer job is complete.
User: MSEDGEWIN10\IEUser
Transfer job: PreSignInSettingsConfigJSON
Job ID: {3e219c01-e7b7-4a65-942a-9695a9ed962d}
Owner: MSEDGEWIN10\IEUser
File count: 1","4","1",,"4","0","0","4611686018427387904","9009","Microsoft-Windows-Bits-Client","ef1cc15b-46c1-414e-bb95-e76b077bd51e","Microsoft-Windows-Bits-Client/Operational","7876","7508","MSEDGEWIN10","S-1-5-18","11/21/2020 3:12:30 AM",,,"System.UInt32[]","System.Diagnostics.Eventing.Reader.EventBookmark","Information","Info",,"System.Collections.ObjectModel.ReadOnlyCollection`1[System.String]","System.Collections.Generic.List`1[System.Diagnostics.Eventing.Reader.EventProperty]"
"BITS stopped transferring the PreSignInSettingsConfigJSON transfer job that is associated with the https://g.live.com/odclientsettings/Prod URL. The status code is 0x0.","60","1",,"4","0","2","4611686018427387904","9008","Microsoft-Windows-Bits-Client","ef1cc15b-46c1-414e-bb95-e76b077bd51e","Microsoft-Windows-Bits-Client/Operational","7876","7508","MSEDGEWIN10","S-1-5-18","11/21/2020 3:12:30 AM","09265c62-3ff3-4d8d-8e0e-0853e61ada85",,"System.UInt32[]","System.Diagnostics.Eventing.Reader.EventBookmark","Information","Stop",,"System.Collections.ObjectModel.ReadOnlyCollection`1[System.String]","System.Collections.Generic.List`1[System.Diagnostics.Eventing.Reader.EventProperty]"
"BITS started the PreSignInSettingsConfigJSON transfer job that is associated with the https://g.live.com/odclientsettings/Prod URL.","59","1",,"4","0","1","4611686018427387904","9007","Microsoft-Windows-Bits-Client","ef1cc15b-46c1-414e-bb95-e76b077bd51e","Microsoft-Windows-Bits-Client/Operational","7876","3688","MSEDGEWIN10","S-1-5-18","11/21/2020 3:12:30 AM","09265c62-3ff3-4d8d-8e0e-0853e61ada85",,"System.UInt32[]","System.Diagnostics.Eventing.Reader.EventBookmark","Information","Start",,"System.Collections.ObjectModel.ReadOnlyCollection`1[System.String]","System.Collections.Generic.List`1[System.Diagnostics.Eventing.Reader.EventProperty]"
"The initialization of the peer helper modules failed with the following error:  0x80070032.","310","0",,"3","0","0","4611686018427387904","9006","Microsoft-Windows-Bits-Client","ef1cc15b-46c1-414e-bb95-e76b077bd51e","Microsoft-Windows-Bits-Client/Operational","7876","3688","MSEDGEWIN10","S-1-5-18","11/21/2020 3:12:30 AM",,,"System.UInt32[]","System.Diagnostics.Eventing.Reader.EventBookmark","Warning","Info",,"System.Collections.ObjectModel.ReadOnlyCollection`1[System.String]","System.Collections.Generic.List`1[System.Diagnostics.Eventing.Reader.EventProperty]"
"The BITS service created a new job.
Transfer job: PreSignInSettingsConfigJSON
Job ID: {3e219c01-e7b7-4a65-942a-9695a9ed962d}
Owner: MSEDGEWIN10\IEUser
Process Path: C:\Users\IEUser\AppData\Local\Microsoft\OneDrive\OneDriveStandaloneUpdater.exe
Process ID: 5984","3","2",,"4","0","0","4611686018427387904","9005","Microsoft-Windows-Bits-Client","ef1cc15b-46c1-414e-bb95-e76b077bd51e","Microsoft-Windows-Bits-Client/Operational","7876","7940","MSEDGEWIN10","S-1-5-18","11/21/2020 3:12:30 AM",,,"System.UInt32[]","System.Diagnostics.Eventing.Reader.EventBookmark","Information","Info",,"System.Collections.ObjectModel.ReadOnlyCollection`1[System.String]","System.Collections.Generic.List`1[System.Diagnostics.Eventing.Reader.EventProperty]"
"The BITS service loaded the job list from disk.","306","0",,"5","0","0","4611686018427387904","9004","Microsoft-Windows-Bits-Client","ef1cc15b-46c1-414e-bb95-e76b077bd51e","Microsoft-Windows-Bits-Client/Operational","7876","7924","MSEDGEWIN10","S-1-5-18","11/21/2020 3:11:48 AM",,,"System.UInt32[]","System.Diagnostics.Eventing.Reader.EventBookmark","Verbose","Info",,"System.Collections.ObjectModel.ReadOnlyCollection`1[System.String]","System.Collections.Generic.List`1[System.Diagnostics.Eventing.Reader.EventProperty]"
"The BITS service loaded the job list from disk.","306","0",,"5","0","0","4611686018427387904","9003","Microsoft-Windows-Bits-Client","ef1cc15b-46c1-414e-bb95-e76b077bd51e","Microsoft-Windows-Bits-Client/Operational","4376","5608","MSEDGEWIN10","S-1-5-18","11/20/2020 2:32:27 AM",,,"System.UInt32[]","System.Diagnostics.Eventing.Reader.EventBookmark","Verbose","Info",,"System.Collections.ObjectModel.ReadOnlyCollection`1[System.String]","System.Collections.Generic.List`1[System.Diagnostics.Eventing.Reader.EventProperty]"
"The transfer job is complete.
User: MSEDGEWIN10\IEUser
Transfer job: UpdateDescriptionXml
Job ID: {72f751d6-ad7b-44e7-a077-a2998e487158}
Owner: MSEDGEWIN10\IEUser
File count: 1","4","1",,"4","0","0","4611686018427387904","9002","Microsoft-Windows-Bits-Client","ef1cc15b-46c1-414e-bb95-e76b077bd51e","Microsoft-Windows-Bits-Client/Operational","5764","8156","MSEDGEWIN10","S-1-5-18","11/19/2020 9:49:16 AM",,,"System.UInt32[]","System.Diagnostics.Eventing.Reader.EventBookmark","Information","Info",,"System.Collections.ObjectModel.ReadOnlyCollection`1[System.String]","System.Collections.Generic.List`1[System.Diagnostics.Eventing.Reader.EventProperty]"
"BITS stopped transferring the UpdateDescriptionXml transfer job that is associated with the https://g.live.com/1rewlive5skydrive/ODSUProduction URL. The status code is 0x0.","60","1",,"4","0","2","4611686018427387904","9001","Microsoft-Windows-Bits-Client","ef1cc15b-46c1-414e-bb95-e76b077bd51e","Microsoft-Windows-Bits-Client/Operational","5764","8156","MSEDGEWIN10","S-1-5-18","11/19/2020 9:49:16 AM","396ac2e5-f1cb-45ab-84a2-7c405d3aaa7f",,"System.UInt32[]","System.Diagnostics.Eventing.Reader.EventBookmark","Information","Stop",,"System.Collections.ObjectModel.ReadOnlyCollection`1[System.String]","System.Collections.Generic.List`1[System.Diagnostics.Eventing.Reader.EventProperty]"
"BITS started the UpdateDescriptionXml transfer job that is associated with the https://g.live.com/1rewlive5skydrive/ODSUProduction URL.","59","1",,"4","0","1","4611686018427387904","9000","Microsoft-Windows-Bits-Client","ef1cc15b-46c1-414e-bb95-e76b077bd51e","Microsoft-Windows-Bits-Client/Operational","5764","9176","MSEDGEWIN10","S-1-5-18","11/19/2020 9:49:15 AM","396ac2e5-f1cb-45ab-84a2-7c405d3aaa7f",,"System.UInt32[]","System.Diagnostics.Eventing.Reader.EventBookmark","Information","Start",,"System.Collections.ObjectModel.ReadOnlyCollection`1[System.String]","System.Collections.Generic.List`1[System.Diagnostics.Eventing.Reader.EventProperty]"
"The BITS service created a new job.
Transfer job: UpdateDescriptionXml
Job ID: {72f751d6-ad7b-44e7-a077-a2998e487158}
Owner: MSEDGEWIN10\IEUser
Process Path: C:\Users\IEUser\AppData\Local\Microsoft\OneDrive\OneDriveStandaloneUpdater.exe
Process ID: 3000","3","2",,"4","0","0","4611686018427387904","8999","Microsoft-Windows-Bits-Client","ef1cc15b-46c1-414e-bb95-e76b077bd51e","Microsoft-Windows-Bits-Client/Operational","5764","3052","MSEDGEWIN10","S-1-5-18","11/19/2020 9:49:15 AM",,,"System.UInt32[]","System.Diagnostics.Eventing.Reader.EventBookmark","Information","Info",,"System.Collections.ObjectModel.ReadOnlyCollection`1[System.String]","System.Collections.Generic.List`1[System.Diagnostics.Eventing.Reader.EventProperty]"
"The transfer job is complete.
User: MSEDGEWIN10\IEUser
Transfer job: PreSignInSettingsConfigJSON
Job ID: {4e1d7752-6c4c-44c2-8f42-ecbe618d188f}
Owner: MSEDGEWIN10\IEUser
File count: 1","4","1",,"4","0","0","4611686018427387904","8998","Microsoft-Windows-Bits-Client","ef1cc15b-46c1-414e-bb95-e76b077bd51e","Microsoft-Windows-Bits-Client/Operational","5764","3052","MSEDGEWIN10","S-1-5-18","11/19/2020 9:49:15 AM",,,"System.UInt32[]","System.Diagnostics.Eventing.Reader.EventBookmark","Information","Info",,"System.Collections.ObjectModel.ReadOnlyCollection`1[System.String]","System.Collections.Generic.List`1[System.Diagnostics.Eventing.Reader.EventProperty]"
"BITS stopped transferring the PreSignInSettingsConfigJSON transfer job that is associated with the https://g.live.com/odclientsettings/Prod URL. The status code is 0x0.","60","1",,"4","0","2","4611686018427387904","8997","Microsoft-Windows-Bits-Client","ef1cc15b-46c1-414e-bb95-e76b077bd51e","Microsoft-Windows-Bits-Client/Operational","5764","3052","MSEDGEWIN10","S-1-5-18","11/19/2020 9:49:15 AM","bddcbda1-54f1-42dc-908d-3c1cc45915e5",,"System.UInt32[]","System.Diagnostics.Eventing.Reader.EventBookmark","Information","Stop",,"System.Collections.ObjectModel.ReadOnlyCollection`1[System.String]","System.Collections.Generic.List`1[System.Diagnostics.Eventing.Reader.EventProperty]"
"BITS started the PreSignInSettingsConfigJSON transfer job that is associated with the https://g.live.com/odclientsettings/Prod URL.","59","1",,"4","0","1","4611686018427387904","8996","Microsoft-Windows-Bits-Client","ef1cc15b-46c1-414e-bb95-e76b077bd51e","Microsoft-Windows-Bits-Client/Operational","5764","9176","MSEDGEWIN10","S-1-5-18","11/19/2020 9:49:15 AM","bddcbda1-54f1-42dc-908d-3c1cc45915e5",,"System.UInt32[]","System.Diagnostics.Eventing.Reader.EventBookmark","Information","Start",,"System.Collections.ObjectModel.ReadOnlyCollection`1[System.String]","System.Collections.Generic.List`1[System.Diagnostics.Eventing.Reader.EventProperty]"
"The initialization of the peer helper modules failed with the following error:  0x80070032.","310","0",,"3","0","0","4611686018427387904","8995","Microsoft-Windows-Bits-Client","ef1cc15b-46c1-414e-bb95-e76b077bd51e","Microsoft-Windows-Bits-Client/Operational","5764","9176","MSEDGEWIN10","S-1-5-18","11/19/2020 9:49:15 AM",,,"System.UInt32[]","System.Diagnostics.Eventing.Reader.EventBookmark","Warning","Info",,"System.Collections.ObjectModel.ReadOnlyCollection`1[System.String]","System.Collections.Generic.List`1[System.Diagnostics.Eventing.Reader.EventProperty]"
"The BITS service created a new job.
Transfer job: PreSignInSettingsConfigJSON
Job ID: {4e1d7752-6c4c-44c2-8f42-ecbe618d188f}
Owner: MSEDGEWIN10\IEUser
Process Path: C:\Users\IEUser\AppData\Local\Microsoft\OneDrive\OneDriveStandaloneUpdater.exe
Process ID: 3000","3","2",,"4","0","0","4611686018427387904","8994","Microsoft-Windows-Bits-Client","ef1cc15b-46c1-414e-bb95-e76b077bd51e","Microsoft-Windows-Bits-Client/Operational","5764","4492","MSEDGEWIN10","S-1-5-18","11/19/2020 9:49:14 AM",,,"System.UInt32[]","System.Diagnostics.Eventing.Reader.EventBookmark","Information","Info",,"System.Collections.ObjectModel.ReadOnlyCollection`1[System.String]","System.Collections.Generic.List`1[System.Diagnostics.Eventing.Reader.EventProperty]"
"The BITS service loaded the job list from disk.","306","0",,"5","0","0","4611686018427387904","8993","Microsoft-Windows-Bits-Client","ef1cc15b-46c1-414e-bb95-e76b077bd51e","Microsoft-Windows-Bits-Client/Operational","5764","8228","MSEDGEWIN10","S-1-5-18","11/19/2020 9:49:13 AM",,,"System.UInt32[]","System.Diagnostics.Eventing.Reader.EventBookmark","Verbose","Info",,"System.Collections.ObjectModel.ReadOnlyCollection`1[System.String]","System.Collections.Generic.List`1[System.Diagnostics.Eventing.Reader.EventProperty]"
"The transfer job is complete.
User: MSEDGEWIN10\IEUser
Transfer job: Push Notification Platform Job: 1
Job ID: {c1930bb1-a4d2-410c-8f99-83cd3c34edd2}
Owner: MSEDGEWIN10\IEUser
File count: 1","4","1",,"4","0","0","4611686018427387904","8992","Microsoft-Windows-Bits-Client","ef1cc15b-46c1-414e-bb95-e76b077bd51e","Microsoft-Windows-Bits-Client/Operational","7952","8848","MSEDGEWIN10","S-1-5-18","11/19/2020 2:45:57 AM",,,"System.UInt32[]","System.Diagnostics.Eventing.Reader.EventBookmark","Information","Info",,"System.Collections.ObjectModel.ReadOnlyCollection`1[System.String]","System.Collections.Generic.List`1[System.Diagnostics.Eventing.Reader.EventProperty]"
"BITS stopped transferring the Push Notification Platform Job: 1 transfer job that is associated with the https://img-s-msn-com.akamaized.net/tenant/amp/entityid/BB1aQJnx.img?w=100&h=100&m=6&tilesize=medium&x=1069&y=1223&ms-scale=100&ms-contrast=standard URL. The status code is 0x0.","60","1",,"4","0","2","4611686018427387904","8991","Microsoft-Windows-Bits-Client","ef1cc15b-46c1-414e-bb95-e76b077bd51e","Microsoft-Windows-Bits-Client/Operational","7952","8284","MSEDGEWIN10","S-1-5-18","11/19/2020 2:45:57 AM","8100b4ac-7d2b-4694-94ca-d1674b3fe0f3",,"System.UInt32[]","System.Diagnostics.Eventing.Reader.EventBookmark","Information","Stop",,"System.Collections.ObjectModel.ReadOnlyCollection`1[System.String]","System.Collections.Generic.List`1[System.Diagnostics.Eventing.Reader.EventProperty]"
"BITS started the Push Notification Platform Job: 1 transfer job that is associated with the https://img-s-msn-com.akamaized.net/tenant/amp/entityid/BB1aQJnx.img?w=100&h=100&m=6&tilesize=medium&x=1069&y=1223&ms-scale=100&ms-contrast=standard URL.","59","1",,"4","0","1","4611686018427387904","8990","Microsoft-Windows-Bits-Client","ef1cc15b-46c1-414e-bb95-e76b077bd51e","Microsoft-Windows-Bits-Client/Operational","7952","8820","MSEDGEWIN10","S-1-5-18","11/19/2020 2:45:57 AM","8100b4ac-7d2b-4694-94ca-d1674b3fe0f3",,"System.UInt32[]","System.Diagnostics.Eventing.Reader.EventBookmark","Information","Start",,"System.Collections.ObjectModel.ReadOnlyCollection`1[System.String]","System.Collections.Generic.List`1[System.Diagnostics.Eventing.Reader.EventProperty]"
"High performance property for BITS job ""Push Notification Platform Job: 1"" with ID ""{c1930bb1-a4d2-410c-8f99-83cd3c34edd2}"" Enabled.","209","0",,"4","0","0","4611686018427387904","8989","Microsoft-Windows-Bits-Client","ef1cc15b-46c1-414e-bb95-e76b077bd51e","Microsoft-Windows-Bits-Client/Operational","7952","8284","MSEDGEWIN10","S-1-5-18","11/19/2020 2:45:57 AM",,,"System.UInt32[]","System.Diagnostics.Eventing.Reader.EventBookmark","Information","Info",,"System.Collections.ObjectModel.ReadOnlyCollection`1[System.String]","System.Collections.Generic.List`1[System.Diagnostics.Eventing.Reader.EventProperty]"
"The BITS service created a new job.
Transfer job: Push Notification Platform Job: 1
Job ID: {c1930bb1-a4d2-410c-8f99-83cd3c34edd2}
Owner: MSEDGEWIN10\IEUser
Process Path: C:\Windows\System32\svchost.exe
Process ID: 5752","3","2",,"4","0","0","4611686018427387904","8988","Microsoft-Windows-Bits-Client","ef1cc15b-46c1-414e-bb95-e76b077bd51e","Microsoft-Windows-Bits-Client/Operational","7952","8284","MSEDGEWIN10","S-1-5-18","11/19/2020 2:45:57 AM",,,"System.UInt32[]","System.Diagnostics.Eventing.Reader.EventBookmark","Information","Info",,"System.Collections.ObjectModel.ReadOnlyCollection`1[System.String]","System.Collections.Generic.List`1[System.Diagnostics.Eventing.Reader.EventProperty]"
"The BITS service loaded the job list from disk.","306","0",,"5","0","0","4611686018427387904","8987","Microsoft-Windows-Bits-Client","ef1cc15b-46c1-414e-bb95-e76b077bd51e","Microsoft-Windows-Bits-Client/Operational","7952","6592","MSEDGEWIN10","S-1-5-18","11/19/2020 2:45:53 AM",,,"System.UInt32[]","System.Diagnostics.Eventing.Reader.EventBookmark","Verbose","Info",,"System.Collections.ObjectModel.ReadOnlyCollection`1[System.String]","System.Collections.Generic.List`1[System.Diagnostics.Eventing.Reader.EventProperty]"
"The transfer job is complete.
User: MSEDGEWIN10\IEUser
Transfer job: Push Notification Platform Job: 1
Job ID: {47b0b280-6689-458a-af83-a88024343ac9}
Owner: MSEDGEWIN10\IEUser
File count: 1","4","1",,"4","0","0","4611686018427387904","8986","Microsoft-Windows-Bits-Client","ef1cc15b-46c1-414e-bb95-e76b077bd51e","Microsoft-Windows-Bits-Client/Operational","10184","3136","MSEDGEWIN10","S-1-5-18","11/19/2020 1:33:33 AM",,,"System.UInt32[]","System.Diagnostics.Eventing.Reader.EventBookmark","Information","Info",,"System.Collections.ObjectModel.ReadOnlyCollection`1[System.String]","System.Collections.Generic.List`1[System.Diagnostics.Eventing.Reader.EventProperty]"
"BITS stopped transferring the Push Notification Platform Job: 1 transfer job that is associated with the https://img-s-msn-com.akamaized.net/tenant/amp/entityid/BB1b9S4l.img?w=100&h=100&m=6&tilesize=medium&x=1140&y=780&ms-scale=100&ms-contrast=standard URL. The status code is 0x0.","60","1",,"4","0","2","4611686018427387904","8985","Microsoft-Windows-Bits-Client","ef1cc15b-46c1-414e-bb95-e76b077bd51e","Microsoft-Windows-Bits-Client/Operational","10184","3136","MSEDGEWIN10","S-1-5-18","11/19/2020 1:33:33 AM","64b69f81-2b4e-474e-9def-f29446c57967",,"System.UInt32[]","System.Diagnostics.Eventing.Reader.EventBookmark","Information","Stop",,"System.Collections.ObjectModel.ReadOnlyCollection`1[System.String]","System.Collections.Generic.List`1[System.Diagnostics.Eventing.Reader.EventProperty]"
"BITS started the Push Notification Platform Job: 1 transfer job that is associated with the https://img-s-msn-com.akamaized.net/tenant/amp/entityid/BB1b9S4l.img?w=100&h=100&m=6&tilesize=medium&x=1140&y=780&ms-scale=100&ms-contrast=standard URL.","59","1",,"4","0","1","4611686018427387904","8984","Microsoft-Windows-Bits-Client","ef1cc15b-46c1-414e-bb95-e76b077bd51e","Microsoft-Windows-Bits-Client/Operational","10184","2892","MSEDGEWIN10","S-1-5-18","11/19/2020 1:33:33 AM","64b69f81-2b4e-474e-9def-f29446c57967",,"System.UInt32[]","System.Diagnostics.Eventing.Reader.EventBookmark","Information","Start",,"System.Collections.ObjectModel.ReadOnlyCollection`1[System.String]","System.Collections.Generic.List`1[System.Diagnostics.Eventing.Reader.EventProperty]"
"High performance property for BITS job ""Push Notification Platform Job: 1"" with ID ""{47b0b280-6689-458a-af83-a88024343ac9}"" Enabled.","209","0",,"4","0","0","4611686018427387904","8983","Microsoft-Windows-Bits-Client","ef1cc15b-46c1-414e-bb95-e76b077bd51e","Microsoft-Windows-Bits-Client/Operational","10184","3136","MSEDGEWIN10","S-1-5-18","11/19/2020 1:33:33 AM",,,"System.UInt32[]","System.Diagnostics.Eventing.Reader.EventBookmark","Information","Info",,"System.Collections.ObjectModel.ReadOnlyCollection`1[System.String]","System.Collections.Generic.List`1[System.Diagnostics.Eventing.Reader.EventProperty]"
"The BITS service created a new job.
Transfer job: Push Notification Platform Job: 1
Job ID: {47b0b280-6689-458a-af83-a88024343ac9}
Owner: MSEDGEWIN10\IEUser
Process Path: C:\Windows\System32\svchost.exe
Process ID: 7920","3","2",,"4","0","0","4611686018427387904","8982","Microsoft-Windows-Bits-Client","ef1cc15b-46c1-414e-bb95-e76b077bd51e","Microsoft-Windows-Bits-Client/Operational","10184","3136","MSEDGEWIN10","S-1-5-18","11/19/2020 1:33:33 AM",,,"System.UInt32[]","System.Diagnostics.Eventing.Reader.EventBookmark","Information","Info",,"System.Collections.ObjectModel.ReadOnlyCollection`1[System.String]","System.Collections.Generic.List`1[System.Diagnostics.Eventing.Reader.EventProperty]"
"High performance property for BITS job ""MicrosoftMapsBingGeoStore"" with ID ""{e266825c-cec1-4b34-9e5e-f42d8686c6b2}"" Enabled.","209","0",,"4","0","0","4611686018427387904","8981","Microsoft-Windows-Bits-Client","ef1cc15b-46c1-414e-bb95-e76b077bd51e","Microsoft-Windows-Bits-Client/Operational","10184","4400","MSEDGEWIN10","S-1-5-18","11/19/2020 1:04:23 AM",,,"System.UInt32[]","System.Diagnostics.Eventing.Reader.EventBookmark","Information","Info",,"System.Collections.ObjectModel.ReadOnlyCollection`1[System.String]","System.Collections.Generic.List`1[System.Diagnostics.Eventing.Reader.EventProperty]"
"The BITS service created a new job.
Transfer job: MicrosoftMapsBingGeoStore
Job ID: {e266825c-cec1-4b34-9e5e-f42d8686c6b2}
Owner: NT AUTHORITY\NETWORK SERVICE
Process Path: C:\Windows\System32\svchost.exe
Process ID: 516","3","2",,"4","0","0","4611686018427387904","8980","Microsoft-Windows-Bits-Client","ef1cc15b-46c1-414e-bb95-e76b077bd51e","Microsoft-Windows-Bits-Client/Operational","10184","9784","MSEDGEWIN10","S-1-5-18","11/19/2020 1:04:23 AM",,,"System.UInt32[]","System.Diagnostics.Eventing.Reader.EventBookmark","Information","Info",,"System.Collections.ObjectModel.ReadOnlyCollection`1[System.String]","System.Collections.Generic.List`1[System.Diagnostics.Eventing.Reader.EventProperty]"
"The transfer job is complete.
User: MSEDGEWIN10\IEUser
Transfer job: Push Notification Platform Job: 1
Job ID: {e1669b1d-a6a4-4eb6-af45-0f264031f8d1}
Owner: MSEDGEWIN10\IEUser
File count: 1","4","1",,"4","0","0","4611686018427387904","8979","Microsoft-Windows-Bits-Client","ef1cc15b-46c1-414e-bb95-e76b077bd51e","Microsoft-Windows-Bits-Client/Operational","10184","4400","MSEDGEWIN10","S-1-5-18","11/19/2020 1:04:10 AM",,,"System.UInt32[]","System.Diagnostics.Eventing.Reader.EventBookmark","Information","Info",,"System.Collections.ObjectModel.ReadOnlyCollection`1[System.String]","System.Collections.Generic.List`1[System.Diagnostics.Eventing.Reader.EventProperty]"
"BITS stopped transferring the Push Notification Platform Job: 1 transfer job that is associated with the https://img-s-msn-com.akamaized.net/tenant/amp/entityid/BB1b9Paa.img?w=100&h=100&m=6&tilesize=medium&ms-scale=100&ms-contrast=standard URL. The status code is 0x0.","60","1",,"4","0","2","4611686018427387904","8978","Microsoft-Windows-Bits-Client","ef1cc15b-46c1-414e-bb95-e76b077bd51e","Microsoft-Windows-Bits-Client/Operational","10184","4812","MSEDGEWIN10","S-1-5-18","11/19/2020 1:04:10 AM","c6c321e5-5438-4999-be3c-35f57f59a084",,"System.UInt32[]","System.Diagnostics.Eventing.Reader.EventBookmark","Information","Stop",,"System.Collections.ObjectModel.ReadOnlyCollection`1[System.String]","System.Collections.Generic.List`1[System.Diagnostics.Eventing.Reader.EventProperty]"
"BITS started the Push Notification Platform Job: 1 transfer job that is associated with the https://img-s-msn-com.akamaized.net/tenant/amp/entityid/BB1b9Paa.img?w=100&h=100&m=6&tilesize=medium&ms-scale=100&ms-contrast=standard URL.","59","1",,"4","0","1","4611686018427387904","8977","Microsoft-Windows-Bits-Client","ef1cc15b-46c1-414e-bb95-e76b077bd51e","Microsoft-Windows-Bits-Client/Operational","10184","4844","MSEDGEWIN10","S-1-5-18","11/19/2020 1:04:09 AM","c6c321e5-5438-4999-be3c-35f57f59a084",,"System.UInt32[]","System.Diagnostics.Eventing.Reader.EventBookmark","Information","Start",,"System.Collections.ObjectModel.ReadOnlyCollection`1[System.String]","System.Collections.Generic.List`1[System.Diagnostics.Eventing.Reader.EventProperty]"
"High performance property for BITS job ""Push Notification Platform Job: 1"" with ID ""{e1669b1d-a6a4-4eb6-af45-0f264031f8d1}"" Enabled.","209","0",,"4","0","0","4611686018427387904","8976","Microsoft-Windows-Bits-Client","ef1cc15b-46c1-414e-bb95-e76b077bd51e","Microsoft-Windows-Bits-Client/Operational","10184","4812","MSEDGEWIN10","S-1-5-18","11/19/2020 1:04:09 AM",,,"System.UInt32[]","System.Diagnostics.Eventing.Reader.EventBookmark","Information","Info",,"System.Collections.ObjectModel.ReadOnlyCollection`1[System.String]","System.Collections.Generic.List`1[System.Diagnostics.Eventing.Reader.EventProperty]"
"The BITS service created a new job.
Transfer job: Push Notification Platform Job: 1
Job ID: {e1669b1d-a6a4-4eb6-af45-0f264031f8d1}
Owner: MSEDGEWIN10\IEUser
Process Path: C:\Windows\System32\svchost.exe
Process ID: 4264","3","2",,"4","0","0","4611686018427387904","8975","Microsoft-Windows-Bits-Client","ef1cc15b-46c1-414e-bb95-e76b077bd51e","Microsoft-Windows-Bits-Client/Operational","10184","4812","MSEDGEWIN10","S-1-5-18","11/19/2020 1:04:09 AM",,,"System.UInt32[]","System.Diagnostics.Eventing.Reader.EventBookmark","Information","Info",,"System.Collections.ObjectModel.ReadOnlyCollection`1[System.String]","System.Collections.Generic.List`1[System.Diagnostics.Eventing.Reader.EventProperty]"
"The BITS service loaded the job list from disk.","306","0",,"5","0","0","4611686018427387904","8974","Microsoft-Windows-Bits-Client","ef1cc15b-46c1-414e-bb95-e76b077bd51e","Microsoft-Windows-Bits-Client/Operational","10184","6372","MSEDGEWIN10","S-1-5-18","11/19/2020 1:04:09 AM",,,"System.UInt32[]","System.Diagnostics.Eventing.Reader.EventBookmark","Verbose","Info",,"System.Collections.ObjectModel.ReadOnlyCollection`1[System.String]","System.Collections.Generic.List`1[System.Diagnostics.Eventing.Reader.EventProperty]"
"The transfer job is complete.
User: MSEDGEWIN10\IEUser
Transfer job: C:\Users\IEUser\AppData\Local\Temp\{760E100C-4E23-45B0-A2E1-BB2607BF6ED4}-87.0.4280.66_86.0.4240.198_chrome_updater.exe
Job ID: {6bfd2ad8-963a-4e3d-a596-ddb00305910f}
Owner: MSEDGEWIN10\IEUser
File count: 1","4","1",,"4","0","0","4611686018427387904","8973","Microsoft-Windows-Bits-Client","ef1cc15b-46c1-414e-bb95-e76b077bd51e","Microsoft-Windows-Bits-Client/Operational","8076","4952","MSEDGEWIN10","S-1-5-18","11/18/2020 1:53:26 PM",,,"System.UInt32[]","System.Diagnostics.Eventing.Reader.EventBookmark","Information","Info",,"System.Collections.ObjectModel.ReadOnlyCollection`1[System.String]","System.Collections.Generic.List`1[System.Diagnostics.Eventing.Reader.EventProperty]"
"BITS stopped transferring the C:\Users\IEUser\AppData\Local\Temp\{760E100C-4E23-45B0-A2E1-BB2607BF6ED4}-87.0.4280.66_86.0.4240.198_chrome_updater.exe transfer job that is associated with the http://r4---sn-5hne6nsr.gvt1.com/edgedl/release2/chrome/GIUtDEIRbSWI1y147Zo4bw_87.0.4280.66/87.0.4280.66_86.0.4240.198_chrome_updater.exe?cms_redirect=yes&mh=ls&mip=213.127.67.111&mm=28&mn=sn-5hne6nsr&ms=nvh&mt=1605736037&mv=m&mvi=4&pl=17&shardbypass=yes URL. The status code is 0x0.","60","1",,"4","0","2","4611686018427387904","8972","Microsoft-Windows-Bits-Client","ef1cc15b-46c1-414e-bb95-e76b077bd51e","Microsoft-Windows-Bits-Client/Operational","8076","8756","MSEDGEWIN10","S-1-5-18","11/18/2020 1:53:25 PM","3fbccca9-5f54-4f3c-a2de-a805cac185bd",,"System.UInt32[]","System.Diagnostics.Eventing.Reader.EventBookmark","Information","Stop",,"System.Collections.ObjectModel.ReadOnlyCollection`1[System.String]","System.Collections.Generic.List`1[System.Diagnostics.Eventing.Reader.EventProperty]"
"BITS started the C:\Users\IEUser\AppData\Local\Temp\{760E100C-4E23-45B0-A2E1-BB2607BF6ED4}-87.0.4280.66_86.0.4240.198_chrome_updater.exe transfer job that is associated with the http://r4---sn-5hne6nsr.gvt1.com/edgedl/release2/chrome/GIUtDEIRbSWI1y147Zo4bw_87.0.4280.66/87.0.4280.66_86.0.4240.198_chrome_updater.exe?cms_redirect=yes&mh=ls&mip=213.127.67.111&mm=28&mn=sn-5hne6nsr&ms=nvh&mt=1605736037&mv=m&mvi=4&pl=17&shardbypass=yes URL.","59","1",,"4","0","1","4611686018427387904","8971","Microsoft-Windows-Bits-Client","ef1cc15b-46c1-414e-bb95-e76b077bd51e","Microsoft-Windows-Bits-Client/Operational","8076","368","MSEDGEWIN10","S-1-5-18","11/18/2020 1:49:57 PM","3fbccca9-5f54-4f3c-a2de-a805cac185bd",,"System.UInt32[]","System.Diagnostics.Eventing.Reader.EventBookmark","Information","Start",,"System.Collections.ObjectModel.ReadOnlyCollection`1[System.String]","System.Collections.Generic.List`1[System.Diagnostics.Eventing.Reader.EventProperty]"
"The BITS service created a new job.
Transfer job: C:\Users\IEUser\AppData\Local\Temp\{760E100C-4E23-45B0-A2E1-BB2607BF6ED4}-87.0.4280.66_86.0.4240.198_chrome_updater.exe
Job ID: {6bfd2ad8-963a-4e3d-a596-ddb00305910f}
Owner: MSEDGEWIN10\IEUser
Process Path: C:\Program Files (x86)\Google\Update\GoogleUpdate.exe
Process ID: 932","3","2",,"4","0","0","4611686018427387904","8970","Microsoft-Windows-Bits-Client","ef1cc15b-46c1-414e-bb95-e76b077bd51e","Microsoft-Windows-Bits-Client/Operational","8076","4952","MSEDGEWIN10","S-1-5-18","11/18/2020 1:49:57 PM",,,"System.UInt32[]","System.Diagnostics.Eventing.Reader.EventBookmark","Information","Info",,"System.Collections.ObjectModel.ReadOnlyCollection`1[System.String]","System.Collections.Generic.List`1[System.Diagnostics.Eventing.Reader.EventProperty]"
"The transfer job is complete.
User: MSEDGEWIN10\IEUser
Transfer job: UpdateDescriptionXml
Job ID: {f320c18d-9ec0-4842-8ba8-982814e6b842}
Owner: MSEDGEWIN10\IEUser
File count: 1","4","1",,"4","0","0","4611686018427387904","8969","Microsoft-Windows-Bits-Client","ef1cc15b-46c1-414e-bb95-e76b077bd51e","Microsoft-Windows-Bits-Client/Operational","8076","8756","MSEDGEWIN10","S-1-5-18","11/18/2020 1:49:46 PM",,,"System.UInt32[]","System.Diagnostics.Eventing.Reader.EventBookmark","Information","Info",,"System.Collections.ObjectModel.ReadOnlyCollection`1[System.String]","System.Collections.Generic.List`1[System.Diagnostics.Eventing.Reader.EventProperty]"
"BITS stopped transferring the UpdateDescriptionXml transfer job that is associated with the https://g.live.com/1rewlive5skydrive/ODSUProduction URL. The status code is 0x0.","60","1",,"4","0","2","4611686018427387904","8968","Microsoft-Windows-Bits-Client","ef1cc15b-46c1-414e-bb95-e76b077bd51e","Microsoft-Windows-Bits-Client/Operational","8076","8756","MSEDGEWIN10","S-1-5-18","11/18/2020 1:49:46 PM","0d5af657-ee36-41d4-b4ef-9a8f9022c19f",,"System.UInt32[]","System.Diagnostics.Eventing.Reader.EventBookmark","Information","Stop",,"System.Collections.ObjectModel.ReadOnlyCollection`1[System.String]","System.Collections.Generic.List`1[System.Diagnostics.Eventing.Reader.EventProperty]"
