"The Remote Connection Manager selected Kernel mode RDP protocol stack.","1155","0",,"4","0","0","1152921504606846976","67","Microsoft-Windows-TerminalServices-RemoteConnectionManager","c76baa63-ae81-421c-b425-340b4b24157f","Microsoft-Windows-TerminalServices-RemoteConnectionManager/Operational","1272","1288","IEWIN7","S-1-5-20","1/19/2019 4:20:37 AM","f27087e3-0140-4e80-b201-780896d57499",,"System.UInt32[]","System.Diagnostics.Eventing.Reader.EventBookmark","Information","Info",,"System.Collections.ObjectModel.ReadOnlyCollection`1[System.String]","System.Collections.Generic.List`1[System.Diagnostics.Eventing.Reader.EventProperty]"
"RD Session Host Server role is not installed.","1136","0",,"4","0","0","1152921504606846976","66","Microsoft-Windows-TerminalServices-RemoteConnectionManager","c76baa63-ae81-421c-b425-340b4b24157f","Microsoft-Windows-TerminalServices-RemoteConnectionManager/Operational","1036","2120","IEWIN7","S-1-5-18","1/19/2019 3:34:10 AM",,,"System.UInt32[]","System.Diagnostics.Eventing.Reader.EventBookmark","Information","Info",,"System.Collections.ObjectModel.ReadOnlyCollection`1[System.String]","System.Collections.Generic.List`1[System.Diagnostics.Eventing.Reader.EventProperty]"
"Listener RDP-Tcp has started listening","258","0",,"4","0","0","1152921504606846976","65","Microsoft-Windows-TerminalServices-RemoteConnectionManager","c76baa63-ae81-421c-b425-340b4b24157f","Microsoft-Windows-TerminalServices-RemoteConnectionManager/Operational","1260","1980","IEWIN7","S-1-5-20","1/19/2019 3:34:09 AM","00000000-4244-0000-4493-214b36b0d401",,"System.UInt32[]","System.Diagnostics.Eventing.Reader.EventBookmark","Information","Info",,"System.Collections.ObjectModel.ReadOnlyCollection`1[System.String]","System.Collections.Generic.List`1[System.Diagnostics.Eventing.Reader.EventProperty]"
"The Remote Connection Manager selected Kernel mode RDP protocol stack.","1155","0",,"4","0","0","1152921504606846976","64","Microsoft-Windows-TerminalServices-RemoteConnectionManager","c76baa63-ae81-421c-b425-340b4b24157f","Microsoft-Windows-TerminalServices-RemoteConnectionManager/Operational","1260","1280","IEWIN7","S-1-5-20","1/19/2019 3:34:08 AM","e9f755f5-8fa2-489b-902b-c6349b994a47",,"System.UInt32[]","System.Diagnostics.Eventing.Reader.EventBookmark","Information","Info",,"System.Collections.ObjectModel.ReadOnlyCollection`1[System.String]","System.Collections.Generic.List`1[System.Diagnostics.Eventing.Reader.EventProperty]"
"RD Session Host Server role is not installed.","1136","0",,"4","0","0","1152921504606846976","63","Microsoft-Windows-TerminalServices-RemoteConnectionManager","c76baa63-ae81-421c-b425-340b4b24157f","Microsoft-Windows-TerminalServices-RemoteConnectionManager/Operational","1024","2068","IEWIN7","S-1-5-18","1/17/2019 1:03:34 PM",,,"System.UInt32[]","System.Diagnostics.Eventing.Reader.EventBookmark","Information","Info",,"System.Collections.ObjectModel.ReadOnlyCollection`1[System.String]","System.Collections.Generic.List`1[System.Diagnostics.Eventing.Reader.EventProperty]"
"Listener RDP-Tcp has started listening","258","0",,"4","0","0","1152921504606846976","62","Microsoft-Windows-TerminalServices-RemoteConnectionManager","c76baa63-ae81-421c-b425-340b4b24157f","Microsoft-Windows-TerminalServices-RemoteConnectionManager/Operational","1296","1344","IEWIN7","S-1-5-20","1/17/2019 1:03:34 PM","00000000-c244-0000-e495-4b15a8aed401",,"System.UInt32[]","System.Diagnostics.Eventing.Reader.EventBookmark","Information","Info",,"System.Collections.ObjectModel.ReadOnlyCollection`1[System.String]","System.Collections.Generic.List`1[System.Diagnostics.Eventing.Reader.EventProperty]"
"The Remote Connection Manager selected Kernel mode RDP protocol stack.","1155","0",,"4","0","0","1152921504606846976","61","Microsoft-Windows-TerminalServices-RemoteConnectionManager","c76baa63-ae81-421c-b425-340b4b24157f","Microsoft-Windows-TerminalServices-RemoteConnectionManager/Operational","1296","1344","IEWIN7","S-1-5-20","1/17/2019 1:03:33 PM","43abd68e-0f65-4859-bf1d-960e5b259e94",,"System.UInt32[]","System.Diagnostics.Eventing.Reader.EventBookmark","Information","Info",,"System.Collections.ObjectModel.ReadOnlyCollection`1[System.String]","System.Collections.Generic.List`1[System.Diagnostics.Eventing.Reader.EventProperty]"
"RD Session Host Server role is not installed.","1136","0",,"4","0","0","1152921504606846976","60","Microsoft-Windows-TerminalServices-RemoteConnectionManager","c76baa63-ae81-421c-b425-340b4b24157f","Microsoft-Windows-TerminalServices-RemoteConnectionManager/Operational","1036","2128","IEWIN7","S-1-5-18","1/17/2019 12:30:04 PM",,,"System.UInt32[]","System.Diagnostics.Eventing.Reader.EventBookmark","Information","Info",,"System.Collections.ObjectModel.ReadOnlyCollection`1[System.String]","System.Collections.Generic.List`1[System.Diagnostics.Eventing.Reader.EventProperty]"
"Listener RDP-Tcp has started listening","258","0",,"4","0","0","1152921504606846976","59","Microsoft-Windows-TerminalServices-RemoteConnectionManager","c76baa63-ae81-421c-b425-340b4b24157f","Microsoft-Windows-TerminalServices-RemoteConnectionManager/Operational","1264","1284","IEWIN7","S-1-5-20","1/17/2019 12:30:03 PM","00000000-0244-0000-1495-93d3eeaed401",,"System.UInt32[]","System.Diagnostics.Eventing.Reader.EventBookmark","Information","Info",,"System.Collections.ObjectModel.ReadOnlyCollection`1[System.String]","System.Collections.Generic.List`1[System.Diagnostics.Eventing.Reader.EventProperty]"
"The Remote Connection Manager selected Kernel mode RDP protocol stack.","1155","0",,"4","0","0","1152921504606846976","58","Microsoft-Windows-TerminalServices-RemoteConnectionManager","c76baa63-ae81-421c-b425-340b4b24157f","Microsoft-Windows-TerminalServices-RemoteConnectionManager/Operational","1264","1284","IEWIN7","S-1-5-20","1/17/2019 12:30:02 PM","7b176fb3-5e88-4b96-92ab-25663d9516ad",,"System.UInt32[]","System.Diagnostics.Eventing.Reader.EventBookmark","Information","Info",,"System.Collections.ObjectModel.ReadOnlyCollection`1[System.String]","System.Collections.Generic.List`1[System.Diagnostics.Eventing.Reader.EventProperty]"
"RD Session Host Server role is not installed.","1136","0",,"4","0","0","1152921504606846976","57","Microsoft-Windows-TerminalServices-RemoteConnectionManager","c76baa63-ae81-421c-b425-340b4b24157f","Microsoft-Windows-TerminalServices-RemoteConnectionManager/Operational","1012","2080","IEWIN7","S-1-5-18","1/17/2019 11:25:24 AM",,,"System.UInt32[]","System.Diagnostics.Eventing.Reader.EventBookmark","Information","Info",,"System.Collections.ObjectModel.ReadOnlyCollection`1[System.String]","System.Collections.Generic.List`1[System.Diagnostics.Eventing.Reader.EventProperty]"
"Listener RDP-Tcp has started listening","258","0",,"4","0","0","1152921504606846976","56","Microsoft-Windows-TerminalServices-RemoteConnectionManager","c76baa63-ae81-421c-b425-340b4b24157f","Microsoft-Windows-TerminalServices-RemoteConnectionManager/Operational","1356","1508","IEWIN7","S-1-5-20","1/17/2019 11:25:23 AM","00000000-e244-0000-1437-88c8e5aed401",,"System.UInt32[]","System.Diagnostics.Eventing.Reader.EventBookmark","Information","Info",,"System.Collections.ObjectModel.ReadOnlyCollection`1[System.String]","System.Collections.Generic.List`1[System.Diagnostics.Eventing.Reader.EventProperty]"
"The Remote Connection Manager selected Kernel mode RDP protocol stack.","1155","0",,"4","0","0","1152921504606846976","55","Microsoft-Windows-TerminalServices-RemoteConnectionManager","c76baa63-ae81-421c-b425-340b4b24157f","Microsoft-Windows-TerminalServices-RemoteConnectionManager/Operational","1356","1372","IEWIN7","S-1-5-20","1/17/2019 11:25:22 AM","deb9e3f7-6b80-480c-bf81-45d3ad30ce6e",,"System.UInt32[]","System.Diagnostics.Eventing.Reader.EventBookmark","Information","Info",,"System.Collections.ObjectModel.ReadOnlyCollection`1[System.String]","System.Collections.Generic.List`1[System.Diagnostics.Eventing.Reader.EventProperty]"
"RD Session Host Server role is not installed.","1136","0",,"4","0","0","1152921504606846976","54","Microsoft-Windows-TerminalServices-RemoteConnectionManager","c76baa63-ae81-421c-b425-340b4b24157f","Microsoft-Windows-TerminalServices-RemoteConnectionManager/Operational","980","2116","IEWIN7","S-1-5-18","1/17/2019 11:21:03 AM",,,"System.UInt32[]","System.Diagnostics.Eventing.Reader.EventBookmark","Information","Info",,"System.Collections.ObjectModel.ReadOnlyCollection`1[System.String]","System.Collections.Generic.List`1[System.Diagnostics.Eventing.Reader.EventProperty]"
"Listener RDP-Tcp has started listening","258","0",,"4","0","0","1152921504606846976","53","Microsoft-Windows-TerminalServices-RemoteConnectionManager","c76baa63-ae81-421c-b425-340b4b24157f","Microsoft-Windows-TerminalServices-RemoteConnectionManager/Operational","1232","1244","IEWIN7","S-1-5-20","1/17/2019 11:21:02 AM","00000000-9244-0000-44b7-5f2ce5aed401",,"System.UInt32[]","System.Diagnostics.Eventing.Reader.EventBookmark","Information","Info",,"System.Collections.ObjectModel.ReadOnlyCollection`1[System.String]","System.Collections.Generic.List`1[System.Diagnostics.Eventing.Reader.EventProperty]"
"The Remote Connection Manager selected Kernel mode RDP protocol stack.","1155","0",,"4","0","0","1152921504606846976","52","Microsoft-Windows-TerminalServices-RemoteConnectionManager","c76baa63-ae81-421c-b425-340b4b24157f","Microsoft-Windows-TerminalServices-RemoteConnectionManager/Operational","1232","1244","IEWIN7","S-1-5-20","1/17/2019 11:21:01 AM","ea22d5c2-6b57-4db8-b534-f3e716b90534",,"System.UInt32[]","System.Diagnostics.Eventing.Reader.EventBookmark","Information","Info",,"System.Collections.ObjectModel.ReadOnlyCollection`1[System.String]","System.Collections.Generic.List`1[System.Diagnostics.Eventing.Reader.EventProperty]"
"RD Session Host Server role is not installed.","1136","0",,"4","0","0","1152921504606846976","51","Microsoft-Windows-TerminalServices-RemoteConnectionManager","c76baa63-ae81-421c-b425-340b4b24157f","Microsoft-Windows-TerminalServices-RemoteConnectionManager/Operational","988","1796","IEWIN7","S-1-5-18","1/8/2019 4:31:09 AM",,,"System.UInt32[]","System.Diagnostics.Eventing.Reader.EventBookmark","Information","Info",,"System.Collections.ObjectModel.ReadOnlyCollection`1[System.String]","System.Collections.Generic.List`1[System.Diagnostics.Eventing.Reader.EventProperty]"
"Listener RDP-Tcp has started listening","258","0",,"4","0","0","1152921504606846976","50","Microsoft-Windows-TerminalServices-RemoteConnectionManager","c76baa63-ae81-421c-b425-340b4b24157f","Microsoft-Windows-TerminalServices-RemoteConnectionManager/Operational","1264","1820","IEWIN7","S-1-5-20","1/8/2019 4:31:09 AM","00000000-9244-0000-2434-4a6d99a7d401",,"System.UInt32[]","System.Diagnostics.Eventing.Reader.EventBookmark","Information","Info",,"System.Collections.ObjectModel.ReadOnlyCollection`1[System.String]","System.Collections.Generic.List`1[System.Diagnostics.Eventing.Reader.EventProperty]"
"The Remote Connection Manager selected Kernel mode RDP protocol stack.","1155","0",,"4","0","0","1152921504606846976","49","Microsoft-Windows-TerminalServices-RemoteConnectionManager","c76baa63-ae81-421c-b425-340b4b24157f","Microsoft-Windows-TerminalServices-RemoteConnectionManager/Operational","1264","1820","IEWIN7","S-1-5-20","1/8/2019 4:31:08 AM","03a9063b-5a6d-4645-94ab-4f7020922b9e",,"System.UInt32[]","System.Diagnostics.Eventing.Reader.EventBookmark","Information","Info",,"System.Collections.ObjectModel.ReadOnlyCollection`1[System.String]","System.Collections.Generic.List`1[System.Diagnostics.Eventing.Reader.EventProperty]"
"RD Session Host Server role is not installed.","1136","0",,"4","0","0","1152921504606846976","48","Microsoft-Windows-TerminalServices-RemoteConnectionManager","c76baa63-ae81-421c-b425-340b4b24157f","Microsoft-Windows-TerminalServices-RemoteConnectionManager/Operational","1020","1588","IEWIN7","S-1-5-18","12/29/2018 12:18:21 PM",,,"System.UInt32[]","System.Diagnostics.Eventing.Reader.EventBookmark","Information","Info",,"System.Collections.ObjectModel.ReadOnlyCollection`1[System.String]","System.Collections.Generic.List`1[System.Diagnostics.Eventing.Reader.EventProperty]"
"Listener RDP-Tcp has started listening","258","0",,"4","0","0","1152921504606846976","47","Microsoft-Windows-TerminalServices-RemoteConnectionManager","c76baa63-ae81-421c-b425-340b4b24157f","Microsoft-Windows-TerminalServices-RemoteConnectionManager/Operational","1260","1288","IEWIN7","S-1-5-20","12/29/2018 12:18:20 PM","00000000-8244-0000-c492-b60aff9fd401",,"System.UInt32[]","System.Diagnostics.Eventing.Reader.EventBookmark","Information","Info",,"System.Collections.ObjectModel.ReadOnlyCollection`1[System.String]","System.Collections.Generic.List`1[System.Diagnostics.Eventing.Reader.EventProperty]"
"The Remote Connection Manager selected Kernel mode RDP protocol stack.","1155","0",,"4","0","0","1152921504606846976","46","Microsoft-Windows-TerminalServices-RemoteConnectionManager","c76baa63-ae81-421c-b425-340b4b24157f","Microsoft-Windows-TerminalServices-RemoteConnectionManager/Operational","1260","1288","IEWIN7","S-1-5-20","12/29/2018 12:18:19 PM","75421c5b-6935-40cd-b5a5-3892971f3aed",,"System.UInt32[]","System.Diagnostics.Eventing.Reader.EventBookmark","Information","Info",,"System.Collections.ObjectModel.ReadOnlyCollection`1[System.String]","System.Collections.Generic.List`1[System.Diagnostics.Eventing.Reader.EventProperty]"
"RD Session Host Server role is not installed.","1136","0",,"4","0","0","1152921504606846976","45","Microsoft-Windows-TerminalServices-RemoteConnectionManager","c76baa63-ae81-421c-b425-340b4b24157f","Microsoft-Windows-TerminalServices-RemoteConnectionManager/Operational","968","652","IEWIN7","S-1-5-18","12/29/2018 11:35:21 AM",,,"System.UInt32[]","System.Diagnostics.Eventing.Reader.EventBookmark","Information","Info",,"System.Collections.ObjectModel.ReadOnlyCollection`1[System.String]","System.Collections.Generic.List`1[System.Diagnostics.Eventing.Reader.EventProperty]"
"Listener RDP-Tcp has started listening","258","0",,"4","0","0","1152921504606846976","44","Microsoft-Windows-TerminalServices-RemoteConnectionManager","c76baa63-ae81-421c-b425-340b4b24157f","Microsoft-Windows-TerminalServices-RemoteConnectionManager/Operational","1240","1976","IEWIN7","S-1-5-20","12/29/2018 11:35:20 AM","00000000-2244-0000-f52a-ba07f99fd401",,"System.UInt32[]","System.Diagnostics.Eventing.Reader.EventBookmark","Information","Info",,"System.Collections.ObjectModel.ReadOnlyCollection`1[System.String]","System.Collections.Generic.List`1[System.Diagnostics.Eventing.Reader.EventProperty]"
"The Remote Connection Manager selected Kernel mode RDP protocol stack.","1155","0",,"4","0","0","1152921504606846976","43","Microsoft-Windows-TerminalServices-RemoteConnectionManager","c76baa63-ae81-421c-b425-340b4b24157f","Microsoft-Windows-TerminalServices-RemoteConnectionManager/Operational","1240","1976","IEWIN7","S-1-5-20","12/29/2018 11:35:20 AM","155da92e-f1cb-4bca-8884-178ca77bd250",,"System.UInt32[]","System.Diagnostics.Eventing.Reader.EventBookmark","Information","Info",,"System.Collections.ObjectModel.ReadOnlyCollection`1[System.String]","System.Collections.Generic.List`1[System.Diagnostics.Eventing.Reader.EventProperty]"
"RD Session Host Server role is not installed.","1136","0",,"4","0","0","1152921504606846976","42","Microsoft-Windows-TerminalServices-RemoteConnectionManager","c76baa63-ae81-421c-b425-340b4b24157f","Microsoft-Windows-TerminalServices-RemoteConnectionManager/Operational","1000","1732","IEWIN7","S-1-5-18","12/23/2018 4:34:23 AM",,,"System.UInt32[]","System.Diagnostics.Eventing.Reader.EventBookmark","Information","Info",,"System.Collections.ObjectModel.ReadOnlyCollection`1[System.String]","System.Collections.Generic.List`1[System.Diagnostics.Eventing.Reader.EventProperty]"
"Listener RDP-Tcp has started listening","258","0",,"4","0","0","1152921504606846976","41","Microsoft-Windows-TerminalServices-RemoteConnectionManager","c76baa63-ae81-421c-b425-340b4b24157f","Microsoft-Windows-TerminalServices-RemoteConnectionManager/Operational","1224","1880","IEWIN7","S-1-5-20","12/23/2018 4:34:23 AM","00000000-4244-0000-44c9-e53a079bd401",,"System.UInt32[]","System.Diagnostics.Eventing.Reader.EventBookmark","Information","Info",,"System.Collections.ObjectModel.ReadOnlyCollection`1[System.String]","System.Collections.Generic.List`1[System.Diagnostics.Eventing.Reader.EventProperty]"
"The Remote Connection Manager selected Kernel mode RDP protocol stack.","1155","0",,"4","0","0","1152921504606846976","40","Microsoft-Windows-TerminalServices-RemoteConnectionManager","c76baa63-ae81-421c-b425-340b4b24157f","Microsoft-Windows-TerminalServices-RemoteConnectionManager/Operational","1224","1240","IEWIN7","S-1-5-20","12/23/2018 4:34:22 AM","9f0b14d4-691b-4de9-ac0f-12eaac5953db",,"System.UInt32[]","System.Diagnostics.Eventing.Reader.EventBookmark","Information","Info",,"System.Collections.ObjectModel.ReadOnlyCollection`1[System.String]","System.Collections.Generic.List`1[System.Diagnostics.Eventing.Reader.EventProperty]"
"RD Session Host Server role is not installed.","1136","0",,"4","0","0","1152921504606846976","39","Microsoft-Windows-TerminalServices-RemoteConnectionManager","c76baa63-ae81-421c-b425-340b4b24157f","Microsoft-Windows-TerminalServices-RemoteConnectionManager/Operational","1016","2136","IEWIN7","S-1-5-18","12/22/2018 5:47:25 PM",,,"System.UInt32[]","System.Diagnostics.Eventing.Reader.EventBookmark","Information","Info",,"System.Collections.ObjectModel.ReadOnlyCollection`1[System.String]","System.Collections.Generic.List`1[System.Diagnostics.Eventing.Reader.EventProperty]"
"Listener RDP-Tcp has started listening","258","0",,"4","0","0","1152921504606846976","38","Microsoft-Windows-TerminalServices-RemoteConnectionManager","c76baa63-ae81-421c-b425-340b4b24157f","Microsoft-Windows-TerminalServices-RemoteConnectionManager/Operational","1244","1256","IEWIN7","S-1-5-20","12/22/2018 5:47:24 PM","00000000-7244-0000-4439-c2daac9ad401",,"System.UInt32[]","System.Diagnostics.Eventing.Reader.EventBookmark","Information","Info",,"System.Collections.ObjectModel.ReadOnlyCollection`1[System.String]","System.Collections.Generic.List`1[System.Diagnostics.Eventing.Reader.EventProperty]"
"The Remote Connection Manager selected Kernel mode RDP protocol stack.","1155","0",,"4","0","0","1152921504606846976","37","Microsoft-Windows-TerminalServices-RemoteConnectionManager","c76baa63-ae81-421c-b425-340b4b24157f","Microsoft-Windows-TerminalServices-RemoteConnectionManager/Operational","1244","1260","IEWIN7","S-1-5-20","12/22/2018 5:47:23 PM","df4f7235-c63e-490e-b01c-8dde320e50f8",,"System.UInt32[]","System.Diagnostics.Eventing.Reader.EventBookmark","Information","Info",,"System.Collections.ObjectModel.ReadOnlyCollection`1[System.String]","System.Collections.Generic.List`1[System.Diagnostics.Eventing.Reader.EventProperty]"
"RD Session Host Server role is not installed.","1136","0",,"4","0","0","1152921504606846976","36","Microsoft-Windows-TerminalServices-RemoteConnectionManager","c76baa63-ae81-421c-b425-340b4b24157f","Microsoft-Windows-TerminalServices-RemoteConnectionManager/Operational","1012","120","IEWIN7","S-1-5-18","12/21/2018 9:26:29 AM",,,"System.UInt32[]","System.Diagnostics.Eventing.Reader.EventBookmark","Information","Info",,"System.Collections.ObjectModel.ReadOnlyCollection`1[System.String]","System.Collections.Generic.List`1[System.Diagnostics.Eventing.Reader.EventProperty]"
"Listener RDP-Tcp has started listening","258","0",,"4","0","0","1152921504606846976","35","Microsoft-Windows-TerminalServices-RemoteConnectionManager","c76baa63-ae81-421c-b425-340b4b24157f","Microsoft-Windows-TerminalServices-RemoteConnectionManager/Operational","1252","1268","IEWIN7","S-1-5-20","12/21/2018 9:26:28 AM","00000000-a244-0000-640f-a3485299d401",,"System.UInt32[]","System.Diagnostics.Eventing.Reader.EventBookmark","Information","Info",,"System.Collections.ObjectModel.ReadOnlyCollection`1[System.String]","System.Collections.Generic.List`1[System.Diagnostics.Eventing.Reader.EventProperty]"
"The Remote Connection Manager selected Kernel mode RDP protocol stack.","1155","0",,"4","0","0","1152921504606846976","34","Microsoft-Windows-TerminalServices-RemoteConnectionManager","c76baa63-ae81-421c-b425-340b4b24157f","Microsoft-Windows-TerminalServices-RemoteConnectionManager/Operational","1252","1280","IEWIN7","S-1-5-20","12/21/2018 9:26:28 AM","e4b08c9a-548e-47b2-b178-57435cdc8c01",,"System.UInt32[]","System.Diagnostics.Eventing.Reader.EventBookmark","Information","Info",,"System.Collections.ObjectModel.ReadOnlyCollection`1[System.String]","System.Collections.Generic.List`1[System.Diagnostics.Eventing.Reader.EventProperty]"
"RD Session Host Server role is not installed.","1136","0",,"4","0","0","1152921504606846976","33","Microsoft-Windows-TerminalServices-RemoteConnectionManager","c76baa63-ae81-421c-b425-340b4b24157f","Microsoft-Windows-TerminalServices-RemoteConnectionManager/Operational","1012","1908","IEWIN7","S-1-5-18","12/21/2018 9:23:31 AM",,,"System.UInt32[]","System.Diagnostics.Eventing.Reader.EventBookmark","Information","Info",,"System.Collections.ObjectModel.ReadOnlyCollection`1[System.String]","System.Collections.Generic.List`1[System.Diagnostics.Eventing.Reader.EventProperty]"
"Listener RDP-Tcp has started listening","258","0",,"4","0","0","1152921504606846976","32","Microsoft-Windows-TerminalServices-RemoteConnectionManager","c76baa63-ae81-421c-b425-340b4b24157f","Microsoft-Windows-TerminalServices-RemoteConnectionManager/Operational","1240","1264","IEWIN7","S-1-5-20","12/21/2018 9:23:30 AM","00000000-b244-0000-646a-8ade5199d401",,"System.UInt32[]","System.Diagnostics.Eventing.Reader.EventBookmark","Information","Info",,"System.Collections.ObjectModel.ReadOnlyCollection`1[System.String]","System.Collections.Generic.List`1[System.Diagnostics.Eventing.Reader.EventProperty]"
"The Remote Connection Manager selected Kernel mode RDP protocol stack.","1155","0",,"4","0","0","1152921504606846976","31","Microsoft-Windows-TerminalServices-RemoteConnectionManager","c76baa63-ae81-421c-b425-340b4b24157f","Microsoft-Windows-TerminalServices-RemoteConnectionManager/Operational","1240","1264","IEWIN7","S-1-5-20","12/21/2018 9:23:30 AM","893617eb-e5ec-4c3e-90d1-8a6b7a349fe4",,"System.UInt32[]","System.Diagnostics.Eventing.Reader.EventBookmark","Information","Info",,"System.Collections.ObjectModel.ReadOnlyCollection`1[System.String]","System.Collections.Generic.List`1[System.Diagnostics.Eventing.Reader.EventProperty]"
"RD Session Host Server role is not installed.","1136","0",,"4","0","0","1152921504606846976","30","Microsoft-Windows-TerminalServices-RemoteConnectionManager","c76baa63-ae81-421c-b425-340b4b24157f","Microsoft-Windows-TerminalServices-RemoteConnectionManager/Operational","1016","2068","IEWIN7","S-1-5-18","12/21/2018 9:21:44 AM",,,"System.UInt32[]","System.Diagnostics.Eventing.Reader.EventBookmark","Information","Info",,"System.Collections.ObjectModel.ReadOnlyCollection`1[System.String]","System.Collections.Generic.List`1[System.Diagnostics.Eventing.Reader.EventProperty]"
"Listener RDP-Tcp has started listening","258","0",,"4","0","0","1152921504606846976","29","Microsoft-Windows-TerminalServices-RemoteConnectionManager","c76baa63-ae81-421c-b425-340b4b24157f","Microsoft-Windows-TerminalServices-RemoteConnectionManager/Operational","1240","1260","IEWIN7","S-1-5-20","12/21/2018 9:21:43 AM","00000000-d244-0000-64ec-2a9e5199d401",,"System.UInt32[]","System.Diagnostics.Eventing.Reader.EventBookmark","Information","Info",,"System.Collections.ObjectModel.ReadOnlyCollection`1[System.String]","System.Collections.Generic.List`1[System.Diagnostics.Eventing.Reader.EventProperty]"
"The Remote Connection Manager selected Kernel mode RDP protocol stack.","1155","0",,"4","0","0","1152921504606846976","28","Microsoft-Windows-TerminalServices-RemoteConnectionManager","c76baa63-ae81-421c-b425-340b4b24157f","Microsoft-Windows-TerminalServices-RemoteConnectionManager/Operational","1240","1260","IEWIN7","S-1-5-20","12/21/2018 9:21:42 AM","614b009b-09fc-467e-86ac-d7f9a7e32c3c",,"System.UInt32[]","System.Diagnostics.Eventing.Reader.EventBookmark","Information","Info",,"System.Collections.ObjectModel.ReadOnlyCollection`1[System.String]","System.Collections.Generic.List`1[System.Diagnostics.Eventing.Reader.EventProperty]"
"RD Session Host Server role is not installed.","1136","0",,"4","0","0","1152921504606846976","27","Microsoft-Windows-TerminalServices-RemoteConnectionManager","c76baa63-ae81-421c-b425-340b4b24157f","Microsoft-Windows-TerminalServices-RemoteConnectionManager/Operational","1016","1824","IEWIN7","S-1-5-18","12/21/2018 9:20:19 AM",,,"System.UInt32[]","System.Diagnostics.Eventing.Reader.EventBookmark","Information","Info",,"System.Collections.ObjectModel.ReadOnlyCollection`1[System.String]","System.Collections.Generic.List`1[System.Diagnostics.Eventing.Reader.EventProperty]"
"Listener RDP-Tcp has started listening","258","0",,"4","0","0","1152921504606846976","26","Microsoft-Windows-TerminalServices-RemoteConnectionManager","c76baa63-ae81-421c-b425-340b4b24157f","Microsoft-Windows-TerminalServices-RemoteConnectionManager/Operational","1276","1904","IEWIN7","S-1-5-20","12/21/2018 9:20:19 AM","00000000-8244-0000-945f-a0d99c99d401",,"System.UInt32[]","System.Diagnostics.Eventing.Reader.EventBookmark","Information","Info",,"System.Collections.ObjectModel.ReadOnlyCollection`1[System.String]","System.Collections.Generic.List`1[System.Diagnostics.Eventing.Reader.EventProperty]"
"The Remote Connection Manager selected Kernel mode RDP protocol stack.","1155","0",,"4","0","0","1152921504606846976","25","Microsoft-Windows-TerminalServices-RemoteConnectionManager","c76baa63-ae81-421c-b425-340b4b24157f","Microsoft-Windows-TerminalServices-RemoteConnectionManager/Operational","1276","1296","IEWIN7","S-1-5-20","12/21/2018 9:20:18 AM","52cf815d-b1a0-4e93-960b-57d9e764e622",,"System.UInt32[]","System.Diagnostics.Eventing.Reader.EventBookmark","Information","Info",,"System.Collections.ObjectModel.ReadOnlyCollection`1[System.String]","System.Collections.Generic.List`1[System.Diagnostics.Eventing.Reader.EventProperty]"
"RD Session Host Server role is not installed.","1136","0",,"4","0","0","1152921504606846976","24","Microsoft-Windows-TerminalServices-RemoteConnectionManager","c76baa63-ae81-421c-b425-340b4b24157f","Microsoft-Windows-TerminalServices-RemoteConnectionManager/Operational","1020","2096","IEWIN7","S-1-5-18","12/21/2018 6:45:29 AM",,,"System.UInt32[]","System.Diagnostics.Eventing.Reader.EventBookmark","Information","Info",,"System.Collections.ObjectModel.ReadOnlyCollection`1[System.String]","System.Collections.Generic.List`1[System.Diagnostics.Eventing.Reader.EventProperty]"
"Listener RDP-Tcp has started listening","258","0",,"4","0","0","1152921504606846976","23","Microsoft-Windows-TerminalServices-RemoteConnectionManager","c76baa63-ae81-421c-b425-340b4b24157f","Microsoft-Windows-TerminalServices-RemoteConnectionManager/Operational","1248","1264","IEWIN7","S-1-5-20","12/21/2018 6:45:28 AM","00000000-3244-0000-e4c0-c0378799d401",,"System.UInt32[]","System.Diagnostics.Eventing.Reader.EventBookmark","Information","Info",,"System.Collections.ObjectModel.ReadOnlyCollection`1[System.String]","System.Collections.Generic.List`1[System.Diagnostics.Eventing.Reader.EventProperty]"
"The Remote Connection Manager selected Kernel mode RDP protocol stack.","1155","0",,"4","0","0","1152921504606846976","22","Microsoft-Windows-TerminalServices-RemoteConnectionManager","c76baa63-ae81-421c-b425-340b4b24157f","Microsoft-Windows-TerminalServices-RemoteConnectionManager/Operational","1248","1264","IEWIN7","S-1-5-20","12/21/2018 6:45:28 AM","2d52e3a0-ab6e-4675-9a28-447bd538b025",,"System.UInt32[]","System.Diagnostics.Eventing.Reader.EventBookmark","Information","Info",,"System.Collections.ObjectModel.ReadOnlyCollection`1[System.String]","System.Collections.Generic.List`1[System.Diagnostics.Eventing.Reader.EventProperty]"
"RD Session Host Server role is not installed.","1136","0",,"4","0","0","1152921504606846976","21","Microsoft-Windows-TerminalServices-RemoteConnectionManager","c76baa63-ae81-421c-b425-340b4b24157f","Microsoft-Windows-TerminalServices-RemoteConnectionManager/Operational","916","2036","IEWIN7","S-1-5-18","12/21/2018 3:54:49 AM",,,"System.UInt32[]","System.Diagnostics.Eventing.Reader.EventBookmark","Information","Info",,"System.Collections.ObjectModel.ReadOnlyCollection`1[System.String]","System.Collections.Generic.List`1[System.Diagnostics.Eventing.Reader.EventProperty]"
"Listener RDP-Tcp has started listening","258","0",,"4","0","0","1152921504606846976","20","Microsoft-Windows-TerminalServices-RemoteConnectionManager","c76baa63-ae81-421c-b425-340b4b24157f","Microsoft-Windows-TerminalServices-RemoteConnectionManager/Operational","1172","1764","IEWIN7","S-1-5-20","12/21/2018 3:54:49 AM","00000000-8244-0000-a4dd-42606f99d401",,"System.UInt32[]","System.Diagnostics.Eventing.Reader.EventBookmark","Information","Info",,"System.Collections.ObjectModel.ReadOnlyCollection`1[System.String]","System.Collections.Generic.List`1[System.Diagnostics.Eventing.Reader.EventProperty]"
"The Remote Connection Manager selected Kernel mode RDP protocol stack.","1155","0",,"4","0","0","1152921504606846976","19","Microsoft-Windows-TerminalServices-RemoteConnectionManager","c76baa63-ae81-421c-b425-340b4b24157f","Microsoft-Windows-TerminalServices-RemoteConnectionManager/Operational","1172","1764","IEWIN7","S-1-5-20","12/21/2018 3:54:48 AM",,,"System.UInt32[]","System.Diagnostics.Eventing.Reader.EventBookmark","Information","Info",,"System.Collections.ObjectModel.ReadOnlyCollection`1[System.String]","System.Collections.Generic.List`1[System.Diagnostics.Eventing.Reader.EventProperty]"
"RD Session Host Server role is not installed.","1136","0",,"4","0","0","1152921504606846976","18","Microsoft-Windows-TerminalServices-RemoteConnectionManager","c76baa63-ae81-421c-b425-340b4b24157f","Microsoft-Windows-TerminalServices-RemoteConnectionManager/Operational","928","1688","IEWIN7","S-1-5-18","12/2/2018 5:12:59 AM",,,"System.UInt32[]","System.Diagnostics.Eventing.Reader.EventBookmark","Information","Info",,"System.Collections.ObjectModel.ReadOnlyCollection`1[System.String]","System.Collections.Generic.List`1[System.Diagnostics.Eventing.Reader.EventProperty]"
"Listener RDP-Tcp has started listening","258","0",,"4","0","0","1152921504606846976","17","Microsoft-Windows-TerminalServices-RemoteConnectionManager","c76baa63-ae81-421c-b425-340b4b24157f","Microsoft-Windows-TerminalServices-RemoteConnectionManager/Operational","1204","1776","IEWIN7","S-1-5-20","12/2/2018 5:12:59 AM","00000000-e244-0000-64c5-dd228c8ad401",,"System.UInt32[]","System.Diagnostics.Eventing.Reader.EventBookmark","Information","Info",,"System.Collections.ObjectModel.ReadOnlyCollection`1[System.String]","System.Collections.Generic.List`1[System.Diagnostics.Eventing.Reader.EventProperty]"
"The Remote Connection Manager selected Kernel mode RDP protocol stack.","1155","0",,"4","0","0","1152921504606846976","16","Microsoft-Windows-TerminalServices-RemoteConnectionManager","c76baa63-ae81-421c-b425-340b4b24157f","Microsoft-Windows-TerminalServices-RemoteConnectionManager/Operational","1204","1776","IEWIN7","S-1-5-20","12/2/2018 5:12:57 AM",,,"System.UInt32[]","System.Diagnostics.Eventing.Reader.EventBookmark","Information","Info",,"System.Collections.ObjectModel.ReadOnlyCollection`1[System.String]","System.Collections.Generic.List`1[System.Diagnostics.Eventing.Reader.EventProperty]"
"RD Session Host Server role is not installed.","1136","0",,"4","0","0","1152921504606846976","15","Microsoft-Windows-TerminalServices-RemoteConnectionManager","c76baa63-ae81-421c-b425-340b4b24157f","Microsoft-Windows-TerminalServices-RemoteConnectionManager/Operational","956","1552","IEWIN7","S-1-5-18","11/22/2018 4:14:21 AM",,,"System.UInt32[]","System.Diagnostics.Eventing.Reader.EventBookmark","Information","Info",,"System.Collections.ObjectModel.ReadOnlyCollection`1[System.String]","System.Collections.Generic.List`1[System.Diagnostics.Eventing.Reader.EventProperty]"
"Listener RDP-Tcp has started listening","258","0",,"4","0","0","1152921504606846976","14","Microsoft-Windows-TerminalServices-RemoteConnectionManager","c76baa63-ae81-421c-b425-340b4b24157f","Microsoft-Windows-TerminalServices-RemoteConnectionManager/Operational","1184","1200","IEWIN7","S-1-5-20","11/22/2018 4:14:20 AM","00000000-8244-0000-f401-3f4ca882d401",,"System.UInt32[]","System.Diagnostics.Eventing.Reader.EventBookmark","Information","Info",,"System.Collections.ObjectModel.ReadOnlyCollection`1[System.String]","System.Collections.Generic.List`1[System.Diagnostics.Eventing.Reader.EventProperty]"
"The Remote Connection Manager selected Kernel mode RDP protocol stack.","1155","0",,"4","0","0","1152921504606846976","13","Microsoft-Windows-TerminalServices-RemoteConnectionManager","c76baa63-ae81-421c-b425-340b4b24157f","Microsoft-Windows-TerminalServices-RemoteConnectionManager/Operational","1184","1204","IEWIN7","S-1-5-20","11/22/2018 4:14:20 AM",,,"System.UInt32[]","System.Diagnostics.Eventing.Reader.EventBookmark","Information","Info",,"System.Collections.ObjectModel.ReadOnlyCollection`1[System.String]","System.Collections.Generic.List`1[System.Diagnostics.Eventing.Reader.EventProperty]"
"RD Session Host Server role is not installed.","1136","0",,"4","0","0","1152921504606846976","12","Microsoft-Windows-TerminalServices-RemoteConnectionManager","c76baa63-ae81-421c-b425-340b4b24157f","Microsoft-Windows-TerminalServices-RemoteConnectionManager/Operational","912","2148","IEWIN7","S-1-5-18","11/22/2018 2:36:03 AM",,,"System.UInt32[]","System.Diagnostics.Eventing.Reader.EventBookmark","Information","Info",,"System.Collections.ObjectModel.ReadOnlyCollection`1[System.String]","System.Collections.Generic.List`1[System.Diagnostics.Eventing.Reader.EventProperty]"
"Listener RDP-Tcp has started listening","258","0",,"4","0","0","1152921504606846976","11","Microsoft-Windows-TerminalServices-RemoteConnectionManager","c76baa63-ae81-421c-b425-340b4b24157f","Microsoft-Windows-TerminalServices-RemoteConnectionManager/Operational","1208","1776","IEWIN7","S-1-5-20","11/22/2018 2:36:03 AM","00000000-c244-0000-44a2-338a9a82d401",,"System.UInt32[]","System.Diagnostics.Eventing.Reader.EventBookmark","Information","Info",,"System.Collections.ObjectModel.ReadOnlyCollection`1[System.String]","System.Collections.Generic.List`1[System.Diagnostics.Eventing.Reader.EventProperty]"
"The Remote Connection Manager selected Kernel mode RDP protocol stack.","1155","0",,"4","0","0","1152921504606846976","10","Microsoft-Windows-TerminalServices-RemoteConnectionManager","c76baa63-ae81-421c-b425-340b4b24157f","Microsoft-Windows-TerminalServices-RemoteConnectionManager/Operational","1208","1776","IEWIN7","S-1-5-20","11/22/2018 2:35:54 AM",,,"System.UInt32[]","System.Diagnostics.Eventing.Reader.EventBookmark","Information","Info",,"System.Collections.ObjectModel.ReadOnlyCollection`1[System.String]","System.Collections.Generic.List`1[System.Diagnostics.Eventing.Reader.EventProperty]"
"Remote Desktop Services: User authentication succeeded:

User: administrator
Domain: ie11win7
Source Network Address: 10.0.2.16","1149","0",,"4","0","0","1152921504606846976","9","Microsoft-Windows-TerminalServices-RemoteConnectionManager","c76baa63-ae81-421c-b425-340b4b24157f","Microsoft-Windows-TerminalServices-RemoteConnectionManager/Operational","812","2316","IEWIN7","S-1-5-20","11/6/2018 1:49:31 PM",,,"System.UInt32[]","System.Diagnostics.Eventing.Reader.EventBookmark","Information","Info",,"System.Collections.ObjectModel.ReadOnlyCollection`1[System.String]","System.Collections.Generic.List`1[System.Diagnostics.Eventing.Reader.EventProperty]"
"Listener RDP-Tcp received a connection","261","0",,"4","0","0","1152921504606846976","8","Microsoft-Windows-TerminalServices-RemoteConnectionManager","c76baa63-ae81-421c-b425-340b4b24157f","Microsoft-Windows-TerminalServices-RemoteConnectionManager/Operational","812","3416","IEWIN7","S-1-5-20","11/6/2018 1:49:31 PM",,,"System.UInt32[]","System.Diagnostics.Eventing.Reader.EventBookmark","Information","Info",,"System.Collections.ObjectModel.ReadOnlyCollection`1[System.String]","System.Collections.Generic.List`1[System.Diagnostics.Eventing.Reader.EventProperty]"
"Listener RDP-Tcp received a connection","261","0",,"4","0","0","1152921504606846976","7","Microsoft-Windows-TerminalServices-RemoteConnectionManager","c76baa63-ae81-421c-b425-340b4b24157f","Microsoft-Windows-TerminalServices-RemoteConnectionManager/Operational","812","3416","IEWIN7","S-1-5-20","11/6/2018 1:48:54 PM",,,"System.UInt32[]","System.Diagnostics.Eventing.Reader.EventBookmark","Information","Info",,"System.Collections.ObjectModel.ReadOnlyCollection`1[System.String]","System.Collections.Generic.List`1[System.Diagnostics.Eventing.Reader.EventProperty]"
"Remote Desktop Services: User authentication succeeded:

User: administrator
Domain: ie11win7
Source Network Address: 10.0.2.16","1149","0",,"4","0","0","1152921504606846976","6","Microsoft-Windows-TerminalServices-RemoteConnectionManager","c76baa63-ae81-421c-b425-340b4b24157f","Microsoft-Windows-TerminalServices-RemoteConnectionManager/Operational","812","1956","IEWIN7","S-1-5-20","11/6/2018 1:45:50 PM",,,"System.UInt32[]","System.Diagnostics.Eventing.Reader.EventBookmark","Information","Info",,"System.Collections.ObjectModel.ReadOnlyCollection`1[System.String]","System.Collections.Generic.List`1[System.Diagnostics.Eventing.Reader.EventProperty]"
"Listener RDP-Tcp received a connection","261","0",,"4","0","0","1152921504606846976","5","Microsoft-Windows-TerminalServices-RemoteConnectionManager","c76baa63-ae81-421c-b425-340b4b24157f","Microsoft-Windows-TerminalServices-RemoteConnectionManager/Operational","812","3416","IEWIN7","S-1-5-20","11/6/2018 1:45:50 PM",,,"System.UInt32[]","System.Diagnostics.Eventing.Reader.EventBookmark","Information","Info",,"System.Collections.ObjectModel.ReadOnlyCollection`1[System.String]","System.Collections.Generic.List`1[System.Diagnostics.Eventing.Reader.EventProperty]"
"Listener RDP-Tcp received a connection","261","0",,"4","0","0","1152921504606846976","4","Microsoft-Windows-TerminalServices-RemoteConnectionManager","c76baa63-ae81-421c-b425-340b4b24157f","Microsoft-Windows-TerminalServices-RemoteConnectionManager/Operational","812","3416","IEWIN7","S-1-5-20","11/6/2018 1:45:34 PM",,,"System.UInt32[]","System.Diagnostics.Eventing.Reader.EventBookmark","Information","Info",,"System.Collections.ObjectModel.ReadOnlyCollection`1[System.String]","System.Collections.Generic.List`1[System.Diagnostics.Eventing.Reader.EventProperty]"
"RD Session Host Server role is not installed.","1136","0",,"4","0","0","1152921504606846976","3","Microsoft-Windows-TerminalServices-RemoteConnectionManager","c76baa63-ae81-421c-b425-340b4b24157f","Microsoft-Windows-TerminalServices-RemoteConnectionManager/Operational","912","1720","IEWIN7","S-1-5-18","11/6/2018 1:32:00 PM",,,"System.UInt32[]","System.Diagnostics.Eventing.Reader.EventBookmark","Information","Info",,"System.Collections.ObjectModel.ReadOnlyCollection`1[System.String]","System.Collections.Generic.List`1[System.Diagnostics.Eventing.Reader.EventProperty]"
"Listener RDP-Tcp has started listening","258","0",,"4","0","0","1152921504606846976","2","Microsoft-Windows-TerminalServices-RemoteConnectionManager","c76baa63-ae81-421c-b425-340b4b24157f","Microsoft-Windows-TerminalServices-RemoteConnectionManager/Operational","812","1328","IEWIN7","S-1-5-20","11/6/2018 1:32:00 PM","00000000-a244-0000-1dc6-fb2a5f76d401",,"System.UInt32[]","System.Diagnostics.Eventing.Reader.EventBookmark","Information","Info",,"System.Collections.ObjectModel.ReadOnlyCollection`1[System.String]","System.Collections.Generic.List`1[System.Diagnostics.Eventing.Reader.EventProperty]"
"The Remote Connection Manager selected Kernel mode RDP protocol stack.","1155","0",,"4","0","0","1152921504606846976","1","Microsoft-Windows-TerminalServices-RemoteConnectionManager","c76baa63-ae81-421c-b425-340b4b24157f","Microsoft-Windows-TerminalServices-RemoteConnectionManager/Operational","812","1328","IEWIN7","S-1-5-20","11/6/2018 1:31:54 PM",,,"System.UInt32[]","System.Diagnostics.Eventing.Reader.EventBookmark","Information","Info",,"System.Collections.ObjectModel.ReadOnlyCollection`1[System.String]","System.Collections.Generic.List`1[System.Diagnostics.Eventing.Reader.EventProperty]"
