"Message","Id","Version","Qualifiers","Level","Task","Opcode","Keywords","RecordId","ProviderName","ProviderId","LogName","ProcessId","ThreadId","MachineName","UserId","TimeCreated","ActivityId","RelatedActivityId","MatchedQueryIds","Bookmark","LevelDisplayName","OpcodeDisplayName","TaskDisplayName","KeywordsDisplayNames","Properties"
"Remote Desktop Services: User authentication succeeded:

User: admin01
Domain: example
Source Network Address: 127.0.0.1","1149","0",,"4","0","0","1152921504606846976","228","Microsoft-Windows-TerminalServices-RemoteConnectionManager","c76baa63-ae81-421c-b425-340b4b24157f","Microsoft-Windows-TerminalServices-RemoteConnectionManager/Operational","1280","2748","PC01.example.corp","S-1-5-20","2/13/2019 10:04:57 AM",,,"System.UInt32[]","System.Diagnostics.Eventing.Reader.EventBookmark","Information","Info",,"System.Collections.ObjectModel.ReadOnlyCollection`1[System.String]","System.Collections.Generic.List`1[System.Diagnostics.Eventing.Reader.EventProperty]"
"Listener RDP-Tcp received a connection","261","0",,"4","0","0","1152921504606846976","227","Microsoft-Windows-TerminalServices-RemoteConnectionManager","c76baa63-ae81-421c-b425-340b4b24157f","Microsoft-Windows-TerminalServices-RemoteConnectionManager/Operational","1280","1876","PC01.example.corp","S-1-5-20","2/13/2019 10:04:45 AM",,,"System.UInt32[]","System.Diagnostics.Eventing.Reader.EventBookmark","Information","Info",,"System.Collections.ObjectModel.ReadOnlyCollection`1[System.String]","System.Collections.Generic.List`1[System.Diagnostics.Eventing.Reader.EventProperty]"
"Listener RDP-Tcp received a connection","261","0",,"4","0","0","1152921504606846976","226","Microsoft-Windows-TerminalServices-RemoteConnectionManager","c76baa63-ae81-421c-b425-340b4b24157f","Microsoft-Windows-TerminalServices-RemoteConnectionManager/Operational","1280","1876","PC01.example.corp","S-1-5-20","2/13/2019 10:04:01 AM",,,"System.UInt32[]","System.Diagnostics.Eventing.Reader.EventBookmark","Information","Info",,"System.Collections.ObjectModel.ReadOnlyCollection`1[System.String]","System.Collections.Generic.List`1[System.Diagnostics.Eventing.Reader.EventProperty]"
"Remote Desktop Services: User authentication succeeded:

User: admin01
Domain: example
Source Network Address: fe80::80ac:4126:fa58:1b81%10","1149","0",,"4","0","0","1152921504606846976","225","Microsoft-Windows-TerminalServices-RemoteConnectionManager","c76baa63-ae81-421c-b425-340b4b24157f","Microsoft-Windows-TerminalServices-RemoteConnectionManager/Operational","1280","2332","PC01.example.corp","S-1-5-20","2/13/2019 9:51:19 AM",,,"System.UInt32[]","System.Diagnostics.Eventing.Reader.EventBookmark","Information","Info",,"System.Collections.ObjectModel.ReadOnlyCollection`1[System.String]","System.Collections.Generic.List`1[System.Diagnostics.Eventing.Reader.EventProperty]"
"Listener RDP-Tcp received a connection","261","0",,"4","0","0","1152921504606846976","224","Microsoft-Windows-TerminalServices-RemoteConnectionManager","c76baa63-ae81-421c-b425-340b4b24157f","Microsoft-Windows-TerminalServices-RemoteConnectionManager/Operational","1280","1876","PC01.example.corp","S-1-5-20","2/13/2019 9:50:55 AM",,,"System.UInt32[]","System.Diagnostics.Eventing.Reader.EventBookmark","Information","Info",,"System.Collections.ObjectModel.ReadOnlyCollection`1[System.String]","System.Collections.Generic.List`1[System.Diagnostics.Eventing.Reader.EventProperty]"
"Listener RDP-Tcp received a connection","261","0",,"4","0","0","1152921504606846976","223","Microsoft-Windows-TerminalServices-RemoteConnectionManager","c76baa63-ae81-421c-b425-340b4b24157f","Microsoft-Windows-TerminalServices-RemoteConnectionManager/Operational","1280","1876","PC01.example.corp","S-1-5-20","2/13/2019 9:50:15 AM",,,"System.UInt32[]","System.Diagnostics.Eventing.Reader.EventBookmark","Information","Info",,"System.Collections.ObjectModel.ReadOnlyCollection`1[System.String]","System.Collections.Generic.List`1[System.Diagnostics.Eventing.Reader.EventProperty]"
"RD Session Host Server role is not installed.","1136","0",,"4","0","0","1152921504606846976","222","Microsoft-Windows-TerminalServices-RemoteConnectionManager","c76baa63-ae81-421c-b425-340b4b24157f","Microsoft-Windows-TerminalServices-RemoteConnectionManager/Operational","1008","2440","PC01.example.corp","S-1-5-18","2/13/2019 9:18:41 AM",,,"System.UInt32[]","System.Diagnostics.Eventing.Reader.EventBookmark","Information","Info",,"System.Collections.ObjectModel.ReadOnlyCollection`1[System.String]","System.Collections.Generic.List`1[System.Diagnostics.Eventing.Reader.EventProperty]"
"Listener RDP-Tcp has started listening","258","0",,"4","0","0","1152921504606846976","221","Microsoft-Windows-TerminalServices-RemoteConnectionManager","c76baa63-ae81-421c-b425-340b4b24157f","Microsoft-Windows-TerminalServices-RemoteConnectionManager/Operational","1280","1548","PC01.example.corp","S-1-5-20","2/13/2019 9:18:30 AM","00000000-0244-0000-c48e-2e890bc4d401",,"System.UInt32[]","System.Diagnostics.Eventing.Reader.EventBookmark","Information","Info",,"System.Collections.ObjectModel.ReadOnlyCollection`1[System.String]","System.Collections.Generic.List`1[System.Diagnostics.Eventing.Reader.EventProperty]"
"The Remote Connection Manager selected Kernel mode RDP protocol stack.","1155","0",,"4","0","0","1152921504606846976","220","Microsoft-Windows-TerminalServices-RemoteConnectionManager","c76baa63-ae81-421c-b425-340b4b24157f","Microsoft-Windows-TerminalServices-RemoteConnectionManager/Operational","1280","1548","PC01.example.corp","S-1-5-20","2/13/2019 9:18:28 AM","8f0c0c22-a5aa-4f83-b10f-0880ab96471f",,"System.UInt32[]","System.Diagnostics.Eventing.Reader.EventBookmark","Information","Info",,"System.Collections.ObjectModel.ReadOnlyCollection`1[System.String]","System.Collections.Generic.List`1[System.Diagnostics.Eventing.Reader.EventProperty]"
"RD Session Host Server role is not installed.","1136","0",,"4","0","0","1152921504606846976","219","Microsoft-Windows-TerminalServices-RemoteConnectionManager","c76baa63-ae81-421c-b425-340b4b24157f","Microsoft-Windows-TerminalServices-RemoteConnectionManager/Operational","1028","2116","PC01.example.corp","S-1-5-18","2/13/2019 7:15:16 AM",,,"System.UInt32[]","System.Diagnostics.Eventing.Reader.EventBookmark","Information","Info",,"System.Collections.ObjectModel.ReadOnlyCollection`1[System.String]","System.Collections.Generic.List`1[System.Diagnostics.Eventing.Reader.EventProperty]"
"Listener RDP-Tcp has started listening","258","0",,"4","0","0","1152921504606846976","218","Microsoft-Windows-TerminalServices-RemoteConnectionManager","c76baa63-ae81-421c-b425-340b4b24157f","Microsoft-Windows-TerminalServices-RemoteConnectionManager/Operational","1312","1840","PC01.example.corp","S-1-5-20","2/13/2019 7:15:14 AM","00000000-f244-0000-44ee-3950fac3d401",,"System.UInt32[]","System.Diagnostics.Eventing.Reader.EventBookmark","Information","Info",,"System.Collections.ObjectModel.ReadOnlyCollection`1[System.String]","System.Collections.Generic.List`1[System.Diagnostics.Eventing.Reader.EventProperty]"
"The Remote Connection Manager selected Kernel mode RDP protocol stack.","1155","0",,"4","0","0","1152921504606846976","217","Microsoft-Windows-TerminalServices-RemoteConnectionManager","c76baa63-ae81-421c-b425-340b4b24157f","Microsoft-Windows-TerminalServices-RemoteConnectionManager/Operational","1312","1840","PC01.example.corp","S-1-5-20","2/13/2019 7:15:14 AM","41f16504-c36e-41d5-8fbf-4defc32d1d0e",,"System.UInt32[]","System.Diagnostics.Eventing.Reader.EventBookmark","Information","Info",,"System.Collections.ObjectModel.ReadOnlyCollection`1[System.String]","System.Collections.Generic.List`1[System.Diagnostics.Eventing.Reader.EventProperty]"
"RD Session Host Server role is not installed.","1136","0",,"4","0","0","1152921504606846976","216","Microsoft-Windows-TerminalServices-RemoteConnectionManager","c76baa63-ae81-421c-b425-340b4b24157f","Microsoft-Windows-TerminalServices-RemoteConnectionManager/Operational","1020","2176","PC01.example.corp","S-1-5-18","2/13/2019 6:05:45 AM",,,"System.UInt32[]","System.Diagnostics.Eventing.Reader.EventBookmark","Information","Info",,"System.Collections.ObjectModel.ReadOnlyCollection`1[System.String]","System.Collections.Generic.List`1[System.Diagnostics.Eventing.Reader.EventProperty]"
"Listener RDP-Tcp has started listening","258","0",,"4","0","0","1152921504606846976","215","Microsoft-Windows-TerminalServices-RemoteConnectionManager","c76baa63-ae81-421c-b425-340b4b24157f","Microsoft-Windows-TerminalServices-RemoteConnectionManager/Operational","1292","1612","PC01.example.corp","S-1-5-20","2/13/2019 6:05:44 AM","00000000-3244-0000-94a9-7e9cf0c3d401",,"System.UInt32[]","System.Diagnostics.Eventing.Reader.EventBookmark","Information","Info",,"System.Collections.ObjectModel.ReadOnlyCollection`1[System.String]","System.Collections.Generic.List`1[System.Diagnostics.Eventing.Reader.EventProperty]"
"The Remote Connection Manager selected Kernel mode RDP protocol stack.","1155","0",,"4","0","0","1152921504606846976","214","Microsoft-Windows-TerminalServices-RemoteConnectionManager","c76baa63-ae81-421c-b425-340b4b24157f","Microsoft-Windows-TerminalServices-RemoteConnectionManager/Operational","1292","1612","PC01.example.corp","S-1-5-20","2/13/2019 6:05:43 AM","aec70588-3b40-4a0d-840a-a4d62254e811",,"System.UInt32[]","System.Diagnostics.Eventing.Reader.EventBookmark","Information","Info",,"System.Collections.ObjectModel.ReadOnlyCollection`1[System.String]","System.Collections.Generic.List`1[System.Diagnostics.Eventing.Reader.EventProperty]"
"Remote Desktop Services: User authentication succeeded:

User: IEUser
Domain: PC01
Source Network Address: 10.0.2.16","1149","0",,"4","0","0","1152921504606846976","213","Microsoft-Windows-TerminalServices-RemoteConnectionManager","c76baa63-ae81-421c-b425-340b4b24157f","Microsoft-Windows-TerminalServices-RemoteConnectionManager/Operational","1284","2472","PC01.example.corp","S-1-5-20","2/13/2019 4:23:53 AM",,,"System.UInt32[]","System.Diagnostics.Eventing.Reader.EventBookmark","Information","Info",,"System.Collections.ObjectModel.ReadOnlyCollection`1[System.String]","System.Collections.Generic.List`1[System.Diagnostics.Eventing.Reader.EventProperty]"
"Listener RDP-Tcp received a connection","261","0",,"4","0","0","1152921504606846976","212","Microsoft-Windows-TerminalServices-RemoteConnectionManager","c76baa63-ae81-421c-b425-340b4b24157f","Microsoft-Windows-TerminalServices-RemoteConnectionManager/Operational","1284","592","PC01.example.corp","S-1-5-20","2/13/2019 4:23:53 AM",,,"System.UInt32[]","System.Diagnostics.Eventing.Reader.EventBookmark","Information","Info",,"System.Collections.ObjectModel.ReadOnlyCollection`1[System.String]","System.Collections.Generic.List`1[System.Diagnostics.Eventing.Reader.EventProperty]"
"Listener RDP-Tcp received a connection","261","0",,"4","0","0","1152921504606846976","211","Microsoft-Windows-TerminalServices-RemoteConnectionManager","c76baa63-ae81-421c-b425-340b4b24157f","Microsoft-Windows-TerminalServices-RemoteConnectionManager/Operational","1284","592","PC01.example.corp","S-1-5-20","2/13/2019 4:23:42 AM",,,"System.UInt32[]","System.Diagnostics.Eventing.Reader.EventBookmark","Information","Info",,"System.Collections.ObjectModel.ReadOnlyCollection`1[System.String]","System.Collections.Generic.List`1[System.Diagnostics.Eventing.Reader.EventProperty]"
"RD Session Host Server role is not installed.","1136","0",,"4","0","0","1152921504606846976","210","Microsoft-Windows-TerminalServices-RemoteConnectionManager","c76baa63-ae81-421c-b425-340b4b24157f","Microsoft-Windows-TerminalServices-RemoteConnectionManager/Operational","1016","364","PC01.example.corp","S-1-5-18","2/13/2019 4:18:50 AM",,,"System.UInt32[]","System.Diagnostics.Eventing.Reader.EventBookmark","Information","Info",,"System.Collections.ObjectModel.ReadOnlyCollection`1[System.String]","System.Collections.Generic.List`1[System.Diagnostics.Eventing.Reader.EventProperty]"
"Listener RDP-Tcp has started listening","258","0",,"4","0","0","1152921504606846976","209","Microsoft-Windows-TerminalServices-RemoteConnectionManager","c76baa63-ae81-421c-b425-340b4b24157f","Microsoft-Windows-TerminalServices-RemoteConnectionManager/Operational","1284","1548","PC01.example.corp","S-1-5-20","2/13/2019 4:18:49 AM","00000000-2244-0000-e4f2-9f92e1c3d401",,"System.UInt32[]","System.Diagnostics.Eventing.Reader.EventBookmark","Information","Info",,"System.Collections.ObjectModel.ReadOnlyCollection`1[System.String]","System.Collections.Generic.List`1[System.Diagnostics.Eventing.Reader.EventProperty]"
"The Remote Connection Manager selected Kernel mode RDP protocol stack.","1155","0",,"4","0","0","1152921504606846976","208","Microsoft-Windows-TerminalServices-RemoteConnectionManager","c76baa63-ae81-421c-b425-340b4b24157f","Microsoft-Windows-TerminalServices-RemoteConnectionManager/Operational","1284","1548","PC01.example.corp","S-1-5-20","2/13/2019 4:18:48 AM","4e2952c2-db09-486e-8cfd-506b0529b328",,"System.UInt32[]","System.Diagnostics.Eventing.Reader.EventBookmark","Information","Info",,"System.Collections.ObjectModel.ReadOnlyCollection`1[System.String]","System.Collections.Generic.List`1[System.Diagnostics.Eventing.Reader.EventProperty]"
"RD Session Host Server role is not installed.","1136","0",,"4","0","0","1152921504606846976","207","Microsoft-Windows-TerminalServices-RemoteConnectionManager","c76baa63-ae81-421c-b425-340b4b24157f","Microsoft-Windows-TerminalServices-RemoteConnectionManager/Operational","976","2372","PC01.example.corp","S-1-5-18","2/10/2019 3:02:42 AM",,,"System.UInt32[]","System.Diagnostics.Eventing.Reader.EventBookmark","Information","Info",,"System.Collections.ObjectModel.ReadOnlyCollection`1[System.String]","System.Collections.Generic.List`1[System.Diagnostics.Eventing.Reader.EventProperty]"
"Listener RDP-Tcp has started listening","258","0",,"4","0","0","1152921504606846976","206","Microsoft-Windows-TerminalServices-RemoteConnectionManager","c76baa63-ae81-421c-b425-340b4b24157f","Microsoft-Windows-TerminalServices-RemoteConnectionManager/Operational","1296","1688","PC01.example.corp","S-1-5-20","2/10/2019 3:02:29 AM","00000000-9244-0000-4461-f67e7bc1d401",,"System.UInt32[]","System.Diagnostics.Eventing.Reader.EventBookmark","Information","Info",,"System.Collections.ObjectModel.ReadOnlyCollection`1[System.String]","System.Collections.Generic.List`1[System.Diagnostics.Eventing.Reader.EventProperty]"
"The Remote Connection Manager selected Kernel mode RDP protocol stack.","1155","0",,"4","0","0","1152921504606846976","205","Microsoft-Windows-TerminalServices-RemoteConnectionManager","c76baa63-ae81-421c-b425-340b4b24157f","Microsoft-Windows-TerminalServices-RemoteConnectionManager/Operational","1296","1688","PC01.example.corp","S-1-5-20","2/10/2019 3:02:26 AM","6f727ba3-d273-4761-becd-b7b60edb467c",,"System.UInt32[]","System.Diagnostics.Eventing.Reader.EventBookmark","Information","Info",,"System.Collections.ObjectModel.ReadOnlyCollection`1[System.String]","System.Collections.Generic.List`1[System.Diagnostics.Eventing.Reader.EventProperty]"
"RD Session Host Server role is not installed.","1136","0",,"4","0","0","1152921504606846976","204","Microsoft-Windows-TerminalServices-RemoteConnectionManager","c76baa63-ae81-421c-b425-340b4b24157f","Microsoft-Windows-TerminalServices-RemoteConnectionManager/Operational","996","1292","PC01.example.corp","S-1-5-18","2/8/2019 8:09:21 AM",,,"System.UInt32[]","System.Diagnostics.Eventing.Reader.EventBookmark","Information","Info",,"System.Collections.ObjectModel.ReadOnlyCollection`1[System.String]","System.Collections.Generic.List`1[System.Diagnostics.Eventing.Reader.EventProperty]"
"Listener RDP-Tcp has started listening","258","0",,"4","0","0","1152921504606846976","203","Microsoft-Windows-TerminalServices-RemoteConnectionManager","c76baa63-ae81-421c-b425-340b4b24157f","Microsoft-Windows-TerminalServices-RemoteConnectionManager/Operational","1280","1312","PC01.example.corp","S-1-5-20","2/8/2019 8:09:20 AM","00000000-c244-0000-c4e2-540a14c0d401",,"System.UInt32[]","System.Diagnostics.Eventing.Reader.EventBookmark","Information","Info",,"System.Collections.ObjectModel.ReadOnlyCollection`1[System.String]","System.Collections.Generic.List`1[System.Diagnostics.Eventing.Reader.EventProperty]"
"The Remote Connection Manager selected Kernel mode RDP protocol stack.","1155","0",,"4","0","0","1152921504606846976","202","Microsoft-Windows-TerminalServices-RemoteConnectionManager","c76baa63-ae81-421c-b425-340b4b24157f","Microsoft-Windows-TerminalServices-RemoteConnectionManager/Operational","1280","1316","PC01.example.corp","S-1-5-20","2/8/2019 8:09:19 AM","22513f28-07f0-40a7-bf79-fa1601e5310d",,"System.UInt32[]","System.Diagnostics.Eventing.Reader.EventBookmark","Information","Info",,"System.Collections.ObjectModel.ReadOnlyCollection`1[System.String]","System.Collections.Generic.List`1[System.Diagnostics.Eventing.Reader.EventProperty]"
"RD Session Host Server role is not installed.","1136","0",,"4","0","0","1152921504606846976","201","Microsoft-Windows-TerminalServices-RemoteConnectionManager","c76baa63-ae81-421c-b425-340b4b24157f","Microsoft-Windows-TerminalServices-RemoteConnectionManager/Operational","992","2480","PC01.example.corp","S-1-5-18","2/8/2019 1:24:02 AM",,,"System.UInt32[]","System.Diagnostics.Eventing.Reader.EventBookmark","Information","Info",,"System.Collections.ObjectModel.ReadOnlyCollection`1[System.String]","System.Collections.Generic.List`1[System.Diagnostics.Eventing.Reader.EventProperty]"
"Listener RDP-Tcp has started listening","258","0",,"4","0","0","1152921504606846976","200","Microsoft-Windows-TerminalServices-RemoteConnectionManager","c76baa63-ae81-421c-b425-340b4b24157f","Microsoft-Windows-TerminalServices-RemoteConnectionManager/Operational","1296","1332","PC01.example.corp","S-1-5-20","2/8/2019 1:23:49 AM","00000000-c244-0000-74eb-5a60dbbfd401",,"System.UInt32[]","System.Diagnostics.Eventing.Reader.EventBookmark","Information","Info",,"System.Collections.ObjectModel.ReadOnlyCollection`1[System.String]","System.Collections.Generic.List`1[System.Diagnostics.Eventing.Reader.EventProperty]"
"The Remote Connection Manager selected Kernel mode RDP protocol stack.","1155","0",,"4","0","0","1152921504606846976","199","Microsoft-Windows-TerminalServices-RemoteConnectionManager","c76baa63-ae81-421c-b425-340b4b24157f","Microsoft-Windows-TerminalServices-RemoteConnectionManager/Operational","1296","1332","PC01.example.corp","S-1-5-20","2/8/2019 1:23:46 AM","f2042228-a156-4232-9aeb-b135adba41c9",,"System.UInt32[]","System.Diagnostics.Eventing.Reader.EventBookmark","Information","Info",,"System.Collections.ObjectModel.ReadOnlyCollection`1[System.String]","System.Collections.Generic.List`1[System.Diagnostics.Eventing.Reader.EventProperty]"
"RD Session Host Server role is not installed.","1136","0",,"4","0","0","1152921504606846976","198","Microsoft-Windows-TerminalServices-RemoteConnectionManager","c76baa63-ae81-421c-b425-340b4b24157f","Microsoft-Windows-TerminalServices-RemoteConnectionManager/Operational","1004","2108","PC01.example.corp","S-1-5-18","2/7/2019 12:06:51 PM",,,"System.UInt32[]","System.Diagnostics.Eventing.Reader.EventBookmark","Information","Info",,"System.Collections.ObjectModel.ReadOnlyCollection`1[System.String]","System.Collections.Generic.List`1[System.Diagnostics.Eventing.Reader.EventProperty]"
"Listener RDP-Tcp has started listening","258","0",,"4","0","0","1152921504606846976","197","Microsoft-Windows-TerminalServices-RemoteConnectionManager","c76baa63-ae81-421c-b425-340b4b24157f","Microsoft-Windows-TerminalServices-RemoteConnectionManager/Operational","1300","1316","PC01.example.corp","S-1-5-20","2/7/2019 12:06:50 PM","00000000-7244-0000-942b-9d076cbfd401",,"System.UInt32[]","System.Diagnostics.Eventing.Reader.EventBookmark","Information","Info",,"System.Collections.ObjectModel.ReadOnlyCollection`1[System.String]","System.Collections.Generic.List`1[System.Diagnostics.Eventing.Reader.EventProperty]"
"The Remote Connection Manager selected Kernel mode RDP protocol stack.","1155","0",,"4","0","0","1152921504606846976","196","Microsoft-Windows-TerminalServices-RemoteConnectionManager","c76baa63-ae81-421c-b425-340b4b24157f","Microsoft-Windows-TerminalServices-RemoteConnectionManager/Operational","1300","1540","PC01.example.corp","S-1-5-20","2/7/2019 12:06:49 PM","a7bc38af-56d6-4c83-9929-584f6361b127",,"System.UInt32[]","System.Diagnostics.Eventing.Reader.EventBookmark","Information","Info",,"System.Collections.ObjectModel.ReadOnlyCollection`1[System.String]","System.Collections.Generic.List`1[System.Diagnostics.Eventing.Reader.EventProperty]"
"RD Session Host Server role is not installed.","1136","0",,"4","0","0","1152921504606846976","195","Microsoft-Windows-TerminalServices-RemoteConnectionManager","c76baa63-ae81-421c-b425-340b4b24157f","Microsoft-Windows-TerminalServices-RemoteConnectionManager/Operational","1000","2060","PC01.example.corp","S-1-5-18","2/6/2019 1:47:39 AM",,,"System.UInt32[]","System.Diagnostics.Eventing.Reader.EventBookmark","Information","Info",,"System.Collections.ObjectModel.ReadOnlyCollection`1[System.String]","System.Collections.Generic.List`1[System.Diagnostics.Eventing.Reader.EventProperty]"
"Listener RDP-Tcp has started listening","258","0",,"4","0","0","1152921504606846976","194","Microsoft-Windows-TerminalServices-RemoteConnectionManager","c76baa63-ae81-421c-b425-340b4b24157f","Microsoft-Windows-TerminalServices-RemoteConnectionManager/Operational","1264","1800","PC01.example.corp","S-1-5-20","2/6/2019 1:47:37 AM","00000000-8244-0000-04ad-ba614cbed401",,"System.UInt32[]","System.Diagnostics.Eventing.Reader.EventBookmark","Information","Info",,"System.Collections.ObjectModel.ReadOnlyCollection`1[System.String]","System.Collections.Generic.List`1[System.Diagnostics.Eventing.Reader.EventProperty]"
"The Remote Connection Manager selected Kernel mode RDP protocol stack.","1155","0",,"4","0","0","1152921504606846976","193","Microsoft-Windows-TerminalServices-RemoteConnectionManager","c76baa63-ae81-421c-b425-340b4b24157f","Microsoft-Windows-TerminalServices-RemoteConnectionManager/Operational","1264","1800","PC01.example.corp","S-1-5-20","2/6/2019 1:47:36 AM","21f7c954-6131-4bc4-9842-b525b71dbb91",,"System.UInt32[]","System.Diagnostics.Eventing.Reader.EventBookmark","Information","Info",,"System.Collections.ObjectModel.ReadOnlyCollection`1[System.String]","System.Collections.Generic.List`1[System.Diagnostics.Eventing.Reader.EventProperty]"
"RD Session Host Server role is not installed.","1136","0",,"4","0","0","1152921504606846976","192","Microsoft-Windows-TerminalServices-RemoteConnectionManager","c76baa63-ae81-421c-b425-340b4b24157f","Microsoft-Windows-TerminalServices-RemoteConnectionManager/Operational","1036","1092","PC01.example.corp","S-1-5-18","2/4/2019 1:37:00 PM",,,"System.UInt32[]","System.Diagnostics.Eventing.Reader.EventBookmark","Information","Info",,"System.Collections.ObjectModel.ReadOnlyCollection`1[System.String]","System.Collections.Generic.List`1[System.Diagnostics.Eventing.Reader.EventProperty]"
"Listener RDP-Tcp has started listening","258","0",,"4","0","0","1152921504606846976","191","Microsoft-Windows-TerminalServices-RemoteConnectionManager","c76baa63-ae81-421c-b425-340b4b24157f","Microsoft-Windows-TerminalServices-RemoteConnectionManager/Operational","1320","1820","PC01.example.corp","S-1-5-20","2/4/2019 1:36:58 PM","00000000-5244-0000-f42a-c4251dbdd401",,"System.UInt32[]","System.Diagnostics.Eventing.Reader.EventBookmark","Information","Info",,"System.Collections.ObjectModel.ReadOnlyCollection`1[System.String]","System.Collections.Generic.List`1[System.Diagnostics.Eventing.Reader.EventProperty]"
"The Remote Connection Manager selected Kernel mode RDP protocol stack.","1155","0",,"4","0","0","1152921504606846976","190","Microsoft-Windows-TerminalServices-RemoteConnectionManager","c76baa63-ae81-421c-b425-340b4b24157f","Microsoft-Windows-TerminalServices-RemoteConnectionManager/Operational","1320","1820","PC01.example.corp","S-1-5-20","2/4/2019 1:36:57 PM","369fde95-d6f7-4601-92b6-85a71b302ca3",,"System.UInt32[]","System.Diagnostics.Eventing.Reader.EventBookmark","Information","Info",,"System.Collections.ObjectModel.ReadOnlyCollection`1[System.String]","System.Collections.Generic.List`1[System.Diagnostics.Eventing.Reader.EventProperty]"
"RD Session Host Server role is not installed.","1136","0",,"4","0","0","1152921504606846976","189","Microsoft-Windows-TerminalServices-RemoteConnectionManager","c76baa63-ae81-421c-b425-340b4b24157f","Microsoft-Windows-TerminalServices-RemoteConnectionManager/Operational","1040","2136","PC01.example.corp","S-1-5-18","2/4/2019 12:13:13 PM",,,"System.UInt32[]","System.Diagnostics.Eventing.Reader.EventBookmark","Information","Info",,"System.Collections.ObjectModel.ReadOnlyCollection`1[System.String]","System.Collections.Generic.List`1[System.Diagnostics.Eventing.Reader.EventProperty]"
"Listener RDP-Tcp has started listening","258","0",,"4","0","0","1152921504606846976","188","Microsoft-Windows-TerminalServices-RemoteConnectionManager","c76baa63-ae81-421c-b425-340b4b24157f","Microsoft-Windows-TerminalServices-RemoteConnectionManager/Operational","1312","1328","PC01.example.corp","S-1-5-20","2/4/2019 12:13:12 PM","00000000-8244-0000-1423-d07311bdd401",,"System.UInt32[]","System.Diagnostics.Eventing.Reader.EventBookmark","Information","Info",,"System.Collections.ObjectModel.ReadOnlyCollection`1[System.String]","System.Collections.Generic.List`1[System.Diagnostics.Eventing.Reader.EventProperty]"
"The Remote Connection Manager selected Kernel mode RDP protocol stack.","1155","0",,"4","0","0","1152921504606846976","187","Microsoft-Windows-TerminalServices-RemoteConnectionManager","c76baa63-ae81-421c-b425-340b4b24157f","Microsoft-Windows-TerminalServices-RemoteConnectionManager/Operational","1312","1324","PC01.example.corp","S-1-5-20","2/4/2019 12:13:11 PM","065a958a-e794-4604-bc1d-b10c4d7f6c61",,"System.UInt32[]","System.Diagnostics.Eventing.Reader.EventBookmark","Information","Info",,"System.Collections.ObjectModel.ReadOnlyCollection`1[System.String]","System.Collections.Generic.List`1[System.Diagnostics.Eventing.Reader.EventProperty]"
"RD Session Host Server role is not installed.","1136","0",,"4","0","0","1152921504606846976","186","Microsoft-Windows-TerminalServices-RemoteConnectionManager","c76baa63-ae81-421c-b425-340b4b24157f","Microsoft-Windows-TerminalServices-RemoteConnectionManager/Operational","1028","2112","PC01.example.corp","S-1-5-18","2/4/2019 5:46:48 AM",,,"System.UInt32[]","System.Diagnostics.Eventing.Reader.EventBookmark","Information","Info",,"System.Collections.ObjectModel.ReadOnlyCollection`1[System.String]","System.Collections.Generic.List`1[System.Diagnostics.Eventing.Reader.EventProperty]"
"Listener RDP-Tcp has started listening","258","0",,"4","0","0","1152921504606846976","185","Microsoft-Windows-TerminalServices-RemoteConnectionManager","c76baa63-ae81-421c-b425-340b4b24157f","Microsoft-Windows-TerminalServices-RemoteConnectionManager/Operational","1276","1716","PC01.example.corp","S-1-5-20","2/4/2019 5:46:47 AM","00000000-8244-0000-e469-5377dbbcd401",,"System.UInt32[]","System.Diagnostics.Eventing.Reader.EventBookmark","Information","Info",,"System.Collections.ObjectModel.ReadOnlyCollection`1[System.String]","System.Collections.Generic.List`1[System.Diagnostics.Eventing.Reader.EventProperty]"
"The Remote Connection Manager selected Kernel mode RDP protocol stack.","1155","0",,"4","0","0","1152921504606846976","184","Microsoft-Windows-TerminalServices-RemoteConnectionManager","c76baa63-ae81-421c-b425-340b4b24157f","Microsoft-Windows-TerminalServices-RemoteConnectionManager/Operational","1276","1716","PC01.example.corp","S-1-5-20","2/4/2019 5:46:45 AM","1c62828c-c4a9-4e8a-8394-4f85552f4f10",,"System.UInt32[]","System.Diagnostics.Eventing.Reader.EventBookmark","Information","Info",,"System.Collections.ObjectModel.ReadOnlyCollection`1[System.String]","System.Collections.Generic.List`1[System.Diagnostics.Eventing.Reader.EventProperty]"
"RD Session Host Server role is not installed.","1136","0",,"4","0","0","1152921504606846976","183","Microsoft-Windows-TerminalServices-RemoteConnectionManager","c76baa63-ae81-421c-b425-340b4b24157f","Microsoft-Windows-TerminalServices-RemoteConnectionManager/Operational","1036","440","PC01.example.corp","S-1-5-18","2/4/2019 4:38:01 AM",,,"System.UInt32[]","System.Diagnostics.Eventing.Reader.EventBookmark","Information","Info",,"System.Collections.ObjectModel.ReadOnlyCollection`1[System.String]","System.Collections.Generic.List`1[System.Diagnostics.Eventing.Reader.EventProperty]"
"Listener RDP-Tcp has started listening","258","0",,"4","0","0","1152921504606846976","182","Microsoft-Windows-TerminalServices-RemoteConnectionManager","c76baa63-ae81-421c-b425-340b4b24157f","Microsoft-Windows-TerminalServices-RemoteConnectionManager/Operational","1320","1688","PC01.example.corp","S-1-5-20","2/4/2019 4:38:00 AM","00000000-1244-0000-148a-437086bcd401",,"System.UInt32[]","System.Diagnostics.Eventing.Reader.EventBookmark","Information","Info",,"System.Collections.ObjectModel.ReadOnlyCollection`1[System.String]","System.Collections.Generic.List`1[System.Diagnostics.Eventing.Reader.EventProperty]"
"The Remote Connection Manager selected Kernel mode RDP protocol stack.","1155","0",,"4","0","0","1152921504606846976","181","Microsoft-Windows-TerminalServices-RemoteConnectionManager","c76baa63-ae81-421c-b425-340b4b24157f","Microsoft-Windows-TerminalServices-RemoteConnectionManager/Operational","1320","1688","PC01.example.corp","S-1-5-20","2/4/2019 4:37:59 AM","d3024948-2b6e-416b-b60f-60d40dec38da",,"System.UInt32[]","System.Diagnostics.Eventing.Reader.EventBookmark","Information","Info",,"System.Collections.ObjectModel.ReadOnlyCollection`1[System.String]","System.Collections.Generic.List`1[System.Diagnostics.Eventing.Reader.EventProperty]"
"RD Session Host Server role is not installed.","1136","0",,"4","0","0","1152921504606846976","180","Microsoft-Windows-TerminalServices-RemoteConnectionManager","c76baa63-ae81-421c-b425-340b4b24157f","Microsoft-Windows-TerminalServices-RemoteConnectionManager/Operational","1028","1900","PC01.example.corp","S-1-5-18","2/4/2019 4:13:26 AM",,,"System.UInt32[]","System.Diagnostics.Eventing.Reader.EventBookmark","Information","Info",,"System.Collections.ObjectModel.ReadOnlyCollection`1[System.String]","System.Collections.Generic.List`1[System.Diagnostics.Eventing.Reader.EventProperty]"
"Listener RDP-Tcp has started listening","258","0",,"4","0","0","1152921504606846976","179","Microsoft-Windows-TerminalServices-RemoteConnectionManager","c76baa63-ae81-421c-b425-340b4b24157f","Microsoft-Windows-TerminalServices-RemoteConnectionManager/Operational","1300","1704","PC01.example.corp","S-1-5-20","2/4/2019 4:13:25 AM","00000000-c244-0000-c4c0-e8ff82bcd401",,"System.UInt32[]","System.Diagnostics.Eventing.Reader.EventBookmark","Information","Info",,"System.Collections.ObjectModel.ReadOnlyCollection`1[System.String]","System.Collections.Generic.List`1[System.Diagnostics.Eventing.Reader.EventProperty]"
"The Remote Connection Manager selected Kernel mode RDP protocol stack.","1155","0",,"4","0","0","1152921504606846976","178","Microsoft-Windows-TerminalServices-RemoteConnectionManager","c76baa63-ae81-421c-b425-340b4b24157f","Microsoft-Windows-TerminalServices-RemoteConnectionManager/Operational","1300","1704","PC01.example.corp","S-1-5-20","2/4/2019 4:13:24 AM","31bf73f8-5572-4b66-9b2c-277d059db31c",,"System.UInt32[]","System.Diagnostics.Eventing.Reader.EventBookmark","Information","Info",,"System.Collections.ObjectModel.ReadOnlyCollection`1[System.String]","System.Collections.Generic.List`1[System.Diagnostics.Eventing.Reader.EventProperty]"
"RD Session Host Server role is not installed.","1136","0",,"4","0","0","1152921504606846976","177","Microsoft-Windows-TerminalServices-RemoteConnectionManager","c76baa63-ae81-421c-b425-340b4b24157f","Microsoft-Windows-TerminalServices-RemoteConnectionManager/Operational","1020","668","PC01.example.corp","S-1-5-18","2/4/2019 4:02:46 AM",,,"System.UInt32[]","System.Diagnostics.Eventing.Reader.EventBookmark","Information","Info",,"System.Collections.ObjectModel.ReadOnlyCollection`1[System.String]","System.Collections.Generic.List`1[System.Diagnostics.Eventing.Reader.EventProperty]"
"Listener RDP-Tcp has started listening","258","0",,"4","0","0","1152921504606846976","176","Microsoft-Windows-TerminalServices-RemoteConnectionManager","c76baa63-ae81-421c-b425-340b4b24157f","Microsoft-Windows-TerminalServices-RemoteConnectionManager/Operational","1276","1548","PC01.example.corp","S-1-5-20","2/4/2019 4:02:44 AM","00000000-b244-0000-14a3-34e8ccbcd401",,"System.UInt32[]","System.Diagnostics.Eventing.Reader.EventBookmark","Information","Info",,"System.Collections.ObjectModel.ReadOnlyCollection`1[System.String]","System.Collections.Generic.List`1[System.Diagnostics.Eventing.Reader.EventProperty]"
"The Remote Connection Manager selected Kernel mode RDP protocol stack.","1155","0",,"4","0","0","1152921504606846976","175","Microsoft-Windows-TerminalServices-RemoteConnectionManager","c76baa63-ae81-421c-b425-340b4b24157f","Microsoft-Windows-TerminalServices-RemoteConnectionManager/Operational","1276","1548","PC01.example.corp","S-1-5-20","2/4/2019 4:02:44 AM","61c51218-51ab-487e-972b-ec794820fe3f",,"System.UInt32[]","System.Diagnostics.Eventing.Reader.EventBookmark","Information","Info",,"System.Collections.ObjectModel.ReadOnlyCollection`1[System.String]","System.Collections.Generic.List`1[System.Diagnostics.Eventing.Reader.EventProperty]"
"RD Session Host Server role is not installed.","1136","0",,"4","0","0","1152921504606846976","174","Microsoft-Windows-TerminalServices-RemoteConnectionManager","c76baa63-ae81-421c-b425-340b4b24157f","Microsoft-Windows-TerminalServices-RemoteConnectionManager/Operational","1032","1544","PC01.example.corp","S-1-5-18","2/2/2019 7:05:59 PM",,,"System.UInt32[]","System.Diagnostics.Eventing.Reader.EventBookmark","Information","Info",,"System.Collections.ObjectModel.ReadOnlyCollection`1[System.String]","System.Collections.Generic.List`1[System.Diagnostics.Eventing.Reader.EventProperty]"
"Listener RDP-Tcp has started listening","258","0",,"4","0","0","1152921504606846976","173","Microsoft-Windows-TerminalServices-RemoteConnectionManager","c76baa63-ae81-421c-b425-340b4b24157f","Microsoft-Windows-TerminalServices-RemoteConnectionManager/Operational","1328","1804","PC01.example.corp","S-1-5-20","2/2/2019 7:05:58 PM","00000000-8244-0000-6473-fcbdb8bbd401",,"System.UInt32[]","System.Diagnostics.Eventing.Reader.EventBookmark","Information","Info",,"System.Collections.ObjectModel.ReadOnlyCollection`1[System.String]","System.Collections.Generic.List`1[System.Diagnostics.Eventing.Reader.EventProperty]"
"The Remote Connection Manager selected Kernel mode RDP protocol stack.","1155","0",,"4","0","0","1152921504606846976","172","Microsoft-Windows-TerminalServices-RemoteConnectionManager","c76baa63-ae81-421c-b425-340b4b24157f","Microsoft-Windows-TerminalServices-RemoteConnectionManager/Operational","1328","1804","PC01.example.corp","S-1-5-20","2/2/2019 7:05:56 PM","7562b311-322e-4a38-8b88-66f37ecdabd0",,"System.UInt32[]","System.Diagnostics.Eventing.Reader.EventBookmark","Information","Info",,"System.Collections.ObjectModel.ReadOnlyCollection`1[System.String]","System.Collections.Generic.List`1[System.Diagnostics.Eventing.Reader.EventProperty]"
"RD Session Host Server role is not installed.","1136","0",,"4","0","0","1152921504606846976","171","Microsoft-Windows-TerminalServices-RemoteConnectionManager","c76baa63-ae81-421c-b425-340b4b24157f","Microsoft-Windows-TerminalServices-RemoteConnectionManager/Operational","1036","2064","PC01.example.corp","S-1-5-18","2/2/2019 5:08:20 PM",,,"System.UInt32[]","System.Diagnostics.Eventing.Reader.EventBookmark","Information","Info",,"System.Collections.ObjectModel.ReadOnlyCollection`1[System.String]","System.Collections.Generic.List`1[System.Diagnostics.Eventing.Reader.EventProperty]"
"Listener RDP-Tcp has started listening","258","0",,"4","0","0","1152921504606846976","170","Microsoft-Windows-TerminalServices-RemoteConnectionManager","c76baa63-ae81-421c-b425-340b4b24157f","Microsoft-Windows-TerminalServices-RemoteConnectionManager/Operational","1316","1332","PC01.example.corp","S-1-5-20","2/2/2019 5:08:19 PM","00000000-f244-0000-341e-a952a8bbd401",,"System.UInt32[]","System.Diagnostics.Eventing.Reader.EventBookmark","Information","Info",,"System.Collections.ObjectModel.ReadOnlyCollection`1[System.String]","System.Collections.Generic.List`1[System.Diagnostics.Eventing.Reader.EventProperty]"
"The Remote Connection Manager selected Kernel mode RDP protocol stack.","1155","0",,"4","0","0","1152921504606846976","169","Microsoft-Windows-TerminalServices-RemoteConnectionManager","c76baa63-ae81-421c-b425-340b4b24157f","Microsoft-Windows-TerminalServices-RemoteConnectionManager/Operational","1316","1332","PC01.example.corp","S-1-5-20","2/2/2019 5:08:18 PM","3759d529-bff2-4372-b52b-b42a48d4bd37",,"System.UInt32[]","System.Diagnostics.Eventing.Reader.EventBookmark","Information","Info",,"System.Collections.ObjectModel.ReadOnlyCollection`1[System.String]","System.Collections.Generic.List`1[System.Diagnostics.Eventing.Reader.EventProperty]"
"RD Session Host Server role is not installed.","1136","0",,"4","0","0","1152921504606846976","168","Microsoft-Windows-TerminalServices-RemoteConnectionManager","c76baa63-ae81-421c-b425-340b4b24157f","Microsoft-Windows-TerminalServices-RemoteConnectionManager/Operational","1036","2156","PC01.example.corp","S-1-5-18","2/2/2019 3:36:30 PM",,,"System.UInt32[]","System.Diagnostics.Eventing.Reader.EventBookmark","Information","Info",,"System.Collections.ObjectModel.ReadOnlyCollection`1[System.String]","System.Collections.Generic.List`1[System.Diagnostics.Eventing.Reader.EventProperty]"
"Listener RDP-Tcp has started listening","258","0",,"4","0","0","1152921504606846976","167","Microsoft-Windows-TerminalServices-RemoteConnectionManager","c76baa63-ae81-421c-b425-340b4b24157f","Microsoft-Windows-TerminalServices-RemoteConnectionManager/Operational","1312","1336","PC01.example.corp","S-1-5-20","2/2/2019 3:36:29 PM","00000000-d244-0000-7441-ff819bbbd401",,"System.UInt32[]","System.Diagnostics.Eventing.Reader.EventBookmark","Information","Info",,"System.Collections.ObjectModel.ReadOnlyCollection`1[System.String]","System.Collections.Generic.List`1[System.Diagnostics.Eventing.Reader.EventProperty]"
"The Remote Connection Manager selected Kernel mode RDP protocol stack.","1155","0",,"4","0","0","1152921504606846976","166","Microsoft-Windows-TerminalServices-RemoteConnectionManager","c76baa63-ae81-421c-b425-340b4b24157f","Microsoft-Windows-TerminalServices-RemoteConnectionManager/Operational","1312","1336","PC01.example.corp","S-1-5-20","2/2/2019 3:36:28 PM","6808f421-f53e-41a1-a773-c893ccec9fe0",,"System.UInt32[]","System.Diagnostics.Eventing.Reader.EventBookmark","Information","Info",,"System.Collections.ObjectModel.ReadOnlyCollection`1[System.String]","System.Collections.Generic.List`1[System.Diagnostics.Eventing.Reader.EventProperty]"
"Listener RDP-Tcp received a connection","261","0",,"4","0","0","1152921504606846976","165","Microsoft-Windows-TerminalServices-RemoteConnectionManager","c76baa63-ae81-421c-b425-340b4b24157f","Microsoft-Windows-TerminalServices-RemoteConnectionManager/Operational","1316","1544","PC01.example.corp","S-1-5-20","2/2/2019 3:02:41 PM",,,"System.UInt32[]","System.Diagnostics.Eventing.Reader.EventBookmark","Information","Info",,"System.Collections.ObjectModel.ReadOnlyCollection`1[System.String]","System.Collections.Generic.List`1[System.Diagnostics.Eventing.Reader.EventProperty]"
"Remote Desktop Services: User authentication succeeded:

User: admin01
Domain: example
Source Network Address: 10.0.2.15","1149","0",,"4","0","0","1152921504606846976","164","Microsoft-Windows-TerminalServices-RemoteConnectionManager","c76baa63-ae81-421c-b425-340b4b24157f","Microsoft-Windows-TerminalServices-RemoteConnectionManager/Operational","1316","2164","PC01.example.corp","S-1-5-20","2/2/2019 2:44:55 PM",,,"System.UInt32[]","System.Diagnostics.Eventing.Reader.EventBookmark","Information","Info",,"System.Collections.ObjectModel.ReadOnlyCollection`1[System.String]","System.Collections.Generic.List`1[System.Diagnostics.Eventing.Reader.EventProperty]"
"Listener RDP-Tcp received a connection","261","0",,"4","0","0","1152921504606846976","163","Microsoft-Windows-TerminalServices-RemoteConnectionManager","c76baa63-ae81-421c-b425-340b4b24157f","Microsoft-Windows-TerminalServices-RemoteConnectionManager/Operational","1316","1544","PC01.example.corp","S-1-5-20","2/2/2019 2:44:33 PM",,,"System.UInt32[]","System.Diagnostics.Eventing.Reader.EventBookmark","Information","Info",,"System.Collections.ObjectModel.ReadOnlyCollection`1[System.String]","System.Collections.Generic.List`1[System.Diagnostics.Eventing.Reader.EventProperty]"
"Listener RDP-Tcp received a connection","261","0",,"4","0","0","1152921504606846976","162","Microsoft-Windows-TerminalServices-RemoteConnectionManager","c76baa63-ae81-421c-b425-340b4b24157f","Microsoft-Windows-TerminalServices-RemoteConnectionManager/Operational","1316","1544","PC01.example.corp","S-1-5-20","2/2/2019 2:42:54 PM",,,"System.UInt32[]","System.Diagnostics.Eventing.Reader.EventBookmark","Information","Info",,"System.Collections.ObjectModel.ReadOnlyCollection`1[System.String]","System.Collections.Generic.List`1[System.Diagnostics.Eventing.Reader.EventProperty]"
"Remote Desktop Services: User authentication succeeded:

User: admin01
Domain: example
Source Network Address: 10.0.2.15","1149","0",,"4","0","0","1152921504606846976","161","Microsoft-Windows-TerminalServices-RemoteConnectionManager","c76baa63-ae81-421c-b425-340b4b24157f","Microsoft-Windows-TerminalServices-RemoteConnectionManager/Operational","1316","2688","PC01.example.corp","S-1-5-20","2/2/2019 2:40:13 PM",,,"System.UInt32[]","System.Diagnostics.Eventing.Reader.EventBookmark","Information","Info",,"System.Collections.ObjectModel.ReadOnlyCollection`1[System.String]","System.Collections.Generic.List`1[System.Diagnostics.Eventing.Reader.EventProperty]"
"Listener RDP-Tcp received a connection","261","0",,"4","0","0","1152921504606846976","160","Microsoft-Windows-TerminalServices-RemoteConnectionManager","c76baa63-ae81-421c-b425-340b4b24157f","Microsoft-Windows-TerminalServices-RemoteConnectionManager/Operational","1316","1544","PC01.example.corp","S-1-5-20","2/2/2019 2:39:42 PM",,,"System.UInt32[]","System.Diagnostics.Eventing.Reader.EventBookmark","Information","Info",,"System.Collections.ObjectModel.ReadOnlyCollection`1[System.String]","System.Collections.Generic.List`1[System.Diagnostics.Eventing.Reader.EventProperty]"
"Listener RDP-Tcp received a connection","261","0",,"4","0","0","1152921504606846976","159","Microsoft-Windows-TerminalServices-RemoteConnectionManager","c76baa63-ae81-421c-b425-340b4b24157f","Microsoft-Windows-TerminalServices-RemoteConnectionManager/Operational","1316","1544","PC01.example.corp","S-1-5-20","2/2/2019 2:39:00 PM",,,"System.UInt32[]","System.Diagnostics.Eventing.Reader.EventBookmark","Information","Info",,"System.Collections.ObjectModel.ReadOnlyCollection`1[System.String]","System.Collections.Generic.List`1[System.Diagnostics.Eventing.Reader.EventProperty]"
"RD Session Host Server role is not installed.","1136","0",,"4","0","0","1152921504606846976","158","Microsoft-Windows-TerminalServices-RemoteConnectionManager","c76baa63-ae81-421c-b425-340b4b24157f","Microsoft-Windows-TerminalServices-RemoteConnectionManager/Operational","1020","2400","PC01.example.corp","S-1-5-18","2/2/2019 2:35:28 PM",,,"System.UInt32[]","System.Diagnostics.Eventing.Reader.EventBookmark","Information","Info",,"System.Collections.ObjectModel.ReadOnlyCollection`1[System.String]","System.Collections.Generic.List`1[System.Diagnostics.Eventing.Reader.EventProperty]"
"Listener RDP-Tcp has started listening","258","0",,"4","0","0","1152921504606846976","157","Microsoft-Windows-TerminalServices-RemoteConnectionManager","c76baa63-ae81-421c-b425-340b4b24157f","Microsoft-Windows-TerminalServices-RemoteConnectionManager/Operational","1316","1696","PC01.example.corp","S-1-5-20","2/2/2019 2:35:15 PM","00000000-9244-0000-a458-8df092bbd401",,"System.UInt32[]","System.Diagnostics.Eventing.Reader.EventBookmark","Information","Info",,"System.Collections.ObjectModel.ReadOnlyCollection`1[System.String]","System.Collections.Generic.List`1[System.Diagnostics.Eventing.Reader.EventProperty]"
"The Remote Connection Manager selected Kernel mode RDP protocol stack.","1155","0",,"4","0","0","1152921504606846976","156","Microsoft-Windows-TerminalServices-RemoteConnectionManager","c76baa63-ae81-421c-b425-340b4b24157f","Microsoft-Windows-TerminalServices-RemoteConnectionManager/Operational","1316","1696","PC01.example.corp","S-1-5-20","2/2/2019 2:35:13 PM","789532e0-9bc5-45e1-97f5-a1d38478b589",,"System.UInt32[]","System.Diagnostics.Eventing.Reader.EventBookmark","Information","Info",,"System.Collections.ObjectModel.ReadOnlyCollection`1[System.String]","System.Collections.Generic.List`1[System.Diagnostics.Eventing.Reader.EventProperty]"
"RD Session Host Server role is not installed.","1136","0",,"4","0","0","1152921504606846976","155","Microsoft-Windows-TerminalServices-RemoteConnectionManager","c76baa63-ae81-421c-b425-340b4b24157f","Microsoft-Windows-TerminalServices-RemoteConnectionManager/Operational","1032","2076","PC01.example.corp","S-1-5-18","2/2/2019 1:28:15 PM",,,"System.UInt32[]","System.Diagnostics.Eventing.Reader.EventBookmark","Information","Info",,"System.Collections.ObjectModel.ReadOnlyCollection`1[System.String]","System.Collections.Generic.List`1[System.Diagnostics.Eventing.Reader.EventProperty]"
"Listener RDP-Tcp has started listening","258","0",,"4","0","0","1152921504606846976","154","Microsoft-Windows-TerminalServices-RemoteConnectionManager","c76baa63-ae81-421c-b425-340b4b24157f","Microsoft-Windows-TerminalServices-RemoteConnectionManager/Operational","1300","1324","PC01.example.corp","S-1-5-20","2/2/2019 1:28:14 PM","00000000-4244-0000-249d-0a9589bbd401",,"System.UInt32[]","System.Diagnostics.Eventing.Reader.EventBookmark","Information","Info",,"System.Collections.ObjectModel.ReadOnlyCollection`1[System.String]","System.Collections.Generic.List`1[System.Diagnostics.Eventing.Reader.EventProperty]"
"The Remote Connection Manager selected Kernel mode RDP protocol stack.","1155","0",,"4","0","0","1152921504606846976","153","Microsoft-Windows-TerminalServices-RemoteConnectionManager","c76baa63-ae81-421c-b425-340b4b24157f","Microsoft-Windows-TerminalServices-RemoteConnectionManager/Operational","1300","1328","PC01.example.corp","S-1-5-20","2/2/2019 1:28:12 PM","586231b5-1017-4190-a40d-75dee0f94595",,"System.UInt32[]","System.Diagnostics.Eventing.Reader.EventBookmark","Information","Info",,"System.Collections.ObjectModel.ReadOnlyCollection`1[System.String]","System.Collections.Generic.List`1[System.Diagnostics.Eventing.Reader.EventProperty]"
"RD Session Host Server role is not installed.","1136","0",,"4","0","0","1152921504606846976","152","Microsoft-Windows-TerminalServices-RemoteConnectionManager","c76baa63-ae81-421c-b425-340b4b24157f","Microsoft-Windows-TerminalServices-RemoteConnectionManager/Operational","1016","2112","PC01.example.corp","S-1-5-18","2/2/2019 12:25:41 PM",,,"System.UInt32[]","System.Diagnostics.Eventing.Reader.EventBookmark","Information","Info",,"System.Collections.ObjectModel.ReadOnlyCollection`1[System.String]","System.Collections.Generic.List`1[System.Diagnostics.Eventing.Reader.EventProperty]"
"Listener RDP-Tcp has started listening","258","0",,"4","0","0","1152921504606846976","151","Microsoft-Windows-TerminalServices-RemoteConnectionManager","c76baa63-ae81-421c-b425-340b4b24157f","Microsoft-Windows-TerminalServices-RemoteConnectionManager/Operational","1292","1556","PC01.example.corp","S-1-5-20","2/2/2019 12:25:39 PM","00000000-e244-0000-24ac-7bd780bbd401",,"System.UInt32[]","System.Diagnostics.Eventing.Reader.EventBookmark","Information","Info",,"System.Collections.ObjectModel.ReadOnlyCollection`1[System.String]","System.Collections.Generic.List`1[System.Diagnostics.Eventing.Reader.EventProperty]"
"The Remote Connection Manager selected Kernel mode RDP protocol stack.","1155","0",,"4","0","0","1152921504606846976","150","Microsoft-Windows-TerminalServices-RemoteConnectionManager","c76baa63-ae81-421c-b425-340b4b24157f","Microsoft-Windows-TerminalServices-RemoteConnectionManager/Operational","1292","1556","PC01.example.corp","S-1-5-20","2/2/2019 12:25:38 PM","9bf42a88-1d36-4252-9c57-ebdeba80963b",,"System.UInt32[]","System.Diagnostics.Eventing.Reader.EventBookmark","Information","Info",,"System.Collections.ObjectModel.ReadOnlyCollection`1[System.String]","System.Collections.Generic.List`1[System.Diagnostics.Eventing.Reader.EventProperty]"
"RD Session Host Server role is not installed.","1136","0",,"4","0","0","1152921504606846976","149","Microsoft-Windows-TerminalServices-RemoteConnectionManager","c76baa63-ae81-421c-b425-340b4b24157f","Microsoft-Windows-TerminalServices-RemoteConnectionManager/Operational","1008","2136","PC01.example.corp","S-1-5-18","2/2/2019 9:16:13 AM",,,"System.UInt32[]","System.Diagnostics.Eventing.Reader.EventBookmark","Information","Info",,"System.Collections.ObjectModel.ReadOnlyCollection`1[System.String]","System.Collections.Generic.List`1[System.Diagnostics.Eventing.Reader.EventProperty]"
