"Listener RDP-Tcp has started listening","258","0",,"4","0","0","1152921504606846976","148","Microsoft-Windows-TerminalServices-RemoteConnectionManager","c76baa63-ae81-421c-b425-340b4b24157f","Microsoft-Windows-TerminalServices-RemoteConnectionManager/Operational","1296","1316","PC01.example.corp","S-1-5-20","2/2/2019 9:16:12 AM","00000000-4244-0000-540f-a25f66bbd401",,"System.UInt32[]","System.Diagnostics.Eventing.Reader.EventBookmark","Information","Info",,"System.Collections.ObjectModel.ReadOnlyCollection`1[System.String]","System.Collections.Generic.List`1[System.Diagnostics.Eventing.Reader.EventProperty]"
"The Remote Connection Manager selected Kernel mode RDP protocol stack.","1155","0",,"4","0","0","1152921504606846976","147","Microsoft-Windows-TerminalServices-RemoteConnectionManager","c76baa63-ae81-421c-b425-340b4b24157f","Microsoft-Windows-TerminalServices-RemoteConnectionManager/Operational","1296","1548","PC01.example.corp","S-1-5-20","2/2/2019 9:16:10 AM","2ea3ef14-0c88-4625-8cee-e41ea37d6647",,"System.UInt32[]","System.Diagnostics.Eventing.Reader.EventBookmark","Information","Info",,"System.Collections.ObjectModel.ReadOnlyCollection`1[System.String]","System.Collections.Generic.List`1[System.Diagnostics.Eventing.Reader.EventProperty]"
"RD Session Host Server role is not installed.","1136","0",,"4","0","0","1152921504606846976","146","Microsoft-Windows-TerminalServices-RemoteConnectionManager","c76baa63-ae81-421c-b425-340b4b24157f","Microsoft-Windows-TerminalServices-RemoteConnectionManager/Operational","1028","1484","PC01.example.corp","S-1-5-18","2/2/2019 8:12:56 AM",,,"System.UInt32[]","System.Diagnostics.Eventing.Reader.EventBookmark","Information","Info",,"System.Collections.ObjectModel.ReadOnlyCollection`1[System.String]","System.Collections.Generic.List`1[System.Diagnostics.Eventing.Reader.EventProperty]"
"Listener RDP-Tcp has started listening","258","0",,"4","0","0","1152921504606846976","145","Microsoft-Windows-TerminalServices-RemoteConnectionManager","c76baa63-ae81-421c-b425-340b4b24157f","Microsoft-Windows-TerminalServices-RemoteConnectionManager/Operational","1300","1540","PC01.example.corp","S-1-5-20","2/2/2019 8:12:54 AM","00000000-1244-0000-24d8-e1815dbbd401",,"System.UInt32[]","System.Diagnostics.Eventing.Reader.EventBookmark","Information","Info",,"System.Collections.ObjectModel.ReadOnlyCollection`1[System.String]","System.Collections.Generic.List`1[System.Diagnostics.Eventing.Reader.EventProperty]"
"The Remote Connection Manager selected Kernel mode RDP protocol stack.","1155","0",,"4","0","0","1152921504606846976","144","Microsoft-Windows-TerminalServices-RemoteConnectionManager","c76baa63-ae81-421c-b425-340b4b24157f","Microsoft-Windows-TerminalServices-RemoteConnectionManager/Operational","1300","1540","PC01.example.corp","S-1-5-20","2/2/2019 8:12:53 AM","0ee55ae6-a616-4a57-9aa2-dd24cd07bfec",,"System.UInt32[]","System.Diagnostics.Eventing.Reader.EventBookmark","Information","Info",,"System.Collections.ObjectModel.ReadOnlyCollection`1[System.String]","System.Collections.Generic.List`1[System.Diagnostics.Eventing.Reader.EventProperty]"
"RD Session Host Server role is not installed.","1136","0",,"4","0","0","1152921504606846976","143","Microsoft-Windows-TerminalServices-RemoteConnectionManager","c76baa63-ae81-421c-b425-340b4b24157f","Microsoft-Windows-TerminalServices-RemoteConnectionManager/Operational","976","1484","PC01.example.corp","S-1-5-18","2/1/2019 2:26:59 AM",,,"System.UInt32[]","System.Diagnostics.Eventing.Reader.EventBookmark","Information","Info",,"System.Collections.ObjectModel.ReadOnlyCollection`1[System.String]","System.Collections.Generic.List`1[System.Diagnostics.Eventing.Reader.EventProperty]"
"Listener RDP-Tcp has started listening","258","0",,"4","0","0","1152921504606846976","142","Microsoft-Windows-TerminalServices-RemoteConnectionManager","c76baa63-ae81-421c-b425-340b4b24157f","Microsoft-Windows-TerminalServices-RemoteConnectionManager/Operational","1268","1284","PC01.example.corp","S-1-5-20","2/1/2019 2:26:58 AM","00000000-8244-0000-246b-a80e64bad401",,"System.UInt32[]","System.Diagnostics.Eventing.Reader.EventBookmark","Information","Info",,"System.Collections.ObjectModel.ReadOnlyCollection`1[System.String]","System.Collections.Generic.List`1[System.Diagnostics.Eventing.Reader.EventProperty]"
"The Remote Connection Manager selected Kernel mode RDP protocol stack.","1155","0",,"4","0","0","1152921504606846976","141","Microsoft-Windows-TerminalServices-RemoteConnectionManager","c76baa63-ae81-421c-b425-340b4b24157f","Microsoft-Windows-TerminalServices-RemoteConnectionManager/Operational","1268","1640","PC01.example.corp","S-1-5-20","2/1/2019 2:26:57 AM","2452f842-83f2-481d-95dd-6c9e72443d9f",,"System.UInt32[]","System.Diagnostics.Eventing.Reader.EventBookmark","Information","Info",,"System.Collections.ObjectModel.ReadOnlyCollection`1[System.String]","System.Collections.Generic.List`1[System.Diagnostics.Eventing.Reader.EventProperty]"
"Remote Desktop Services: User authentication succeeded:

User: admin01
Domain: example
Source Network Address: 10.0.2.15","1149","0",,"4","0","0","1152921504606846976","140","Microsoft-Windows-TerminalServices-RemoteConnectionManager","c76baa63-ae81-421c-b425-340b4b24157f","Microsoft-Windows-TerminalServices-RemoteConnectionManager/Operational","1264","2444","PC01.example.corp","S-1-5-20","1/29/2019 4:01:00 PM",,,"System.UInt32[]","System.Diagnostics.Eventing.Reader.EventBookmark","Information","Info",,"System.Collections.ObjectModel.ReadOnlyCollection`1[System.String]","System.Collections.Generic.List`1[System.Diagnostics.Eventing.Reader.EventProperty]"
"Listener RDP-Tcp received a connection","261","0",,"4","0","0","1152921504606846976","139","Microsoft-Windows-TerminalServices-RemoteConnectionManager","c76baa63-ae81-421c-b425-340b4b24157f","Microsoft-Windows-TerminalServices-RemoteConnectionManager/Operational","1264","568","PC01.example.corp","S-1-5-20","1/29/2019 4:01:00 PM",,,"System.UInt32[]","System.Diagnostics.Eventing.Reader.EventBookmark","Information","Info",,"System.Collections.ObjectModel.ReadOnlyCollection`1[System.String]","System.Collections.Generic.List`1[System.Diagnostics.Eventing.Reader.EventProperty]"
"Listener RDP-Tcp received a connection","261","0",,"4","0","0","1152921504606846976","138","Microsoft-Windows-TerminalServices-RemoteConnectionManager","c76baa63-ae81-421c-b425-340b4b24157f","Microsoft-Windows-TerminalServices-RemoteConnectionManager/Operational","1264","568","PC01.example.corp","S-1-5-20","1/29/2019 4:00:50 PM",,,"System.UInt32[]","System.Diagnostics.Eventing.Reader.EventBookmark","Information","Info",,"System.Collections.ObjectModel.ReadOnlyCollection`1[System.String]","System.Collections.Generic.List`1[System.Diagnostics.Eventing.Reader.EventProperty]"
"Remote Desktop Services: User authentication succeeded:

User: admin01
Domain: example
Source Network Address: 10.0.2.15","1149","0",,"4","0","0","1152921504606846976","137","Microsoft-Windows-TerminalServices-RemoteConnectionManager","c76baa63-ae81-421c-b425-340b4b24157f","Microsoft-Windows-TerminalServices-RemoteConnectionManager/Operational","1264","3700","PC01.example.corp","S-1-5-20","1/29/2019 3:58:05 PM",,,"System.UInt32[]","System.Diagnostics.Eventing.Reader.EventBookmark","Information","Info",,"System.Collections.ObjectModel.ReadOnlyCollection`1[System.String]","System.Collections.Generic.List`1[System.Diagnostics.Eventing.Reader.EventProperty]"
"Listener RDP-Tcp received a connection","261","0",,"4","0","0","1152921504606846976","136","Microsoft-Windows-TerminalServices-RemoteConnectionManager","c76baa63-ae81-421c-b425-340b4b24157f","Microsoft-Windows-TerminalServices-RemoteConnectionManager/Operational","1264","568","PC01.example.corp","S-1-5-20","1/29/2019 3:57:54 PM",,,"System.UInt32[]","System.Diagnostics.Eventing.Reader.EventBookmark","Information","Info",,"System.Collections.ObjectModel.ReadOnlyCollection`1[System.String]","System.Collections.Generic.List`1[System.Diagnostics.Eventing.Reader.EventProperty]"
"Listener RDP-Tcp received a connection","261","0",,"4","0","0","1152921504606846976","135","Microsoft-Windows-TerminalServices-RemoteConnectionManager","c76baa63-ae81-421c-b425-340b4b24157f","Microsoft-Windows-TerminalServices-RemoteConnectionManager/Operational","1264","568","PC01.example.corp","S-1-5-20","1/29/2019 3:56:17 PM",,,"System.UInt32[]","System.Diagnostics.Eventing.Reader.EventBookmark","Information","Info",,"System.Collections.ObjectModel.ReadOnlyCollection`1[System.String]","System.Collections.Generic.List`1[System.Diagnostics.Eventing.Reader.EventProperty]"
"RD Session Host Server role is not installed.","1136","0",,"4","0","0","1152921504606846976","134","Microsoft-Windows-TerminalServices-RemoteConnectionManager","c76baa63-ae81-421c-b425-340b4b24157f","Microsoft-Windows-TerminalServices-RemoteConnectionManager/Operational","980","1216","PC01.example.corp","S-1-5-18","1/29/2019 3:54:55 PM",,,"System.UInt32[]","System.Diagnostics.Eventing.Reader.EventBookmark","Information","Info",,"System.Collections.ObjectModel.ReadOnlyCollection`1[System.String]","System.Collections.Generic.List`1[System.Diagnostics.Eventing.Reader.EventProperty]"
"Listener RDP-Tcp has started listening","258","0",,"4","0","0","1152921504606846976","133","Microsoft-Windows-TerminalServices-RemoteConnectionManager","c76baa63-ae81-421c-b425-340b4b24157f","Microsoft-Windows-TerminalServices-RemoteConnectionManager/Operational","1264","1276","PC01.example.corp","S-1-5-20","1/29/2019 3:54:55 PM","00000000-a244-0000-4476-246f79b8d401",,"System.UInt32[]","System.Diagnostics.Eventing.Reader.EventBookmark","Information","Info",,"System.Collections.ObjectModel.ReadOnlyCollection`1[System.String]","System.Collections.Generic.List`1[System.Diagnostics.Eventing.Reader.EventProperty]"
"The Remote Connection Manager selected Kernel mode RDP protocol stack.","1155","0",,"4","0","0","1152921504606846976","132","Microsoft-Windows-TerminalServices-RemoteConnectionManager","c76baa63-ae81-421c-b425-340b4b24157f","Microsoft-Windows-TerminalServices-RemoteConnectionManager/Operational","1264","1280","PC01.example.corp","S-1-5-20","1/29/2019 3:54:54 PM","bc1700cd-54e4-4a9f-8c7e-7582ebc19140",,"System.UInt32[]","System.Diagnostics.Eventing.Reader.EventBookmark","Information","Info",,"System.Collections.ObjectModel.ReadOnlyCollection`1[System.String]","System.Collections.Generic.List`1[System.Diagnostics.Eventing.Reader.EventProperty]"
"Listener RDP-Tcp received a connection","261","0",,"4","0","0","1152921504606846976","131","Microsoft-Windows-TerminalServices-RemoteConnectionManager","c76baa63-ae81-421c-b425-340b4b24157f","Microsoft-Windows-TerminalServices-RemoteConnectionManager/Operational","1256","1960","PC01.example.corp","S-1-5-20","1/29/2019 3:54:04 PM",,,"System.UInt32[]","System.Diagnostics.Eventing.Reader.EventBookmark","Information","Info",,"System.Collections.ObjectModel.ReadOnlyCollection`1[System.String]","System.Collections.Generic.List`1[System.Diagnostics.Eventing.Reader.EventProperty]"
"Listener RDP-Tcp received a connection","261","0",,"4","0","0","1152921504606846976","130","Microsoft-Windows-TerminalServices-RemoteConnectionManager","c76baa63-ae81-421c-b425-340b4b24157f","Microsoft-Windows-TerminalServices-RemoteConnectionManager/Operational","1256","1960","PC01.example.corp","S-1-5-20","1/29/2019 3:50:40 PM",,,"System.UInt32[]","System.Diagnostics.Eventing.Reader.EventBookmark","Information","Info",,"System.Collections.ObjectModel.ReadOnlyCollection`1[System.String]","System.Collections.Generic.List`1[System.Diagnostics.Eventing.Reader.EventProperty]"
"Remote Desktop Services: User authentication succeeded:

User: admin01
Domain: example
Source Network Address: 10.0.2.15","1149","0",,"4","0","0","1152921504606846976","129","Microsoft-Windows-TerminalServices-RemoteConnectionManager","c76baa63-ae81-421c-b425-340b4b24157f","Microsoft-Windows-TerminalServices-RemoteConnectionManager/Operational","1256","2320","PC01.example.corp","S-1-5-20","1/29/2019 3:16:39 PM",,,"System.UInt32[]","System.Diagnostics.Eventing.Reader.EventBookmark","Information","Info",,"System.Collections.ObjectModel.ReadOnlyCollection`1[System.String]","System.Collections.Generic.List`1[System.Diagnostics.Eventing.Reader.EventProperty]"
"Listener RDP-Tcp received a connection","261","0",,"4","0","0","1152921504606846976","128","Microsoft-Windows-TerminalServices-RemoteConnectionManager","c76baa63-ae81-421c-b425-340b4b24157f","Microsoft-Windows-TerminalServices-RemoteConnectionManager/Operational","1256","1960","PC01.example.corp","S-1-5-20","1/29/2019 3:16:28 PM",,,"System.UInt32[]","System.Diagnostics.Eventing.Reader.EventBookmark","Information","Info",,"System.Collections.ObjectModel.ReadOnlyCollection`1[System.String]","System.Collections.Generic.List`1[System.Diagnostics.Eventing.Reader.EventProperty]"
"Listener RDP-Tcp received a connection","261","0",,"4","0","0","1152921504606846976","127","Microsoft-Windows-TerminalServices-RemoteConnectionManager","c76baa63-ae81-421c-b425-340b4b24157f","Microsoft-Windows-TerminalServices-RemoteConnectionManager/Operational","1256","1960","PC01.example.corp","S-1-5-20","1/29/2019 3:15:24 PM",,,"System.UInt32[]","System.Diagnostics.Eventing.Reader.EventBookmark","Information","Info",,"System.Collections.ObjectModel.ReadOnlyCollection`1[System.String]","System.Collections.Generic.List`1[System.Diagnostics.Eventing.Reader.EventProperty]"
"Remote Desktop Services: User authentication succeeded:

User: admin01
Domain: example
Source Network Address: 10.0.2.15","1149","0",,"4","0","0","1152921504606846976","126","Microsoft-Windows-TerminalServices-RemoteConnectionManager","c76baa63-ae81-421c-b425-340b4b24157f","Microsoft-Windows-TerminalServices-RemoteConnectionManager/Operational","1256","3072","PC01.example.corp","S-1-5-20","1/29/2019 3:00:10 PM",,,"System.UInt32[]","System.Diagnostics.Eventing.Reader.EventBookmark","Information","Info",,"System.Collections.ObjectModel.ReadOnlyCollection`1[System.String]","System.Collections.Generic.List`1[System.Diagnostics.Eventing.Reader.EventProperty]"
"Listener RDP-Tcp received a connection","261","0",,"4","0","0","1152921504606846976","125","Microsoft-Windows-TerminalServices-RemoteConnectionManager","c76baa63-ae81-421c-b425-340b4b24157f","Microsoft-Windows-TerminalServices-RemoteConnectionManager/Operational","1256","1960","PC01.example.corp","S-1-5-20","1/29/2019 2:59:37 PM",,,"System.UInt32[]","System.Diagnostics.Eventing.Reader.EventBookmark","Information","Info",,"System.Collections.ObjectModel.ReadOnlyCollection`1[System.String]","System.Collections.Generic.List`1[System.Diagnostics.Eventing.Reader.EventProperty]"
"Listener RDP-Tcp received a connection","261","0",,"4","0","0","1152921504606846976","124","Microsoft-Windows-TerminalServices-RemoteConnectionManager","c76baa63-ae81-421c-b425-340b4b24157f","Microsoft-Windows-TerminalServices-RemoteConnectionManager/Operational","1256","1960","PC01.example.corp","S-1-5-20","1/29/2019 2:58:34 PM",,,"System.UInt32[]","System.Diagnostics.Eventing.Reader.EventBookmark","Information","Info",,"System.Collections.ObjectModel.ReadOnlyCollection`1[System.String]","System.Collections.Generic.List`1[System.Diagnostics.Eventing.Reader.EventProperty]"
"RD Session Host Server role is not installed.","1136","0",,"4","0","0","1152921504606846976","123","Microsoft-Windows-TerminalServices-RemoteConnectionManager","c76baa63-ae81-421c-b425-340b4b24157f","Microsoft-Windows-TerminalServices-RemoteConnectionManager/Operational","976","308","PC01.example.corp","S-1-5-18","1/29/2019 2:54:05 PM",,,"System.UInt32[]","System.Diagnostics.Eventing.Reader.EventBookmark","Information","Info",,"System.Collections.ObjectModel.ReadOnlyCollection`1[System.String]","System.Collections.Generic.List`1[System.Diagnostics.Eventing.Reader.EventProperty]"
"Listener RDP-Tcp has started listening","258","0",,"4","0","0","1152921504606846976","122","Microsoft-Windows-TerminalServices-RemoteConnectionManager","c76baa63-ae81-421c-b425-340b4b24157f","Microsoft-Windows-TerminalServices-RemoteConnectionManager/Operational","1256","1584","PC01.example.corp","S-1-5-20","1/29/2019 2:54:05 PM","00000000-b244-0000-447c-61ee70b8d401",,"System.UInt32[]","System.Diagnostics.Eventing.Reader.EventBookmark","Information","Info",,"System.Collections.ObjectModel.ReadOnlyCollection`1[System.String]","System.Collections.Generic.List`1[System.Diagnostics.Eventing.Reader.EventProperty]"
"The Remote Connection Manager selected Kernel mode RDP protocol stack.","1155","0",,"4","0","0","1152921504606846976","121","Microsoft-Windows-TerminalServices-RemoteConnectionManager","c76baa63-ae81-421c-b425-340b4b24157f","Microsoft-Windows-TerminalServices-RemoteConnectionManager/Operational","1256","1584","PC01.example.corp","S-1-5-20","1/29/2019 2:54:04 PM","a942d683-dba4-4cec-b1f9-14fc7ecc4896",,"System.UInt32[]","System.Diagnostics.Eventing.Reader.EventBookmark","Information","Info",,"System.Collections.ObjectModel.ReadOnlyCollection`1[System.String]","System.Collections.Generic.List`1[System.Diagnostics.Eventing.Reader.EventProperty]"
"RD Session Host Server role is not installed.","1136","0",,"4","0","0","1152921504606846976","120","Microsoft-Windows-TerminalServices-RemoteConnectionManager","c76baa63-ae81-421c-b425-340b4b24157f","Microsoft-Windows-TerminalServices-RemoteConnectionManager/Operational","976","1280","PC01.example.corp","S-1-5-18","1/29/2019 2:40:48 AM",,,"System.UInt32[]","System.Diagnostics.Eventing.Reader.EventBookmark","Information","Info",,"System.Collections.ObjectModel.ReadOnlyCollection`1[System.String]","System.Collections.Generic.List`1[System.Diagnostics.Eventing.Reader.EventProperty]"
"Listener RDP-Tcp has started listening","258","0",,"4","0","0","1152921504606846976","119","Microsoft-Windows-TerminalServices-RemoteConnectionManager","c76baa63-ae81-421c-b425-340b4b24157f","Microsoft-Windows-TerminalServices-RemoteConnectionManager/Operational","1256","1528","PC01.example.corp","S-1-5-20","1/29/2019 2:40:47 AM","00000000-0244-0000-c4e2-ee7c0ab8d401",,"System.UInt32[]","System.Diagnostics.Eventing.Reader.EventBookmark","Information","Info",,"System.Collections.ObjectModel.ReadOnlyCollection`1[System.String]","System.Collections.Generic.List`1[System.Diagnostics.Eventing.Reader.EventProperty]"
"The Remote Connection Manager selected Kernel mode RDP protocol stack.","1155","0",,"4","0","0","1152921504606846976","118","Microsoft-Windows-TerminalServices-RemoteConnectionManager","c76baa63-ae81-421c-b425-340b4b24157f","Microsoft-Windows-TerminalServices-RemoteConnectionManager/Operational","1256","1272","PC01.example.corp","S-1-5-20","1/29/2019 2:40:46 AM","7d5678e0-db29-461a-afb0-5fc8cf6f5d7f",,"System.UInt32[]","System.Diagnostics.Eventing.Reader.EventBookmark","Information","Info",,"System.Collections.ObjectModel.ReadOnlyCollection`1[System.String]","System.Collections.Generic.List`1[System.Diagnostics.Eventing.Reader.EventProperty]"
"RD Session Host Server role is not installed.","1136","0",,"4","0","0","1152921504606846976","117","Microsoft-Windows-TerminalServices-RemoteConnectionManager","c76baa63-ae81-421c-b425-340b4b24157f","Microsoft-Windows-TerminalServices-RemoteConnectionManager/Operational","1004","1448","PC01.example.corp","S-1-5-18","1/28/2019 8:39:11 AM",,,"System.UInt32[]","System.Diagnostics.Eventing.Reader.EventBookmark","Information","Info",,"System.Collections.ObjectModel.ReadOnlyCollection`1[System.String]","System.Collections.Generic.List`1[System.Diagnostics.Eventing.Reader.EventProperty]"
"Listener RDP-Tcp has started listening","258","0",,"4","0","0","1152921504606846976","116","Microsoft-Windows-TerminalServices-RemoteConnectionManager","c76baa63-ae81-421c-b425-340b4b24157f","Microsoft-Windows-TerminalServices-RemoteConnectionManager/Operational","1296","1532","PC01.example.corp","S-1-5-20","1/28/2019 8:39:11 AM","00000000-5244-0000-a44c-ccf527b7d401",,"System.UInt32[]","System.Diagnostics.Eventing.Reader.EventBookmark","Information","Info",,"System.Collections.ObjectModel.ReadOnlyCollection`1[System.String]","System.Collections.Generic.List`1[System.Diagnostics.Eventing.Reader.EventProperty]"
"The Remote Connection Manager selected Kernel mode RDP protocol stack.","1155","0",,"4","0","0","1152921504606846976","115","Microsoft-Windows-TerminalServices-RemoteConnectionManager","c76baa63-ae81-421c-b425-340b4b24157f","Microsoft-Windows-TerminalServices-RemoteConnectionManager/Operational","1296","1532","PC01.example.corp","S-1-5-20","1/28/2019 8:39:09 AM","e454485f-f7d5-441b-a802-dfb9a48c1c54",,"System.UInt32[]","System.Diagnostics.Eventing.Reader.EventBookmark","Information","Info",,"System.Collections.ObjectModel.ReadOnlyCollection`1[System.String]","System.Collections.Generic.List`1[System.Diagnostics.Eventing.Reader.EventProperty]"
"RD Session Host Server role is not installed.","1136","0",,"4","0","0","1152921504606846976","114","Microsoft-Windows-TerminalServices-RemoteConnectionManager","c76baa63-ae81-421c-b425-340b4b24157f","Microsoft-Windows-TerminalServices-RemoteConnectionManager/Operational","996","1548","PC01.example.corp","S-1-5-18","1/28/2019 8:05:45 AM",,,"System.UInt32[]","System.Diagnostics.Eventing.Reader.EventBookmark","Information","Info",,"System.Collections.ObjectModel.ReadOnlyCollection`1[System.String]","System.Collections.Generic.List`1[System.Diagnostics.Eventing.Reader.EventProperty]"
"Listener RDP-Tcp has started listening","258","0",,"4","0","0","1152921504606846976","113","Microsoft-Windows-TerminalServices-RemoteConnectionManager","c76baa63-ae81-421c-b425-340b4b24157f","Microsoft-Windows-TerminalServices-RemoteConnectionManager/Operational","1280","1756","PC01.example.corp","S-1-5-20","1/28/2019 8:05:45 AM","00000000-f244-0000-2494-b94a23b7d401",,"System.UInt32[]","System.Diagnostics.Eventing.Reader.EventBookmark","Information","Info",,"System.Collections.ObjectModel.ReadOnlyCollection`1[System.String]","System.Collections.Generic.List`1[System.Diagnostics.Eventing.Reader.EventProperty]"
"The Remote Connection Manager selected Kernel mode RDP protocol stack.","1155","0",,"4","0","0","1152921504606846976","112","Microsoft-Windows-TerminalServices-RemoteConnectionManager","c76baa63-ae81-421c-b425-340b4b24157f","Microsoft-Windows-TerminalServices-RemoteConnectionManager/Operational","1280","1756","PC01.example.corp","S-1-5-20","1/28/2019 8:05:44 AM","3596865e-b2e2-4047-bc65-39994f47c1bd",,"System.UInt32[]","System.Diagnostics.Eventing.Reader.EventBookmark","Information","Info",,"System.Collections.ObjectModel.ReadOnlyCollection`1[System.String]","System.Collections.Generic.List`1[System.Diagnostics.Eventing.Reader.EventProperty]"
"RD Session Host Server role is not installed.","1136","0",,"4","0","0","1152921504606846976","111","Microsoft-Windows-TerminalServices-RemoteConnectionManager","c76baa63-ae81-421c-b425-340b4b24157f","Microsoft-Windows-TerminalServices-RemoteConnectionManager/Operational","980","1120","PC01.example.corp","S-1-5-18","1/28/2019 7:17:40 AM",,,"System.UInt32[]","System.Diagnostics.Eventing.Reader.EventBookmark","Information","Info",,"System.Collections.ObjectModel.ReadOnlyCollection`1[System.String]","System.Collections.Generic.List`1[System.Diagnostics.Eventing.Reader.EventProperty]"
"Listener RDP-Tcp has started listening","258","0",,"4","0","0","1152921504606846976","110","Microsoft-Windows-TerminalServices-RemoteConnectionManager","c76baa63-ae81-421c-b425-340b4b24157f","Microsoft-Windows-TerminalServices-RemoteConnectionManager/Operational","1268","1956","PC01.example.corp","S-1-5-20","1/28/2019 7:17:40 AM","00000000-0244-0000-f4b3-0c0068b7d401",,"System.UInt32[]","System.Diagnostics.Eventing.Reader.EventBookmark","Information","Info",,"System.Collections.ObjectModel.ReadOnlyCollection`1[System.String]","System.Collections.Generic.List`1[System.Diagnostics.Eventing.Reader.EventProperty]"
"The Remote Connection Manager selected Kernel mode RDP protocol stack.","1155","0",,"4","0","0","1152921504606846976","109","Microsoft-Windows-TerminalServices-RemoteConnectionManager","c76baa63-ae81-421c-b425-340b4b24157f","Microsoft-Windows-TerminalServices-RemoteConnectionManager/Operational","1268","1740","PC01.example.corp","S-1-5-20","1/28/2019 7:17:39 AM","16cf7a55-5152-4d26-82c9-41dd0df9d64d",,"System.UInt32[]","System.Diagnostics.Eventing.Reader.EventBookmark","Information","Info",,"System.Collections.ObjectModel.ReadOnlyCollection`1[System.String]","System.Collections.Generic.List`1[System.Diagnostics.Eventing.Reader.EventProperty]"
"RD Session Host Server role is not installed.","1136","0",,"4","0","0","1152921504606846976","108","Microsoft-Windows-TerminalServices-RemoteConnectionManager","c76baa63-ae81-421c-b425-340b4b24157f","Microsoft-Windows-TerminalServices-RemoteConnectionManager/Operational","980","352","PC01.example.corp","S-1-5-18","1/25/2019 12:54:22 AM",,,"System.UInt32[]","System.Diagnostics.Eventing.Reader.EventBookmark","Information","Info",,"System.Collections.ObjectModel.ReadOnlyCollection`1[System.String]","System.Collections.Generic.List`1[System.Diagnostics.Eventing.Reader.EventProperty]"
"Listener RDP-Tcp has started listening","258","0",,"4","0","0","1152921504606846976","107","Microsoft-Windows-TerminalServices-RemoteConnectionManager","c76baa63-ae81-421c-b425-340b4b24157f","Microsoft-Windows-TerminalServices-RemoteConnectionManager/Operational","1268","1532","PC01.example.corp","S-1-5-20","1/25/2019 12:54:21 AM","00000000-1244-0000-e425-83f5d6b4d401",,"System.UInt32[]","System.Diagnostics.Eventing.Reader.EventBookmark","Information","Info",,"System.Collections.ObjectModel.ReadOnlyCollection`1[System.String]","System.Collections.Generic.List`1[System.Diagnostics.Eventing.Reader.EventProperty]"
"The Remote Connection Manager selected Kernel mode RDP protocol stack.","1155","0",,"4","0","0","1152921504606846976","106","Microsoft-Windows-TerminalServices-RemoteConnectionManager","c76baa63-ae81-421c-b425-340b4b24157f","Microsoft-Windows-TerminalServices-RemoteConnectionManager/Operational","1268","1532","PC01.example.corp","S-1-5-20","1/25/2019 12:54:21 AM","70725f0b-1471-4ff6-98d2-37eaf8bd12a5",,"System.UInt32[]","System.Diagnostics.Eventing.Reader.EventBookmark","Information","Info",,"System.Collections.ObjectModel.ReadOnlyCollection`1[System.String]","System.Collections.Generic.List`1[System.Diagnostics.Eventing.Reader.EventProperty]"
"RD Session Host Server role is not installed.","1136","0",,"4","0","0","1152921504606846976","105","Microsoft-Windows-TerminalServices-RemoteConnectionManager","c76baa63-ae81-421c-b425-340b4b24157f","Microsoft-Windows-TerminalServices-RemoteConnectionManager/Operational","972","564","PC01.example.corp","S-1-5-18","1/22/2019 5:19:36 AM",,,"System.UInt32[]","System.Diagnostics.Eventing.Reader.EventBookmark","Information","Info",,"System.Collections.ObjectModel.ReadOnlyCollection`1[System.String]","System.Collections.Generic.List`1[System.Diagnostics.Eventing.Reader.EventProperty]"
"Listener RDP-Tcp has started listening","258","0",,"4","0","0","1152921504606846976","104","Microsoft-Windows-TerminalServices-RemoteConnectionManager","c76baa63-ae81-421c-b425-340b4b24157f","Microsoft-Windows-TerminalServices-RemoteConnectionManager/Operational","1288","1804","PC01.example.corp","S-1-5-20","1/22/2019 5:19:36 AM","00000000-6244-0000-e496-c183a0b2d401",,"System.UInt32[]","System.Diagnostics.Eventing.Reader.EventBookmark","Information","Info",,"System.Collections.ObjectModel.ReadOnlyCollection`1[System.String]","System.Collections.Generic.List`1[System.Diagnostics.Eventing.Reader.EventProperty]"
"The Remote Connection Manager selected Kernel mode RDP protocol stack.","1155","0",,"4","0","0","1152921504606846976","103","Microsoft-Windows-TerminalServices-RemoteConnectionManager","c76baa63-ae81-421c-b425-340b4b24157f","Microsoft-Windows-TerminalServices-RemoteConnectionManager/Operational","1288","1512","PC01.example.corp","S-1-5-20","1/22/2019 5:19:35 AM","51b2a7b7-abb7-4eba-bc42-4bed0061d133",,"System.UInt32[]","System.Diagnostics.Eventing.Reader.EventBookmark","Information","Info",,"System.Collections.ObjectModel.ReadOnlyCollection`1[System.String]","System.Collections.Generic.List`1[System.Diagnostics.Eventing.Reader.EventProperty]"
"RD Session Host Server role is not installed.","1136","0",,"4","0","0","1152921504606846976","102","Microsoft-Windows-TerminalServices-RemoteConnectionManager","c76baa63-ae81-421c-b425-340b4b24157f","Microsoft-Windows-TerminalServices-RemoteConnectionManager/Operational","980","1288","PC01.example.corp","S-1-5-18","1/21/2019 5:22:09 AM",,,"System.UInt32[]","System.Diagnostics.Eventing.Reader.EventBookmark","Information","Info",,"System.Collections.ObjectModel.ReadOnlyCollection`1[System.String]","System.Collections.Generic.List`1[System.Diagnostics.Eventing.Reader.EventProperty]"
"Listener RDP-Tcp has started listening","258","0",,"4","0","0","1152921504606846976","101","Microsoft-Windows-TerminalServices-RemoteConnectionManager","c76baa63-ae81-421c-b425-340b4b24157f","Microsoft-Windows-TerminalServices-RemoteConnectionManager/Operational","1240","1264","PC01.example.corp","S-1-5-20","1/21/2019 5:22:09 AM","00000000-d244-0000-2413-c1b5d7b1d401",,"System.UInt32[]","System.Diagnostics.Eventing.Reader.EventBookmark","Information","Info",,"System.Collections.ObjectModel.ReadOnlyCollection`1[System.String]","System.Collections.Generic.List`1[System.Diagnostics.Eventing.Reader.EventProperty]"
"The Remote Connection Manager selected Kernel mode RDP protocol stack.","1155","0",,"4","0","0","1152921504606846976","100","Microsoft-Windows-TerminalServices-RemoteConnectionManager","c76baa63-ae81-421c-b425-340b4b24157f","Microsoft-Windows-TerminalServices-RemoteConnectionManager/Operational","1240","1264","PC01.example.corp","S-1-5-20","1/21/2019 5:22:08 AM","cc754eff-b358-4465-9e89-693d6041c89f",,"System.UInt32[]","System.Diagnostics.Eventing.Reader.EventBookmark","Information","Info",,"System.Collections.ObjectModel.ReadOnlyCollection`1[System.String]","System.Collections.Generic.List`1[System.Diagnostics.Eventing.Reader.EventProperty]"
"RD Session Host Server role is not installed.","1136","0",,"4","0","0","1152921504606846976","99","Microsoft-Windows-TerminalServices-RemoteConnectionManager","c76baa63-ae81-421c-b425-340b4b24157f","Microsoft-Windows-TerminalServices-RemoteConnectionManager/Operational","1000","748","PC01.example.corp","S-1-5-18","1/21/2019 4:16:33 AM",,,"System.UInt32[]","System.Diagnostics.Eventing.Reader.EventBookmark","Information","Info",,"System.Collections.ObjectModel.ReadOnlyCollection`1[System.String]","System.Collections.Generic.List`1[System.Diagnostics.Eventing.Reader.EventProperty]"
"Listener RDP-Tcp has started listening","258","0",,"4","0","0","1152921504606846976","98","Microsoft-Windows-TerminalServices-RemoteConnectionManager","c76baa63-ae81-421c-b425-340b4b24157f","Microsoft-Windows-TerminalServices-RemoteConnectionManager/Operational","1304","1612","PC01.example.corp","S-1-5-20","1/21/2019 4:16:32 AM","00000000-2244-0000-9431-061783b1d401",,"System.UInt32[]","System.Diagnostics.Eventing.Reader.EventBookmark","Information","Info",,"System.Collections.ObjectModel.ReadOnlyCollection`1[System.String]","System.Collections.Generic.List`1[System.Diagnostics.Eventing.Reader.EventProperty]"
"The Remote Connection Manager selected Kernel mode RDP protocol stack.","1155","0",,"4","0","0","1152921504606846976","97","Microsoft-Windows-TerminalServices-RemoteConnectionManager","c76baa63-ae81-421c-b425-340b4b24157f","Microsoft-Windows-TerminalServices-RemoteConnectionManager/Operational","1304","1536","PC01.example.corp","S-1-5-20","1/21/2019 4:16:32 AM","0cbc23d7-2cd6-4930-9f84-d9a3f7a42da8",,"System.UInt32[]","System.Diagnostics.Eventing.Reader.EventBookmark","Information","Info",,"System.Collections.ObjectModel.ReadOnlyCollection`1[System.String]","System.Collections.Generic.List`1[System.Diagnostics.Eventing.Reader.EventProperty]"
"RD Session Host Server role is not installed.","1136","0",,"4","0","0","1152921504606846976","96","Microsoft-Windows-TerminalServices-RemoteConnectionManager","c76baa63-ae81-421c-b425-340b4b24157f","Microsoft-Windows-TerminalServices-RemoteConnectionManager/Operational","996","856","PC01.example.corp","S-1-5-18","1/21/2019 4:15:35 AM",,,"System.UInt32[]","System.Diagnostics.Eventing.Reader.EventBookmark","Information","Info",,"System.Collections.ObjectModel.ReadOnlyCollection`1[System.String]","System.Collections.Generic.List`1[System.Diagnostics.Eventing.Reader.EventProperty]"
"Listener RDP-Tcp has started listening","258","0",,"4","0","0","1152921504606846976","95","Microsoft-Windows-TerminalServices-RemoteConnectionManager","c76baa63-ae81-421c-b425-340b4b24157f","Microsoft-Windows-TerminalServices-RemoteConnectionManager/Operational","1324","1624","PC01.example.corp","S-1-5-20","1/21/2019 4:15:34 AM","00000000-b244-0000-e456-8668ceb1d401",,"System.UInt32[]","System.Diagnostics.Eventing.Reader.EventBookmark","Information","Info",,"System.Collections.ObjectModel.ReadOnlyCollection`1[System.String]","System.Collections.Generic.List`1[System.Diagnostics.Eventing.Reader.EventProperty]"
"The Remote Connection Manager selected Kernel mode RDP protocol stack.","1155","0",,"4","0","0","1152921504606846976","94","Microsoft-Windows-TerminalServices-RemoteConnectionManager","c76baa63-ae81-421c-b425-340b4b24157f","Microsoft-Windows-TerminalServices-RemoteConnectionManager/Operational","1324","1624","PC01.example.corp","S-1-5-20","1/21/2019 4:15:33 AM","7c5a6cf3-73a3-4d6d-98d9-cf9b332e3964",,"System.UInt32[]","System.Diagnostics.Eventing.Reader.EventBookmark","Information","Info",,"System.Collections.ObjectModel.ReadOnlyCollection`1[System.String]","System.Collections.Generic.List`1[System.Diagnostics.Eventing.Reader.EventProperty]"
"RD Session Host Server role is not installed.","1136","0",,"4","0","0","1152921504606846976","93","Microsoft-Windows-TerminalServices-RemoteConnectionManager","c76baa63-ae81-421c-b425-340b4b24157f","Microsoft-Windows-TerminalServices-RemoteConnectionManager/Operational","1024","408","PC01.example.corp","S-1-5-18","1/20/2019 5:34:15 AM",,,"System.UInt32[]","System.Diagnostics.Eventing.Reader.EventBookmark","Information","Info",,"System.Collections.ObjectModel.ReadOnlyCollection`1[System.String]","System.Collections.Generic.List`1[System.Diagnostics.Eventing.Reader.EventProperty]"
"Listener RDP-Tcp has started listening","258","0",,"4","0","0","1152921504606846976","92","Microsoft-Windows-TerminalServices-RemoteConnectionManager","c76baa63-ae81-421c-b425-340b4b24157f","Microsoft-Windows-TerminalServices-RemoteConnectionManager/Operational","1300","1536","PC01.example.corp","S-1-5-20","1/20/2019 5:34:15 AM","00000000-f244-0000-1423-a63c10b1d401",,"System.UInt32[]","System.Diagnostics.Eventing.Reader.EventBookmark","Information","Info",,"System.Collections.ObjectModel.ReadOnlyCollection`1[System.String]","System.Collections.Generic.List`1[System.Diagnostics.Eventing.Reader.EventProperty]"
"The Remote Connection Manager selected Kernel mode RDP protocol stack.","1155","0",,"4","0","0","1152921504606846976","91","Microsoft-Windows-TerminalServices-RemoteConnectionManager","c76baa63-ae81-421c-b425-340b4b24157f","Microsoft-Windows-TerminalServices-RemoteConnectionManager/Operational","1300","1536","PC01.example.corp","S-1-5-20","1/20/2019 5:34:14 AM","a2b5a3af-f2a6-4960-a5a3-7e0434ae2471",,"System.UInt32[]","System.Diagnostics.Eventing.Reader.EventBookmark","Information","Info",,"System.Collections.ObjectModel.ReadOnlyCollection`1[System.String]","System.Collections.Generic.List`1[System.Diagnostics.Eventing.Reader.EventProperty]"
"RD Session Host Server role is not installed.","1136","0",,"4","0","0","1152921504606846976","90","Microsoft-Windows-TerminalServices-RemoteConnectionManager","c76baa63-ae81-421c-b425-340b4b24157f","Microsoft-Windows-TerminalServices-RemoteConnectionManager/Operational","1000","992","PC01.example.corp","S-1-5-18","1/19/2019 2:19:48 PM",,,"System.UInt32[]","System.Diagnostics.Eventing.Reader.EventBookmark","Information","Info",,"System.Collections.ObjectModel.ReadOnlyCollection`1[System.String]","System.Collections.Generic.List`1[System.Diagnostics.Eventing.Reader.EventProperty]"
"Listener RDP-Tcp has started listening","258","0",,"4","0","0","1152921504606846976","89","Microsoft-Windows-TerminalServices-RemoteConnectionManager","c76baa63-ae81-421c-b425-340b4b24157f","Microsoft-Windows-TerminalServices-RemoteConnectionManager/Operational","1284","1784","PC01.example.corp","S-1-5-20","1/19/2019 2:19:48 PM","00000000-0244-0000-64a3-2b7c90b0d401",,"System.UInt32[]","System.Diagnostics.Eventing.Reader.EventBookmark","Information","Info",,"System.Collections.ObjectModel.ReadOnlyCollection`1[System.String]","System.Collections.Generic.List`1[System.Diagnostics.Eventing.Reader.EventProperty]"
"The Remote Connection Manager selected Kernel mode RDP protocol stack.","1155","0",,"4","0","0","1152921504606846976","88","Microsoft-Windows-TerminalServices-RemoteConnectionManager","c76baa63-ae81-421c-b425-340b4b24157f","Microsoft-Windows-TerminalServices-RemoteConnectionManager/Operational","1284","1552","PC01.example.corp","S-1-5-20","1/19/2019 2:19:47 PM","b5fc6193-3f46-41b5-9978-fdd1c3200c95",,"System.UInt32[]","System.Diagnostics.Eventing.Reader.EventBookmark","Information","Info",,"System.Collections.ObjectModel.ReadOnlyCollection`1[System.String]","System.Collections.Generic.List`1[System.Diagnostics.Eventing.Reader.EventProperty]"
"RD Session Host Server role is not installed.","1136","0",,"4","0","0","1152921504606846976","87","Microsoft-Windows-TerminalServices-RemoteConnectionManager","c76baa63-ae81-421c-b425-340b4b24157f","Microsoft-Windows-TerminalServices-RemoteConnectionManager/Operational","1028","380","PC01.example.corp","S-1-5-18","1/19/2019 1:18:42 PM",,,"System.UInt32[]","System.Diagnostics.Eventing.Reader.EventBookmark","Information","Info",,"System.Collections.ObjectModel.ReadOnlyCollection`1[System.String]","System.Collections.Generic.List`1[System.Diagnostics.Eventing.Reader.EventProperty]"
"Listener RDP-Tcp has started listening","258","0",,"4","0","0","1152921504606846976","86","Microsoft-Windows-TerminalServices-RemoteConnectionManager","c76baa63-ae81-421c-b425-340b4b24157f","Microsoft-Windows-TerminalServices-RemoteConnectionManager/Operational","1308","1536","PC01.example.corp","S-1-5-20","1/19/2019 1:18:42 PM","00000000-9244-0000-e404-a9f387b0d401",,"System.UInt32[]","System.Diagnostics.Eventing.Reader.EventBookmark","Information","Info",,"System.Collections.ObjectModel.ReadOnlyCollection`1[System.String]","System.Collections.Generic.List`1[System.Diagnostics.Eventing.Reader.EventProperty]"
"The Remote Connection Manager selected Kernel mode RDP protocol stack.","1155","0",,"4","0","0","1152921504606846976","85","Microsoft-Windows-TerminalServices-RemoteConnectionManager","c76baa63-ae81-421c-b425-340b4b24157f","Microsoft-Windows-TerminalServices-RemoteConnectionManager/Operational","1308","1536","PC01.example.corp","S-1-5-20","1/19/2019 1:18:40 PM","20b6addf-a784-4477-993d-85291a1fb65a",,"System.UInt32[]","System.Diagnostics.Eventing.Reader.EventBookmark","Information","Info",,"System.Collections.ObjectModel.ReadOnlyCollection`1[System.String]","System.Collections.Generic.List`1[System.Diagnostics.Eventing.Reader.EventProperty]"
"RD Session Host Server role is not installed.","1136","0",,"4","0","0","1152921504606846976","84","Microsoft-Windows-TerminalServices-RemoteConnectionManager","c76baa63-ae81-421c-b425-340b4b24157f","Microsoft-Windows-TerminalServices-RemoteConnectionManager/Operational","1028","1296","PC01.example.corp","S-1-5-18","1/19/2019 1:03:30 PM",,,"System.UInt32[]","System.Diagnostics.Eventing.Reader.EventBookmark","Information","Info",,"System.Collections.ObjectModel.ReadOnlyCollection`1[System.String]","System.Collections.Generic.List`1[System.Diagnostics.Eventing.Reader.EventProperty]"
"Listener RDP-Tcp has started listening","258","0",,"4","0","0","1152921504606846976","83","Microsoft-Windows-TerminalServices-RemoteConnectionManager","c76baa63-ae81-421c-b425-340b4b24157f","Microsoft-Windows-TerminalServices-RemoteConnectionManager/Operational","1312","1804","PC01.example.corp","S-1-5-20","1/19/2019 1:03:29 PM","00000000-b244-0000-6446-78d385b0d401",,"System.UInt32[]","System.Diagnostics.Eventing.Reader.EventBookmark","Information","Info",,"System.Collections.ObjectModel.ReadOnlyCollection`1[System.String]","System.Collections.Generic.List`1[System.Diagnostics.Eventing.Reader.EventProperty]"
"The Remote Connection Manager selected Kernel mode RDP protocol stack.","1155","0",,"4","0","0","1152921504606846976","82","Microsoft-Windows-TerminalServices-RemoteConnectionManager","c76baa63-ae81-421c-b425-340b4b24157f","Microsoft-Windows-TerminalServices-RemoteConnectionManager/Operational","1312","1548","PC01.example.corp","S-1-5-20","1/19/2019 1:03:27 PM","dd6eb33e-2996-4969-8bb7-ba53426abaa0",,"System.UInt32[]","System.Diagnostics.Eventing.Reader.EventBookmark","Information","Info",,"System.Collections.ObjectModel.ReadOnlyCollection`1[System.String]","System.Collections.Generic.List`1[System.Diagnostics.Eventing.Reader.EventProperty]"
"RD Session Host Server role is not installed.","1136","0",,"4","0","0","1152921504606846976","81","Microsoft-Windows-TerminalServices-RemoteConnectionManager","c76baa63-ae81-421c-b425-340b4b24157f","Microsoft-Windows-TerminalServices-RemoteConnectionManager/Operational","1024","332","PC01.example.corp","S-1-5-18","1/19/2019 12:52:28 PM",,,"System.UInt32[]","System.Diagnostics.Eventing.Reader.EventBookmark","Information","Info",,"System.Collections.ObjectModel.ReadOnlyCollection`1[System.String]","System.Collections.Generic.List`1[System.Diagnostics.Eventing.Reader.EventProperty]"
"Listener RDP-Tcp has started listening","258","0",,"4","0","0","1152921504606846976","80","Microsoft-Windows-TerminalServices-RemoteConnectionManager","c76baa63-ae81-421c-b425-340b4b24157f","Microsoft-Windows-TerminalServices-RemoteConnectionManager/Operational","1288","1548","PC01.example.corp","S-1-5-20","1/19/2019 12:52:28 PM","00000000-4244-0000-6423-c0dd38b0d401",,"System.UInt32[]","System.Diagnostics.Eventing.Reader.EventBookmark","Information","Info",,"System.Collections.ObjectModel.ReadOnlyCollection`1[System.String]","System.Collections.Generic.List`1[System.Diagnostics.Eventing.Reader.EventProperty]"
"The Remote Connection Manager selected Kernel mode RDP protocol stack.","1155","0",,"4","0","0","1152921504606846976","79","Microsoft-Windows-TerminalServices-RemoteConnectionManager","c76baa63-ae81-421c-b425-340b4b24157f","Microsoft-Windows-TerminalServices-RemoteConnectionManager/Operational","1288","1548","PC01.example.corp","S-1-5-20","1/19/2019 12:52:28 PM","41c8d26f-ba01-472a-bec7-be3e17288184",,"System.UInt32[]","System.Diagnostics.Eventing.Reader.EventBookmark","Information","Info",,"System.Collections.ObjectModel.ReadOnlyCollection`1[System.String]","System.Collections.Generic.List`1[System.Diagnostics.Eventing.Reader.EventProperty]"
"RD Session Host Server role is not installed.","1136","0",,"4","0","0","1152921504606846976","78","Microsoft-Windows-TerminalServices-RemoteConnectionManager","c76baa63-ae81-421c-b425-340b4b24157f","Microsoft-Windows-TerminalServices-RemoteConnectionManager/Operational","1024","2068","IEWIN7","S-1-5-18","1/19/2019 12:43:35 PM",,,"System.UInt32[]","System.Diagnostics.Eventing.Reader.EventBookmark","Information","Info",,"System.Collections.ObjectModel.ReadOnlyCollection`1[System.String]","System.Collections.Generic.List`1[System.Diagnostics.Eventing.Reader.EventProperty]"
"Listener RDP-Tcp has started listening","258","0",,"4","0","0","1152921504606846976","77","Microsoft-Windows-TerminalServices-RemoteConnectionManager","c76baa63-ae81-421c-b425-340b4b24157f","Microsoft-Windows-TerminalServices-RemoteConnectionManager/Operational","1248","1268","IEWIN7","S-1-5-20","1/19/2019 12:43:35 PM","00000000-7244-0000-1452-10a037b0d401",,"System.UInt32[]","System.Diagnostics.Eventing.Reader.EventBookmark","Information","Info",,"System.Collections.ObjectModel.ReadOnlyCollection`1[System.String]","System.Collections.Generic.List`1[System.Diagnostics.Eventing.Reader.EventProperty]"
"The Remote Connection Manager selected Kernel mode RDP protocol stack.","1155","0",,"4","0","0","1152921504606846976","76","Microsoft-Windows-TerminalServices-RemoteConnectionManager","c76baa63-ae81-421c-b425-340b4b24157f","Microsoft-Windows-TerminalServices-RemoteConnectionManager/Operational","1248","1268","IEWIN7","S-1-5-20","1/19/2019 12:43:35 PM","24abdecc-a23b-4d4f-8f9a-91ec91514325",,"System.UInt32[]","System.Diagnostics.Eventing.Reader.EventBookmark","Information","Info",,"System.Collections.ObjectModel.ReadOnlyCollection`1[System.String]","System.Collections.Generic.List`1[System.Diagnostics.Eventing.Reader.EventProperty]"
"RD Session Host Server role is not installed.","1136","0",,"4","0","0","1152921504606846976","75","Microsoft-Windows-TerminalServices-RemoteConnectionManager","c76baa63-ae81-421c-b425-340b4b24157f","Microsoft-Windows-TerminalServices-RemoteConnectionManager/Operational","984","1980","IEWIN7","S-1-5-18","1/19/2019 12:33:18 PM",,,"System.UInt32[]","System.Diagnostics.Eventing.Reader.EventBookmark","Information","Info",,"System.Collections.ObjectModel.ReadOnlyCollection`1[System.String]","System.Collections.Generic.List`1[System.Diagnostics.Eventing.Reader.EventProperty]"
"Listener RDP-Tcp has started listening","258","0",,"4","0","0","1152921504606846976","74","Microsoft-Windows-TerminalServices-RemoteConnectionManager","c76baa63-ae81-421c-b425-340b4b24157f","Microsoft-Windows-TerminalServices-RemoteConnectionManager/Operational","1268","1916","IEWIN7","S-1-5-20","1/19/2019 12:33:18 PM","00000000-3244-0000-1422-099c81b0d401",,"System.UInt32[]","System.Diagnostics.Eventing.Reader.EventBookmark","Information","Info",,"System.Collections.ObjectModel.ReadOnlyCollection`1[System.String]","System.Collections.Generic.List`1[System.Diagnostics.Eventing.Reader.EventProperty]"
"The Remote Connection Manager selected Kernel mode RDP protocol stack.","1155","0",,"4","0","0","1152921504606846976","73","Microsoft-Windows-TerminalServices-RemoteConnectionManager","c76baa63-ae81-421c-b425-340b4b24157f","Microsoft-Windows-TerminalServices-RemoteConnectionManager/Operational","1268","1896","IEWIN7","S-1-5-20","1/19/2019 12:33:17 PM","039b1759-5189-4855-bbed-050fcfcdf33b",,"System.UInt32[]","System.Diagnostics.Eventing.Reader.EventBookmark","Information","Info",,"System.Collections.ObjectModel.ReadOnlyCollection`1[System.String]","System.Collections.Generic.List`1[System.Diagnostics.Eventing.Reader.EventProperty]"
"RD Session Host Server role is not installed.","1136","0",,"4","0","0","1152921504606846976","72","Microsoft-Windows-TerminalServices-RemoteConnectionManager","c76baa63-ae81-421c-b425-340b4b24157f","Microsoft-Windows-TerminalServices-RemoteConnectionManager/Operational","980","2056","IEWIN7","S-1-5-18","1/19/2019 6:31:28 AM",,,"System.UInt32[]","System.Diagnostics.Eventing.Reader.EventBookmark","Information","Info",,"System.Collections.ObjectModel.ReadOnlyCollection`1[System.String]","System.Collections.Generic.List`1[System.Diagnostics.Eventing.Reader.EventProperty]"
"Listener RDP-Tcp has started listening","258","0",,"4","0","0","1152921504606846976","71","Microsoft-Windows-TerminalServices-RemoteConnectionManager","c76baa63-ae81-421c-b425-340b4b24157f","Microsoft-Windows-TerminalServices-RemoteConnectionManager/Operational","1236","1912","IEWIN7","S-1-5-20","1/19/2019 6:31:27 AM","00000000-1244-0000-c470-b30b4fb0d401",,"System.UInt32[]","System.Diagnostics.Eventing.Reader.EventBookmark","Information","Info",,"System.Collections.ObjectModel.ReadOnlyCollection`1[System.String]","System.Collections.Generic.List`1[System.Diagnostics.Eventing.Reader.EventProperty]"
"The Remote Connection Manager selected Kernel mode RDP protocol stack.","1155","0",,"4","0","0","1152921504606846976","70","Microsoft-Windows-TerminalServices-RemoteConnectionManager","c76baa63-ae81-421c-b425-340b4b24157f","Microsoft-Windows-TerminalServices-RemoteConnectionManager/Operational","1236","1256","IEWIN7","S-1-5-20","1/19/2019 6:31:26 AM","c8b05bf2-da6b-4215-bf4c-fdae667596eb",,"System.UInt32[]","System.Diagnostics.Eventing.Reader.EventBookmark","Information","Info",,"System.Collections.ObjectModel.ReadOnlyCollection`1[System.String]","System.Collections.Generic.List`1[System.Diagnostics.Eventing.Reader.EventProperty]"
"RD Session Host Server role is not installed.","1136","0",,"4","0","0","1152921504606846976","69","Microsoft-Windows-TerminalServices-RemoteConnectionManager","c76baa63-ae81-421c-b425-340b4b24157f","Microsoft-Windows-TerminalServices-RemoteConnectionManager/Operational","1008","328","IEWIN7","S-1-5-18","1/19/2019 4:20:38 AM",,,"System.UInt32[]","System.Diagnostics.Eventing.Reader.EventBookmark","Information","Info",,"System.Collections.ObjectModel.ReadOnlyCollection`1[System.String]","System.Collections.Generic.List`1[System.Diagnostics.Eventing.Reader.EventProperty]"
"Listener RDP-Tcp has started listening","258","0",,"4","0","0","1152921504606846976","68","Microsoft-Windows-TerminalServices-RemoteConnectionManager","c76baa63-ae81-421c-b425-340b4b24157f","Microsoft-Windows-TerminalServices-RemoteConnectionManager/Operational","1272","1284","IEWIN7","S-1-5-20","1/19/2019 4:20:38 AM","00000000-5244-0000-b4e6-8f5cf1afd401",,"System.UInt32[]","System.Diagnostics.Eventing.Reader.EventBookmark","Information","Info",,"System.Collections.ObjectModel.ReadOnlyCollection`1[System.String]","System.Collections.Generic.List`1[System.Diagnostics.Eventing.Reader.EventProperty]"
