"Message","Id","Version","Qualifiers","Level","Task","Opcode","Keywords","RecordId","ProviderName","ProviderId","LogName","ProcessId","ThreadId","MachineName","UserId","TimeCreated","ActivityId","RelatedActivityId","MatchedQueryIds","Bookmark","LevelDisplayName","OpcodeDisplayName","TaskDisplayName","KeywordsDisplayNames","Properties"
"Request for user %1 (%2) will be executed using WinRM virtual account %3 (%4)","193","0",,"4","8","0","4611686018427387916","863","Microsoft-Windows-WinRM","a7975c8f-ac13-49f1-87da-5a984a4ab417","Microsoft-Windows-WinRM/Operational","1204","3068","IEWIN7","S-1-5-20","5/20/2019 8:54:32 AM","8534c364-2cc0-0001-c84d-a5f46c0fd501",,"System.UInt32[]","System.Diagnostics.Eventing.Reader.EventBookmark","Information","Info","User authorization","System.Collections.ObjectModel.ReadOnlyCollection`1[System.String]","System.Collections.Generic.List`1[System.Diagnostics.Eventing.Reader.EventProperty]"
,"169","0",,"4","7","0","4611686018427387916","861","Microsoft-Windows-WinRM","a7975c8f-ac13-49f1-87da-5a984a4ab417","Microsoft-Windows-WinRM/Operational","1204","3068","IEWIN7","S-1-5-20","5/20/2019 8:54:32 AM","8534c364-2cc0-0001-c84d-a5f46c0fd501",,"System.UInt32[]","System.Diagnostics.Eventing.Reader.EventBookmark","Information","Info","User authentication","System.Collections.ObjectModel.ReadOnlyCollection`1[System.String]","System.Collections.Generic.List`1[System.Diagnostics.Eventing.Reader.EventProperty]"
"Request for user %1 (%2) will be executed using WinRM virtual account %3 (%4)","193","0",,"4","8","0","4611686018427387916","842","Microsoft-Windows-WinRM","a7975c8f-ac13-49f1-87da-5a984a4ab417","Microsoft-Windows-WinRM/Operational","1204","3068","IEWIN7","S-1-5-20","5/20/2019 8:54:32 AM","8534c364-2cc0-0001-c84d-a5f46c0fd501",,"System.UInt32[]","System.Diagnostics.Eventing.Reader.EventBookmark","Information","Info","User authorization","System.Collections.ObjectModel.ReadOnlyCollection`1[System.String]","System.Collections.Generic.List`1[System.Diagnostics.Eventing.Reader.EventProperty]"
,"169","0",,"4","7","0","4611686018427387916","840","Microsoft-Windows-WinRM","a7975c8f-ac13-49f1-87da-5a984a4ab417","Microsoft-Windows-WinRM/Operational","1204","3068","IEWIN7","S-1-5-20","5/20/2019 8:54:32 AM","8534c364-2cc0-0001-c84d-a5f46c0fd501",,"System.UInt32[]","System.Diagnostics.Eventing.Reader.EventBookmark","Information","Info","User authentication","System.Collections.ObjectModel.ReadOnlyCollection`1[System.String]","System.Collections.Generic.List`1[System.Diagnostics.Eventing.Reader.EventProperty]"
"Request for user %1 (%2) will be executed using WinRM virtual account %3 (%4)","193","0",,"4","8","0","4611686018427387916","836","Microsoft-Windows-WinRM","a7975c8f-ac13-49f1-87da-5a984a4ab417","Microsoft-Windows-WinRM/Operational","1204","3696","IEWIN7","S-1-5-20","5/20/2019 8:54:31 AM","8534c364-2cc0-0001-bf4d-a5f46c0fd501",,"System.UInt32[]","System.Diagnostics.Eventing.Reader.EventBookmark","Information","Info","User authorization","System.Collections.ObjectModel.ReadOnlyCollection`1[System.String]","System.Collections.Generic.List`1[System.Diagnostics.Eventing.Reader.EventProperty]"
,"169","0",,"4","7","0","4611686018427387916","834","Microsoft-Windows-WinRM","a7975c8f-ac13-49f1-87da-5a984a4ab417","Microsoft-Windows-WinRM/Operational","1204","3696","IEWIN7","S-1-5-20","5/20/2019 8:54:31 AM","8534c364-2cc0-0001-bf4d-a5f46c0fd501",,"System.UInt32[]","System.Diagnostics.Eventing.Reader.EventBookmark","Information","Info","User authentication","System.Collections.ObjectModel.ReadOnlyCollection`1[System.String]","System.Collections.Generic.List`1[System.Diagnostics.Eventing.Reader.EventProperty]"
