"Message","Id","Version","Qualifiers","Level","Task","Opcode","Keywords","RecordId","ProviderName","ProviderId","LogName","ProcessId","ThreadId","MachineName","UserId","TimeCreated","ActivityId","RelatedActivityId","MatchedQueryIds","Bookmark","LevelDisplayName","OpcodeDisplayName","TaskDisplayName","KeywordsDisplayNames","Properties"
"The Windows Filtering Platform has permitted a connection.

Application Information:
	Process ID:		1588
	Application Name:	\device\harddiskvolume1\windows\system32\svchost.exe

Network Information:
	Direction:		Inbound
	Source Address:		239.255.255.250
	Source Port:		1900
	Destination Address:	127.0.0.1
	Destination Port:		55141
	Protocol:		17

Filter Information:
	Filter Run-Time ID:	0
	Layer Name:		Receive/Accept
	Layer Run-Time ID:	44","5156","1",,"0","12810","0","-9214364837600034816","227960","Microsoft-Windows-Security-Auditing","54849625-5478-4994-a5ba-3e3b0328c30d","Security","4","56","PC01.example.corp",,"2/13/2019 10:05:24 AM",,,"System.UInt32[]","System.Diagnostics.Eventing.Reader.EventBookmark","Information","Info","Filtering Platform Connection","System.Collections.ObjectModel.ReadOnlyCollection`1[System.String]","System.Collections.Generic.List`1[System.Diagnostics.Eventing.Reader.EventProperty]"
"The Windows Filtering Platform has permitted a connection.

Application Information:
	Process ID:		1588
	Application Name:	\device\harddiskvolume1\windows\system32\svchost.exe

Network Information:
	Direction:		Inbound
	Source Address:		ff02::c
	Source Port:		1900
	Destination Address:	::1
	Destination Port:		55139
	Protocol:		17

Filter Information:
	Filter Run-Time ID:	0
	Layer Name:		Receive/Accept
	Layer Run-Time ID:	46","5156","1",,"0","12810","0","-9214364837600034816","227959","Microsoft-Windows-Security-Auditing","54849625-5478-4994-a5ba-3e3b0328c30d","Security","4","56","PC01.example.corp",,"2/13/2019 10:05:24 AM",,,"System.UInt32[]","System.Diagnostics.Eventing.Reader.EventBookmark","Information","Info","Filtering Platform Connection","System.Collections.ObjectModel.ReadOnlyCollection`1[System.String]","System.Collections.Generic.List`1[System.Diagnostics.Eventing.Reader.EventProperty]"
"The Windows Filtering Platform has permitted a connection.

Application Information:
	Process ID:		1588
	Application Name:	\device\harddiskvolume1\windows\system32\svchost.exe

Network Information:
	Direction:		Inbound
	Source Address:		239.255.255.250
	Source Port:		1900
	Destination Address:	127.0.0.1
	Destination Port:		55141
	Protocol:		17

Filter Information:
	Filter Run-Time ID:	0
	Layer Name:		Receive/Accept
	Layer Run-Time ID:	44","5156","1",,"0","12810","0","-9214364837600034816","227958","Microsoft-Windows-Security-Auditing","54849625-5478-4994-a5ba-3e3b0328c30d","Security","4","56","PC01.example.corp",,"2/13/2019 10:05:24 AM",,,"System.UInt32[]","System.Diagnostics.Eventing.Reader.EventBookmark","Information","Info","Filtering Platform Connection","System.Collections.ObjectModel.ReadOnlyCollection`1[System.String]","System.Collections.Generic.List`1[System.Diagnostics.Eventing.Reader.EventProperty]"
"The Windows Filtering Platform has permitted a connection.

Application Information:
	Process ID:		1588
	Application Name:	\device\harddiskvolume1\windows\system32\svchost.exe

Network Information:
	Direction:		Inbound
	Source Address:		ff02::c
	Source Port:		1900
	Destination Address:	::1
	Destination Port:		55139
	Protocol:		17

Filter Information:
	Filter Run-Time ID:	0
	Layer Name:		Receive/Accept
	Layer Run-Time ID:	46","5156","1",,"0","12810","0","-9214364837600034816","227957","Microsoft-Windows-Security-Auditing","54849625-5478-4994-a5ba-3e3b0328c30d","Security","4","56","PC01.example.corp",,"2/13/2019 10:05:24 AM",,,"System.UInt32[]","System.Diagnostics.Eventing.Reader.EventBookmark","Information","Info","Filtering Platform Connection","System.Collections.ObjectModel.ReadOnlyCollection`1[System.String]","System.Collections.Generic.List`1[System.Diagnostics.Eventing.Reader.EventProperty]"
"The Windows Filtering Platform has permitted a connection.

Application Information:
	Process ID:		1588
	Application Name:	\device\harddiskvolume1\windows\system32\svchost.exe

Network Information:
	Direction:		Inbound
	Source Address:		239.255.255.250
	Source Port:		1900
	Destination Address:	127.0.0.1
	Destination Port:		55141
	Protocol:		17

Filter Information:
	Filter Run-Time ID:	0
	Layer Name:		Receive/Accept
	Layer Run-Time ID:	44","5156","1",,"0","12810","0","-9214364837600034816","227956","Microsoft-Windows-Security-Auditing","54849625-5478-4994-a5ba-3e3b0328c30d","Security","4","56","PC01.example.corp",,"2/13/2019 10:05:21 AM",,,"System.UInt32[]","System.Diagnostics.Eventing.Reader.EventBookmark","Information","Info","Filtering Platform Connection","System.Collections.ObjectModel.ReadOnlyCollection`1[System.String]","System.Collections.Generic.List`1[System.Diagnostics.Eventing.Reader.EventProperty]"
"The Windows Filtering Platform has permitted a connection.

Application Information:
	Process ID:		1588
	Application Name:	\device\harddiskvolume1\windows\system32\svchost.exe

Network Information:
	Direction:		Inbound
	Source Address:		ff02::c
	Source Port:		1900
	Destination Address:	::1
	Destination Port:		55139
	Protocol:		17

Filter Information:
	Filter Run-Time ID:	0
	Layer Name:		Receive/Accept
	Layer Run-Time ID:	46","5156","1",,"0","12810","0","-9214364837600034816","227955","Microsoft-Windows-Security-Auditing","54849625-5478-4994-a5ba-3e3b0328c30d","Security","4","56","PC01.example.corp",,"2/13/2019 10:05:21 AM",,,"System.UInt32[]","System.Diagnostics.Eventing.Reader.EventBookmark","Information","Info","Filtering Platform Connection","System.Collections.ObjectModel.ReadOnlyCollection`1[System.String]","System.Collections.Generic.List`1[System.Diagnostics.Eventing.Reader.EventProperty]"
"The Windows Filtering Platform has permitted a connection.

Application Information:
	Process ID:		1588
	Application Name:	\device\harddiskvolume1\windows\system32\svchost.exe

Network Information:
	Direction:		Inbound
	Source Address:		239.255.255.250
	Source Port:		1900
	Destination Address:	127.0.0.1
	Destination Port:		55141
	Protocol:		17

Filter Information:
	Filter Run-Time ID:	0
	Layer Name:		Receive/Accept
	Layer Run-Time ID:	44","5156","1",,"0","12810","0","-9214364837600034816","227954","Microsoft-Windows-Security-Auditing","54849625-5478-4994-a5ba-3e3b0328c30d","Security","4","56","PC01.example.corp",,"2/13/2019 10:05:21 AM",,,"System.UInt32[]","System.Diagnostics.Eventing.Reader.EventBookmark","Information","Info","Filtering Platform Connection","System.Collections.ObjectModel.ReadOnlyCollection`1[System.String]","System.Collections.Generic.List`1[System.Diagnostics.Eventing.Reader.EventProperty]"
"The Windows Filtering Platform has permitted a connection.

Application Information:
	Process ID:		1588
	Application Name:	\device\harddiskvolume1\windows\system32\svchost.exe

Network Information:
	Direction:		Inbound
	Source Address:		ff02::c
	Source Port:		1900
	Destination Address:	::1
	Destination Port:		55139
	Protocol:		17

Filter Information:
	Filter Run-Time ID:	0
	Layer Name:		Receive/Accept
	Layer Run-Time ID:	46","5156","1",,"0","12810","0","-9214364837600034816","227953","Microsoft-Windows-Security-Auditing","54849625-5478-4994-a5ba-3e3b0328c30d","Security","4","56","PC01.example.corp",,"2/13/2019 10:05:21 AM",,,"System.UInt32[]","System.Diagnostics.Eventing.Reader.EventBookmark","Information","Info","Filtering Platform Connection","System.Collections.ObjectModel.ReadOnlyCollection`1[System.String]","System.Collections.Generic.List`1[System.Diagnostics.Eventing.Reader.EventProperty]"
"The Windows Filtering Platform has permitted a connection.

Application Information:
	Process ID:		4
	Application Name:	System

Network Information:
	Direction:		Inbound
	Source Address:		127.0.0.1
	Source Port:		5357
	Destination Address:	127.0.0.1
	Destination Port:		49284
	Protocol:		6

Filter Information:
	Filter Run-Time ID:	0
	Layer Name:		Receive/Accept
	Layer Run-Time ID:	44","5156","1",,"0","12810","0","-9214364837600034816","227952","Microsoft-Windows-Security-Auditing","54849625-5478-4994-a5ba-3e3b0328c30d","Security","4","56","PC01.example.corp",,"2/13/2019 10:05:19 AM",,,"System.UInt32[]","System.Diagnostics.Eventing.Reader.EventBookmark","Information","Info","Filtering Platform Connection","System.Collections.ObjectModel.ReadOnlyCollection`1[System.String]","System.Collections.Generic.List`1[System.Diagnostics.Eventing.Reader.EventProperty]"
"The Windows Filtering Platform has permitted a connection.

Application Information:
	Process ID:		984
	Application Name:	\device\harddiskvolume1\windows\system32\svchost.exe

Network Information:
	Direction:		Outbound
	Source Address:		127.0.0.1
	Source Port:		49284
	Destination Address:	127.0.0.1
	Destination Port:		5357
	Protocol:		6

Filter Information:
	Filter Run-Time ID:	0
	Layer Name:		Connect
	Layer Run-Time ID:	48","5156","1",,"0","12810","0","-9214364837600034816","227951","Microsoft-Windows-Security-Auditing","54849625-5478-4994-a5ba-3e3b0328c30d","Security","4","56","PC01.example.corp",,"2/13/2019 10:05:19 AM",,,"System.UInt32[]","System.Diagnostics.Eventing.Reader.EventBookmark","Information","Info","Filtering Platform Connection","System.Collections.ObjectModel.ReadOnlyCollection`1[System.String]","System.Collections.Generic.List`1[System.Diagnostics.Eventing.Reader.EventProperty]"
"The Windows Filtering Platform has permitted a connection.

Application Information:
	Process ID:		1588
	Application Name:	\device\harddiskvolume1\windows\system32\svchost.exe

Network Information:
	Direction:		Outbound
	Source Address:		127.0.0.1
	Source Port:		3702
	Destination Address:	127.0.0.1
	Destination Port:		53614
	Protocol:		17

Filter Information:
	Filter Run-Time ID:	0
	Layer Name:		Connect
	Layer Run-Time ID:	48","5156","1",,"0","12810","0","-9214364837600034816","227950","Microsoft-Windows-Security-Auditing","54849625-5478-4994-a5ba-3e3b0328c30d","Security","4","56","PC01.example.corp",,"2/13/2019 10:05:19 AM",,,"System.UInt32[]","System.Diagnostics.Eventing.Reader.EventBookmark","Information","Info","Filtering Platform Connection","System.Collections.ObjectModel.ReadOnlyCollection`1[System.String]","System.Collections.Generic.List`1[System.Diagnostics.Eventing.Reader.EventProperty]"
"The Windows Filtering Platform has permitted a connection.

Application Information:
	Process ID:		984
	Application Name:	\device\harddiskvolume1\windows\system32\svchost.exe

Network Information:
	Direction:		Inbound
	Source Address:		239.255.255.250
	Source Port:		3702
	Destination Address:	127.0.0.1
	Destination Port:		53614
	Protocol:		17

Filter Information:
	Filter Run-Time ID:	0
	Layer Name:		Receive/Accept
	Layer Run-Time ID:	44","5156","1",,"0","12810","0","-9214364837600034816","227949","Microsoft-Windows-Security-Auditing","54849625-5478-4994-a5ba-3e3b0328c30d","Security","4","56","PC01.example.corp",,"2/13/2019 10:05:18 AM",,,"System.UInt32[]","System.Diagnostics.Eventing.Reader.EventBookmark","Information","Info","Filtering Platform Connection","System.Collections.ObjectModel.ReadOnlyCollection`1[System.String]","System.Collections.Generic.List`1[System.Diagnostics.Eventing.Reader.EventProperty]"
"The Windows Filtering Platform has permitted a connection.

Application Information:
	Process ID:		1588
	Application Name:	\device\harddiskvolume1\windows\system32\svchost.exe

Network Information:
	Direction:		Inbound
	Source Address:		239.255.255.250
	Source Port:		3702
	Destination Address:	127.0.0.1
	Destination Port:		53614
	Protocol:		17

Filter Information:
	Filter Run-Time ID:	0
	Layer Name:		Receive/Accept
	Layer Run-Time ID:	44","5156","1",,"0","12810","0","-9214364837600034816","227948","Microsoft-Windows-Security-Auditing","54849625-5478-4994-a5ba-3e3b0328c30d","Security","4","56","PC01.example.corp",,"2/13/2019 10:05:18 AM",,,"System.UInt32[]","System.Diagnostics.Eventing.Reader.EventBookmark","Information","Info","Filtering Platform Connection","System.Collections.ObjectModel.ReadOnlyCollection`1[System.String]","System.Collections.Generic.List`1[System.Diagnostics.Eventing.Reader.EventProperty]"
"The Windows Filtering Platform has permitted a connection.

Application Information:
	Process ID:		984
	Application Name:	\device\harddiskvolume1\windows\system32\svchost.exe

Network Information:
	Direction:		Inbound
	Source Address:		ff02::c
	Source Port:		3702
	Destination Address:	::1
	Destination Port:		53615
	Protocol:		17

Filter Information:
	Filter Run-Time ID:	0
	Layer Name:		Receive/Accept
	Layer Run-Time ID:	46","5156","1",,"0","12810","0","-9214364837600034816","227947","Microsoft-Windows-Security-Auditing","54849625-5478-4994-a5ba-3e3b0328c30d","Security","4","56","PC01.example.corp",,"2/13/2019 10:05:18 AM",,,"System.UInt32[]","System.Diagnostics.Eventing.Reader.EventBookmark","Information","Info","Filtering Platform Connection","System.Collections.ObjectModel.ReadOnlyCollection`1[System.String]","System.Collections.Generic.List`1[System.Diagnostics.Eventing.Reader.EventProperty]"
"The Windows Filtering Platform has permitted a connection.

Application Information:
	Process ID:		1588
	Application Name:	\device\harddiskvolume1\windows\system32\svchost.exe

Network Information:
	Direction:		Inbound
	Source Address:		ff02::c
	Source Port:		3702
	Destination Address:	::1
	Destination Port:		53615
	Protocol:		17

Filter Information:
	Filter Run-Time ID:	0
	Layer Name:		Receive/Accept
	Layer Run-Time ID:	46","5156","1",,"0","12810","0","-9214364837600034816","227946","Microsoft-Windows-Security-Auditing","54849625-5478-4994-a5ba-3e3b0328c30d","Security","4","56","PC01.example.corp",,"2/13/2019 10:05:18 AM",,,"System.UInt32[]","System.Diagnostics.Eventing.Reader.EventBookmark","Information","Info","Filtering Platform Connection","System.Collections.ObjectModel.ReadOnlyCollection`1[System.String]","System.Collections.Generic.List`1[System.Diagnostics.Eventing.Reader.EventProperty]"
"The Windows Filtering Platform has permitted a connection.

Application Information:
	Process ID:		984
	Application Name:	\device\harddiskvolume1\windows\system32\svchost.exe

Network Information:
	Direction:		Inbound
	Source Address:		ff02::c
	Source Port:		3702
	Destination Address:	::1
	Destination Port:		53615
	Protocol:		17

Filter Information:
	Filter Run-Time ID:	0
	Layer Name:		Receive/Accept
	Layer Run-Time ID:	46","5156","1",,"0","12810","0","-9214364837600034816","227875","Microsoft-Windows-Security-Auditing","54849625-5478-4994-a5ba-3e3b0328c30d","Security","4","56","PC01.example.corp",,"2/13/2019 10:05:18 AM",,,"System.UInt32[]","System.Diagnostics.Eventing.Reader.EventBookmark","Information","Info","Filtering Platform Connection","System.Collections.ObjectModel.ReadOnlyCollection`1[System.String]","System.Collections.Generic.List`1[System.Diagnostics.Eventing.Reader.EventProperty]"
"The Windows Filtering Platform has permitted a connection.

Application Information:
	Process ID:		1588
	Application Name:	\device\harddiskvolume1\windows\system32\svchost.exe

Network Information:
	Direction:		Inbound
	Source Address:		ff02::c
	Source Port:		3702
	Destination Address:	::1
	Destination Port:		53615
	Protocol:		17

Filter Information:
	Filter Run-Time ID:	0
	Layer Name:		Receive/Accept
	Layer Run-Time ID:	46","5156","1",,"0","12810","0","-9214364837600034816","227874","Microsoft-Windows-Security-Auditing","54849625-5478-4994-a5ba-3e3b0328c30d","Security","4","56","PC01.example.corp",,"2/13/2019 10:05:18 AM",,,"System.UInt32[]","System.Diagnostics.Eventing.Reader.EventBookmark","Information","Info","Filtering Platform Connection","System.Collections.ObjectModel.ReadOnlyCollection`1[System.String]","System.Collections.Generic.List`1[System.Diagnostics.Eventing.Reader.EventProperty]"
"The Windows Filtering Platform has permitted a connection.

Application Information:
	Process ID:		984
	Application Name:	\device\harddiskvolume1\windows\system32\svchost.exe

Network Information:
	Direction:		Outbound
	Source Address:		::1
	Source Port:		53615
	Destination Address:	ff02::c
	Destination Port:		3702
	Protocol:		17

Filter Information:
	Filter Run-Time ID:	0
	Layer Name:		Connect
	Layer Run-Time ID:	50","5156","1",,"0","12810","0","-9214364837600034816","227873","Microsoft-Windows-Security-Auditing","54849625-5478-4994-a5ba-3e3b0328c30d","Security","4","56","PC01.example.corp",,"2/13/2019 10:05:18 AM",,,"System.UInt32[]","System.Diagnostics.Eventing.Reader.EventBookmark","Information","Info","Filtering Platform Connection","System.Collections.ObjectModel.ReadOnlyCollection`1[System.String]","System.Collections.Generic.List`1[System.Diagnostics.Eventing.Reader.EventProperty]"
"The Windows Filtering Platform has permitted a connection.

Application Information:
	Process ID:		984
	Application Name:	\device\harddiskvolume1\windows\system32\svchost.exe

Network Information:
	Direction:		Outbound
	Source Address:		fe80::80ac:4126:fa58:1b81
	Source Port:		53615
	Destination Address:	ff02::c
	Destination Port:		3702
	Protocol:		17

Filter Information:
	Filter Run-Time ID:	0
	Layer Name:		Connect
	Layer Run-Time ID:	50","5156","1",,"0","12810","0","-9214364837600034816","227872","Microsoft-Windows-Security-Auditing","54849625-5478-4994-a5ba-3e3b0328c30d","Security","4","56","PC01.example.corp",,"2/13/2019 10:05:18 AM",,,"System.UInt32[]","System.Diagnostics.Eventing.Reader.EventBookmark","Information","Info","Filtering Platform Connection","System.Collections.ObjectModel.ReadOnlyCollection`1[System.String]","System.Collections.Generic.List`1[System.Diagnostics.Eventing.Reader.EventProperty]"
"The Windows Filtering Platform has permitted a connection.

Application Information:
	Process ID:		984
	Application Name:	\device\harddiskvolume1\windows\system32\svchost.exe

Network Information:
	Direction:		Inbound
	Source Address:		239.255.255.250
	Source Port:		3702
	Destination Address:	127.0.0.1
	Destination Port:		53614
	Protocol:		17

Filter Information:
	Filter Run-Time ID:	0
	Layer Name:		Receive/Accept
	Layer Run-Time ID:	44","5156","1",,"0","12810","0","-9214364837600034816","227871","Microsoft-Windows-Security-Auditing","54849625-5478-4994-a5ba-3e3b0328c30d","Security","4","56","PC01.example.corp",,"2/13/2019 10:05:18 AM",,,"System.UInt32[]","System.Diagnostics.Eventing.Reader.EventBookmark","Information","Info","Filtering Platform Connection","System.Collections.ObjectModel.ReadOnlyCollection`1[System.String]","System.Collections.Generic.List`1[System.Diagnostics.Eventing.Reader.EventProperty]"
"The Windows Filtering Platform has permitted a connection.

Application Information:
	Process ID:		1588
	Application Name:	\device\harddiskvolume1\windows\system32\svchost.exe

Network Information:
	Direction:		Inbound
	Source Address:		239.255.255.250
	Source Port:		3702
	Destination Address:	127.0.0.1
	Destination Port:		53614
	Protocol:		17

Filter Information:
	Filter Run-Time ID:	0
	Layer Name:		Receive/Accept
	Layer Run-Time ID:	44","5156","1",,"0","12810","0","-9214364837600034816","227870","Microsoft-Windows-Security-Auditing","54849625-5478-4994-a5ba-3e3b0328c30d","Security","4","56","PC01.example.corp",,"2/13/2019 10:05:18 AM",,,"System.UInt32[]","System.Diagnostics.Eventing.Reader.EventBookmark","Information","Info","Filtering Platform Connection","System.Collections.ObjectModel.ReadOnlyCollection`1[System.String]","System.Collections.Generic.List`1[System.Diagnostics.Eventing.Reader.EventProperty]"
"The Windows Filtering Platform has permitted a connection.

Application Information:
	Process ID:		984
	Application Name:	\device\harddiskvolume1\windows\system32\svchost.exe

Network Information:
	Direction:		Outbound
	Source Address:		127.0.0.1
	Source Port:		53614
	Destination Address:	239.255.255.250
	Destination Port:		3702
	Protocol:		17

Filter Information:
	Filter Run-Time ID:	0
	Layer Name:		Connect
	Layer Run-Time ID:	48","5156","1",,"0","12810","0","-9214364837600034816","227869","Microsoft-Windows-Security-Auditing","54849625-5478-4994-a5ba-3e3b0328c30d","Security","4","56","PC01.example.corp",,"2/13/2019 10:05:18 AM",,,"System.UInt32[]","System.Diagnostics.Eventing.Reader.EventBookmark","Information","Info","Filtering Platform Connection","System.Collections.ObjectModel.ReadOnlyCollection`1[System.String]","System.Collections.Generic.List`1[System.Diagnostics.Eventing.Reader.EventProperty]"
"The Windows Filtering Platform has permitted a connection.

Application Information:
	Process ID:		984
	Application Name:	\device\harddiskvolume1\windows\system32\svchost.exe

Network Information:
	Direction:		Outbound
	Source Address:		10.0.2.17
	Source Port:		53614
	Destination Address:	239.255.255.250
	Destination Port:		3702
	Protocol:		17

Filter Information:
	Filter Run-Time ID:	0
	Layer Name:		Connect
	Layer Run-Time ID:	48","5156","1",,"0","12810","0","-9214364837600034816","227868","Microsoft-Windows-Security-Auditing","54849625-5478-4994-a5ba-3e3b0328c30d","Security","4","56","PC01.example.corp",,"2/13/2019 10:05:18 AM",,,"System.UInt32[]","System.Diagnostics.Eventing.Reader.EventBookmark","Information","Info","Filtering Platform Connection","System.Collections.ObjectModel.ReadOnlyCollection`1[System.String]","System.Collections.Generic.List`1[System.Diagnostics.Eventing.Reader.EventProperty]"
"The Windows Filtering Platform has permitted a bind to a local port.

Application Information:
	Process ID:		984
	Application Name:	\device\harddiskvolume1\windows\system32\svchost.exe

Network Information:
	Source Address:		::
	Source Port:		53615
	Protocol:		17

Filter Information:
	Filter Run-Time ID:	0
	Layer Name:		Resource Assignment
	Layer Run-Time ID:	38","5158","0",,"0","12810","0","-9214364837600034816","227867","Microsoft-Windows-Security-Auditing","54849625-5478-4994-a5ba-3e3b0328c30d","Security","4","56","PC01.example.corp",,"2/13/2019 10:05:18 AM",,,"System.UInt32[]","System.Diagnostics.Eventing.Reader.EventBookmark","Information","Info","Filtering Platform Connection","System.Collections.ObjectModel.ReadOnlyCollection`1[System.String]","System.Collections.Generic.List`1[System.Diagnostics.Eventing.Reader.EventProperty]"
"The Windows Filtering Platform has permitted a bind to a local port.

Application Information:
	Process ID:		984
	Application Name:	\device\harddiskvolume1\windows\system32\svchost.exe

Network Information:
	Source Address:		0.0.0.0
	Source Port:		53614
	Protocol:		17

Filter Information:
	Filter Run-Time ID:	0
	Layer Name:		Resource Assignment
	Layer Run-Time ID:	36","5158","0",,"0","12810","0","-9214364837600034816","227866","Microsoft-Windows-Security-Auditing","54849625-5478-4994-a5ba-3e3b0328c30d","Security","4","56","PC01.example.corp",,"2/13/2019 10:05:18 AM",,,"System.UInt32[]","System.Diagnostics.Eventing.Reader.EventBookmark","Information","Info","Filtering Platform Connection","System.Collections.ObjectModel.ReadOnlyCollection`1[System.String]","System.Collections.Generic.List`1[System.Diagnostics.Eventing.Reader.EventProperty]"
"The Windows Filtering Platform has permitted a bind to a local port.

Application Information:
	Process ID:		984
	Application Name:	\device\harddiskvolume1\windows\system32\svchost.exe

Network Information:
	Source Address:		::
	Source Port:		3702
	Protocol:		17

Filter Information:
	Filter Run-Time ID:	0
	Layer Name:		Resource Assignment
	Layer Run-Time ID:	38","5158","0",,"0","12810","0","-9214364837600034816","227865","Microsoft-Windows-Security-Auditing","54849625-5478-4994-a5ba-3e3b0328c30d","Security","4","56","PC01.example.corp",,"2/13/2019 10:05:18 AM",,,"System.UInt32[]","System.Diagnostics.Eventing.Reader.EventBookmark","Information","Info","Filtering Platform Connection","System.Collections.ObjectModel.ReadOnlyCollection`1[System.String]","System.Collections.Generic.List`1[System.Diagnostics.Eventing.Reader.EventProperty]"
"The Windows Filtering Platform has permitted a bind to a local port.

Application Information:
	Process ID:		984
	Application Name:	\device\harddiskvolume1\windows\system32\svchost.exe

Network Information:
	Source Address:		::
	Source Port:		3702
	Protocol:		17

Filter Information:
	Filter Run-Time ID:	0
	Layer Name:		Resource Assignment
	Layer Run-Time ID:	38","5158","0",,"0","12810","0","-9214364837600034816","227864","Microsoft-Windows-Security-Auditing","54849625-5478-4994-a5ba-3e3b0328c30d","Security","4","56","PC01.example.corp",,"2/13/2019 10:05:18 AM",,,"System.UInt32[]","System.Diagnostics.Eventing.Reader.EventBookmark","Information","Info","Filtering Platform Connection","System.Collections.ObjectModel.ReadOnlyCollection`1[System.String]","System.Collections.Generic.List`1[System.Diagnostics.Eventing.Reader.EventProperty]"
"The Windows Filtering Platform has permitted a bind to a local port.

Application Information:
	Process ID:		984
	Application Name:	\device\harddiskvolume1\windows\system32\svchost.exe

Network Information:
	Source Address:		0.0.0.0
	Source Port:		3702
	Protocol:		17

Filter Information:
	Filter Run-Time ID:	0
	Layer Name:		Resource Assignment
	Layer Run-Time ID:	36","5158","0",,"0","12810","0","-9214364837600034816","227863","Microsoft-Windows-Security-Auditing","54849625-5478-4994-a5ba-3e3b0328c30d","Security","4","56","PC01.example.corp",,"2/13/2019 10:05:18 AM",,,"System.UInt32[]","System.Diagnostics.Eventing.Reader.EventBookmark","Information","Info","Filtering Platform Connection","System.Collections.ObjectModel.ReadOnlyCollection`1[System.String]","System.Collections.Generic.List`1[System.Diagnostics.Eventing.Reader.EventProperty]"
"The Windows Filtering Platform has permitted a bind to a local port.

Application Information:
	Process ID:		984
	Application Name:	\device\harddiskvolume1\windows\system32\svchost.exe

Network Information:
	Source Address:		0.0.0.0
	Source Port:		3702
	Protocol:		17

Filter Information:
	Filter Run-Time ID:	0
	Layer Name:		Resource Assignment
	Layer Run-Time ID:	36","5158","0",,"0","12810","0","-9214364837600034816","227862","Microsoft-Windows-Security-Auditing","54849625-5478-4994-a5ba-3e3b0328c30d","Security","4","56","PC01.example.corp",,"2/13/2019 10:05:18 AM",,,"System.UInt32[]","System.Diagnostics.Eventing.Reader.EventBookmark","Information","Info","Filtering Platform Connection","System.Collections.ObjectModel.ReadOnlyCollection`1[System.String]","System.Collections.Generic.List`1[System.Diagnostics.Eventing.Reader.EventProperty]"
"The Windows Filtering Platform has permitted a connection.

Application Information:
	Process ID:		1588
	Application Name:	\device\harddiskvolume1\windows\system32\svchost.exe

Network Information:
	Direction:		Inbound
	Source Address:		239.255.255.250
	Source Port:		1900
	Destination Address:	127.0.0.1
	Destination Port:		55141
	Protocol:		17

Filter Information:
	Filter Run-Time ID:	0
	Layer Name:		Receive/Accept
	Layer Run-Time ID:	44","5156","1",,"0","12810","0","-9214364837600034816","227833","Microsoft-Windows-Security-Auditing","54849625-5478-4994-a5ba-3e3b0328c30d","Security","4","56","PC01.example.corp",,"2/13/2019 10:05:18 AM",,,"System.UInt32[]","System.Diagnostics.Eventing.Reader.EventBookmark","Information","Info","Filtering Platform Connection","System.Collections.ObjectModel.ReadOnlyCollection`1[System.String]","System.Collections.Generic.List`1[System.Diagnostics.Eventing.Reader.EventProperty]"
"The Windows Filtering Platform has permitted a connection.

Application Information:
	Process ID:		1588
	Application Name:	\device\harddiskvolume1\windows\system32\svchost.exe

Network Information:
	Direction:		Inbound
	Source Address:		ff02::c
	Source Port:		1900
	Destination Address:	::1
	Destination Port:		55139
	Protocol:		17

Filter Information:
	Filter Run-Time ID:	0
	Layer Name:		Receive/Accept
	Layer Run-Time ID:	46","5156","1",,"0","12810","0","-9214364837600034816","227832","Microsoft-Windows-Security-Auditing","54849625-5478-4994-a5ba-3e3b0328c30d","Security","4","56","PC01.example.corp",,"2/13/2019 10:05:18 AM",,,"System.UInt32[]","System.Diagnostics.Eventing.Reader.EventBookmark","Information","Info","Filtering Platform Connection","System.Collections.ObjectModel.ReadOnlyCollection`1[System.String]","System.Collections.Generic.List`1[System.Diagnostics.Eventing.Reader.EventProperty]"
"The Windows Filtering Platform has permitted a connection.

Application Information:
	Process ID:		1588
	Application Name:	\device\harddiskvolume1\windows\system32\svchost.exe

Network Information:
	Direction:		Inbound
	Source Address:		239.255.255.250
	Source Port:		1900
	Destination Address:	127.0.0.1
	Destination Port:		55141
	Protocol:		17

Filter Information:
	Filter Run-Time ID:	0
	Layer Name:		Receive/Accept
	Layer Run-Time ID:	44","5156","1",,"0","12810","0","-9214364837600034816","227831","Microsoft-Windows-Security-Auditing","54849625-5478-4994-a5ba-3e3b0328c30d","Security","4","56","PC01.example.corp",,"2/13/2019 10:05:18 AM",,,"System.UInt32[]","System.Diagnostics.Eventing.Reader.EventBookmark","Information","Info","Filtering Platform Connection","System.Collections.ObjectModel.ReadOnlyCollection`1[System.String]","System.Collections.Generic.List`1[System.Diagnostics.Eventing.Reader.EventProperty]"
"The Windows Filtering Platform has permitted a connection.

Application Information:
	Process ID:		1588
	Application Name:	\device\harddiskvolume1\windows\system32\svchost.exe

Network Information:
	Direction:		Outbound
	Source Address:		127.0.0.1
	Source Port:		55141
	Destination Address:	239.255.255.250
	Destination Port:		1900
	Protocol:		17

Filter Information:
	Filter Run-Time ID:	0
	Layer Name:		Connect
	Layer Run-Time ID:	48","5156","1",,"0","12810","0","-9214364837600034816","227830","Microsoft-Windows-Security-Auditing","54849625-5478-4994-a5ba-3e3b0328c30d","Security","4","56","PC01.example.corp",,"2/13/2019 10:05:18 AM",,,"System.UInt32[]","System.Diagnostics.Eventing.Reader.EventBookmark","Information","Info","Filtering Platform Connection","System.Collections.ObjectModel.ReadOnlyCollection`1[System.String]","System.Collections.Generic.List`1[System.Diagnostics.Eventing.Reader.EventProperty]"
"The Windows Filtering Platform has permitted a connection.

Application Information:
	Process ID:		1588
	Application Name:	\device\harddiskvolume1\windows\system32\svchost.exe

Network Information:
	Direction:		Outbound
	Source Address:		10.0.2.17
	Source Port:		55140
	Destination Address:	239.255.255.250
	Destination Port:		1900
	Protocol:		17

Filter Information:
	Filter Run-Time ID:	0
	Layer Name:		Connect
	Layer Run-Time ID:	48","5156","1",,"0","12810","0","-9214364837600034816","227829","Microsoft-Windows-Security-Auditing","54849625-5478-4994-a5ba-3e3b0328c30d","Security","4","56","PC01.example.corp",,"2/13/2019 10:05:18 AM",,,"System.UInt32[]","System.Diagnostics.Eventing.Reader.EventBookmark","Information","Info","Filtering Platform Connection","System.Collections.ObjectModel.ReadOnlyCollection`1[System.String]","System.Collections.Generic.List`1[System.Diagnostics.Eventing.Reader.EventProperty]"
"The Windows Filtering Platform has permitted a connection.

Application Information:
	Process ID:		1588
	Application Name:	\device\harddiskvolume1\windows\system32\svchost.exe

Network Information:
	Direction:		Inbound
	Source Address:		ff02::c
	Source Port:		1900
	Destination Address:	::1
	Destination Port:		55139
	Protocol:		17

Filter Information:
	Filter Run-Time ID:	0
	Layer Name:		Receive/Accept
	Layer Run-Time ID:	46","5156","1",,"0","12810","0","-9214364837600034816","227828","Microsoft-Windows-Security-Auditing","54849625-5478-4994-a5ba-3e3b0328c30d","Security","4","56","PC01.example.corp",,"2/13/2019 10:05:18 AM",,,"System.UInt32[]","System.Diagnostics.Eventing.Reader.EventBookmark","Information","Info","Filtering Platform Connection","System.Collections.ObjectModel.ReadOnlyCollection`1[System.String]","System.Collections.Generic.List`1[System.Diagnostics.Eventing.Reader.EventProperty]"
"The Windows Filtering Platform has permitted a connection.

Application Information:
	Process ID:		1588
	Application Name:	\device\harddiskvolume1\windows\system32\svchost.exe

Network Information:
	Direction:		Outbound
	Source Address:		::1
	Source Port:		55139
	Destination Address:	ff02::c
	Destination Port:		1900
	Protocol:		17

Filter Information:
	Filter Run-Time ID:	0
	Layer Name:		Connect
	Layer Run-Time ID:	50","5156","1",,"0","12810","0","-9214364837600034816","227827","Microsoft-Windows-Security-Auditing","54849625-5478-4994-a5ba-3e3b0328c30d","Security","4","56","PC01.example.corp",,"2/13/2019 10:05:18 AM",,,"System.UInt32[]","System.Diagnostics.Eventing.Reader.EventBookmark","Information","Info","Filtering Platform Connection","System.Collections.ObjectModel.ReadOnlyCollection`1[System.String]","System.Collections.Generic.List`1[System.Diagnostics.Eventing.Reader.EventProperty]"
"The Windows Filtering Platform has permitted a connection.

Application Information:
	Process ID:		1588
	Application Name:	\device\harddiskvolume1\windows\system32\svchost.exe

Network Information:
	Direction:		Outbound
	Source Address:		fe80::80ac:4126:fa58:1b81
	Source Port:		55138
	Destination Address:	ff02::c
	Destination Port:		1900
	Protocol:		17

Filter Information:
	Filter Run-Time ID:	0
	Layer Name:		Connect
	Layer Run-Time ID:	50","5156","1",,"0","12810","0","-9214364837600034816","227826","Microsoft-Windows-Security-Auditing","54849625-5478-4994-a5ba-3e3b0328c30d","Security","4","56","PC01.example.corp",,"2/13/2019 10:05:18 AM",,,"System.UInt32[]","System.Diagnostics.Eventing.Reader.EventBookmark","Information","Info","Filtering Platform Connection","System.Collections.ObjectModel.ReadOnlyCollection`1[System.String]","System.Collections.Generic.List`1[System.Diagnostics.Eventing.Reader.EventProperty]"
"A new process has been created.

Subject:
	Security ID:		S-1-5-18
	Account Name:		PC01$
	Account Domain:		EXAMPLE
	Logon ID:		0x3E7

Process Information:
	New Process ID:		0x7f0
	New Process Name:	C:\Windows\System32\AtBroker.exe
	Token Elevation Type:	TokenElevationTypeDefault (1)
	Creator Process ID:	0xdec
	Process Command Line:	

Token Elevation Type indicates the type of token that was assigned to the new process in accordance with User Account Control policy.

Type 1 is a full token with no privileges removed or groups disabled.  A full token is only used if User Account Control is disabled or if the user is the built-in Administrator account or a service account.

Type 2 is an elevated token with no privileges removed or groups disabled.  An elevated token is used when User Account Control is enabled and the user chooses to start the program using Run as administrator.  An elevated token is also used when an application is configured to always require administrative privilege or to always require maximum privilege, and the user is a member of the Administrators group.

Type 3 is a limited token with administrative privileges removed and administrative groups disabled.  The limited token is used when User Account Control is enabled, the application does not require administrative privilege, and the user does not choose to start the program using Run as administrator.","4688","1",,"0","13312","0","-9214364837600034816","227784","Microsoft-Windows-Security-Auditing","54849625-5478-4994-a5ba-3e3b0328c30d","Security","4","56","PC01.example.corp",,"2/13/2019 10:05:06 AM",,,"System.UInt32[]","System.Diagnostics.Eventing.Reader.EventBookmark","Information","Info","Process Creation","System.Collections.ObjectModel.ReadOnlyCollection`1[System.String]","System.Collections.Generic.List`1[System.Diagnostics.Eventing.Reader.EventProperty]"
"A new process has been created.

Subject:
	Security ID:		S-1-5-20
	Account Name:		PC01$
	Account Domain:		EXAMPLE
	Logon ID:		0x3E4

Process Information:
	New Process ID:		0xa1c
	New Process Name:	C:\Windows\System32\rdpclip.exe
	Token Elevation Type:	TokenElevationTypeDefault (1)
	Creator Process ID:	0x500
	Process Command Line:	

Token Elevation Type indicates the type of token that was assigned to the new process in accordance with User Account Control policy.

Type 1 is a full token with no privileges removed or groups disabled.  A full token is only used if User Account Control is disabled or if the user is the built-in Administrator account or a service account.

Type 2 is an elevated token with no privileges removed or groups disabled.  An elevated token is used when User Account Control is enabled and the user chooses to start the program using Run as administrator.  An elevated token is also used when an application is configured to always require administrative privilege or to always require maximum privilege, and the user is a member of the Administrators group.

Type 3 is a limited token with administrative privileges removed and administrative groups disabled.  The limited token is used when User Account Control is enabled, the application does not require administrative privilege, and the user does not choose to start the program using Run as administrator.","4688","1",,"0","13312","0","-9214364837600034816","227783","Microsoft-Windows-Security-Auditing","54849625-5478-4994-a5ba-3e3b0328c30d","Security","4","56","PC01.example.corp",,"2/13/2019 10:05:06 AM",,,"System.UInt32[]","System.Diagnostics.Eventing.Reader.EventBookmark","Information","Info","Process Creation","System.Collections.ObjectModel.ReadOnlyCollection`1[System.String]","System.Collections.Generic.List`1[System.Diagnostics.Eventing.Reader.EventProperty]"
"A new process has been created.

Subject:
	Security ID:		S-1-5-18
	Account Name:		PC01$
	Account Domain:		EXAMPLE
	Logon ID:		0x3E7

Process Information:
	New Process ID:		0x9fc
	New Process Name:	C:\Windows\System32\TSTheme.exe
	Token Elevation Type:	TokenElevationTypeDefault (1)
	Creator Process ID:	0x278
	Process Command Line:	

Token Elevation Type indicates the type of token that was assigned to the new process in accordance with User Account Control policy.

Type 1 is a full token with no privileges removed or groups disabled.  A full token is only used if User Account Control is disabled or if the user is the built-in Administrator account or a service account.

Type 2 is an elevated token with no privileges removed or groups disabled.  An elevated token is used when User Account Control is enabled and the user chooses to start the program using Run as administrator.  An elevated token is also used when an application is configured to always require administrative privilege or to always require maximum privilege, and the user is a member of the Administrators group.

Type 3 is a limited token with administrative privileges removed and administrative groups disabled.  The limited token is used when User Account Control is enabled, the application does not require administrative privilege, and the user does not choose to start the program using Run as administrator.","4688","1",,"0","13312","0","-9214364837600034816","227776","Microsoft-Windows-Security-Auditing","54849625-5478-4994-a5ba-3e3b0328c30d","Security","4","56","PC01.example.corp",,"2/13/2019 10:05:05 AM",,,"System.UInt32[]","System.Diagnostics.Eventing.Reader.EventBookmark","Information","Info","Process Creation","System.Collections.ObjectModel.ReadOnlyCollection`1[System.String]","System.Collections.Generic.List`1[System.Diagnostics.Eventing.Reader.EventProperty]"
"A new process has been created.

Subject:
	Security ID:		S-1-5-18
	Account Name:		PC01$
	Account Domain:		EXAMPLE
	Logon ID:		0x3E7

Process Information:
	New Process ID:		0xce0
	New Process Name:	C:\Windows\System32\LogonUI.exe
	Token Elevation Type:	TokenElevationTypeDefault (1)
	Creator Process ID:	0x768
	Process Command Line:	

Token Elevation Type indicates the type of token that was assigned to the new process in accordance with User Account Control policy.

Type 1 is a full token with no privileges removed or groups disabled.  A full token is only used if User Account Control is disabled or if the user is the built-in Administrator account or a service account.

Type 2 is an elevated token with no privileges removed or groups disabled.  An elevated token is used when User Account Control is enabled and the user chooses to start the program using Run as administrator.  An elevated token is also used when an application is configured to always require administrative privilege or to always require maximum privilege, and the user is a member of the Administrators group.

Type 3 is a limited token with administrative privileges removed and administrative groups disabled.  The limited token is used when User Account Control is enabled, the application does not require administrative privilege, and the user does not choose to start the program using Run as administrator.","4688","1",,"0","13312","0","-9214364837600034816","227775","Microsoft-Windows-Security-Auditing","54849625-5478-4994-a5ba-3e3b0328c30d","Security","4","56","PC01.example.corp",,"2/13/2019 10:05:05 AM",,,"System.UInt32[]","System.Diagnostics.Eventing.Reader.EventBookmark","Information","Info","Process Creation","System.Collections.ObjectModel.ReadOnlyCollection`1[System.String]","System.Collections.Generic.List`1[System.Diagnostics.Eventing.Reader.EventProperty]"
"A new process has been created.

Subject:
	Security ID:		S-1-5-18
	Account Name:		PC01$
	Account Domain:		EXAMPLE
	Logon ID:		0x3E7

Process Information:
	New Process ID:		0x768
	New Process Name:	C:\Windows\System32\winlogon.exe
	Token Elevation Type:	TokenElevationTypeDefault (1)
	Creator Process ID:	0x62c
	Process Command Line:	

Token Elevation Type indicates the type of token that was assigned to the new process in accordance with User Account Control policy.

Type 1 is a full token with no privileges removed or groups disabled.  A full token is only used if User Account Control is disabled or if the user is the built-in Administrator account or a service account.

Type 2 is an elevated token with no privileges removed or groups disabled.  An elevated token is used when User Account Control is enabled and the user chooses to start the program using Run as administrator.  An elevated token is also used when an application is configured to always require administrative privilege or to always require maximum privilege, and the user is a member of the Administrators group.

Type 3 is a limited token with administrative privileges removed and administrative groups disabled.  The limited token is used when User Account Control is enabled, the application does not require administrative privilege, and the user does not choose to start the program using Run as administrator.","4688","1",,"0","13312","0","-9214364837600034816","227774","Microsoft-Windows-Security-Auditing","54849625-5478-4994-a5ba-3e3b0328c30d","Security","4","56","PC01.example.corp",,"2/13/2019 10:05:04 AM",,,"System.UInt32[]","System.Diagnostics.Eventing.Reader.EventBookmark","Information","Info","Process Creation","System.Collections.ObjectModel.ReadOnlyCollection`1[System.String]","System.Collections.Generic.List`1[System.Diagnostics.Eventing.Reader.EventProperty]"
"A new process has been created.

Subject:
	Security ID:		S-1-5-18
	Account Name:		PC01$
	Account Domain:		EXAMPLE
	Logon ID:		0x3E7

Process Information:
	New Process ID:		0xadc
	New Process Name:	C:\Windows\System32\csrss.exe
	Token Elevation Type:	TokenElevationTypeDefault (1)
	Creator Process ID:	0x62c
	Process Command Line:	

Token Elevation Type indicates the type of token that was assigned to the new process in accordance with User Account Control policy.

Type 1 is a full token with no privileges removed or groups disabled.  A full token is only used if User Account Control is disabled or if the user is the built-in Administrator account or a service account.

Type 2 is an elevated token with no privileges removed or groups disabled.  An elevated token is used when User Account Control is enabled and the user chooses to start the program using Run as administrator.  An elevated token is also used when an application is configured to always require administrative privilege or to always require maximum privilege, and the user is a member of the Administrators group.

Type 3 is a limited token with administrative privileges removed and administrative groups disabled.  The limited token is used when User Account Control is enabled, the application does not require administrative privilege, and the user does not choose to start the program using Run as administrator.","4688","1",,"0","13312","0","-9214364837600034816","227773","Microsoft-Windows-Security-Auditing","54849625-5478-4994-a5ba-3e3b0328c30d","Security","4","56","PC01.example.corp",,"2/13/2019 10:05:04 AM",,,"System.UInt32[]","System.Diagnostics.Eventing.Reader.EventBookmark","Information","Info","Process Creation","System.Collections.ObjectModel.ReadOnlyCollection`1[System.String]","System.Collections.Generic.List`1[System.Diagnostics.Eventing.Reader.EventProperty]"
"A new process has been created.

Subject:
	Security ID:		S-1-5-18
	Account Name:		PC01$
	Account Domain:		EXAMPLE
	Logon ID:		0x3E7

Process Information:
	New Process ID:		0x62c
	New Process Name:	C:\Windows\System32\smss.exe
	Token Elevation Type:	TokenElevationTypeDefault (1)
	Creator Process ID:	0x124
	Process Command Line:	

Token Elevation Type indicates the type of token that was assigned to the new process in accordance with User Account Control policy.

Type 1 is a full token with no privileges removed or groups disabled.  A full token is only used if User Account Control is disabled or if the user is the built-in Administrator account or a service account.

Type 2 is an elevated token with no privileges removed or groups disabled.  An elevated token is used when User Account Control is enabled and the user chooses to start the program using Run as administrator.  An elevated token is also used when an application is configured to always require administrative privilege or to always require maximum privilege, and the user is a member of the Administrators group.

Type 3 is a limited token with administrative privileges removed and administrative groups disabled.  The limited token is used when User Account Control is enabled, the application does not require administrative privilege, and the user does not choose to start the program using Run as administrator.","4688","1",,"0","13312","0","-9214364837600034816","227772","Microsoft-Windows-Security-Auditing","54849625-5478-4994-a5ba-3e3b0328c30d","Security","4","56","PC01.example.corp",,"2/13/2019 10:05:04 AM",,,"System.UInt32[]","System.Diagnostics.Eventing.Reader.EventBookmark","Information","Info","Process Creation","System.Collections.ObjectModel.ReadOnlyCollection`1[System.String]","System.Collections.Generic.List`1[System.Diagnostics.Eventing.Reader.EventProperty]"
"A new process has been created.

Subject:
	Security ID:		S-1-5-18
	Account Name:		PC01$
	Account Domain:		EXAMPLE
	Logon ID:		0x3E7

Process Information:
	New Process ID:		0x410
	New Process Name:	C:\Windows\System32\rundll32.exe
	Token Elevation Type:	TokenElevationTypeDefault (1)
	Creator Process ID:	0x278
	Process Command Line:	

Token Elevation Type indicates the type of token that was assigned to the new process in accordance with User Account Control policy.

Type 1 is a full token with no privileges removed or groups disabled.  A full token is only used if User Account Control is disabled or if the user is the built-in Administrator account or a service account.

Type 2 is an elevated token with no privileges removed or groups disabled.  An elevated token is used when User Account Control is enabled and the user chooses to start the program using Run as administrator.  An elevated token is also used when an application is configured to always require administrative privilege or to always require maximum privilege, and the user is a member of the Administrators group.

Type 3 is a limited token with administrative privileges removed and administrative groups disabled.  The limited token is used when User Account Control is enabled, the application does not require administrative privilege, and the user does not choose to start the program using Run as administrator.","4688","1",,"0","13312","0","-9214364837600034816","227769","Microsoft-Windows-Security-Auditing","54849625-5478-4994-a5ba-3e3b0328c30d","Security","4","56","PC01.example.corp",,"2/13/2019 10:05:00 AM",,,"System.UInt32[]","System.Diagnostics.Eventing.Reader.EventBookmark","Information","Info","Process Creation","System.Collections.ObjectModel.ReadOnlyCollection`1[System.String]","System.Collections.Generic.List`1[System.Diagnostics.Eventing.Reader.EventProperty]"
"The Windows Filtering Platform has permitted a connection.

Application Information:
	Process ID:		520
	Application Name:	\device\harddiskvolume1\windows\system32\lsass.exe

Network Information:
	Direction:		Outbound
	Source Address:		10.0.2.17
	Source Port:		49283
	Destination Address:	10.0.2.15
	Destination Port:		88
	Protocol:		6

Filter Information:
	Filter Run-Time ID:	0
	Layer Name:		Connect
	Layer Run-Time ID:	48","5156","1",,"0","12810","0","-9214364837600034816","227768","Microsoft-Windows-Security-Auditing","54849625-5478-4994-a5ba-3e3b0328c30d","Security","4","56","PC01.example.corp",,"2/13/2019 10:04:58 AM",,,"System.UInt32[]","System.Diagnostics.Eventing.Reader.EventBookmark","Information","Info","Filtering Platform Connection","System.Collections.ObjectModel.ReadOnlyCollection`1[System.String]","System.Collections.Generic.List`1[System.Diagnostics.Eventing.Reader.EventProperty]"
