	Process Command Line:	

Token Elevation Type indicates the type of token that was assigned to the new process in accordance with User Account Control policy.

Type 1 is a full token with no privileges removed or groups disabled.  A full token is only used if User Account Control is disabled or if the user is the built-in Administrator account or a service account.

Type 2 is an elevated token with no privileges removed or groups disabled.  An elevated token is used when User Account Control is enabled and the user chooses to start the program using Run as administrator.  An elevated token is also used when an application is configured to always require administrative privilege or to always require maximum privilege, and the user is a member of the Administrators group.

Type 3 is a limited token with administrative privileges removed and administrative groups disabled.  The limited token is used when User Account Control is enabled, the application does not require administrative privilege, and the user does not choose to start the program using Run as administrator.","4688","1",,"0","13312","0","-9214364837600034816","227712","Microsoft-Windows-Security-Auditing","54849625-5478-4994-a5ba-3e3b0328c30d","Security","4","56","PC01.example.corp",,"2/13/2019 10:02:05 AM",,,"System.UInt32[]","System.Diagnostics.Eventing.Reader.EventBookmark","Information","Info","Process Creation","System.Collections.ObjectModel.ReadOnlyCollection`1[System.String]","System.Collections.Generic.List`1[System.Diagnostics.Eventing.Reader.EventProperty]"
"The Windows Filtering Platform has permitted a connection.

Application Information:
	Process ID:		520
	Application Name:	\device\harddiskvolume1\windows\system32\lsass.exe

Network Information:
	Direction:		Outbound
	Source Address:		10.0.2.17
	Source Port:		49268
	Destination Address:	10.0.2.15
	Destination Port:		49155
	Protocol:		6

Filter Information:
	Filter Run-Time ID:	0
	Layer Name:		Connect
	Layer Run-Time ID:	48","5156","1",,"0","12810","0","-9214364837600034816","227710","Microsoft-Windows-Security-Auditing","54849625-5478-4994-a5ba-3e3b0328c30d","Security","4","56","PC01.example.corp",,"2/13/2019 10:02:05 AM",,,"System.UInt32[]","System.Diagnostics.Eventing.Reader.EventBookmark","Information","Info","Filtering Platform Connection","System.Collections.ObjectModel.ReadOnlyCollection`1[System.String]","System.Collections.Generic.List`1[System.Diagnostics.Eventing.Reader.EventProperty]"
"The Windows Filtering Platform has permitted a connection.

Application Information:
	Process ID:		520
	Application Name:	\device\harddiskvolume1\windows\system32\lsass.exe

Network Information:
	Direction:		Outbound
	Source Address:		10.0.2.17
	Source Port:		49267
	Destination Address:	10.0.2.15
	Destination Port:		135
	Protocol:		6

Filter Information:
	Filter Run-Time ID:	0
	Layer Name:		Connect
	Layer Run-Time ID:	48","5156","1",,"0","12810","0","-9214364837600034816","227709","Microsoft-Windows-Security-Auditing","54849625-5478-4994-a5ba-3e3b0328c30d","Security","4","56","PC01.example.corp",,"2/13/2019 10:02:05 AM",,,"System.UInt32[]","System.Diagnostics.Eventing.Reader.EventBookmark","Information","Info","Filtering Platform Connection","System.Collections.ObjectModel.ReadOnlyCollection`1[System.String]","System.Collections.Generic.List`1[System.Diagnostics.Eventing.Reader.EventProperty]"
"An account was successfully logged on.

Subject:
	Security ID:		S-1-5-18
	Account Name:		PC01$
	Account Domain:		EXAMPLE
	Logon ID:		0x3E7

Logon Type:			7

New Logon:
	Security ID:		S-1-5-21-1587066498-1489273250-1035260531-1106
	Account Name:		user01
	Account Domain:		EXAMPLE
	Logon ID:		0x1414D9
	Logon GUID:		{42daf7a9-f185-f292-0ebd-b86a26624d31}

Process Information:
	Process ID:		0x208
	Process Name:		C:\Windows\System32\lsass.exe

Network Information:
	Workstation Name:	PC01
	Source Network Address:	-
	Source Port:		-

Detailed Authentication Information:
	Logon Process:		Negotiat
	Authentication Package:	Negotiate
	Transited Services:	-
	Package Name (NTLM only):	-
	Key Length:		0

This event is generated when a logon session is created. It is generated on the computer that was accessed.

The subject fields indicate the account on the local system which requested the logon. This is most commonly a service such as the Server service, or a local process such as Winlogon.exe or Services.exe.

The logon type field indicates the kind of logon that occurred. The most common types are 2 (interactive) and 3 (network).

The New Logon fields indicate the account for whom the new logon was created, i.e. the account that was logged on.

The network fields indicate where a remote logon request originated. Workstation name is not always available and may be left blank in some cases.

The impersonation level field indicates the extent to which a process in the logon session can impersonate.

The authentication information fields provide detailed information about this specific logon request.
	- Logon GUID is a unique identifier that can be used to correlate this event with a KDC event.
	- Transited services indicate which intermediate services have participated in this logon request.
	- Package name indicates which sub-protocol was used among the NTLM protocols.
	- Key length indicates the length of the generated session key. This will be 0 if no session key was requested.","4624","0",,"0","12544","0","-9214364837600034816","227708","Microsoft-Windows-Security-Auditing","54849625-5478-4994-a5ba-3e3b0328c30d","Security","520","3420","PC01.example.corp",,"2/13/2019 10:02:04 AM",,,"System.UInt32[]","System.Diagnostics.Eventing.Reader.EventBookmark","Information","Info","Logon","System.Collections.ObjectModel.ReadOnlyCollection`1[System.String]","System.Collections.Generic.List`1[System.Diagnostics.Eventing.Reader.EventProperty]"
"A logon was attempted using explicit credentials.

Subject:
	Security ID:		S-1-5-18
	Account Name:		PC01$
	Account Domain:		EXAMPLE
	Logon ID:		0x3E7
	Logon GUID:		{00000000-0000-0000-0000-000000000000}

Account Whose Credentials Were Used:
	Account Name:		user01
	Account Domain:		EXAMPLE
	Logon GUID:		{42daf7a9-f185-f292-0ebd-b86a26624d31}

Target Server:
	Target Server Name:	localhost
	Additional Information:	localhost

Process Information:
	Process ID:		0x208
	Process Name:		C:\Windows\System32\lsass.exe

Network Information:
	Network Address:	-
	Port:			-

This event is generated when a process attempts to log on an account by explicitly specifying that account?s credentials.  This most commonly occurs in batch-type configurations such as scheduled tasks, or when using the RUNAS command.","4648","0",,"0","12544","0","-9214364837600034816","227707","Microsoft-Windows-Security-Auditing","54849625-5478-4994-a5ba-3e3b0328c30d","Security","520","3420","PC01.example.corp",,"2/13/2019 10:02:04 AM",,,"System.UInt32[]","System.Diagnostics.Eventing.Reader.EventBookmark","Information","Info","Logon","System.Collections.ObjectModel.ReadOnlyCollection`1[System.String]","System.Collections.Generic.List`1[System.Diagnostics.Eventing.Reader.EventProperty]"
"The Windows Filtering Platform has permitted a connection.

Application Information:
	Process ID:		520
	Application Name:	\device\harddiskvolume1\windows\system32\lsass.exe

Network Information:
	Direction:		Outbound
	Source Address:		10.0.2.17
	Source Port:		49266
	Destination Address:	10.0.2.15
	Destination Port:		88
	Protocol:		6

Filter Information:
	Filter Run-Time ID:	0
	Layer Name:		Connect
	Layer Run-Time ID:	48","5156","1",,"0","12810","0","-9214364837600034816","227705","Microsoft-Windows-Security-Auditing","54849625-5478-4994-a5ba-3e3b0328c30d","Security","4","56","PC01.example.corp",,"2/13/2019 10:02:04 AM",,,"System.UInt32[]","System.Diagnostics.Eventing.Reader.EventBookmark","Information","Info","Filtering Platform Connection","System.Collections.ObjectModel.ReadOnlyCollection`1[System.String]","System.Collections.Generic.List`1[System.Diagnostics.Eventing.Reader.EventProperty]"
"The Windows Filtering Platform has permitted a connection.

Application Information:
	Process ID:		520
	Application Name:	\device\harddiskvolume1\windows\system32\lsass.exe

Network Information:
	Direction:		Outbound
	Source Address:		10.0.2.17
	Source Port:		49265
	Destination Address:	10.0.2.15
	Destination Port:		88
	Protocol:		6

Filter Information:
	Filter Run-Time ID:	0
	Layer Name:		Connect
	Layer Run-Time ID:	48","5156","1",,"0","12810","0","-9214364837600034816","227704","Microsoft-Windows-Security-Auditing","54849625-5478-4994-a5ba-3e3b0328c30d","Security","4","56","PC01.example.corp",,"2/13/2019 10:02:04 AM",,,"System.UInt32[]","System.Diagnostics.Eventing.Reader.EventBookmark","Information","Info","Filtering Platform Connection","System.Collections.ObjectModel.ReadOnlyCollection`1[System.String]","System.Collections.Generic.List`1[System.Diagnostics.Eventing.Reader.EventProperty]"
"The Windows Filtering Platform has permitted a connection.

Application Information:
	Process ID:		520
	Application Name:	\device\harddiskvolume1\windows\system32\lsass.exe

Network Information:
	Direction:		Outbound
	Source Address:		10.0.2.17
	Source Port:		49264
	Destination Address:	10.0.2.15
	Destination Port:		88
	Protocol:		6

Filter Information:
	Filter Run-Time ID:	0
	Layer Name:		Connect
	Layer Run-Time ID:	48","5156","1",,"0","12810","0","-9214364837600034816","227703","Microsoft-Windows-Security-Auditing","54849625-5478-4994-a5ba-3e3b0328c30d","Security","4","56","PC01.example.corp",,"2/13/2019 10:02:04 AM",,,"System.UInt32[]","System.Diagnostics.Eventing.Reader.EventBookmark","Information","Info","Filtering Platform Connection","System.Collections.ObjectModel.ReadOnlyCollection`1[System.String]","System.Collections.Generic.List`1[System.Diagnostics.Eventing.Reader.EventProperty]"
"An account was successfully logged on.

Subject:
	Security ID:		S-1-5-18
	Account Name:		PC01$
	Account Domain:		EXAMPLE
	Logon ID:		0x3E7

Logon Type:			11

New Logon:
	Security ID:		S-1-5-21-1587066498-1489273250-1035260531-1106
	Account Name:		user01
	Account Domain:		EXAMPLE
	Logon ID:		0x1414C8
	Logon GUID:		{00000000-0000-0000-0000-000000000000}

Process Information:
	Process ID:		0x704
	Process Name:		C:\Windows\System32\winlogon.exe

Network Information:
	Workstation Name:	PC01
	Source Network Address:	127.0.0.1
	Source Port:		0

Detailed Authentication Information:
	Logon Process:		User32 
	Authentication Package:	Negotiate
	Transited Services:	-
	Package Name (NTLM only):	-
	Key Length:		0

This event is generated when a logon session is created. It is generated on the computer that was accessed.

The subject fields indicate the account on the local system which requested the logon. This is most commonly a service such as the Server service, or a local process such as Winlogon.exe or Services.exe.

The logon type field indicates the kind of logon that occurred. The most common types are 2 (interactive) and 3 (network).

The New Logon fields indicate the account for whom the new logon was created, i.e. the account that was logged on.

The network fields indicate where a remote logon request originated. Workstation name is not always available and may be left blank in some cases.

The impersonation level field indicates the extent to which a process in the logon session can impersonate.

The authentication information fields provide detailed information about this specific logon request.
	- Logon GUID is a unique identifier that can be used to correlate this event with a KDC event.
	- Transited services indicate which intermediate services have participated in this logon request.
	- Package name indicates which sub-protocol was used among the NTLM protocols.
	- Key length indicates the length of the generated session key. This will be 0 if no session key was requested.","4624","0",,"0","12544","0","-9214364837600034816","227701","Microsoft-Windows-Security-Auditing","54849625-5478-4994-a5ba-3e3b0328c30d","Security","520","1920","PC01.example.corp",,"2/13/2019 10:02:04 AM","ad38ff07-bc05-4620-a79a-51e18f454768",,"System.UInt32[]","System.Diagnostics.Eventing.Reader.EventBookmark","Information","Info","Logon","System.Collections.ObjectModel.ReadOnlyCollection`1[System.String]","System.Collections.Generic.List`1[System.Diagnostics.Eventing.Reader.EventProperty]"
"A logon was attempted using explicit credentials.

Subject:
	Security ID:		S-1-5-18
	Account Name:		PC01$
	Account Domain:		EXAMPLE
	Logon ID:		0x3E7
	Logon GUID:		{00000000-0000-0000-0000-000000000000}

Account Whose Credentials Were Used:
	Account Name:		user01
	Account Domain:		EXAMPLE
	Logon GUID:		{00000000-0000-0000-0000-000000000000}

Target Server:
	Target Server Name:	localhost
	Additional Information:	localhost

Process Information:
	Process ID:		0x704
	Process Name:		C:\Windows\System32\winlogon.exe

Network Information:
	Network Address:	127.0.0.1
	Port:			0

This event is generated when a process attempts to log on an account by explicitly specifying that account?s credentials.  This most commonly occurs in batch-type configurations such as scheduled tasks, or when using the RUNAS command.","4648","0",,"0","12544","0","-9214364837600034816","227700","Microsoft-Windows-Security-Auditing","54849625-5478-4994-a5ba-3e3b0328c30d","Security","520","1920","PC01.example.corp",,"2/13/2019 10:02:04 AM","ad38ff07-bc05-4620-a79a-51e18f454768",,"System.UInt32[]","System.Diagnostics.Eventing.Reader.EventBookmark","Information","Info","Logon","System.Collections.ObjectModel.ReadOnlyCollection`1[System.String]","System.Collections.Generic.List`1[System.Diagnostics.Eventing.Reader.EventProperty]"
"The Windows Filtering Platform has permitted a connection.

Application Information:
	Process ID:		520
	Application Name:	\device\harddiskvolume1\windows\system32\lsass.exe

Network Information:
	Direction:		Outbound
	Source Address:		10.0.2.17
	Source Port:		49263
	Destination Address:	10.0.2.15
	Destination Port:		88
	Protocol:		6

Filter Information:
	Filter Run-Time ID:	0
	Layer Name:		Connect
	Layer Run-Time ID:	48","5156","1",,"0","12810","0","-9214364837600034816","227698","Microsoft-Windows-Security-Auditing","54849625-5478-4994-a5ba-3e3b0328c30d","Security","4","56","PC01.example.corp",,"2/13/2019 10:02:04 AM",,,"System.UInt32[]","System.Diagnostics.Eventing.Reader.EventBookmark","Information","Info","Filtering Platform Connection","System.Collections.ObjectModel.ReadOnlyCollection`1[System.String]","System.Collections.Generic.List`1[System.Diagnostics.Eventing.Reader.EventProperty]"
"A new process has been created.

Subject:
	Security ID:		S-1-5-18
	Account Name:		PC01$
	Account Domain:		EXAMPLE
	Logon ID:		0x3E7

Process Information:
	New Process ID:		0x1fc
	New Process Name:	C:\Windows\System32\TSTheme.exe
	Token Elevation Type:	TokenElevationTypeDefault (1)
	Creator Process ID:	0x278
	Process Command Line:	

Token Elevation Type indicates the type of token that was assigned to the new process in accordance with User Account Control policy.

Type 1 is a full token with no privileges removed or groups disabled.  A full token is only used if User Account Control is disabled or if the user is the built-in Administrator account or a service account.

Type 2 is an elevated token with no privileges removed or groups disabled.  An elevated token is used when User Account Control is enabled and the user chooses to start the program using Run as administrator.  An elevated token is also used when an application is configured to always require administrative privilege or to always require maximum privilege, and the user is a member of the Administrators group.

Type 3 is a limited token with administrative privileges removed and administrative groups disabled.  The limited token is used when User Account Control is enabled, the application does not require administrative privilege, and the user does not choose to start the program using Run as administrator.","4688","1",,"0","13312","0","-9214364837600034816","227695","Microsoft-Windows-Security-Auditing","54849625-5478-4994-a5ba-3e3b0328c30d","Security","4","56","PC01.example.corp",,"2/13/2019 10:01:47 AM",,,"System.UInt32[]","System.Diagnostics.Eventing.Reader.EventBookmark","Information","Info","Process Creation","System.Collections.ObjectModel.ReadOnlyCollection`1[System.String]","System.Collections.Generic.List`1[System.Diagnostics.Eventing.Reader.EventProperty]"
"The Windows Filtering Platform has permitted a connection.

Application Information:
	Process ID:		820
	Application Name:	\device\harddiskvolume1\windows\system32\svchost.exe

Network Information:
	Direction:		Outbound
	Source Address:		fe80::80ac:4126:fa58:1b81
	Source Port:		546
	Destination Address:	ff02::1:2
	Destination Port:		547
	Protocol:		17

Filter Information:
	Filter Run-Time ID:	65865
	Layer Name:		Connect
	Layer Run-Time ID:	50","5156","1",,"0","12810","0","-9214364837600034816","227694","Microsoft-Windows-Security-Auditing","54849625-5478-4994-a5ba-3e3b0328c30d","Security","4","56","PC01.example.corp",,"2/13/2019 10:01:47 AM",,,"System.UInt32[]","System.Diagnostics.Eventing.Reader.EventBookmark","Information","Info","Filtering Platform Connection","System.Collections.ObjectModel.ReadOnlyCollection`1[System.String]","System.Collections.Generic.List`1[System.Diagnostics.Eventing.Reader.EventProperty]"
"The audit log was cleared.
Subject:
	Security ID:	S-1-5-21-1587066498-1489273250-1035260531-1108
	Account Name:	admin01
	Domain Name:	EXAMPLE
	Logon ID:	0xAF855","1102","0",,"4","104","0","4620693217682128896","227693","Microsoft-Windows-Eventlog","fc65ddd8-d6ef-4962-83d5-6e5cfe9ce148","Security","820","608","PC01.example.corp",,"2/13/2019 10:01:41 AM",,,"System.UInt32[]","System.Diagnostics.Eventing.Reader.EventBookmark","Information","Info","Log clear","System.Collections.ObjectModel.ReadOnlyCollection`1[System.String]","System.Collections.Generic.List`1[System.Diagnostics.Eventing.Reader.EventProperty]"
