	Security ID:		S-1-5-18
	Account Name:		DC1$
	Account Domain:		insecurebank
	Logon ID:		0xB3AC2

Object:
	Object Server:		DS
	Object Type:		%{19195a5b-6da0-11d0-afd3-00c04fd930c9}
	Object Name:		%{c6faf700-bfe4-452a-a766-424f84c29583}
	Handle ID:		0x0

Operation:
	Operation Type:		Object Access
	Accesses:		Control Access
				
	Access Mask:		0x100
	Properties:		Control Access
		{1131f6aa-9c07-11d1-f79f-00c04fc2dcd2}
	{19195a5b-6da0-11d0-afd3-00c04fd930c9}


Additional Information:
	Parameter 1:		-
	Parameter 2:		","4662","0",,"0","14080","0","-9214364837600034816","198238291","Microsoft-Windows-Security-Auditing","54849625-5478-4994-a5ba-3e3b0328c30d","Security","444","2112","DC1.insecurebank.local",,"3/25/2019 4:05:30 AM",,,"System.UInt32[]","System.Diagnostics.Eventing.Reader.EventBookmark","Information","Info","Directory Service Access","System.Collections.ObjectModel.ReadOnlyCollection`1[System.String]","System.Collections.Generic.List`1[System.Diagnostics.Eventing.Reader.EventProperty]"
"System audit policy was changed.

Subject:
	Security ID:		S-1-5-18
	Account Name:		DC1$
	Account Domain:		insecurebank
	Logon ID:		0x3E7

Audit Policy Change:
	Category:		Object Access
	Subcategory:		Detailed File Share
	Subcategory GUID:	{0cce9244-69ae-11d9-bed3-505054503030}
	Changes:		Success Added","4719","0",,"0","13568","0","-9214364837600034816","198238055","Microsoft-Windows-Security-Auditing","54849625-5478-4994-a5ba-3e3b0328c30d","Security","444","3616","DC1.insecurebank.local",,"3/25/2019 3:36:03 AM",,,"System.UInt32[]","System.Diagnostics.Eventing.Reader.EventBookmark","Information","Info","Audit Policy Change","System.Collections.ObjectModel.ReadOnlyCollection`1[System.String]","System.Collections.Generic.List`1[System.Diagnostics.Eventing.Reader.EventProperty]"
"System audit policy was changed.

Subject:
	Security ID:		S-1-5-18
	Account Name:		DC1$
	Account Domain:		insecurebank
	Logon ID:		0x3E7

Audit Policy Change:
	Category:		Logon/Logoff
	Subcategory:		Logon
	Subcategory GUID:	{0cce9215-69ae-11d9-bed3-505054503030}
	Changes:		Success Added, Failure added","4719","0",,"0","13568","0","-9214364837600034816","198238054","Microsoft-Windows-Security-Auditing","54849625-5478-4994-a5ba-3e3b0328c30d","Security","444","3616","DC1.insecurebank.local",,"3/25/2019 3:36:03 AM",,,"System.UInt32[]","System.Diagnostics.Eventing.Reader.EventBookmark","Information","Info","Audit Policy Change","System.Collections.ObjectModel.ReadOnlyCollection`1[System.String]","System.Collections.Generic.List`1[System.Diagnostics.Eventing.Reader.EventProperty]"
"A directory service object was modified.
	
Subject:
	Security ID:		S-1-5-21-738609754-2819869699-4189121830-1108
	Account Name:		bob
	Account Domain:		insecurebank
	Logon ID:		0x8D7099

Directory Service:
	Name:	insecurebank.local
	Type:	Active Directory Domain Services
	
Object:
	DN:	CN={31B2F340-016D-11D2-945F-00C04FB984F9},CN=POLICIES,CN=SYSTEM,DC=INSECUREBANK,DC=LOCAL
	GUID:	{6d8a089c-f91e-41b4-a1d6-5985255210c3}
	Class:	groupPolicyContainer
	
Attribute:
	LDAP Display Name:	versionNumber
	Syntax (OID):	2.5.5.9
	Value:	65556
	
Operation:
	Type:	Value Added
	Correlation ID:	{b48b013c-1d7b-4192-9185-efc882c4947a}
	Application Correlation ID:	-","5136","0",,"0","14081","0","-9214364837600034816","198238053","Microsoft-Windows-Security-Auditing","54849625-5478-4994-a5ba-3e3b0328c30d","Security","444","3488","DC1.insecurebank.local",,"3/25/2019 3:35:36 AM",,,"System.UInt32[]","System.Diagnostics.Eventing.Reader.EventBookmark","Information","Info","Directory Service Changes","System.Collections.ObjectModel.ReadOnlyCollection`1[System.String]","System.Collections.Generic.List`1[System.Diagnostics.Eventing.Reader.EventProperty]"
"A directory service object was modified.
	
Subject:
	Security ID:		S-1-5-21-738609754-2819869699-4189121830-1108
	Account Name:		bob
	Account Domain:		insecurebank
	Logon ID:		0x8D7099

Directory Service:
	Name:	insecurebank.local
	Type:	Active Directory Domain Services
	
Object:
	DN:	CN={31B2F340-016D-11D2-945F-00C04FB984F9},CN=POLICIES,CN=SYSTEM,DC=INSECUREBANK,DC=LOCAL
	GUID:	{6d8a089c-f91e-41b4-a1d6-5985255210c3}
	Class:	groupPolicyContainer
	
Attribute:
	LDAP Display Name:	versionNumber
	Syntax (OID):	2.5.5.9
	Value:	65555
	
Operation:
	Type:	Value Deleted
	Correlation ID:	{b48b013c-1d7b-4192-9185-efc882c4947a}
	Application Correlation ID:	-","5136","0",,"0","14081","0","-9214364837600034816","198238052","Microsoft-Windows-Security-Auditing","54849625-5478-4994-a5ba-3e3b0328c30d","Security","444","3488","DC1.insecurebank.local",,"3/25/2019 3:35:36 AM",,,"System.UInt32[]","System.Diagnostics.Eventing.Reader.EventBookmark","Information","Info","Directory Service Changes","System.Collections.ObjectModel.ReadOnlyCollection`1[System.String]","System.Collections.Generic.List`1[System.Diagnostics.Eventing.Reader.EventProperty]"
"An operation was performed on an object.

Subject :
	Security ID:		S-1-5-21-738609754-2819869699-4189121830-1108
	Account Name:		bob
	Account Domain:		insecurebank
	Logon ID:		0x8D7099

Object:
	Object Server:		DS
	Object Type:		%{f30e3bc2-9ff0-11d1-b603-0000f80367c1}
	Object Name:		%{6d8a089c-f91e-41b4-a1d6-5985255210c3}
	Handle ID:		0x0

Operation:
	Operation Type:		Object Access
	Accesses:		Write Property
				
	Access Mask:		0x20
	Properties:		Write Property
		{771727b1-31b8-4cdf-ae62-4fe39fadf89e}
			{bf967a76-0de6-11d0-a285-00aa003049e2}
	{f30e3bc2-9ff0-11d1-b603-0000f80367c1}


Additional Information:
	Parameter 1:		-
	Parameter 2:		","4662","0",,"0","14080","0","-9214364837600034816","198238051","Microsoft-Windows-Security-Auditing","54849625-5478-4994-a5ba-3e3b0328c30d","Security","444","3488","DC1.insecurebank.local",,"3/25/2019 3:35:30 AM",,,"System.UInt32[]","System.Diagnostics.Eventing.Reader.EventBookmark","Information","Info","Directory Service Access","System.Collections.ObjectModel.ReadOnlyCollection`1[System.String]","System.Collections.Generic.List`1[System.Diagnostics.Eventing.Reader.EventProperty]"
"A directory service object was modified.
	
Subject:
	Security ID:		S-1-5-21-738609754-2819869699-4189121830-1108
	Account Name:		bob
	Account Domain:		insecurebank
	Logon ID:		0x8D7099

Directory Service:
	Name:	insecurebank.local
	Type:	Active Directory Domain Services
	
Object:
	DN:	CN={31B2F340-016D-11D2-945F-00C04FB984F9},CN=POLICIES,CN=SYSTEM,DC=INSECUREBANK,DC=LOCAL
	GUID:	{6d8a089c-f91e-41b4-a1d6-5985255210c3}
	Class:	groupPolicyContainer
	
Attribute:
	LDAP Display Name:	versionNumber
	Syntax (OID):	2.5.5.9
	Value:	65555
	
Operation:
	Type:	Value Added
	Correlation ID:	{6548db79-3ad6-41e2-a3bb-c3506a86b579}
	Application Correlation ID:	-","5136","0",,"0","14081","0","-9214364837600034816","198238050","Microsoft-Windows-Security-Auditing","54849625-5478-4994-a5ba-3e3b0328c30d","Security","444","3616","DC1.insecurebank.local",,"3/25/2019 3:35:16 AM",,,"System.UInt32[]","System.Diagnostics.Eventing.Reader.EventBookmark","Information","Info","Directory Service Changes","System.Collections.ObjectModel.ReadOnlyCollection`1[System.String]","System.Collections.Generic.List`1[System.Diagnostics.Eventing.Reader.EventProperty]"
"A directory service object was modified.
	
Subject:
	Security ID:		S-1-5-21-738609754-2819869699-4189121830-1108
	Account Name:		bob
	Account Domain:		insecurebank
	Logon ID:		0x8D7099

Directory Service:
	Name:	insecurebank.local
	Type:	Active Directory Domain Services
	
Object:
	DN:	CN={31B2F340-016D-11D2-945F-00C04FB984F9},CN=POLICIES,CN=SYSTEM,DC=INSECUREBANK,DC=LOCAL
	GUID:	{6d8a089c-f91e-41b4-a1d6-5985255210c3}
	Class:	groupPolicyContainer
	
Attribute:
	LDAP Display Name:	versionNumber
	Syntax (OID):	2.5.5.9
	Value:	65554
	
Operation:
	Type:	Value Deleted
	Correlation ID:	{6548db79-3ad6-41e2-a3bb-c3506a86b579}
	Application Correlation ID:	-","5136","0",,"0","14081","0","-9214364837600034816","198238049","Microsoft-Windows-Security-Auditing","54849625-5478-4994-a5ba-3e3b0328c30d","Security","444","3616","DC1.insecurebank.local",,"3/25/2019 3:35:16 AM",,,"System.UInt32[]","System.Diagnostics.Eventing.Reader.EventBookmark","Information","Info","Directory Service Changes","System.Collections.ObjectModel.ReadOnlyCollection`1[System.String]","System.Collections.Generic.List`1[System.Diagnostics.Eventing.Reader.EventProperty]"
"An operation was performed on an object.

Subject :
	Security ID:		S-1-5-21-738609754-2819869699-4189121830-1108
	Account Name:		bob
	Account Domain:		insecurebank
	Logon ID:		0x8D7099

Object:
	Object Server:		DS
	Object Type:		%{f30e3bc2-9ff0-11d1-b603-0000f80367c1}
	Object Name:		%{6d8a089c-f91e-41b4-a1d6-5985255210c3}
	Handle ID:		0x0

Operation:
	Operation Type:		Object Access
	Accesses:		Write Property
				
	Access Mask:		0x20
	Properties:		Write Property
		{771727b1-31b8-4cdf-ae62-4fe39fadf89e}
			{bf967a76-0de6-11d0-a285-00aa003049e2}
	{f30e3bc2-9ff0-11d1-b603-0000f80367c1}


Additional Information:
	Parameter 1:		-
	Parameter 2:		","4662","0",,"0","14080","0","-9214364837600034816","198238048","Microsoft-Windows-Security-Auditing","54849625-5478-4994-a5ba-3e3b0328c30d","Security","444","2868","DC1.insecurebank.local",,"3/25/2019 3:35:09 AM",,,"System.UInt32[]","System.Diagnostics.Eventing.Reader.EventBookmark","Information","Info","Directory Service Access","System.Collections.ObjectModel.ReadOnlyCollection`1[System.String]","System.Collections.Generic.List`1[System.Diagnostics.Eventing.Reader.EventProperty]"
"A directory service object was modified.
	
Subject:
	Security ID:		S-1-5-21-738609754-2819869699-4189121830-1108
	Account Name:		bob
	Account Domain:		insecurebank
	Logon ID:		0x8D7099

Directory Service:
	Name:	insecurebank.local
	Type:	Active Directory Domain Services
	
Object:
	DN:	CN={6AC1786C-016F-11D2-945F-00C04FB984F9},CN=POLICIES,CN=SYSTEM,DC=INSECUREBANK,DC=LOCAL
	GUID:	{6cdecdb5-7515-4511-8141-c34a7c3d4a0a}
	Class:	groupPolicyContainer
	
Attribute:
	LDAP Display Name:	versionNumber
	Syntax (OID):	2.5.5.9
	Value:	7
	
Operation:
	Type:	Value Added
	Correlation ID:	{4929664a-5cd8-4c73-bf19-223aca5501f3}
	Application Correlation ID:	-","5136","0",,"0","14081","0","-9214364837600034816","198238047","Microsoft-Windows-Security-Auditing","54849625-5478-4994-a5ba-3e3b0328c30d","Security","444","1420","DC1.insecurebank.local",,"3/25/2019 3:34:16 AM",,,"System.UInt32[]","System.Diagnostics.Eventing.Reader.EventBookmark","Information","Info","Directory Service Changes","System.Collections.ObjectModel.ReadOnlyCollection`1[System.String]","System.Collections.Generic.List`1[System.Diagnostics.Eventing.Reader.EventProperty]"
"A directory service object was modified.
	
Subject:
	Security ID:		S-1-5-21-738609754-2819869699-4189121830-1108
	Account Name:		bob
	Account Domain:		insecurebank
	Logon ID:		0x8D7099

Directory Service:
	Name:	insecurebank.local
	Type:	Active Directory Domain Services
	
Object:
	DN:	CN={6AC1786C-016F-11D2-945F-00C04FB984F9},CN=POLICIES,CN=SYSTEM,DC=INSECUREBANK,DC=LOCAL
	GUID:	{6cdecdb5-7515-4511-8141-c34a7c3d4a0a}
	Class:	groupPolicyContainer
	
Attribute:
	LDAP Display Name:	versionNumber
	Syntax (OID):	2.5.5.9
	Value:	6
	
Operation:
	Type:	Value Deleted
	Correlation ID:	{4929664a-5cd8-4c73-bf19-223aca5501f3}
	Application Correlation ID:	-","5136","0",,"0","14081","0","-9214364837600034816","198238046","Microsoft-Windows-Security-Auditing","54849625-5478-4994-a5ba-3e3b0328c30d","Security","444","1420","DC1.insecurebank.local",,"3/25/2019 3:34:16 AM",,,"System.UInt32[]","System.Diagnostics.Eventing.Reader.EventBookmark","Information","Info","Directory Service Changes","System.Collections.ObjectModel.ReadOnlyCollection`1[System.String]","System.Collections.Generic.List`1[System.Diagnostics.Eventing.Reader.EventProperty]"
"An operation was performed on an object.

Subject :
	Security ID:		S-1-5-21-738609754-2819869699-4189121830-1108
	Account Name:		bob
	Account Domain:		insecurebank
	Logon ID:		0x8D7099

Object:
	Object Server:		DS
	Object Type:		%{f30e3bc2-9ff0-11d1-b603-0000f80367c1}
	Object Name:		%{6cdecdb5-7515-4511-8141-c34a7c3d4a0a}
	Handle ID:		0x0

Operation:
	Operation Type:		Object Access
	Accesses:		Write Property
				
	Access Mask:		0x20
	Properties:		Write Property
		{771727b1-31b8-4cdf-ae62-4fe39fadf89e}
			{bf967a76-0de6-11d0-a285-00aa003049e2}
	{f30e3bc2-9ff0-11d1-b603-0000f80367c1}


Additional Information:
	Parameter 1:		-
	Parameter 2:		","4662","0",,"0","14080","0","-9214364837600034816","198238045","Microsoft-Windows-Security-Auditing","54849625-5478-4994-a5ba-3e3b0328c30d","Security","444","3616","DC1.insecurebank.local",,"3/25/2019 3:34:07 AM",,,"System.UInt32[]","System.Diagnostics.Eventing.Reader.EventBookmark","Information","Info","Directory Service Access","System.Collections.ObjectModel.ReadOnlyCollection`1[System.String]","System.Collections.Generic.List`1[System.Diagnostics.Eventing.Reader.EventProperty]"
"A directory service object was modified.
	
Subject:
	Security ID:		S-1-5-21-738609754-2819869699-4189121830-1108
	Account Name:		bob
	Account Domain:		insecurebank
	Logon ID:		0x8D7099

Directory Service:
	Name:	insecurebank.local
	Type:	Active Directory Domain Services
	
Object:
	DN:	CN={6AC1786C-016F-11D2-945F-00C04FB984F9},CN=POLICIES,CN=SYSTEM,DC=INSECUREBANK,DC=LOCAL
	GUID:	{6cdecdb5-7515-4511-8141-c34a7c3d4a0a}
	Class:	groupPolicyContainer
	
Attribute:
	LDAP Display Name:	versionNumber
	Syntax (OID):	2.5.5.9
	Value:	6
	
Operation:
	Type:	Value Added
	Correlation ID:	{780ea6e1-6307-48d6-8b0d-8c45cc7534ae}
	Application Correlation ID:	-","5136","0",,"0","14081","0","-9214364837600034816","198238044","Microsoft-Windows-Security-Auditing","54849625-5478-4994-a5ba-3e3b0328c30d","Security","444","2868","DC1.insecurebank.local",,"3/25/2019 3:33:56 AM",,,"System.UInt32[]","System.Diagnostics.Eventing.Reader.EventBookmark","Information","Info","Directory Service Changes","System.Collections.ObjectModel.ReadOnlyCollection`1[System.String]","System.Collections.Generic.List`1[System.Diagnostics.Eventing.Reader.EventProperty]"
"A directory service object was modified.
	
Subject:
	Security ID:		S-1-5-21-738609754-2819869699-4189121830-1108
	Account Name:		bob
	Account Domain:		insecurebank
	Logon ID:		0x8D7099

Directory Service:
	Name:	insecurebank.local
	Type:	Active Directory Domain Services
	
Object:
	DN:	CN={6AC1786C-016F-11D2-945F-00C04FB984F9},CN=POLICIES,CN=SYSTEM,DC=INSECUREBANK,DC=LOCAL
	GUID:	{6cdecdb5-7515-4511-8141-c34a7c3d4a0a}
	Class:	groupPolicyContainer
	
Attribute:
	LDAP Display Name:	versionNumber
	Syntax (OID):	2.5.5.9
	Value:	5
	
Operation:
	Type:	Value Deleted
	Correlation ID:	{780ea6e1-6307-48d6-8b0d-8c45cc7534ae}
	Application Correlation ID:	-","5136","0",,"0","14081","0","-9214364837600034816","198238043","Microsoft-Windows-Security-Auditing","54849625-5478-4994-a5ba-3e3b0328c30d","Security","444","3488","DC1.insecurebank.local",,"3/25/2019 3:33:56 AM",,,"System.UInt32[]","System.Diagnostics.Eventing.Reader.EventBookmark","Information","Info","Directory Service Changes","System.Collections.ObjectModel.ReadOnlyCollection`1[System.String]","System.Collections.Generic.List`1[System.Diagnostics.Eventing.Reader.EventProperty]"
"An operation was performed on an object.

Subject :
	Security ID:		S-1-5-21-738609754-2819869699-4189121830-1108
	Account Name:		bob
	Account Domain:		insecurebank
	Logon ID:		0x8D7099

Object:
	Object Server:		DS
	Object Type:		%{f30e3bc2-9ff0-11d1-b603-0000f80367c1}
	Object Name:		%{6cdecdb5-7515-4511-8141-c34a7c3d4a0a}
	Handle ID:		0x0

Operation:
	Operation Type:		Object Access
	Accesses:		Write Property
				
	Access Mask:		0x20
	Properties:		Write Property
		{771727b1-31b8-4cdf-ae62-4fe39fadf89e}
			{bf967a76-0de6-11d0-a285-00aa003049e2}
	{f30e3bc2-9ff0-11d1-b603-0000f80367c1}


Additional Information:
	Parameter 1:		-
	Parameter 2:		","4662","0",,"0","14080","0","-9214364837600034816","198238042","Microsoft-Windows-Security-Auditing","54849625-5478-4994-a5ba-3e3b0328c30d","Security","444","3616","DC1.insecurebank.local",,"3/25/2019 3:33:53 AM",,,"System.UInt32[]","System.Diagnostics.Eventing.Reader.EventBookmark","Information","Info","Directory Service Access","System.Collections.ObjectModel.ReadOnlyCollection`1[System.String]","System.Collections.Generic.List`1[System.Diagnostics.Eventing.Reader.EventProperty]"
"An operation was performed on an object.

Subject :
	Security ID:		S-1-5-18
	Account Name:		DC1$
	Account Domain:		insecurebank
	Logon ID:		0xB3AC2

Object:
	Object Server:		DS
	Object Type:		%{19195a5b-6da0-11d0-afd3-00c04fd930c9}
	Object Name:		%{c6faf700-bfe4-452a-a766-424f84c29583}
	Handle ID:		0x0

Operation:
	Operation Type:		Object Access
	Accesses:		Control Access
				
	Access Mask:		0x100
	Properties:		Control Access
		{1131f6aa-9c07-11d1-f79f-00c04fc2dcd2}
	{19195a5b-6da0-11d0-afd3-00c04fd930c9}


Additional Information:
	Parameter 1:		-
	Parameter 2:		","4662","0",,"0","14080","0","-9214364837600034816","198238041","Microsoft-Windows-Security-Auditing","54849625-5478-4994-a5ba-3e3b0328c30d","Security","444","4200","DC1.insecurebank.local",,"3/25/2019 3:05:30 AM",,,"System.UInt32[]","System.Diagnostics.Eventing.Reader.EventBookmark","Information","Info","Directory Service Access","System.Collections.ObjectModel.ReadOnlyCollection`1[System.String]","System.Collections.Generic.List`1[System.Diagnostics.Eventing.Reader.EventProperty]"
"The audit log was cleared.
Subject:
	Security ID:	S-1-5-21-738609754-2819869699-4189121830-1108
	Account Name:	bob
	Domain Name:	insecurebank
	Logon ID:	0x8D7099","1102","0",,"4","104","0","4620693217682128896","198238040","Microsoft-Windows-Eventlog","fc65ddd8-d6ef-4962-83d5-6e5cfe9ce148","Security","744","2028","DC1.insecurebank.local",,"3/25/2019 2:09:14 AM",,,"System.UInt32[]","System.Diagnostics.Eventing.Reader.EventBookmark","Information","Info","Log clear","System.Collections.ObjectModel.ReadOnlyCollection`1[System.String]","System.Collections.Generic.List`1[System.Diagnostics.Eventing.Reader.EventProperty]"
