"Server RPC call started. 	InterfaceUuid: 	{e60c73e6-88f9-11cf-9af1-0020af6e72f4} 	OpNum: 	0x6 	Protocol: 	LRPC 	Endpoint 	epmapper 	Authentication Level 	7 	Authentication Service 	8","6","1",,"4","2","1","4611686018427387904","909","Microsoft-Windows-RPC","6ad52b32-d609-4be9-ae07-ce8dae937e39",,"812","10136","LAPTOP-JU4M3I0E",,"9/18/2020 7:02:41 AM","730135e0-77bc-431d-b01d-2146410a6397",,"System.UInt32[]","System.Diagnostics.Eventing.Reader.EventBookmark","Information","Start",,"System.Collections.ObjectModel.ReadOnlyCollection`1[System.String]","System.Collections.Generic.List`1[System.Diagnostics.Eventing.Reader.EventProperty]"
"Server RPC call started. 	InterfaceUuid: 	{e60c73e6-88f9-11cf-9af1-0020af6e72f4} 	OpNum: 	0x4 	Protocol: 	LRPC 	Endpoint 	epmapper 	Authentication Level 	7 	Authentication Service 	8","6","1",,"4","2","1","4611686018427387904","885","Microsoft-Windows-RPC","6ad52b32-d609-4be9-ae07-ce8dae937e39",,"812","10136","LAPTOP-JU4M3I0E",,"9/18/2020 7:02:41 AM","0143611c-5c0d-420c-a14e-e79e551303e2",,"System.UInt32[]","System.Diagnostics.Eventing.Reader.EventBookmark","Information","Start",,"System.Collections.ObjectModel.ReadOnlyCollection`1[System.String]","System.Collections.Generic.List`1[System.Diagnostics.Eventing.Reader.EventProperty]"
"Server RPC call started. 	InterfaceUuid: 	{e60c73e6-88f9-11cf-9af1-0020af6e72f4} 	OpNum: 	0x6 	Protocol: 	LRPC 	Endpoint 	epmapper 	Authentication Level 	7 	Authentication Service 	8","6","1",,"4","2","1","4611686018427387904","854","Microsoft-Windows-RPC","6ad52b32-d609-4be9-ae07-ce8dae937e39",,"812","2928","LAPTOP-JU4M3I0E",,"9/18/2020 7:02:41 AM","3710041e-5788-4593-aa7a-eec228b51751",,"System.UInt32[]","System.Diagnostics.Eventing.Reader.EventBookmark","Information","Start",,"System.Collections.ObjectModel.ReadOnlyCollection`1[System.String]","System.Collections.Generic.List`1[System.Diagnostics.Eventing.Reader.EventProperty]"
"Server RPC call started. 	InterfaceUuid: 	{e60c73e6-88f9-11cf-9af1-0020af6e72f4} 	OpNum: 	0x6 	Protocol: 	LRPC 	Endpoint 	epmapper 	Authentication Level 	7 	Authentication Service 	8","6","1",,"4","2","1","4611686018427387904","853","Microsoft-Windows-RPC","6ad52b32-d609-4be9-ae07-ce8dae937e39",,"812","10136","LAPTOP-JU4M3I0E",,"9/18/2020 7:02:41 AM","4f42a7ba-6db7-4946-8783-8272f33bdb23",,"System.UInt32[]","System.Diagnostics.Eventing.Reader.EventBookmark","Information","Start",,"System.Collections.ObjectModel.ReadOnlyCollection`1[System.String]","System.Collections.Generic.List`1[System.Diagnostics.Eventing.Reader.EventProperty]"
"Server RPC call started. 	InterfaceUuid: 	{e60c73e6-88f9-11cf-9af1-0020af6e72f4} 	OpNum: 	0x4 	Protocol: 	LRPC 	Endpoint 	epmapper 	Authentication Level 	7 	Authentication Service 	8","6","1",,"4","2","1","4611686018427387904","812","Microsoft-Windows-RPC","6ad52b32-d609-4be9-ae07-ce8dae937e39",,"812","10136","LAPTOP-JU4M3I0E",,"9/18/2020 7:02:39 AM","7e8c8410-41f5-48ea-a26a-d3cb01efc6b4",,"System.UInt32[]","System.Diagnostics.Eventing.Reader.EventBookmark","Information","Start",,"System.Collections.ObjectModel.ReadOnlyCollection`1[System.String]","System.Collections.Generic.List`1[System.Diagnostics.Eventing.Reader.EventProperty]"
"Server RPC call started. 	InterfaceUuid: 	{00000134-0000-0000-c000-000000000046} 	OpNum: 	0xA 	Protocol: 	LRPC 	Endpoint 	OLE48CF94283245D7A56671FF158178 	Authentication Level 	7 	Authentication Service 	8","6","1",,"4","2","1","4611686018427387904","792","Microsoft-Windows-RPC","6ad52b32-d609-4be9-ae07-ce8dae937e39",,"1616","5268","LAPTOP-JU4M3I0E",,"9/18/2020 7:02:39 AM","15edbca6-3631-4586-b79b-aafc253b2ce2",,"System.UInt32[]","System.Diagnostics.Eventing.Reader.EventBookmark","Information","Start",,"System.Collections.ObjectModel.ReadOnlyCollection`1[System.String]","System.Collections.Generic.List`1[System.Diagnostics.Eventing.Reader.EventProperty]"
"Server RPC call started. 	InterfaceUuid: 	{367abb81-9844-35f1-ad32-98f038001003} 	OpNum: 	0x0 	Protocol: 	LRPC 	Endpoint 	ntsvcs 	Authentication Level 	7 	Authentication Service 	8","6","1",,"4","2","1","4611686018427387904","763","Microsoft-Windows-RPC","6ad52b32-d609-4be9-ae07-ce8dae937e39",,"576","1904","LAPTOP-JU4M3I0E",,"9/18/2020 7:02:38 AM","8d867301-ad51-46f5-930c-9d0371334db1",,"System.UInt32[]","System.Diagnostics.Eventing.Reader.EventBookmark","Information","Start",,"System.Collections.ObjectModel.ReadOnlyCollection`1[System.String]","System.Collections.Generic.List`1[System.Diagnostics.Eventing.Reader.EventProperty]"
"Server RPC call started. 	InterfaceUuid: 	{367abb81-9844-35f1-ad32-98f038001003} 	OpNum: 	0x0 	Protocol: 	LRPC 	Endpoint 	ntsvcs 	Authentication Level 	7 	Authentication Service 	8","6","1",,"4","2","1","4611686018427387904","737","Microsoft-Windows-RPC","6ad52b32-d609-4be9-ae07-ce8dae937e39",,"576","1904","LAPTOP-JU4M3I0E",,"9/18/2020 7:02:38 AM","7d236a7d-c90f-477e-a90a-4fde72b8e8ab",,"System.UInt32[]","System.Diagnostics.Eventing.Reader.EventBookmark","Information","Start",,"System.Collections.ObjectModel.ReadOnlyCollection`1[System.String]","System.Collections.Generic.List`1[System.Diagnostics.Eventing.Reader.EventProperty]"
"Server RPC call started. 	InterfaceUuid: 	{367abb81-9844-35f1-ad32-98f038001003} 	OpNum: 	0x6 	Protocol: 	LRPC 	Endpoint 	ntsvcs 	Authentication Level 	7 	Authentication Service 	8","6","1",,"4","2","1","4611686018427387904","714","Microsoft-Windows-RPC","6ad52b32-d609-4be9-ae07-ce8dae937e39",,"576","1904","LAPTOP-JU4M3I0E",,"9/18/2020 7:02:38 AM","a14e8ed0-fd53-4de7-acf8-eb7f749bd446",,"System.UInt32[]","System.Diagnostics.Eventing.Reader.EventBookmark","Information","Start",,"System.Collections.ObjectModel.ReadOnlyCollection`1[System.String]","System.Collections.Generic.List`1[System.Diagnostics.Eventing.Reader.EventProperty]"
"Server RPC call started. 	InterfaceUuid: 	{367abb81-9844-35f1-ad32-98f038001003} 	OpNum: 	0x10 	Protocol: 	LRPC 	Endpoint 	ntsvcs 	Authentication Level 	7 	Authentication Service 	8","6","1",,"4","2","1","4611686018427387904","685","Microsoft-Windows-RPC","6ad52b32-d609-4be9-ae07-ce8dae937e39",,"576","1904","LAPTOP-JU4M3I0E",,"9/18/2020 7:02:38 AM","8dd7a7f1-9604-4af4-a45d-1639c21591d1",,"System.UInt32[]","System.Diagnostics.Eventing.Reader.EventBookmark","Information","Start",,"System.Collections.ObjectModel.ReadOnlyCollection`1[System.String]","System.Collections.Generic.List`1[System.Diagnostics.Eventing.Reader.EventProperty]"
"Server RPC call started. 	InterfaceUuid: 	{367abb81-9844-35f1-ad32-98f038001003} 	OpNum: 	0xF 	Protocol: 	LRPC 	Endpoint 	ntsvcs 	Authentication Level 	7 	Authentication Service 	8","6","1",,"4","2","1","4611686018427387904","655","Microsoft-Windows-RPC","6ad52b32-d609-4be9-ae07-ce8dae937e39",,"576","1904","LAPTOP-JU4M3I0E",,"9/18/2020 7:02:38 AM","5c1e279d-d1f0-4492-a9a6-cbe5f890c684",,"System.UInt32[]","System.Diagnostics.Eventing.Reader.EventBookmark","Information","Start",,"System.Collections.ObjectModel.ReadOnlyCollection`1[System.String]","System.Collections.Generic.List`1[System.Diagnostics.Eventing.Reader.EventProperty]"
"Server RPC call started. 	InterfaceUuid: 	{e60c73e6-88f9-11cf-9af1-0020af6e72f4} 	OpNum: 	0x4 	Protocol: 	LRPC 	Endpoint 	epmapper 	Authentication Level 	7 	Authentication Service 	8","6","1",,"4","2","1","4611686018427387904","617","Microsoft-Windows-RPC","6ad52b32-d609-4be9-ae07-ce8dae937e39",,"812","10136","LAPTOP-JU4M3I0E",,"9/18/2020 7:02:37 AM","6b2233bc-44b9-44f9-a170-46411aacab8d",,"System.UInt32[]","System.Diagnostics.Eventing.Reader.EventBookmark","Information","Start",,"System.Collections.ObjectModel.ReadOnlyCollection`1[System.String]","System.Collections.Generic.List`1[System.Diagnostics.Eventing.Reader.EventProperty]"
"Server RPC call started. 	InterfaceUuid: 	{e60c73e6-88f9-11cf-9af1-0020af6e72f4} 	OpNum: 	0x4 	Protocol: 	LRPC 	Endpoint 	epmapper 	Authentication Level 	7 	Authentication Service 	8","6","1",,"4","2","1","4611686018427387904","597","Microsoft-Windows-RPC","6ad52b32-d609-4be9-ae07-ce8dae937e39",,"812","10136","LAPTOP-JU4M3I0E",,"9/18/2020 7:02:37 AM","36af9c6a-faab-4b27-a92e-0e3186793089",,"System.UInt32[]","System.Diagnostics.Eventing.Reader.EventBookmark","Information","Start",,"System.Collections.ObjectModel.ReadOnlyCollection`1[System.String]","System.Collections.Generic.List`1[System.Diagnostics.Eventing.Reader.EventProperty]"
"Server RPC call started. 	InterfaceUuid: 	{e60c73e6-88f9-11cf-9af1-0020af6e72f4} 	OpNum: 	0x4 	Protocol: 	LRPC 	Endpoint 	epmapper 	Authentication Level 	7 	Authentication Service 	8","6","1",,"4","2","1","4611686018427387904","577","Microsoft-Windows-RPC","6ad52b32-d609-4be9-ae07-ce8dae937e39",,"812","10136","LAPTOP-JU4M3I0E",,"9/18/2020 7:02:37 AM","e95ca6a1-0918-4080-a147-845e10532d2d",,"System.UInt32[]","System.Diagnostics.Eventing.Reader.EventBookmark","Information","Start",,"System.Collections.ObjectModel.ReadOnlyCollection`1[System.String]","System.Collections.Generic.List`1[System.Diagnostics.Eventing.Reader.EventProperty]"
"Server RPC call started. 	InterfaceUuid: 	{e60c73e6-88f9-11cf-9af1-0020af6e72f4} 	OpNum: 	0x4 	Protocol: 	LRPC 	Endpoint 	epmapper 	Authentication Level 	7 	Authentication Service 	8","6","1",,"4","2","1","4611686018427387904","557","Microsoft-Windows-RPC","6ad52b32-d609-4be9-ae07-ce8dae937e39",,"812","10136","LAPTOP-JU4M3I0E",,"9/18/2020 7:02:37 AM","5b49146f-4075-4e18-8947-3ad4c308646c",,"System.UInt32[]","System.Diagnostics.Eventing.Reader.EventBookmark","Information","Start",,"System.Collections.ObjectModel.ReadOnlyCollection`1[System.String]","System.Collections.Generic.List`1[System.Diagnostics.Eventing.Reader.EventProperty]"
"Server RPC call started. 	InterfaceUuid: 	{e60c73e6-88f9-11cf-9af1-0020af6e72f4} 	OpNum: 	0x6 	Protocol: 	LRPC 	Endpoint 	epmapper 	Authentication Level 	7 	Authentication Service 	8","6","1",,"4","2","1","4611686018427387904","537","Microsoft-Windows-RPC","6ad52b32-d609-4be9-ae07-ce8dae937e39",,"812","10136","LAPTOP-JU4M3I0E",,"9/18/2020 7:02:37 AM","8b84fdbd-047c-4c28-ae4a-b5b047fb2720",,"System.UInt32[]","System.Diagnostics.Eventing.Reader.EventBookmark","Information","Start",,"System.Collections.ObjectModel.ReadOnlyCollection`1[System.String]","System.Collections.Generic.List`1[System.Diagnostics.Eventing.Reader.EventProperty]"
"Server RPC call started. 	InterfaceUuid: 	{e60c73e6-88f9-11cf-9af1-0020af6e72f4} 	OpNum: 	0x4 	Protocol: 	LRPC 	Endpoint 	epmapper 	Authentication Level 	7 	Authentication Service 	8","6","1",,"4","2","1","4611686018427387904","517","Microsoft-Windows-RPC","6ad52b32-d609-4be9-ae07-ce8dae937e39",,"812","10136","LAPTOP-JU4M3I0E",,"9/18/2020 7:02:37 AM","b84d3e67-a3cb-4326-8a16-c32ad0a05819",,"System.UInt32[]","System.Diagnostics.Eventing.Reader.EventBookmark","Information","Start",,"System.Collections.ObjectModel.ReadOnlyCollection`1[System.String]","System.Collections.Generic.List`1[System.Diagnostics.Eventing.Reader.EventProperty]"
"Server RPC call started. 	InterfaceUuid: 	{e60c73e6-88f9-11cf-9af1-0020af6e72f4} 	OpNum: 	0x6 	Protocol: 	LRPC 	Endpoint 	epmapper 	Authentication Level 	7 	Authentication Service 	8","6","1",,"4","2","1","4611686018427387904","493","Microsoft-Windows-RPC","6ad52b32-d609-4be9-ae07-ce8dae937e39",,"812","10136","LAPTOP-JU4M3I0E",,"9/18/2020 7:02:37 AM","6480a4a1-8181-4eb8-b4b3-8f7bb83370ac",,"System.UInt32[]","System.Diagnostics.Eventing.Reader.EventBookmark","Information","Start",,"System.Collections.ObjectModel.ReadOnlyCollection`1[System.String]","System.Collections.Generic.List`1[System.Diagnostics.Eventing.Reader.EventProperty]"
"Server RPC call started. 	InterfaceUuid: 	{e60c73e6-88f9-11cf-9af1-0020af6e72f4} 	OpNum: 	0x4 	Protocol: 	LRPC 	Endpoint 	epmapper 	Authentication Level 	7 	Authentication Service 	8","6","1",,"4","2","1","4611686018427387904","477","Microsoft-Windows-RPC","6ad52b32-d609-4be9-ae07-ce8dae937e39",,"812","10136","LAPTOP-JU4M3I0E",,"9/18/2020 7:02:37 AM","6b42f4c9-3b0c-40f7-bf2b-bfba3dfa0f71",,"System.UInt32[]","System.Diagnostics.Eventing.Reader.EventBookmark","Information","Start",,"System.Collections.ObjectModel.ReadOnlyCollection`1[System.String]","System.Collections.Generic.List`1[System.Diagnostics.Eventing.Reader.EventProperty]"
"Server RPC call started. 	InterfaceUuid: 	{e60c73e6-88f9-11cf-9af1-0020af6e72f4} 	OpNum: 	0x6 	Protocol: 	LRPC 	Endpoint 	epmapper 	Authentication Level 	7 	Authentication Service 	8","6","1",,"4","2","1","4611686018427387904","457","Microsoft-Windows-RPC","6ad52b32-d609-4be9-ae07-ce8dae937e39",,"812","10136","LAPTOP-JU4M3I0E",,"9/18/2020 7:02:37 AM","51e2fb94-39ea-4fec-b1a6-372717888e02",,"System.UInt32[]","System.Diagnostics.Eventing.Reader.EventBookmark","Information","Start",,"System.Collections.ObjectModel.ReadOnlyCollection`1[System.String]","System.Collections.Generic.List`1[System.Diagnostics.Eventing.Reader.EventProperty]"
"Server RPC call started. 	InterfaceUuid: 	{e60c73e6-88f9-11cf-9af1-0020af6e72f4} 	OpNum: 	0x6 	Protocol: 	LRPC 	Endpoint 	epmapper 	Authentication Level 	7 	Authentication Service 	8","6","1",,"4","2","1","4611686018427387904","437","Microsoft-Windows-RPC","6ad52b32-d609-4be9-ae07-ce8dae937e39",,"812","10136","LAPTOP-JU4M3I0E",,"9/18/2020 7:02:37 AM","1a61a9bf-2723-400b-af39-76a222b436c7",,"System.UInt32[]","System.Diagnostics.Eventing.Reader.EventBookmark","Information","Start",,"System.Collections.ObjectModel.ReadOnlyCollection`1[System.String]","System.Collections.Generic.List`1[System.Diagnostics.Eventing.Reader.EventProperty]"
"Server RPC call started. 	InterfaceUuid: 	{e60c73e6-88f9-11cf-9af1-0020af6e72f4} 	OpNum: 	0x7 	Protocol: 	LRPC 	Endpoint 	epmapper 	Authentication Level 	7 	Authentication Service 	8","6","1",,"4","2","1","4611686018427387904","417","Microsoft-Windows-RPC","6ad52b32-d609-4be9-ae07-ce8dae937e39",,"812","10136","LAPTOP-JU4M3I0E",,"9/18/2020 7:02:37 AM","9140c09f-47a0-44f9-921b-8d7c2104ae1d",,"System.UInt32[]","System.Diagnostics.Eventing.Reader.EventBookmark","Information","Start",,"System.Collections.ObjectModel.ReadOnlyCollection`1[System.String]","System.Collections.Generic.List`1[System.Diagnostics.Eventing.Reader.EventProperty]"
"Server RPC call started. 	InterfaceUuid: 	{e60c73e6-88f9-11cf-9af1-0020af6e72f4} 	OpNum: 	0xA 	Protocol: 	LRPC 	Endpoint 	epmapper 	Authentication Level 	7 	Authentication Service 	8","6","1",,"4","2","1","4611686018427387904","332","Microsoft-Windows-RPC","6ad52b32-d609-4be9-ae07-ce8dae937e39",,"812","10136","LAPTOP-JU4M3I0E",,"9/18/2020 7:02:37 AM","e3dcdd77-92ea-4dc8-bd7b-9e61535fc059",,"System.UInt32[]","System.Diagnostics.Eventing.Reader.EventBookmark","Information","Start",,"System.Collections.ObjectModel.ReadOnlyCollection`1[System.String]","System.Collections.Generic.List`1[System.Diagnostics.Eventing.Reader.EventProperty]"
"Server RPC call started. 	InterfaceUuid: 	{f6beaff7-1e19-4fbb-9f8f-b89e2018337c} 	OpNum: 	0xD 	Protocol: 	LRPC 	Endpoint 	eventlog 	Authentication Level 	7 	Authentication Service 	8","6","1",,"4","2","1","4611686018427387904","298","Microsoft-Windows-RPC","6ad52b32-d609-4be9-ae07-ce8dae937e39",,"264","2028","LAPTOP-JU4M3I0E",,"9/18/2020 7:02:37 AM","d2b6a31e-6bf3-43eb-8ae9-e3654f670c10",,"System.UInt32[]","System.Diagnostics.Eventing.Reader.EventBookmark","Information","Start",,"System.Collections.ObjectModel.ReadOnlyCollection`1[System.String]","System.Collections.Generic.List`1[System.Diagnostics.Eventing.Reader.EventProperty]"
"Server RPC call started. 	InterfaceUuid: 	{f6beaff7-1e19-4fbb-9f8f-b89e2018337c} 	OpNum: 	0xD 	Protocol: 	LRPC 	Endpoint 	eventlog 	Authentication Level 	7 	Authentication Service 	8","6","1",,"4","2","1","4611686018427387904","272","Microsoft-Windows-RPC","6ad52b32-d609-4be9-ae07-ce8dae937e39",,"264","2028","LAPTOP-JU4M3I0E",,"9/18/2020 7:02:37 AM","9219905c-5960-49c6-b58b-e622d819975e",,"System.UInt32[]","System.Diagnostics.Eventing.Reader.EventBookmark","Information","Start",,"System.Collections.ObjectModel.ReadOnlyCollection`1[System.String]","System.Collections.Generic.List`1[System.Diagnostics.Eventing.Reader.EventProperty]"
"Server RPC call started. 	InterfaceUuid: 	{f6beaff7-1e19-4fbb-9f8f-b89e2018337c} 	OpNum: 	0x2 	Protocol: 	LRPC 	Endpoint 	eventlog 	Authentication Level 	7 	Authentication Service 	8","6","1",,"4","2","1","4611686018427387904","246","Microsoft-Windows-RPC","6ad52b32-d609-4be9-ae07-ce8dae937e39",,"264","2028","LAPTOP-JU4M3I0E",,"9/18/2020 7:02:37 AM","49af105d-75d7-42d7-aa80-80fa7aa3f88c",,"System.UInt32[]","System.Diagnostics.Eventing.Reader.EventBookmark","Information","Start",,"System.Collections.ObjectModel.ReadOnlyCollection`1[System.String]","System.Collections.Generic.List`1[System.Diagnostics.Eventing.Reader.EventProperty]"
"Server RPC call started. 	InterfaceUuid: 	{367abb81-9844-35f1-ad32-98f038001003} 	OpNum: 	0x0 	Protocol: 	LRPC 	Endpoint 	ntsvcs 	Authentication Level 	7 	Authentication Service 	8","6","1",,"4","2","1","4611686018427387904","208","Microsoft-Windows-RPC","6ad52b32-d609-4be9-ae07-ce8dae937e39",,"576","1904","LAPTOP-JU4M3I0E",,"9/18/2020 7:02:37 AM","1cd5e53e-693d-42b6-9a50-8e4a6731f14d",,"System.UInt32[]","System.Diagnostics.Eventing.Reader.EventBookmark","Information","Start",,"System.Collections.ObjectModel.ReadOnlyCollection`1[System.String]","System.Collections.Generic.List`1[System.Diagnostics.Eventing.Reader.EventProperty]"
"Server RPC call started. 	InterfaceUuid: 	{367abb81-9844-35f1-ad32-98f038001003} 	OpNum: 	0x0 	Protocol: 	LRPC 	Endpoint 	ntsvcs 	Authentication Level 	7 	Authentication Service 	8","6","1",,"4","2","1","4611686018427387904","182","Microsoft-Windows-RPC","6ad52b32-d609-4be9-ae07-ce8dae937e39",,"576","1904","LAPTOP-JU4M3I0E",,"9/18/2020 7:02:37 AM","026e287e-0894-414e-8e77-bd0048f1cd03",,"System.UInt32[]","System.Diagnostics.Eventing.Reader.EventBookmark","Information","Start",,"System.Collections.ObjectModel.ReadOnlyCollection`1[System.String]","System.Collections.Generic.List`1[System.Diagnostics.Eventing.Reader.EventProperty]"
"Server RPC call started. 	InterfaceUuid: 	{367abb81-9844-35f1-ad32-98f038001003} 	OpNum: 	0x6 	Protocol: 	LRPC 	Endpoint 	ntsvcs 	Authentication Level 	7 	Authentication Service 	8","6","1",,"4","2","1","4611686018427387904","159","Microsoft-Windows-RPC","6ad52b32-d609-4be9-ae07-ce8dae937e39",,"576","1904","LAPTOP-JU4M3I0E",,"9/18/2020 7:02:37 AM","81962f8a-da47-4fbd-a81e-071b07aaa37a",,"System.UInt32[]","System.Diagnostics.Eventing.Reader.EventBookmark","Information","Start",,"System.Collections.ObjectModel.ReadOnlyCollection`1[System.String]","System.Collections.Generic.List`1[System.Diagnostics.Eventing.Reader.EventProperty]"
"Server RPC call started. 	InterfaceUuid: 	{367abb81-9844-35f1-ad32-98f038001003} 	OpNum: 	0x10 	Protocol: 	LRPC 	Endpoint 	ntsvcs 	Authentication Level 	7 	Authentication Service 	8","6","1",,"4","2","1","4611686018427387904","130","Microsoft-Windows-RPC","6ad52b32-d609-4be9-ae07-ce8dae937e39",,"576","1904","LAPTOP-JU4M3I0E",,"9/18/2020 7:02:37 AM","b9fac5a9-bdb3-4ea0-af6c-7815410a27ac",,"System.UInt32[]","System.Diagnostics.Eventing.Reader.EventBookmark","Information","Start",,"System.Collections.ObjectModel.ReadOnlyCollection`1[System.String]","System.Collections.Generic.List`1[System.Diagnostics.Eventing.Reader.EventProperty]"
"Server RPC call started. 	InterfaceUuid: 	{367abb81-9844-35f1-ad32-98f038001003} 	OpNum: 	0xF 	Protocol: 	LRPC 	Endpoint 	ntsvcs 	Authentication Level 	7 	Authentication Service 	8","6","1",,"4","2","1","4611686018427387904","100","Microsoft-Windows-RPC","6ad52b32-d609-4be9-ae07-ce8dae937e39",,"576","1904","LAPTOP-JU4M3I0E",,"9/18/2020 7:02:37 AM","9abd7b76-0510-498c-99db-018f588d16cb",,"System.UInt32[]","System.Diagnostics.Eventing.Reader.EventBookmark","Information","Start",,"System.Collections.ObjectModel.ReadOnlyCollection`1[System.String]","System.Collections.Generic.List`1[System.Diagnostics.Eventing.Reader.EventProperty]"
"Server RPC call started. 	InterfaceUuid: 	{367abb81-9844-35f1-ad32-98f038001003} 	OpNum: 	0x2A 	Protocol: 	LRPC 	Endpoint 	ntsvcs 	Authentication Level 	7 	Authentication Service 	8","6","1",,"4","2","1","4611686018427387904","59","Microsoft-Windows-RPC","6ad52b32-d609-4be9-ae07-ce8dae937e39",,"576","1904","LAPTOP-JU4M3I0E",,"9/18/2020 7:02:36 AM","205dfb89-a340-4d8f-9355-4039ca4ee9bf",,"System.UInt32[]","System.Diagnostics.Eventing.Reader.EventBookmark","Information","Start",,"System.Collections.ObjectModel.ReadOnlyCollection`1[System.String]","System.Collections.Generic.List`1[System.Diagnostics.Eventing.Reader.EventProperty]"
"Server RPC call started. 	InterfaceUuid: 	{367abb81-9844-35f1-ad32-98f038001003} 	OpNum: 	0x2A 	Protocol: 	LRPC 	Endpoint 	ntsvcs 	Authentication Level 	7 	Authentication Service 	8","6","1",,"4","2","1","4611686018427387904","23","Microsoft-Windows-RPC","6ad52b32-d609-4be9-ae07-ce8dae937e39",,"576","1904","LAPTOP-JU4M3I0E",,"9/18/2020 7:02:36 AM","b5b799b5-3d32-4f92-90e4-8cf763efe0bc",,"System.UInt32[]","System.Diagnostics.Eventing.Reader.EventBookmark","Information","Start",,"System.Collections.ObjectModel.ReadOnlyCollection`1[System.String]","System.Collections.Generic.List`1[System.Diagnostics.Eventing.Reader.EventProperty]"
"Server RPC call started. 	InterfaceUuid: 	{4f32adc8-6052-4a04-8701-293ccf2096f0} 	OpNum: 	0xE 	Protocol: 	LRPC 	Endpoint 	lsasspirpc 	Authentication Level 	7 	Authentication Service 	8","6","1",,"4","2","1","4611686018427387904","4","Microsoft-Windows-RPC","6ad52b32-d609-4be9-ae07-ce8dae937e39",,"584","3076","LAPTOP-JU4M3I0E",,"9/18/2020 7:02:36 AM","3d5c7d5a-6a73-48ec-afa5-8695cd1ceaec",,"System.UInt32[]","System.Diagnostics.Eventing.Reader.EventBookmark","Information","Start",,"System.Collections.ObjectModel.ReadOnlyCollection`1[System.String]","System.Collections.Generic.List`1[System.Diagnostics.Eventing.Reader.EventProperty]"
