"Server RPC call started. 	InterfaceUuid: 	{12345778-1234-abcd-ef00-0123456789ab} 	OpNum: 	0x2C 	Protocol: 	LRPC 	Endpoint 	LSARPC_ENDPOINT 	Authentication Level 	7 	Authentication Service 	8","6","1",,"4","2","1","4611686018427387904","6759","Microsoft-Windows-RPC","6ad52b32-d609-4be9-ae07-ce8dae937e39",,"584","752","LAPTOP-JU4M3I0E",,"9/18/2020 7:02:52 AM","00756301-c514-4fd3-a244-21bdf9125bdd",,"System.UInt32[]","System.Diagnostics.Eventing.Reader.EventBookmark","Information","Start",,"System.Collections.ObjectModel.ReadOnlyCollection`1[System.String]","System.Collections.Generic.List`1[System.Diagnostics.Eventing.Reader.EventProperty]"
"Server RPC call started. 	InterfaceUuid: 	{4f32adc8-6052-4a04-8701-293ccf2096f0} 	OpNum: 	0xE 	Protocol: 	LRPC 	Endpoint 	lsasspirpc 	Authentication Level 	7 	Authentication Service 	8","6","1",,"4","2","1","4611686018427387904","6720","Microsoft-Windows-RPC","6ad52b32-d609-4be9-ae07-ce8dae937e39",,"584","752","LAPTOP-JU4M3I0E",,"9/18/2020 7:02:52 AM","a1adda6a-1a49-4d86-bece-627f3dc910cf",,"System.UInt32[]","System.Diagnostics.Eventing.Reader.EventBookmark","Information","Start",,"System.Collections.ObjectModel.ReadOnlyCollection`1[System.String]","System.Collections.Generic.List`1[System.Diagnostics.Eventing.Reader.EventProperty]"
"Server RPC call started. 	InterfaceUuid: 	{4f32adc8-6052-4a04-8701-293ccf2096f0} 	OpNum: 	0xE 	Protocol: 	LRPC 	Endpoint 	lsasspirpc 	Authentication Level 	7 	Authentication Service 	8","6","1",,"4","2","1","4611686018427387904","6697","Microsoft-Windows-RPC","6ad52b32-d609-4be9-ae07-ce8dae937e39",,"584","752","LAPTOP-JU4M3I0E",,"9/18/2020 7:02:52 AM","7152c73c-59ef-4c30-9a31-419d7da41f12",,"System.UInt32[]","System.Diagnostics.Eventing.Reader.EventBookmark","Information","Start",,"System.Collections.ObjectModel.ReadOnlyCollection`1[System.String]","System.Collections.Generic.List`1[System.Diagnostics.Eventing.Reader.EventProperty]"
"Server RPC call started. 	InterfaceUuid: 	{9556dc99-828c-11cf-a37e-00aa003240c7} 	OpNum: 	0x15 	Protocol: 	LRPC 	Endpoint 	OLEBB6012C7E3F1F9492EB953C49432 	Authentication Level 	7 	Authentication Service 	8","6","1",,"4","2","1","4611686018427387904","6686","Microsoft-Windows-RPC","6ad52b32-d609-4be9-ae07-ce8dae937e39",,"2512","8980","LAPTOP-JU4M3I0E",,"9/18/2020 7:02:52 AM","43d4389e-16ca-45c4-84b1-b209c03c10ad",,"System.UInt32[]","System.Diagnostics.Eventing.Reader.EventBookmark","Information","Start",,"System.Collections.ObjectModel.ReadOnlyCollection`1[System.String]","System.Collections.Generic.List`1[System.Diagnostics.Eventing.Reader.EventProperty]"
"Server RPC call started. 	InterfaceUuid: 	{9556dc99-828c-11cf-a37e-00aa003240c7} 	OpNum: 	0x15 	Protocol: 	LRPC 	Endpoint 	OLEBB6012C7E3F1F9492EB953C49432 	Authentication Level 	7 	Authentication Service 	8","6","1",,"4","2","1","4611686018427387904","6678","Microsoft-Windows-RPC","6ad52b32-d609-4be9-ae07-ce8dae937e39",,"2512","8708","LAPTOP-JU4M3I0E",,"9/18/2020 7:02:52 AM","ef35d3e9-0b80-4332-bdab-99200048444d",,"System.UInt32[]","System.Diagnostics.Eventing.Reader.EventBookmark","Information","Start",,"System.Collections.ObjectModel.ReadOnlyCollection`1[System.String]","System.Collections.Generic.List`1[System.Diagnostics.Eventing.Reader.EventProperty]"
"Server RPC call started. 	InterfaceUuid: 	{00000134-0000-0000-c000-000000000046} 	OpNum: 	0x5 	Protocol: 	LRPC 	Endpoint 	OLE1D66DF2E47C355AC517E8BD1AC9E 	Authentication Level 	7 	Authentication Service 	8","6","1",,"4","2","1","4611686018427387904","6610","Microsoft-Windows-RPC","6ad52b32-d609-4be9-ae07-ce8dae937e39",,"1244","1384","LAPTOP-JU4M3I0E",,"9/18/2020 7:02:52 AM","8084f3a1-f411-43b1-9b9c-92c5a00f638b",,"System.UInt32[]","System.Diagnostics.Eventing.Reader.EventBookmark","Information","Start",,"System.Collections.ObjectModel.ReadOnlyCollection`1[System.String]","System.Collections.Generic.List`1[System.Diagnostics.Eventing.Reader.EventProperty]"
"Server RPC call started. 	InterfaceUuid: 	{423ec01e-2e35-11d2-b604-00104b703efd} 	OpNum: 	0x3 	Protocol: 	LRPC 	Endpoint 	OLE1D66DF2E47C355AC517E8BD1AC9E 	Authentication Level 	7 	Authentication Service 	8","6","1",,"4","2","1","4611686018427387904","6598","Microsoft-Windows-RPC","6ad52b32-d609-4be9-ae07-ce8dae937e39",,"1244","8172","LAPTOP-JU4M3I0E",,"9/18/2020 7:02:52 AM","59c1ac84-b1d4-4b5f-bf2f-1b039d6512d4",,"System.UInt32[]","System.Diagnostics.Eventing.Reader.EventBookmark","Information","Start",,"System.Collections.ObjectModel.ReadOnlyCollection`1[System.String]","System.Collections.Generic.List`1[System.Diagnostics.Eventing.Reader.EventProperty]"
"Server RPC call started. 	InterfaceUuid: 	{1c1c45ee-4395-11d2-b60b-00104b703efd} 	OpNum: 	0x3 	Protocol: 	LRPC 	Endpoint 	OLE1D66DF2E47C355AC517E8BD1AC9E 	Authentication Level 	7 	Authentication Service 	8","6","1",,"4","2","1","4611686018427387904","6576","Microsoft-Windows-RPC","6ad52b32-d609-4be9-ae07-ce8dae937e39",,"1244","8172","LAPTOP-JU4M3I0E",,"9/18/2020 7:02:52 AM","bd3dc7f5-93a0-43a1-b090-0be939ee3c16",,"System.UInt32[]","System.Diagnostics.Eventing.Reader.EventBookmark","Information","Start",,"System.Collections.ObjectModel.ReadOnlyCollection`1[System.String]","System.Collections.Generic.List`1[System.Diagnostics.Eventing.Reader.EventProperty]"
"Server RPC call started. 	InterfaceUuid: 	{6b3fc272-bf37-4968-933a-6df9222a2607} 	OpNum: 	0x9 	Protocol: 	LRPC 	Endpoint 	OLEBB6012C7E3F1F9492EB953C49432 	Authentication Level 	7 	Authentication Service 	8","6","1",,"4","2","1","4611686018427387904","6569","Microsoft-Windows-RPC","6ad52b32-d609-4be9-ae07-ce8dae937e39",,"2512","8708","LAPTOP-JU4M3I0E",,"9/18/2020 7:02:52 AM","a02b17c9-e2ed-41fb-99cd-08437402d827",,"System.UInt32[]","System.Diagnostics.Eventing.Reader.EventBookmark","Information","Start",,"System.Collections.ObjectModel.ReadOnlyCollection`1[System.String]","System.Collections.Generic.List`1[System.Diagnostics.Eventing.Reader.EventProperty]"
"Server RPC call started. 	InterfaceUuid: 	{00000134-0000-0000-c000-000000000046} 	OpNum: 	0x3 	Protocol: 	LRPC 	Endpoint 	OLE1D66DF2E47C355AC517E8BD1AC9E 	Authentication Level 	7 	Authentication Service 	8","6","1",,"4","2","1","4611686018427387904","6546","Microsoft-Windows-RPC","6ad52b32-d609-4be9-ae07-ce8dae937e39",,"1244","8172","LAPTOP-JU4M3I0E",,"9/18/2020 7:02:52 AM","0ce3869f-24fc-430e-9e92-7b8461e30d48",,"System.UInt32[]","System.Diagnostics.Eventing.Reader.EventBookmark","Information","Start",,"System.Collections.ObjectModel.ReadOnlyCollection`1[System.String]","System.Collections.Generic.List`1[System.Diagnostics.Eventing.Reader.EventProperty]"
"Server RPC call started. 	InterfaceUuid: 	{9556dc99-828c-11cf-a37e-00aa003240c7} 	OpNum: 	0x14 	Protocol: 	LRPC 	Endpoint 	OLE1D66DF2E47C355AC517E8BD1AC9E 	Authentication Level 	7 	Authentication Service 	8","6","1",,"4","2","1","4611686018427387904","6520","Microsoft-Windows-RPC","6ad52b32-d609-4be9-ae07-ce8dae937e39",,"1244","8172","LAPTOP-JU4M3I0E",,"9/18/2020 7:02:52 AM","3a69eec4-86f8-4ae5-bc5d-fac314eff12b",,"System.UInt32[]","System.Diagnostics.Eventing.Reader.EventBookmark","Information","Start",,"System.Collections.ObjectModel.ReadOnlyCollection`1[System.String]","System.Collections.Generic.List`1[System.Diagnostics.Eventing.Reader.EventProperty]"
"Server RPC call started. 	InterfaceUuid: 	{4f32adc8-6052-4a04-8701-293ccf2096f0} 	OpNum: 	0xE 	Protocol: 	LRPC 	Endpoint 	lsasspirpc 	Authentication Level 	7 	Authentication Service 	8","6","1",,"4","2","1","4611686018427387904","6496","Microsoft-Windows-RPC","6ad52b32-d609-4be9-ae07-ce8dae937e39",,"584","752","LAPTOP-JU4M3I0E",,"9/18/2020 7:02:52 AM","a9be71e4-ee60-4353-b9cd-bca242d7d2c9",,"System.UInt32[]","System.Diagnostics.Eventing.Reader.EventBookmark","Information","Start",,"System.Collections.ObjectModel.ReadOnlyCollection`1[System.String]","System.Collections.Generic.List`1[System.Diagnostics.Eventing.Reader.EventProperty]"
"Server RPC call started. 	InterfaceUuid: 	{9556dc99-828c-11cf-a37e-00aa003240c7} 	OpNum: 	0x13 	Protocol: 	LRPC 	Endpoint 	OLEBB6012C7E3F1F9492EB953C49432 	Authentication Level 	7 	Authentication Service 	8","6","1",,"4","2","1","4611686018427387904","6485","Microsoft-Windows-RPC","6ad52b32-d609-4be9-ae07-ce8dae937e39",,"2512","6548","LAPTOP-JU4M3I0E",,"9/18/2020 7:02:52 AM","4e82af66-5ef6-4820-8bc5-b9d5a04f524b",,"System.UInt32[]","System.Diagnostics.Eventing.Reader.EventBookmark","Information","Start",,"System.Collections.ObjectModel.ReadOnlyCollection`1[System.String]","System.Collections.Generic.List`1[System.Diagnostics.Eventing.Reader.EventProperty]"
"Server RPC call started. 	InterfaceUuid: 	{423ec01e-2e35-11d2-b604-00104b703efd} 	OpNum: 	0x3 	Protocol: 	LRPC 	Endpoint 	OLE1D66DF2E47C355AC517E8BD1AC9E 	Authentication Level 	7 	Authentication Service 	8","6","1",,"4","2","1","4611686018427387904","6457","Microsoft-Windows-RPC","6ad52b32-d609-4be9-ae07-ce8dae937e39",,"1244","1772","LAPTOP-JU4M3I0E",,"9/18/2020 7:02:52 AM","bd78cacb-bbfc-4db6-aa46-8cdc69ef0026",,"System.UInt32[]","System.Diagnostics.Eventing.Reader.EventBookmark","Information","Start",,"System.Collections.ObjectModel.ReadOnlyCollection`1[System.String]","System.Collections.Generic.List`1[System.Diagnostics.Eventing.Reader.EventProperty]"
"Server RPC call started. 	InterfaceUuid: 	{00000134-0000-0000-c000-000000000046} 	OpNum: 	0x5 	Protocol: 	LRPC 	Endpoint 	OLE1D66DF2E47C355AC517E8BD1AC9E 	Authentication Level 	7 	Authentication Service 	8","6","1",,"4","2","1","4611686018427387904","6403","Microsoft-Windows-RPC","6ad52b32-d609-4be9-ae07-ce8dae937e39",,"1244","1772","LAPTOP-JU4M3I0E",,"9/18/2020 7:02:52 AM","4273f7c2-e894-4aba-9449-7ffed767b117",,"System.UInt32[]","System.Diagnostics.Eventing.Reader.EventBookmark","Information","Start",,"System.Collections.ObjectModel.ReadOnlyCollection`1[System.String]","System.Collections.Generic.List`1[System.Diagnostics.Eventing.Reader.EventProperty]"
"Server RPC call started. 	InterfaceUuid: 	{1c1c45ee-4395-11d2-b60b-00104b703efd} 	OpNum: 	0x3 	Protocol: 	LRPC 	Endpoint 	OLE1D66DF2E47C355AC517E8BD1AC9E 	Authentication Level 	7 	Authentication Service 	8","6","1",,"4","2","1","4611686018427387904","6386","Microsoft-Windows-RPC","6ad52b32-d609-4be9-ae07-ce8dae937e39",,"1244","8172","LAPTOP-JU4M3I0E",,"9/18/2020 7:02:52 AM","ab2a9c07-5bdc-46ff-a8f1-ce7e0f8d1551",,"System.UInt32[]","System.Diagnostics.Eventing.Reader.EventBookmark","Information","Start",,"System.Collections.ObjectModel.ReadOnlyCollection`1[System.String]","System.Collections.Generic.List`1[System.Diagnostics.Eventing.Reader.EventProperty]"
"Server RPC call started. 	InterfaceUuid: 	{6b3fc272-bf37-4968-933a-6df9222a2607} 	OpNum: 	0x9 	Protocol: 	LRPC 	Endpoint 	OLEBB6012C7E3F1F9492EB953C49432 	Authentication Level 	7 	Authentication Service 	8","6","1",,"4","2","1","4611686018427387904","6357","Microsoft-Windows-RPC","6ad52b32-d609-4be9-ae07-ce8dae937e39",,"2512","6548","LAPTOP-JU4M3I0E",,"9/18/2020 7:02:52 AM","e106da5d-150b-4d38-bc92-f3cfbf91c75d",,"System.UInt32[]","System.Diagnostics.Eventing.Reader.EventBookmark","Information","Start",,"System.Collections.ObjectModel.ReadOnlyCollection`1[System.String]","System.Collections.Generic.List`1[System.Diagnostics.Eventing.Reader.EventProperty]"
"Server RPC call started. 	InterfaceUuid: 	{00000134-0000-0000-c000-000000000046} 	OpNum: 	0x3 	Protocol: 	LRPC 	Endpoint 	OLE1D66DF2E47C355AC517E8BD1AC9E 	Authentication Level 	7 	Authentication Service 	8","6","1",,"4","2","1","4611686018427387904","6340","Microsoft-Windows-RPC","6ad52b32-d609-4be9-ae07-ce8dae937e39",,"1244","8172","LAPTOP-JU4M3I0E",,"9/18/2020 7:02:52 AM","85b6ef1a-116a-47c0-bd6a-a61701b6d6fc",,"System.UInt32[]","System.Diagnostics.Eventing.Reader.EventBookmark","Information","Start",,"System.Collections.ObjectModel.ReadOnlyCollection`1[System.String]","System.Collections.Generic.List`1[System.Diagnostics.Eventing.Reader.EventProperty]"
"Server RPC call started. 	InterfaceUuid: 	{9556dc99-828c-11cf-a37e-00aa003240c7} 	OpNum: 	0x12 	Protocol: 	LRPC 	Endpoint 	OLE1D66DF2E47C355AC517E8BD1AC9E 	Authentication Level 	7 	Authentication Service 	8","6","1",,"4","2","1","4611686018427387904","6307","Microsoft-Windows-RPC","6ad52b32-d609-4be9-ae07-ce8dae937e39",,"1244","8172","LAPTOP-JU4M3I0E",,"9/18/2020 7:02:52 AM","a69c5f7a-7a2b-4b9b-bc61-a36ea4513785",,"System.UInt32[]","System.Diagnostics.Eventing.Reader.EventBookmark","Information","Start",,"System.Collections.ObjectModel.ReadOnlyCollection`1[System.String]","System.Collections.Generic.List`1[System.Diagnostics.Eventing.Reader.EventProperty]"
"Server RPC call started. 	InterfaceUuid: 	{00000134-0000-0000-c000-000000000046} 	OpNum: 	0x5 	Protocol: 	LRPC 	Endpoint 	OLE1D66DF2E47C355AC517E8BD1AC9E 	Authentication Level 	7 	Authentication Service 	8","6","1",,"4","2","1","4611686018427387904","6281","Microsoft-Windows-RPC","6ad52b32-d609-4be9-ae07-ce8dae937e39",,"1244","8172","LAPTOP-JU4M3I0E",,"9/18/2020 7:02:52 AM","22f35795-827b-4db7-9182-f40919396a6b",,"System.UInt32[]","System.Diagnostics.Eventing.Reader.EventBookmark","Information","Start",,"System.Collections.ObjectModel.ReadOnlyCollection`1[System.String]","System.Collections.Generic.List`1[System.Diagnostics.Eventing.Reader.EventProperty]"
"Server RPC call started. 	InterfaceUuid: 	{00000134-0000-0000-c000-000000000046} 	OpNum: 	0x5 	Protocol: 	LRPC 	Endpoint 	OLE1D66DF2E47C355AC517E8BD1AC9E 	Authentication Level 	7 	Authentication Service 	8","6","1",,"4","2","1","4611686018427387904","6255","Microsoft-Windows-RPC","6ad52b32-d609-4be9-ae07-ce8dae937e39",,"1244","8172","LAPTOP-JU4M3I0E",,"9/18/2020 7:02:52 AM","02a38152-d858-4b7b-a90c-390128ab1242",,"System.UInt32[]","System.Diagnostics.Eventing.Reader.EventBookmark","Information","Start",,"System.Collections.ObjectModel.ReadOnlyCollection`1[System.String]","System.Collections.Generic.List`1[System.Diagnostics.Eventing.Reader.EventProperty]"
"Server RPC call started. 	InterfaceUuid: 	{423ec01e-2e35-11d2-b604-00104b703efd} 	OpNum: 	0x3 	Protocol: 	LRPC 	Endpoint 	OLE1D66DF2E47C355AC517E8BD1AC9E 	Authentication Level 	7 	Authentication Service 	8","6","1",,"4","2","1","4611686018427387904","6234","Microsoft-Windows-RPC","6ad52b32-d609-4be9-ae07-ce8dae937e39",,"1244","8172","LAPTOP-JU4M3I0E",,"9/18/2020 7:02:52 AM","40470316-e499-4947-8f6d-9ec00571e227",,"System.UInt32[]","System.Diagnostics.Eventing.Reader.EventBookmark","Information","Start",,"System.Collections.ObjectModel.ReadOnlyCollection`1[System.String]","System.Collections.Generic.List`1[System.Diagnostics.Eventing.Reader.EventProperty]"
"Server RPC call started. 	InterfaceUuid: 	{00000134-0000-0000-c000-000000000046} 	OpNum: 	0x5 	Protocol: 	LRPC 	Endpoint 	OLE1D66DF2E47C355AC517E8BD1AC9E 	Authentication Level 	7 	Authentication Service 	8","6","1",,"4","2","1","4611686018427387904","6190","Microsoft-Windows-RPC","6ad52b32-d609-4be9-ae07-ce8dae937e39",,"1244","1772","LAPTOP-JU4M3I0E",,"9/18/2020 7:02:52 AM","239b0b34-3189-42b0-bbb0-ac83d65e4742",,"System.UInt32[]","System.Diagnostics.Eventing.Reader.EventBookmark","Information","Start",,"System.Collections.ObjectModel.ReadOnlyCollection`1[System.String]","System.Collections.Generic.List`1[System.Diagnostics.Eventing.Reader.EventProperty]"
"Server RPC call started. 	InterfaceUuid: 	{7c857801-7381-11cf-884d-00aa004b2e24} 	OpNum: 	0x4 	Protocol: 	LRPC 	Endpoint 	OLE1D66DF2E47C355AC517E8BD1AC9E 	Authentication Level 	7 	Authentication Service 	8","6","1",,"4","2","1","4611686018427387904","6168","Microsoft-Windows-RPC","6ad52b32-d609-4be9-ae07-ce8dae937e39",,"1244","1772","LAPTOP-JU4M3I0E",,"9/18/2020 7:02:52 AM","ffcaab8d-22e2-4410-a40c-33d8b37c59b9",,"System.UInt32[]","System.Diagnostics.Eventing.Reader.EventBookmark","Information","Start",,"System.Collections.ObjectModel.ReadOnlyCollection`1[System.String]","System.Collections.Generic.List`1[System.Diagnostics.Eventing.Reader.EventProperty]"
"Server RPC call started. 	InterfaceUuid: 	{7c857801-7381-11cf-884d-00aa004b2e24} 	OpNum: 	0x3 	Protocol: 	LRPC 	Endpoint 	OLE1D66DF2E47C355AC517E8BD1AC9E 	Authentication Level 	7 	Authentication Service 	8","6","1",,"4","2","1","4611686018427387904","6147","Microsoft-Windows-RPC","6ad52b32-d609-4be9-ae07-ce8dae937e39",,"1244","1772","LAPTOP-JU4M3I0E",,"9/18/2020 7:02:52 AM","92a29dc9-f00a-4130-96c3-3a9925c93cef",,"System.UInt32[]","System.Diagnostics.Eventing.Reader.EventBookmark","Information","Start",,"System.Collections.ObjectModel.ReadOnlyCollection`1[System.String]","System.Collections.Generic.List`1[System.Diagnostics.Eventing.Reader.EventProperty]"
"Server RPC call started. 	InterfaceUuid: 	{4f32adc8-6052-4a04-8701-293ccf2096f0} 	OpNum: 	0xE 	Protocol: 	LRPC 	Endpoint 	lsasspirpc 	Authentication Level 	7 	Authentication Service 	8","6","1",,"4","2","1","4611686018427387904","6123","Microsoft-Windows-RPC","6ad52b32-d609-4be9-ae07-ce8dae937e39",,"584","752","LAPTOP-JU4M3I0E",,"9/18/2020 7:02:52 AM","cbf74710-5e77-465f-b861-7986dedbad9d",,"System.UInt32[]","System.Diagnostics.Eventing.Reader.EventBookmark","Information","Start",,"System.Collections.ObjectModel.ReadOnlyCollection`1[System.String]","System.Collections.Generic.List`1[System.Diagnostics.Eventing.Reader.EventProperty]"
"Server RPC call started. 	InterfaceUuid: 	{4b324fc8-1670-01d3-1278-5a47bf6ee188} 	OpNum: 	0x15 	Protocol: 	Named Pipes 	Endpoint 	\PIPE\srvsvc 	Authentication Level 	7 	Authentication Service 	8","6","1",,"4","2","1","4611686018427387904","6081","Microsoft-Windows-RPC","6ad52b32-d609-4be9-ae07-ce8dae937e39",,"1752","1892","LAPTOP-JU4M3I0E",,"9/18/2020 7:02:52 AM",,,"System.UInt32[]","System.Diagnostics.Eventing.Reader.EventBookmark","Information","Start",,"System.Collections.ObjectModel.ReadOnlyCollection`1[System.String]","System.Collections.Generic.List`1[System.Diagnostics.Eventing.Reader.EventProperty]"
"Server RPC call started. 	InterfaceUuid: 	{4b324fc8-1670-01d3-1278-5a47bf6ee188} 	OpNum: 	0x15 	Protocol: 	Named Pipes 	Endpoint 	\PIPE\srvsvc 	Authentication Level 	7 	Authentication Service 	8","6","1",,"4","2","1","4611686018427387904","6018","Microsoft-Windows-RPC","6ad52b32-d609-4be9-ae07-ce8dae937e39",,"1752","1892","LAPTOP-JU4M3I0E",,"9/18/2020 7:02:52 AM",,,"System.UInt32[]","System.Diagnostics.Eventing.Reader.EventBookmark","Information","Start",,"System.Collections.ObjectModel.ReadOnlyCollection`1[System.String]","System.Collections.Generic.List`1[System.Diagnostics.Eventing.Reader.EventProperty]"
"Server RPC call started. 	InterfaceUuid: 	{4f32adc8-6052-4a04-8701-293ccf2096f0} 	OpNum: 	0x3 	Protocol: 	LRPC 	Endpoint 	lsasspirpc 	Authentication Level 	7 	Authentication Service 	8","6","1",,"4","2","1","4611686018427387904","5943","Microsoft-Windows-RPC","6ad52b32-d609-4be9-ae07-ce8dae937e39",,"584","752","LAPTOP-JU4M3I0E",,"9/18/2020 7:02:52 AM","d51adb97-ad0e-42ee-a7bf-5b8563b12ead",,"System.UInt32[]","System.Diagnostics.Eventing.Reader.EventBookmark","Information","Start",,"System.Collections.ObjectModel.ReadOnlyCollection`1[System.String]","System.Collections.Generic.List`1[System.Diagnostics.Eventing.Reader.EventProperty]"
"Server RPC call started. 	InterfaceUuid: 	{6bffd098-a112-3610-9833-46c3f87e345a} 	OpNum: 	0x0 	Protocol: 	Named Pipes 	Endpoint 	\PIPE\wkssvc 	Authentication Level 	7 	Authentication Service 	8","6","1",,"4","2","1","4611686018427387904","5932","Microsoft-Windows-RPC","6ad52b32-d609-4be9-ae07-ce8dae937e39",,"360","32","LAPTOP-JU4M3I0E",,"9/18/2020 7:02:52 AM",,,"System.UInt32[]","System.Diagnostics.Eventing.Reader.EventBookmark","Information","Start",,"System.Collections.ObjectModel.ReadOnlyCollection`1[System.String]","System.Collections.Generic.List`1[System.Diagnostics.Eventing.Reader.EventProperty]"
"Server RPC call started. 	InterfaceUuid: 	{423ec01e-2e35-11d2-b604-00104b703efd} 	OpNum: 	0x3 	Protocol: 	LRPC 	Endpoint 	OLE1D66DF2E47C355AC517E8BD1AC9E 	Authentication Level 	7 	Authentication Service 	8","6","1",,"4","2","1","4611686018427387904","5872","Microsoft-Windows-RPC","6ad52b32-d609-4be9-ae07-ce8dae937e39",,"1244","1772","LAPTOP-JU4M3I0E",,"9/18/2020 7:02:52 AM","55db2402-33a0-48a3-86f1-6712cf9808f9",,"System.UInt32[]","System.Diagnostics.Eventing.Reader.EventBookmark","Information","Start",,"System.Collections.ObjectModel.ReadOnlyCollection`1[System.String]","System.Collections.Generic.List`1[System.Diagnostics.Eventing.Reader.EventProperty]"
"Server RPC call started. 	InterfaceUuid: 	{423ec01e-2e35-11d2-b604-00104b703efd} 	OpNum: 	0x3 	Protocol: 	LRPC 	Endpoint 	OLE1D66DF2E47C355AC517E8BD1AC9E 	Authentication Level 	7 	Authentication Service 	8","6","1",,"4","2","1","4611686018427387904","5851","Microsoft-Windows-RPC","6ad52b32-d609-4be9-ae07-ce8dae937e39",,"1244","1772","LAPTOP-JU4M3I0E",,"9/18/2020 7:02:52 AM","413de7cf-27f9-4920-84dd-639c286db3c6",,"System.UInt32[]","System.Diagnostics.Eventing.Reader.EventBookmark","Information","Start",,"System.Collections.ObjectModel.ReadOnlyCollection`1[System.String]","System.Collections.Generic.List`1[System.Diagnostics.Eventing.Reader.EventProperty]"
"Server RPC call started. 	InterfaceUuid: 	{423ec01e-2e35-11d2-b604-00104b703efd} 	OpNum: 	0x3 	Protocol: 	LRPC 	Endpoint 	OLE1D66DF2E47C355AC517E8BD1AC9E 	Authentication Level 	7 	Authentication Service 	8","6","1",,"4","2","1","4611686018427387904","5830","Microsoft-Windows-RPC","6ad52b32-d609-4be9-ae07-ce8dae937e39",,"1244","1772","LAPTOP-JU4M3I0E",,"9/18/2020 7:02:52 AM","a8e43740-0abc-468e-aadf-aec79a139935",,"System.UInt32[]","System.Diagnostics.Eventing.Reader.EventBookmark","Information","Start",,"System.Collections.ObjectModel.ReadOnlyCollection`1[System.String]","System.Collections.Generic.List`1[System.Diagnostics.Eventing.Reader.EventProperty]"
"Server RPC call started. 	InterfaceUuid: 	{423ec01e-2e35-11d2-b604-00104b703efd} 	OpNum: 	0x3 	Protocol: 	LRPC 	Endpoint 	OLE1D66DF2E47C355AC517E8BD1AC9E 	Authentication Level 	7 	Authentication Service 	8","6","1",,"4","2","1","4611686018427387904","5809","Microsoft-Windows-RPC","6ad52b32-d609-4be9-ae07-ce8dae937e39",,"1244","1772","LAPTOP-JU4M3I0E",,"9/18/2020 7:02:52 AM","723b4822-62d9-46e9-8f62-d01c97a12822",,"System.UInt32[]","System.Diagnostics.Eventing.Reader.EventBookmark","Information","Start",,"System.Collections.ObjectModel.ReadOnlyCollection`1[System.String]","System.Collections.Generic.List`1[System.Diagnostics.Eventing.Reader.EventProperty]"
"Server RPC call started. 	InterfaceUuid: 	{423ec01e-2e35-11d2-b604-00104b703efd} 	OpNum: 	0x3 	Protocol: 	LRPC 	Endpoint 	OLE1D66DF2E47C355AC517E8BD1AC9E 	Authentication Level 	7 	Authentication Service 	8","6","1",,"4","2","1","4611686018427387904","5788","Microsoft-Windows-RPC","6ad52b32-d609-4be9-ae07-ce8dae937e39",,"1244","1772","LAPTOP-JU4M3I0E",,"9/18/2020 7:02:52 AM","0e0c9c9c-43de-445d-a09a-8ea10419b5af",,"System.UInt32[]","System.Diagnostics.Eventing.Reader.EventBookmark","Information","Start",,"System.Collections.ObjectModel.ReadOnlyCollection`1[System.String]","System.Collections.Generic.List`1[System.Diagnostics.Eventing.Reader.EventProperty]"
"Server RPC call started. 	InterfaceUuid: 	{423ec01e-2e35-11d2-b604-00104b703efd} 	OpNum: 	0x3 	Protocol: 	LRPC 	Endpoint 	OLE1D66DF2E47C355AC517E8BD1AC9E 	Authentication Level 	7 	Authentication Service 	8","6","1",,"4","2","1","4611686018427387904","5767","Microsoft-Windows-RPC","6ad52b32-d609-4be9-ae07-ce8dae937e39",,"1244","1772","LAPTOP-JU4M3I0E",,"9/18/2020 7:02:52 AM","6d17d5d2-1c5f-4eb6-bd3a-2c826994a8da",,"System.UInt32[]","System.Diagnostics.Eventing.Reader.EventBookmark","Information","Start",,"System.Collections.ObjectModel.ReadOnlyCollection`1[System.String]","System.Collections.Generic.List`1[System.Diagnostics.Eventing.Reader.EventProperty]"
"Server RPC call started. 	InterfaceUuid: 	{423ec01e-2e35-11d2-b604-00104b703efd} 	OpNum: 	0x3 	Protocol: 	LRPC 	Endpoint 	OLE1D66DF2E47C355AC517E8BD1AC9E 	Authentication Level 	7 	Authentication Service 	8","6","1",,"4","2","1","4611686018427387904","5746","Microsoft-Windows-RPC","6ad52b32-d609-4be9-ae07-ce8dae937e39",,"1244","1772","LAPTOP-JU4M3I0E",,"9/18/2020 7:02:52 AM","32e47da8-72cf-43e6-a9da-acc8ffa24686",,"System.UInt32[]","System.Diagnostics.Eventing.Reader.EventBookmark","Information","Start",,"System.Collections.ObjectModel.ReadOnlyCollection`1[System.String]","System.Collections.Generic.List`1[System.Diagnostics.Eventing.Reader.EventProperty]"
"Server RPC call started. 	InterfaceUuid: 	{423ec01e-2e35-11d2-b604-00104b703efd} 	OpNum: 	0x3 	Protocol: 	LRPC 	Endpoint 	OLE1D66DF2E47C355AC517E8BD1AC9E 	Authentication Level 	7 	Authentication Service 	8","6","1",,"4","2","1","4611686018427387904","5725","Microsoft-Windows-RPC","6ad52b32-d609-4be9-ae07-ce8dae937e39",,"1244","1772","LAPTOP-JU4M3I0E",,"9/18/2020 7:02:52 AM","badb4bf5-1cf1-4166-920f-b8c4ef436ee3",,"System.UInt32[]","System.Diagnostics.Eventing.Reader.EventBookmark","Information","Start",,"System.Collections.ObjectModel.ReadOnlyCollection`1[System.String]","System.Collections.Generic.List`1[System.Diagnostics.Eventing.Reader.EventProperty]"
"Server RPC call started. 	InterfaceUuid: 	{423ec01e-2e35-11d2-b604-00104b703efd} 	OpNum: 	0x3 	Protocol: 	LRPC 	Endpoint 	OLE1D66DF2E47C355AC517E8BD1AC9E 	Authentication Level 	7 	Authentication Service 	8","6","1",,"4","2","1","4611686018427387904","5704","Microsoft-Windows-RPC","6ad52b32-d609-4be9-ae07-ce8dae937e39",,"1244","1772","LAPTOP-JU4M3I0E",,"9/18/2020 7:02:52 AM","2594ab80-be58-4737-8eb3-88bfee7d8608",,"System.UInt32[]","System.Diagnostics.Eventing.Reader.EventBookmark","Information","Start",,"System.Collections.ObjectModel.ReadOnlyCollection`1[System.String]","System.Collections.Generic.List`1[System.Diagnostics.Eventing.Reader.EventProperty]"
"Server RPC call started. 	InterfaceUuid: 	{423ec01e-2e35-11d2-b604-00104b703efd} 	OpNum: 	0x3 	Protocol: 	LRPC 	Endpoint 	OLE1D66DF2E47C355AC517E8BD1AC9E 	Authentication Level 	7 	Authentication Service 	8","6","1",,"4","2","1","4611686018427387904","5683","Microsoft-Windows-RPC","6ad52b32-d609-4be9-ae07-ce8dae937e39",,"1244","1772","LAPTOP-JU4M3I0E",,"9/18/2020 7:02:52 AM","7d63e22a-fe35-4a6e-9d93-bd7e9bfded9d",,"System.UInt32[]","System.Diagnostics.Eventing.Reader.EventBookmark","Information","Start",,"System.Collections.ObjectModel.ReadOnlyCollection`1[System.String]","System.Collections.Generic.List`1[System.Diagnostics.Eventing.Reader.EventProperty]"
"Server RPC call started. 	InterfaceUuid: 	{423ec01e-2e35-11d2-b604-00104b703efd} 	OpNum: 	0x3 	Protocol: 	LRPC 	Endpoint 	OLE1D66DF2E47C355AC517E8BD1AC9E 	Authentication Level 	7 	Authentication Service 	8","6","1",,"4","2","1","4611686018427387904","5662","Microsoft-Windows-RPC","6ad52b32-d609-4be9-ae07-ce8dae937e39",,"1244","1772","LAPTOP-JU4M3I0E",,"9/18/2020 7:02:52 AM","e67a406c-8cc5-4b0f-8010-72c45c2dae2f",,"System.UInt32[]","System.Diagnostics.Eventing.Reader.EventBookmark","Information","Start",,"System.Collections.ObjectModel.ReadOnlyCollection`1[System.String]","System.Collections.Generic.List`1[System.Diagnostics.Eventing.Reader.EventProperty]"
"Server RPC call started. 	InterfaceUuid: 	{423ec01e-2e35-11d2-b604-00104b703efd} 	OpNum: 	0x3 	Protocol: 	LRPC 	Endpoint 	OLE1D66DF2E47C355AC517E8BD1AC9E 	Authentication Level 	7 	Authentication Service 	8","6","1",,"4","2","1","4611686018427387904","5641","Microsoft-Windows-RPC","6ad52b32-d609-4be9-ae07-ce8dae937e39",,"1244","1772","LAPTOP-JU4M3I0E",,"9/18/2020 7:02:52 AM","52024859-074a-474a-b3c7-39d228de80f4",,"System.UInt32[]","System.Diagnostics.Eventing.Reader.EventBookmark","Information","Start",,"System.Collections.ObjectModel.ReadOnlyCollection`1[System.String]","System.Collections.Generic.List`1[System.Diagnostics.Eventing.Reader.EventProperty]"
"Server RPC call started. 	InterfaceUuid: 	{423ec01e-2e35-11d2-b604-00104b703efd} 	OpNum: 	0x3 	Protocol: 	LRPC 	Endpoint 	OLE1D66DF2E47C355AC517E8BD1AC9E 	Authentication Level 	7 	Authentication Service 	8","6","1",,"4","2","1","4611686018427387904","5620","Microsoft-Windows-RPC","6ad52b32-d609-4be9-ae07-ce8dae937e39",,"1244","1772","LAPTOP-JU4M3I0E",,"9/18/2020 7:02:52 AM","7b0cd83d-17f6-48c3-b988-a2ae97279f41",,"System.UInt32[]","System.Diagnostics.Eventing.Reader.EventBookmark","Information","Start",,"System.Collections.ObjectModel.ReadOnlyCollection`1[System.String]","System.Collections.Generic.List`1[System.Diagnostics.Eventing.Reader.EventProperty]"
"Server RPC call started. 	InterfaceUuid: 	{423ec01e-2e35-11d2-b604-00104b703efd} 	OpNum: 	0x3 	Protocol: 	LRPC 	Endpoint 	OLE1D66DF2E47C355AC517E8BD1AC9E 	Authentication Level 	7 	Authentication Service 	8","6","1",,"4","2","1","4611686018427387904","5599","Microsoft-Windows-RPC","6ad52b32-d609-4be9-ae07-ce8dae937e39",,"1244","1772","LAPTOP-JU4M3I0E",,"9/18/2020 7:02:52 AM","99baad91-193f-4c7e-b070-e778adac3bae",,"System.UInt32[]","System.Diagnostics.Eventing.Reader.EventBookmark","Information","Start",,"System.Collections.ObjectModel.ReadOnlyCollection`1[System.String]","System.Collections.Generic.List`1[System.Diagnostics.Eventing.Reader.EventProperty]"
"Server RPC call started. 	InterfaceUuid: 	{423ec01e-2e35-11d2-b604-00104b703efd} 	OpNum: 	0x3 	Protocol: 	LRPC 	Endpoint 	OLE1D66DF2E47C355AC517E8BD1AC9E 	Authentication Level 	7 	Authentication Service 	8","6","1",,"4","2","1","4611686018427387904","5578","Microsoft-Windows-RPC","6ad52b32-d609-4be9-ae07-ce8dae937e39",,"1244","1772","LAPTOP-JU4M3I0E",,"9/18/2020 7:02:52 AM","427cca3c-1178-4c34-9434-f5990d445836",,"System.UInt32[]","System.Diagnostics.Eventing.Reader.EventBookmark","Information","Start",,"System.Collections.ObjectModel.ReadOnlyCollection`1[System.String]","System.Collections.Generic.List`1[System.Diagnostics.Eventing.Reader.EventProperty]"
"Server RPC call started. 	InterfaceUuid: 	{423ec01e-2e35-11d2-b604-00104b703efd} 	OpNum: 	0x3 	Protocol: 	LRPC 	Endpoint 	OLE1D66DF2E47C355AC517E8BD1AC9E 	Authentication Level 	7 	Authentication Service 	8","6","1",,"4","2","1","4611686018427387904","5557","Microsoft-Windows-RPC","6ad52b32-d609-4be9-ae07-ce8dae937e39",,"1244","1772","LAPTOP-JU4M3I0E",,"9/18/2020 7:02:52 AM","52d33330-4075-4620-99fc-3b7f73766fa6",,"System.UInt32[]","System.Diagnostics.Eventing.Reader.EventBookmark","Information","Start",,"System.Collections.ObjectModel.ReadOnlyCollection`1[System.String]","System.Collections.Generic.List`1[System.Diagnostics.Eventing.Reader.EventProperty]"
"Server RPC call started. 	InterfaceUuid: 	{423ec01e-2e35-11d2-b604-00104b703efd} 	OpNum: 	0x3 	Protocol: 	LRPC 	Endpoint 	OLE1D66DF2E47C355AC517E8BD1AC9E 	Authentication Level 	7 	Authentication Service 	8","6","1",,"4","2","1","4611686018427387904","5536","Microsoft-Windows-RPC","6ad52b32-d609-4be9-ae07-ce8dae937e39",,"1244","1772","LAPTOP-JU4M3I0E",,"9/18/2020 7:02:52 AM","866a4fcc-2f3d-4e05-b26e-ce6fc2217814",,"System.UInt32[]","System.Diagnostics.Eventing.Reader.EventBookmark","Information","Start",,"System.Collections.ObjectModel.ReadOnlyCollection`1[System.String]","System.Collections.Generic.List`1[System.Diagnostics.Eventing.Reader.EventProperty]"
"Server RPC call started. 	InterfaceUuid: 	{423ec01e-2e35-11d2-b604-00104b703efd} 	OpNum: 	0x3 	Protocol: 	LRPC 	Endpoint 	OLE1D66DF2E47C355AC517E8BD1AC9E 	Authentication Level 	7 	Authentication Service 	8","6","1",,"4","2","1","4611686018427387904","5515","Microsoft-Windows-RPC","6ad52b32-d609-4be9-ae07-ce8dae937e39",,"1244","1772","LAPTOP-JU4M3I0E",,"9/18/2020 7:02:52 AM","802cf076-99a6-4fd4-872a-842754f36e79",,"System.UInt32[]","System.Diagnostics.Eventing.Reader.EventBookmark","Information","Start",,"System.Collections.ObjectModel.ReadOnlyCollection`1[System.String]","System.Collections.Generic.List`1[System.Diagnostics.Eventing.Reader.EventProperty]"
"Server RPC call started. 	InterfaceUuid: 	{423ec01e-2e35-11d2-b604-00104b703efd} 	OpNum: 	0x3 	Protocol: 	LRPC 	Endpoint 	OLE1D66DF2E47C355AC517E8BD1AC9E 	Authentication Level 	7 	Authentication Service 	8","6","1",,"4","2","1","4611686018427387904","5494","Microsoft-Windows-RPC","6ad52b32-d609-4be9-ae07-ce8dae937e39",,"1244","1772","LAPTOP-JU4M3I0E",,"9/18/2020 7:02:52 AM","e8c35a16-90c5-4cf5-9e8e-31d895eaeeb2",,"System.UInt32[]","System.Diagnostics.Eventing.Reader.EventBookmark","Information","Start",,"System.Collections.ObjectModel.ReadOnlyCollection`1[System.String]","System.Collections.Generic.List`1[System.Diagnostics.Eventing.Reader.EventProperty]"
"Server RPC call started. 	InterfaceUuid: 	{423ec01e-2e35-11d2-b604-00104b703efd} 	OpNum: 	0x3 	Protocol: 	LRPC 	Endpoint 	OLE1D66DF2E47C355AC517E8BD1AC9E 	Authentication Level 	7 	Authentication Service 	8","6","1",,"4","2","1","4611686018427387904","5473","Microsoft-Windows-RPC","6ad52b32-d609-4be9-ae07-ce8dae937e39",,"1244","1772","LAPTOP-JU4M3I0E",,"9/18/2020 7:02:52 AM","a61ae93b-586c-4f7b-9357-fc687532627c",,"System.UInt32[]","System.Diagnostics.Eventing.Reader.EventBookmark","Information","Start",,"System.Collections.ObjectModel.ReadOnlyCollection`1[System.String]","System.Collections.Generic.List`1[System.Diagnostics.Eventing.Reader.EventProperty]"
"Server RPC call started. 	InterfaceUuid: 	{423ec01e-2e35-11d2-b604-00104b703efd} 	OpNum: 	0x3 	Protocol: 	LRPC 	Endpoint 	OLE1D66DF2E47C355AC517E8BD1AC9E 	Authentication Level 	7 	Authentication Service 	8","6","1",,"4","2","1","4611686018427387904","5452","Microsoft-Windows-RPC","6ad52b32-d609-4be9-ae07-ce8dae937e39",,"1244","1772","LAPTOP-JU4M3I0E",,"9/18/2020 7:02:52 AM","2f3ff504-e8d2-4b2f-8eb5-114d7dd79740",,"System.UInt32[]","System.Diagnostics.Eventing.Reader.EventBookmark","Information","Start",,"System.Collections.ObjectModel.ReadOnlyCollection`1[System.String]","System.Collections.Generic.List`1[System.Diagnostics.Eventing.Reader.EventProperty]"
"Server RPC call started. 	InterfaceUuid: 	{423ec01e-2e35-11d2-b604-00104b703efd} 	OpNum: 	0x3 	Protocol: 	LRPC 	Endpoint 	OLE1D66DF2E47C355AC517E8BD1AC9E 	Authentication Level 	7 	Authentication Service 	8","6","1",,"4","2","1","4611686018427387904","5431","Microsoft-Windows-RPC","6ad52b32-d609-4be9-ae07-ce8dae937e39",,"1244","1772","LAPTOP-JU4M3I0E",,"9/18/2020 7:02:52 AM","47c39272-72c7-4c9f-995a-fbae65c2a480",,"System.UInt32[]","System.Diagnostics.Eventing.Reader.EventBookmark","Information","Start",,"System.Collections.ObjectModel.ReadOnlyCollection`1[System.String]","System.Collections.Generic.List`1[System.Diagnostics.Eventing.Reader.EventProperty]"
"Server RPC call started. 	InterfaceUuid: 	{423ec01e-2e35-11d2-b604-00104b703efd} 	OpNum: 	0x3 	Protocol: 	LRPC 	Endpoint 	OLE1D66DF2E47C355AC517E8BD1AC9E 	Authentication Level 	7 	Authentication Service 	8","6","1",,"4","2","1","4611686018427387904","5410","Microsoft-Windows-RPC","6ad52b32-d609-4be9-ae07-ce8dae937e39",,"1244","1772","LAPTOP-JU4M3I0E",,"9/18/2020 7:02:52 AM","644f55cf-cc44-4bc9-93f8-ee8914d356ad",,"System.UInt32[]","System.Diagnostics.Eventing.Reader.EventBookmark","Information","Start",,"System.Collections.ObjectModel.ReadOnlyCollection`1[System.String]","System.Collections.Generic.List`1[System.Diagnostics.Eventing.Reader.EventProperty]"
"Server RPC call started. 	InterfaceUuid: 	{423ec01e-2e35-11d2-b604-00104b703efd} 	OpNum: 	0x3 	Protocol: 	LRPC 	Endpoint 	OLE1D66DF2E47C355AC517E8BD1AC9E 	Authentication Level 	7 	Authentication Service 	8","6","1",,"4","2","1","4611686018427387904","5389","Microsoft-Windows-RPC","6ad52b32-d609-4be9-ae07-ce8dae937e39",,"1244","1772","LAPTOP-JU4M3I0E",,"9/18/2020 7:02:52 AM","b5e0c4d3-1a88-43e3-a28c-ba5a00123fe6",,"System.UInt32[]","System.Diagnostics.Eventing.Reader.EventBookmark","Information","Start",,"System.Collections.ObjectModel.ReadOnlyCollection`1[System.String]","System.Collections.Generic.List`1[System.Diagnostics.Eventing.Reader.EventProperty]"
"Server RPC call started. 	InterfaceUuid: 	{423ec01e-2e35-11d2-b604-00104b703efd} 	OpNum: 	0x3 	Protocol: 	LRPC 	Endpoint 	OLE1D66DF2E47C355AC517E8BD1AC9E 	Authentication Level 	7 	Authentication Service 	8","6","1",,"4","2","1","4611686018427387904","5368","Microsoft-Windows-RPC","6ad52b32-d609-4be9-ae07-ce8dae937e39",,"1244","1772","LAPTOP-JU4M3I0E",,"9/18/2020 7:02:52 AM","b4b8662a-2fc0-4f57-a915-908e16b56873",,"System.UInt32[]","System.Diagnostics.Eventing.Reader.EventBookmark","Information","Start",,"System.Collections.ObjectModel.ReadOnlyCollection`1[System.String]","System.Collections.Generic.List`1[System.Diagnostics.Eventing.Reader.EventProperty]"
"Server RPC call started. 	InterfaceUuid: 	{423ec01e-2e35-11d2-b604-00104b703efd} 	OpNum: 	0x3 	Protocol: 	LRPC 	Endpoint 	OLE1D66DF2E47C355AC517E8BD1AC9E 	Authentication Level 	7 	Authentication Service 	8","6","1",,"4","2","1","4611686018427387904","5345","Microsoft-Windows-RPC","6ad52b32-d609-4be9-ae07-ce8dae937e39",,"1244","1772","LAPTOP-JU4M3I0E",,"9/18/2020 7:02:52 AM","ac79f212-d93c-4d01-a4dd-4da06845af06",,"System.UInt32[]","System.Diagnostics.Eventing.Reader.EventBookmark","Information","Start",,"System.Collections.ObjectModel.ReadOnlyCollection`1[System.String]","System.Collections.Generic.List`1[System.Diagnostics.Eventing.Reader.EventProperty]"
"Server RPC call started. 	InterfaceUuid: 	{423ec01e-2e35-11d2-b604-00104b703efd} 	OpNum: 	0x3 	Protocol: 	LRPC 	Endpoint 	OLE1D66DF2E47C355AC517E8BD1AC9E 	Authentication Level 	7 	Authentication Service 	8","6","1",,"4","2","1","4611686018427387904","5320","Microsoft-Windows-RPC","6ad52b32-d609-4be9-ae07-ce8dae937e39",,"1244","1772","LAPTOP-JU4M3I0E",,"9/18/2020 7:02:52 AM","329b2a2a-b657-400f-ae0e-27da830b8068",,"System.UInt32[]","System.Diagnostics.Eventing.Reader.EventBookmark","Information","Start",,"System.Collections.ObjectModel.ReadOnlyCollection`1[System.String]","System.Collections.Generic.List`1[System.Diagnostics.Eventing.Reader.EventProperty]"
"Server RPC call started. 	InterfaceUuid: 	{423ec01e-2e35-11d2-b604-00104b703efd} 	OpNum: 	0x3 	Protocol: 	LRPC 	Endpoint 	OLE1D66DF2E47C355AC517E8BD1AC9E 	Authentication Level 	7 	Authentication Service 	8","6","1",,"4","2","1","4611686018427387904","5283","Microsoft-Windows-RPC","6ad52b32-d609-4be9-ae07-ce8dae937e39",,"1244","6472","LAPTOP-JU4M3I0E",,"9/18/2020 7:02:52 AM","af91b055-69ad-43ed-a726-641478b3b258",,"System.UInt32[]","System.Diagnostics.Eventing.Reader.EventBookmark","Information","Start",,"System.Collections.ObjectModel.ReadOnlyCollection`1[System.String]","System.Collections.Generic.List`1[System.Diagnostics.Eventing.Reader.EventProperty]"
"Server RPC call started. 	InterfaceUuid: 	{00000134-0000-0000-c000-000000000046} 	OpNum: 	0x5 	Protocol: 	LRPC 	Endpoint 	OLE1D66DF2E47C355AC517E8BD1AC9E 	Authentication Level 	7 	Authentication Service 	8","6","1",,"4","2","1","4611686018427387904","5280","Microsoft-Windows-RPC","6ad52b32-d609-4be9-ae07-ce8dae937e39",,"1244","1772","LAPTOP-JU4M3I0E",,"9/18/2020 7:02:52 AM","e9896a14-ddf9-43a0-86a6-1dc706d2963f",,"System.UInt32[]","System.Diagnostics.Eventing.Reader.EventBookmark","Information","Start",,"System.Collections.ObjectModel.ReadOnlyCollection`1[System.String]","System.Collections.Generic.List`1[System.Diagnostics.Eventing.Reader.EventProperty]"
"Server RPC call started. 	InterfaceUuid: 	{423ec01e-2e35-11d2-b604-00104b703efd} 	OpNum: 	0x3 	Protocol: 	LRPC 	Endpoint 	OLE1D66DF2E47C355AC517E8BD1AC9E 	Authentication Level 	7 	Authentication Service 	8","6","1",,"4","2","1","4611686018427387904","5249","Microsoft-Windows-RPC","6ad52b32-d609-4be9-ae07-ce8dae937e39",,"1244","1772","LAPTOP-JU4M3I0E",,"9/18/2020 7:02:52 AM","f00dfb6f-feb9-4202-a6ab-d8ec0f809f5c",,"System.UInt32[]","System.Diagnostics.Eventing.Reader.EventBookmark","Information","Start",,"System.Collections.ObjectModel.ReadOnlyCollection`1[System.String]","System.Collections.Generic.List`1[System.Diagnostics.Eventing.Reader.EventProperty]"
"Server RPC call started. 	InterfaceUuid: 	{423ec01e-2e35-11d2-b604-00104b703efd} 	OpNum: 	0x3 	Protocol: 	LRPC 	Endpoint 	OLE1D66DF2E47C355AC517E8BD1AC9E 	Authentication Level 	7 	Authentication Service 	8","6","1",,"4","2","1","4611686018427387904","5218","Microsoft-Windows-RPC","6ad52b32-d609-4be9-ae07-ce8dae937e39",,"1244","1772","LAPTOP-JU4M3I0E",,"9/18/2020 7:02:52 AM","1f7b5f7b-2d6b-4345-b550-47c2427e4b5e",,"System.UInt32[]","System.Diagnostics.Eventing.Reader.EventBookmark","Information","Start",,"System.Collections.ObjectModel.ReadOnlyCollection`1[System.String]","System.Collections.Generic.List`1[System.Diagnostics.Eventing.Reader.EventProperty]"
"Server RPC call started. 	InterfaceUuid: 	{7c857801-7381-11cf-884d-00aa004b2e24} 	OpNum: 	0x4 	Protocol: 	LRPC 	Endpoint 	OLE1D66DF2E47C355AC517E8BD1AC9E 	Authentication Level 	7 	Authentication Service 	8","6","1",,"4","2","1","4611686018427387904","5211","Microsoft-Windows-RPC","6ad52b32-d609-4be9-ae07-ce8dae937e39",,"1244","6472","LAPTOP-JU4M3I0E",,"9/18/2020 7:02:52 AM","9f7ba00b-21cd-4cc1-80ba-9384d9f01f3f",,"System.UInt32[]","System.Diagnostics.Eventing.Reader.EventBookmark","Information","Start",,"System.Collections.ObjectModel.ReadOnlyCollection`1[System.String]","System.Collections.Generic.List`1[System.Diagnostics.Eventing.Reader.EventProperty]"
"Server RPC call started. 	InterfaceUuid: 	{423ec01e-2e35-11d2-b604-00104b703efd} 	OpNum: 	0x3 	Protocol: 	LRPC 	Endpoint 	OLE1D66DF2E47C355AC517E8BD1AC9E 	Authentication Level 	7 	Authentication Service 	8","6","1",,"4","2","1","4611686018427387904","5184","Microsoft-Windows-RPC","6ad52b32-d609-4be9-ae07-ce8dae937e39",,"1244","1772","LAPTOP-JU4M3I0E",,"9/18/2020 7:02:52 AM","92349dfa-6ce5-4525-befd-7cf110a4f16f",,"System.UInt32[]","System.Diagnostics.Eventing.Reader.EventBookmark","Information","Start",,"System.Collections.ObjectModel.ReadOnlyCollection`1[System.String]","System.Collections.Generic.List`1[System.Diagnostics.Eventing.Reader.EventProperty]"
"Server RPC call started. 	InterfaceUuid: 	{423ec01e-2e35-11d2-b604-00104b703efd} 	OpNum: 	0x3 	Protocol: 	LRPC 	Endpoint 	OLE1D66DF2E47C355AC517E8BD1AC9E 	Authentication Level 	7 	Authentication Service 	8","6","1",,"4","2","1","4611686018427387904","5158","Microsoft-Windows-RPC","6ad52b32-d609-4be9-ae07-ce8dae937e39",,"1244","1772","LAPTOP-JU4M3I0E",,"9/18/2020 7:02:52 AM","37118caa-3350-408e-aaf5-8c3a29a0fba0",,"System.UInt32[]","System.Diagnostics.Eventing.Reader.EventBookmark","Information","Start",,"System.Collections.ObjectModel.ReadOnlyCollection`1[System.String]","System.Collections.Generic.List`1[System.Diagnostics.Eventing.Reader.EventProperty]"
"Server RPC call started. 	InterfaceUuid: 	{423ec01e-2e35-11d2-b604-00104b703efd} 	OpNum: 	0x3 	Protocol: 	LRPC 	Endpoint 	OLE1D66DF2E47C355AC517E8BD1AC9E 	Authentication Level 	7 	Authentication Service 	8","6","1",,"4","2","1","4611686018427387904","5134","Microsoft-Windows-RPC","6ad52b32-d609-4be9-ae07-ce8dae937e39",,"1244","1772","LAPTOP-JU4M3I0E",,"9/18/2020 7:02:52 AM","3ad6d03e-5746-41ce-90ac-3a4fabcd5f94",,"System.UInt32[]","System.Diagnostics.Eventing.Reader.EventBookmark","Information","Start",,"System.Collections.ObjectModel.ReadOnlyCollection`1[System.String]","System.Collections.Generic.List`1[System.Diagnostics.Eventing.Reader.EventProperty]"
"Server RPC call started. 	InterfaceUuid: 	{423ec01e-2e35-11d2-b604-00104b703efd} 	OpNum: 	0x3 	Protocol: 	LRPC 	Endpoint 	OLE1D66DF2E47C355AC517E8BD1AC9E 	Authentication Level 	7 	Authentication Service 	8","6","1",,"4","2","1","4611686018427387904","5113","Microsoft-Windows-RPC","6ad52b32-d609-4be9-ae07-ce8dae937e39",,"1244","1772","LAPTOP-JU4M3I0E",,"9/18/2020 7:02:52 AM","f5753150-fe1f-48a6-9097-e7bf4cec30e5",,"System.UInt32[]","System.Diagnostics.Eventing.Reader.EventBookmark","Information","Start",,"System.Collections.ObjectModel.ReadOnlyCollection`1[System.String]","System.Collections.Generic.List`1[System.Diagnostics.Eventing.Reader.EventProperty]"
"Server RPC call started. 	InterfaceUuid: 	{423ec01e-2e35-11d2-b604-00104b703efd} 	OpNum: 	0x3 	Protocol: 	LRPC 	Endpoint 	OLE1D66DF2E47C355AC517E8BD1AC9E 	Authentication Level 	7 	Authentication Service 	8","6","1",,"4","2","1","4611686018427387904","5092","Microsoft-Windows-RPC","6ad52b32-d609-4be9-ae07-ce8dae937e39",,"1244","1772","LAPTOP-JU4M3I0E",,"9/18/2020 7:02:52 AM","35cec718-7c8f-44fb-8dcd-18627ab16e60",,"System.UInt32[]","System.Diagnostics.Eventing.Reader.EventBookmark","Information","Start",,"System.Collections.ObjectModel.ReadOnlyCollection`1[System.String]","System.Collections.Generic.List`1[System.Diagnostics.Eventing.Reader.EventProperty]"
"Server RPC call started. 	InterfaceUuid: 	{423ec01e-2e35-11d2-b604-00104b703efd} 	OpNum: 	0x3 	Protocol: 	LRPC 	Endpoint 	OLE1D66DF2E47C355AC517E8BD1AC9E 	Authentication Level 	7 	Authentication Service 	8","6","1",,"4","2","1","4611686018427387904","5071","Microsoft-Windows-RPC","6ad52b32-d609-4be9-ae07-ce8dae937e39",,"1244","1772","LAPTOP-JU4M3I0E",,"9/18/2020 7:02:52 AM","723bc87c-c0ff-4207-954c-752f81ebd62b",,"System.UInt32[]","System.Diagnostics.Eventing.Reader.EventBookmark","Information","Start",,"System.Collections.ObjectModel.ReadOnlyCollection`1[System.String]","System.Collections.Generic.List`1[System.Diagnostics.Eventing.Reader.EventProperty]"
"Server RPC call started. 	InterfaceUuid: 	{423ec01e-2e35-11d2-b604-00104b703efd} 	OpNum: 	0x3 	Protocol: 	LRPC 	Endpoint 	OLE1D66DF2E47C355AC517E8BD1AC9E 	Authentication Level 	7 	Authentication Service 	8","6","1",,"4","2","1","4611686018427387904","5050","Microsoft-Windows-RPC","6ad52b32-d609-4be9-ae07-ce8dae937e39",,"1244","1772","LAPTOP-JU4M3I0E",,"9/18/2020 7:02:52 AM","1316993d-1ad8-4193-8e56-c285c0474b99",,"System.UInt32[]","System.Diagnostics.Eventing.Reader.EventBookmark","Information","Start",,"System.Collections.ObjectModel.ReadOnlyCollection`1[System.String]","System.Collections.Generic.List`1[System.Diagnostics.Eventing.Reader.EventProperty]"
"Server RPC call started. 	InterfaceUuid: 	{423ec01e-2e35-11d2-b604-00104b703efd} 	OpNum: 	0x3 	Protocol: 	LRPC 	Endpoint 	OLE1D66DF2E47C355AC517E8BD1AC9E 	Authentication Level 	7 	Authentication Service 	8","6","1",,"4","2","1","4611686018427387904","5029","Microsoft-Windows-RPC","6ad52b32-d609-4be9-ae07-ce8dae937e39",,"1244","1772","LAPTOP-JU4M3I0E",,"9/18/2020 7:02:52 AM","ee0bd00f-70fa-48e1-9dff-6baad8416218",,"System.UInt32[]","System.Diagnostics.Eventing.Reader.EventBookmark","Information","Start",,"System.Collections.ObjectModel.ReadOnlyCollection`1[System.String]","System.Collections.Generic.List`1[System.Diagnostics.Eventing.Reader.EventProperty]"
"Server RPC call started. 	InterfaceUuid: 	{423ec01e-2e35-11d2-b604-00104b703efd} 	OpNum: 	0x3 	Protocol: 	LRPC 	Endpoint 	OLE1D66DF2E47C355AC517E8BD1AC9E 	Authentication Level 	7 	Authentication Service 	8","6","1",,"4","2","1","4611686018427387904","5008","Microsoft-Windows-RPC","6ad52b32-d609-4be9-ae07-ce8dae937e39",,"1244","1772","LAPTOP-JU4M3I0E",,"9/18/2020 7:02:52 AM","cad57446-f9a9-4d75-8e80-a8ca41791dc8",,"System.UInt32[]","System.Diagnostics.Eventing.Reader.EventBookmark","Information","Start",,"System.Collections.ObjectModel.ReadOnlyCollection`1[System.String]","System.Collections.Generic.List`1[System.Diagnostics.Eventing.Reader.EventProperty]"
"Server RPC call started. 	InterfaceUuid: 	{423ec01e-2e35-11d2-b604-00104b703efd} 	OpNum: 	0x3 	Protocol: 	LRPC 	Endpoint 	OLE1D66DF2E47C355AC517E8BD1AC9E 	Authentication Level 	7 	Authentication Service 	8","6","1",,"4","2","1","4611686018427387904","4987","Microsoft-Windows-RPC","6ad52b32-d609-4be9-ae07-ce8dae937e39",,"1244","1772","LAPTOP-JU4M3I0E",,"9/18/2020 7:02:52 AM","eba6908c-8b09-4728-8e60-fd9aceb5d428",,"System.UInt32[]","System.Diagnostics.Eventing.Reader.EventBookmark","Information","Start",,"System.Collections.ObjectModel.ReadOnlyCollection`1[System.String]","System.Collections.Generic.List`1[System.Diagnostics.Eventing.Reader.EventProperty]"
"Server RPC call started. 	InterfaceUuid: 	{423ec01e-2e35-11d2-b604-00104b703efd} 	OpNum: 	0x3 	Protocol: 	LRPC 	Endpoint 	OLE1D66DF2E47C355AC517E8BD1AC9E 	Authentication Level 	7 	Authentication Service 	8","6","1",,"4","2","1","4611686018427387904","4966","Microsoft-Windows-RPC","6ad52b32-d609-4be9-ae07-ce8dae937e39",,"1244","1772","LAPTOP-JU4M3I0E",,"9/18/2020 7:02:52 AM","58c6a89e-e26b-424b-8552-7694c5961f71",,"System.UInt32[]","System.Diagnostics.Eventing.Reader.EventBookmark","Information","Start",,"System.Collections.ObjectModel.ReadOnlyCollection`1[System.String]","System.Collections.Generic.List`1[System.Diagnostics.Eventing.Reader.EventProperty]"
"Server RPC call started. 	InterfaceUuid: 	{423ec01e-2e35-11d2-b604-00104b703efd} 	OpNum: 	0x3 	Protocol: 	LRPC 	Endpoint 	OLE1D66DF2E47C355AC517E8BD1AC9E 	Authentication Level 	7 	Authentication Service 	8","6","1",,"4","2","1","4611686018427387904","4945","Microsoft-Windows-RPC","6ad52b32-d609-4be9-ae07-ce8dae937e39",,"1244","1772","LAPTOP-JU4M3I0E",,"9/18/2020 7:02:52 AM","4d9205cf-5e92-4962-944c-8895b61267c7",,"System.UInt32[]","System.Diagnostics.Eventing.Reader.EventBookmark","Information","Start",,"System.Collections.ObjectModel.ReadOnlyCollection`1[System.String]","System.Collections.Generic.List`1[System.Diagnostics.Eventing.Reader.EventProperty]"
"Server RPC call started. 	InterfaceUuid: 	{423ec01e-2e35-11d2-b604-00104b703efd} 	OpNum: 	0x3 	Protocol: 	LRPC 	Endpoint 	OLE1D66DF2E47C355AC517E8BD1AC9E 	Authentication Level 	7 	Authentication Service 	8","6","1",,"4","2","1","4611686018427387904","4924","Microsoft-Windows-RPC","6ad52b32-d609-4be9-ae07-ce8dae937e39",,"1244","1772","LAPTOP-JU4M3I0E",,"9/18/2020 7:02:52 AM","b179a04e-1f76-4011-acdf-420d30b9b695",,"System.UInt32[]","System.Diagnostics.Eventing.Reader.EventBookmark","Information","Start",,"System.Collections.ObjectModel.ReadOnlyCollection`1[System.String]","System.Collections.Generic.List`1[System.Diagnostics.Eventing.Reader.EventProperty]"
