"Server RPC call started. 	InterfaceUuid: 	{7c857801-7381-11cf-884d-00aa004b2e24} 	OpNum: 	0x3 	Protocol: 	LRPC 	Endpoint 	OLE1D66DF2E47C355AC517E8BD1AC9E 	Authentication Level 	7 	Authentication Service 	8","6","1",,"4","2","1","4611686018427387904","4903","Microsoft-Windows-RPC","6ad52b32-d609-4be9-ae07-ce8dae937e39",,"1244","1384","LAPTOP-JU4M3I0E",,"9/18/2020 7:02:52 AM","cc22324d-827a-4fd2-aeb7-f21815070657",,"System.UInt32[]","System.Diagnostics.Eventing.Reader.EventBookmark","Information","Start",,"System.Collections.ObjectModel.ReadOnlyCollection`1[System.String]","System.Collections.Generic.List`1[System.Diagnostics.Eventing.Reader.EventProperty]"
"Server RPC call started. 	InterfaceUuid: 	{423ec01e-2e35-11d2-b604-00104b703efd} 	OpNum: 	0x3 	Protocol: 	LRPC 	Endpoint 	OLE1D66DF2E47C355AC517E8BD1AC9E 	Authentication Level 	7 	Authentication Service 	8","6","1",,"4","2","1","4611686018427387904","4900","Microsoft-Windows-RPC","6ad52b32-d609-4be9-ae07-ce8dae937e39",,"1244","1772","LAPTOP-JU4M3I0E",,"9/18/2020 7:02:52 AM","bfc1830f-e8ca-4958-b426-0ce39dc35526",,"System.UInt32[]","System.Diagnostics.Eventing.Reader.EventBookmark","Information","Start",,"System.Collections.ObjectModel.ReadOnlyCollection`1[System.String]","System.Collections.Generic.List`1[System.Diagnostics.Eventing.Reader.EventProperty]"
"Server RPC call started. 	InterfaceUuid: 	{423ec01e-2e35-11d2-b604-00104b703efd} 	OpNum: 	0x3 	Protocol: 	LRPC 	Endpoint 	OLE1D66DF2E47C355AC517E8BD1AC9E 	Authentication Level 	7 	Authentication Service 	8","6","1",,"4","2","1","4611686018427387904","4872","Microsoft-Windows-RPC","6ad52b32-d609-4be9-ae07-ce8dae937e39",,"1244","1772","LAPTOP-JU4M3I0E",,"9/18/2020 7:02:52 AM","1e62be7f-56bf-42d5-b506-723820b9d9ff",,"System.UInt32[]","System.Diagnostics.Eventing.Reader.EventBookmark","Information","Start",,"System.Collections.ObjectModel.ReadOnlyCollection`1[System.String]","System.Collections.Generic.List`1[System.Diagnostics.Eventing.Reader.EventProperty]"
"Server RPC call started. 	InterfaceUuid: 	{423ec01e-2e35-11d2-b604-00104b703efd} 	OpNum: 	0x3 	Protocol: 	LRPC 	Endpoint 	OLE1D66DF2E47C355AC517E8BD1AC9E 	Authentication Level 	7 	Authentication Service 	8","6","1",,"4","2","1","4611686018427387904","4848","Microsoft-Windows-RPC","6ad52b32-d609-4be9-ae07-ce8dae937e39",,"1244","1772","LAPTOP-JU4M3I0E",,"9/18/2020 7:02:52 AM","000e707c-00ac-44ab-8a2f-4a0d90eb83c1",,"System.UInt32[]","System.Diagnostics.Eventing.Reader.EventBookmark","Information","Start",,"System.Collections.ObjectModel.ReadOnlyCollection`1[System.String]","System.Collections.Generic.List`1[System.Diagnostics.Eventing.Reader.EventProperty]"
"Server RPC call started. 	InterfaceUuid: 	{423ec01e-2e35-11d2-b604-00104b703efd} 	OpNum: 	0x3 	Protocol: 	LRPC 	Endpoint 	OLE1D66DF2E47C355AC517E8BD1AC9E 	Authentication Level 	7 	Authentication Service 	8","6","1",,"4","2","1","4611686018427387904","4825","Microsoft-Windows-RPC","6ad52b32-d609-4be9-ae07-ce8dae937e39",,"1244","1772","LAPTOP-JU4M3I0E",,"9/18/2020 7:02:52 AM","1ca4fcff-26da-4f51-bfa4-e833dbfcb4b8",,"System.UInt32[]","System.Diagnostics.Eventing.Reader.EventBookmark","Information","Start",,"System.Collections.ObjectModel.ReadOnlyCollection`1[System.String]","System.Collections.Generic.List`1[System.Diagnostics.Eventing.Reader.EventProperty]"
"Server RPC call started. 	InterfaceUuid: 	{423ec01e-2e35-11d2-b604-00104b703efd} 	OpNum: 	0x3 	Protocol: 	LRPC 	Endpoint 	OLE1D66DF2E47C355AC517E8BD1AC9E 	Authentication Level 	7 	Authentication Service 	8","6","1",,"4","2","1","4611686018427387904","4795","Microsoft-Windows-RPC","6ad52b32-d609-4be9-ae07-ce8dae937e39",,"1244","1772","LAPTOP-JU4M3I0E",,"9/18/2020 7:02:52 AM","a47a9fd3-68ba-4a6b-bff2-63b916d21f5b",,"System.UInt32[]","System.Diagnostics.Eventing.Reader.EventBookmark","Information","Start",,"System.Collections.ObjectModel.ReadOnlyCollection`1[System.String]","System.Collections.Generic.List`1[System.Diagnostics.Eventing.Reader.EventProperty]"
"Server RPC call started. 	InterfaceUuid: 	{4f32adc8-6052-4a04-8701-293ccf2096f0} 	OpNum: 	0xE 	Protocol: 	LRPC 	Endpoint 	lsasspirpc 	Authentication Level 	7 	Authentication Service 	8","6","1",,"4","2","1","4611686018427387904","4783","Microsoft-Windows-RPC","6ad52b32-d609-4be9-ae07-ce8dae937e39",,"584","752","LAPTOP-JU4M3I0E",,"9/18/2020 7:02:52 AM","71a5c49b-912f-4794-b133-7ef14f6fb957",,"System.UInt32[]","System.Diagnostics.Eventing.Reader.EventBookmark","Information","Start",,"System.Collections.ObjectModel.ReadOnlyCollection`1[System.String]","System.Collections.Generic.List`1[System.Diagnostics.Eventing.Reader.EventProperty]"
"Server RPC call started. 	InterfaceUuid: 	{423ec01e-2e35-11d2-b604-00104b703efd} 	OpNum: 	0x3 	Protocol: 	LRPC 	Endpoint 	OLE1D66DF2E47C355AC517E8BD1AC9E 	Authentication Level 	7 	Authentication Service 	8","6","1",,"4","2","1","4611686018427387904","4758","Microsoft-Windows-RPC","6ad52b32-d609-4be9-ae07-ce8dae937e39",,"1244","6472","LAPTOP-JU4M3I0E",,"9/18/2020 7:02:52 AM","4a6b1f67-47b5-48ac-bd2c-5f28df88746c",,"System.UInt32[]","System.Diagnostics.Eventing.Reader.EventBookmark","Information","Start",,"System.Collections.ObjectModel.ReadOnlyCollection`1[System.String]","System.Collections.Generic.List`1[System.Diagnostics.Eventing.Reader.EventProperty]"
"Server RPC call started. 	InterfaceUuid: 	{423ec01e-2e35-11d2-b604-00104b703efd} 	OpNum: 	0x3 	Protocol: 	LRPC 	Endpoint 	OLE1D66DF2E47C355AC517E8BD1AC9E 	Authentication Level 	7 	Authentication Service 	8","6","1",,"4","2","1","4611686018427387904","4737","Microsoft-Windows-RPC","6ad52b32-d609-4be9-ae07-ce8dae937e39",,"1244","6472","LAPTOP-JU4M3I0E",,"9/18/2020 7:02:52 AM","652e8f4b-bb44-4d7e-984c-e11d9d48db48",,"System.UInt32[]","System.Diagnostics.Eventing.Reader.EventBookmark","Information","Start",,"System.Collections.ObjectModel.ReadOnlyCollection`1[System.String]","System.Collections.Generic.List`1[System.Diagnostics.Eventing.Reader.EventProperty]"
"Server RPC call started. 	InterfaceUuid: 	{423ec01e-2e35-11d2-b604-00104b703efd} 	OpNum: 	0x3 	Protocol: 	LRPC 	Endpoint 	OLE1D66DF2E47C355AC517E8BD1AC9E 	Authentication Level 	7 	Authentication Service 	8","6","1",,"4","2","1","4611686018427387904","4716","Microsoft-Windows-RPC","6ad52b32-d609-4be9-ae07-ce8dae937e39",,"1244","6472","LAPTOP-JU4M3I0E",,"9/18/2020 7:02:52 AM","9d007893-0e32-445e-affc-9dc41019b09d",,"System.UInt32[]","System.Diagnostics.Eventing.Reader.EventBookmark","Information","Start",,"System.Collections.ObjectModel.ReadOnlyCollection`1[System.String]","System.Collections.Generic.List`1[System.Diagnostics.Eventing.Reader.EventProperty]"
"Server RPC call started. 	InterfaceUuid: 	{423ec01e-2e35-11d2-b604-00104b703efd} 	OpNum: 	0x3 	Protocol: 	LRPC 	Endpoint 	OLE1D66DF2E47C355AC517E8BD1AC9E 	Authentication Level 	7 	Authentication Service 	8","6","1",,"4","2","1","4611686018427387904","4695","Microsoft-Windows-RPC","6ad52b32-d609-4be9-ae07-ce8dae937e39",,"1244","6472","LAPTOP-JU4M3I0E",,"9/18/2020 7:02:52 AM","c0865b2f-57bb-4ec8-b451-1606b699fc4f",,"System.UInt32[]","System.Diagnostics.Eventing.Reader.EventBookmark","Information","Start",,"System.Collections.ObjectModel.ReadOnlyCollection`1[System.String]","System.Collections.Generic.List`1[System.Diagnostics.Eventing.Reader.EventProperty]"
"Server RPC call started. 	InterfaceUuid: 	{423ec01e-2e35-11d2-b604-00104b703efd} 	OpNum: 	0x3 	Protocol: 	LRPC 	Endpoint 	OLE1D66DF2E47C355AC517E8BD1AC9E 	Authentication Level 	7 	Authentication Service 	8","6","1",,"4","2","1","4611686018427387904","4674","Microsoft-Windows-RPC","6ad52b32-d609-4be9-ae07-ce8dae937e39",,"1244","6472","LAPTOP-JU4M3I0E",,"9/18/2020 7:02:52 AM","d0c6d4fa-5d6c-4d2b-8f61-aa34a391221e",,"System.UInt32[]","System.Diagnostics.Eventing.Reader.EventBookmark","Information","Start",,"System.Collections.ObjectModel.ReadOnlyCollection`1[System.String]","System.Collections.Generic.List`1[System.Diagnostics.Eventing.Reader.EventProperty]"
"Server RPC call started. 	InterfaceUuid: 	{423ec01e-2e35-11d2-b604-00104b703efd} 	OpNum: 	0x3 	Protocol: 	LRPC 	Endpoint 	OLE1D66DF2E47C355AC517E8BD1AC9E 	Authentication Level 	7 	Authentication Service 	8","6","1",,"4","2","1","4611686018427387904","4653","Microsoft-Windows-RPC","6ad52b32-d609-4be9-ae07-ce8dae937e39",,"1244","6472","LAPTOP-JU4M3I0E",,"9/18/2020 7:02:52 AM","79543079-8b03-4c2a-b3ae-4e2b1fda306c",,"System.UInt32[]","System.Diagnostics.Eventing.Reader.EventBookmark","Information","Start",,"System.Collections.ObjectModel.ReadOnlyCollection`1[System.String]","System.Collections.Generic.List`1[System.Diagnostics.Eventing.Reader.EventProperty]"
"Server RPC call started. 	InterfaceUuid: 	{423ec01e-2e35-11d2-b604-00104b703efd} 	OpNum: 	0x3 	Protocol: 	LRPC 	Endpoint 	OLE1D66DF2E47C355AC517E8BD1AC9E 	Authentication Level 	7 	Authentication Service 	8","6","1",,"4","2","1","4611686018427387904","4632","Microsoft-Windows-RPC","6ad52b32-d609-4be9-ae07-ce8dae937e39",,"1244","6472","LAPTOP-JU4M3I0E",,"9/18/2020 7:02:52 AM","541298c0-51df-473a-802c-8dc4a5c9beb0",,"System.UInt32[]","System.Diagnostics.Eventing.Reader.EventBookmark","Information","Start",,"System.Collections.ObjectModel.ReadOnlyCollection`1[System.String]","System.Collections.Generic.List`1[System.Diagnostics.Eventing.Reader.EventProperty]"
"Server RPC call started. 	InterfaceUuid: 	{423ec01e-2e35-11d2-b604-00104b703efd} 	OpNum: 	0x3 	Protocol: 	LRPC 	Endpoint 	OLE1D66DF2E47C355AC517E8BD1AC9E 	Authentication Level 	7 	Authentication Service 	8","6","1",,"4","2","1","4611686018427387904","4603","Microsoft-Windows-RPC","6ad52b32-d609-4be9-ae07-ce8dae937e39",,"1244","6472","LAPTOP-JU4M3I0E",,"9/18/2020 7:02:52 AM","c15b6149-f592-45f2-bfac-6bfc72cc454c",,"System.UInt32[]","System.Diagnostics.Eventing.Reader.EventBookmark","Information","Start",,"System.Collections.ObjectModel.ReadOnlyCollection`1[System.String]","System.Collections.Generic.List`1[System.Diagnostics.Eventing.Reader.EventProperty]"
"Server RPC call started. 	InterfaceUuid: 	{423ec01e-2e35-11d2-b604-00104b703efd} 	OpNum: 	0x3 	Protocol: 	LRPC 	Endpoint 	OLE1D66DF2E47C355AC517E8BD1AC9E 	Authentication Level 	7 	Authentication Service 	8","6","1",,"4","2","1","4611686018427387904","4582","Microsoft-Windows-RPC","6ad52b32-d609-4be9-ae07-ce8dae937e39",,"1244","6472","LAPTOP-JU4M3I0E",,"9/18/2020 7:02:52 AM","ba458b86-239b-4b15-b425-5d49ad325882",,"System.UInt32[]","System.Diagnostics.Eventing.Reader.EventBookmark","Information","Start",,"System.Collections.ObjectModel.ReadOnlyCollection`1[System.String]","System.Collections.Generic.List`1[System.Diagnostics.Eventing.Reader.EventProperty]"
"Server RPC call started. 	InterfaceUuid: 	{423ec01e-2e35-11d2-b604-00104b703efd} 	OpNum: 	0x3 	Protocol: 	LRPC 	Endpoint 	OLE1D66DF2E47C355AC517E8BD1AC9E 	Authentication Level 	7 	Authentication Service 	8","6","1",,"4","2","1","4611686018427387904","4561","Microsoft-Windows-RPC","6ad52b32-d609-4be9-ae07-ce8dae937e39",,"1244","6472","LAPTOP-JU4M3I0E",,"9/18/2020 7:02:52 AM","09837099-41c3-4268-8a5a-e7dc01f5e1bb",,"System.UInt32[]","System.Diagnostics.Eventing.Reader.EventBookmark","Information","Start",,"System.Collections.ObjectModel.ReadOnlyCollection`1[System.String]","System.Collections.Generic.List`1[System.Diagnostics.Eventing.Reader.EventProperty]"
"Server RPC call started. 	InterfaceUuid: 	{423ec01e-2e35-11d2-b604-00104b703efd} 	OpNum: 	0x3 	Protocol: 	LRPC 	Endpoint 	OLE1D66DF2E47C355AC517E8BD1AC9E 	Authentication Level 	7 	Authentication Service 	8","6","1",,"4","2","1","4611686018427387904","4540","Microsoft-Windows-RPC","6ad52b32-d609-4be9-ae07-ce8dae937e39",,"1244","6472","LAPTOP-JU4M3I0E",,"9/18/2020 7:02:52 AM","bd7d252e-bebd-4e12-9c59-6bd1afcf4eef",,"System.UInt32[]","System.Diagnostics.Eventing.Reader.EventBookmark","Information","Start",,"System.Collections.ObjectModel.ReadOnlyCollection`1[System.String]","System.Collections.Generic.List`1[System.Diagnostics.Eventing.Reader.EventProperty]"
"Server RPC call started. 	InterfaceUuid: 	{423ec01e-2e35-11d2-b604-00104b703efd} 	OpNum: 	0x3 	Protocol: 	LRPC 	Endpoint 	OLE1D66DF2E47C355AC517E8BD1AC9E 	Authentication Level 	7 	Authentication Service 	8","6","1",,"4","2","1","4611686018427387904","4519","Microsoft-Windows-RPC","6ad52b32-d609-4be9-ae07-ce8dae937e39",,"1244","6472","LAPTOP-JU4M3I0E",,"9/18/2020 7:02:52 AM","cb8e3c45-e61b-4503-839c-6b56e13bf3f0",,"System.UInt32[]","System.Diagnostics.Eventing.Reader.EventBookmark","Information","Start",,"System.Collections.ObjectModel.ReadOnlyCollection`1[System.String]","System.Collections.Generic.List`1[System.Diagnostics.Eventing.Reader.EventProperty]"
"Server RPC call started. 	InterfaceUuid: 	{423ec01e-2e35-11d2-b604-00104b703efd} 	OpNum: 	0x3 	Protocol: 	LRPC 	Endpoint 	OLE1D66DF2E47C355AC517E8BD1AC9E 	Authentication Level 	7 	Authentication Service 	8","6","1",,"4","2","1","4611686018427387904","4498","Microsoft-Windows-RPC","6ad52b32-d609-4be9-ae07-ce8dae937e39",,"1244","6472","LAPTOP-JU4M3I0E",,"9/18/2020 7:02:52 AM","1e921288-1caf-458b-b2d9-7f5e4d352f9f",,"System.UInt32[]","System.Diagnostics.Eventing.Reader.EventBookmark","Information","Start",,"System.Collections.ObjectModel.ReadOnlyCollection`1[System.String]","System.Collections.Generic.List`1[System.Diagnostics.Eventing.Reader.EventProperty]"
"Server RPC call started. 	InterfaceUuid: 	{423ec01e-2e35-11d2-b604-00104b703efd} 	OpNum: 	0x3 	Protocol: 	LRPC 	Endpoint 	OLE1D66DF2E47C355AC517E8BD1AC9E 	Authentication Level 	7 	Authentication Service 	8","6","1",,"4","2","1","4611686018427387904","4477","Microsoft-Windows-RPC","6ad52b32-d609-4be9-ae07-ce8dae937e39",,"1244","6472","LAPTOP-JU4M3I0E",,"9/18/2020 7:02:52 AM","68e6df08-9242-44ab-b193-ceb09325000e",,"System.UInt32[]","System.Diagnostics.Eventing.Reader.EventBookmark","Information","Start",,"System.Collections.ObjectModel.ReadOnlyCollection`1[System.String]","System.Collections.Generic.List`1[System.Diagnostics.Eventing.Reader.EventProperty]"
"Server RPC call started. 	InterfaceUuid: 	{423ec01e-2e35-11d2-b604-00104b703efd} 	OpNum: 	0x3 	Protocol: 	LRPC 	Endpoint 	OLE1D66DF2E47C355AC517E8BD1AC9E 	Authentication Level 	7 	Authentication Service 	8","6","1",,"4","2","1","4611686018427387904","4456","Microsoft-Windows-RPC","6ad52b32-d609-4be9-ae07-ce8dae937e39",,"1244","6472","LAPTOP-JU4M3I0E",,"9/18/2020 7:02:52 AM","72d4c308-cd0f-41fb-b17a-9986c234bea8",,"System.UInt32[]","System.Diagnostics.Eventing.Reader.EventBookmark","Information","Start",,"System.Collections.ObjectModel.ReadOnlyCollection`1[System.String]","System.Collections.Generic.List`1[System.Diagnostics.Eventing.Reader.EventProperty]"
"Server RPC call started. 	InterfaceUuid: 	{423ec01e-2e35-11d2-b604-00104b703efd} 	OpNum: 	0x3 	Protocol: 	LRPC 	Endpoint 	OLE1D66DF2E47C355AC517E8BD1AC9E 	Authentication Level 	7 	Authentication Service 	8","6","1",,"4","2","1","4611686018427387904","4435","Microsoft-Windows-RPC","6ad52b32-d609-4be9-ae07-ce8dae937e39",,"1244","6472","LAPTOP-JU4M3I0E",,"9/18/2020 7:02:52 AM","460096de-cf3f-4fce-aad6-53eaf996e92a",,"System.UInt32[]","System.Diagnostics.Eventing.Reader.EventBookmark","Information","Start",,"System.Collections.ObjectModel.ReadOnlyCollection`1[System.String]","System.Collections.Generic.List`1[System.Diagnostics.Eventing.Reader.EventProperty]"
"Server RPC call started. 	InterfaceUuid: 	{423ec01e-2e35-11d2-b604-00104b703efd} 	OpNum: 	0x3 	Protocol: 	LRPC 	Endpoint 	OLE1D66DF2E47C355AC517E8BD1AC9E 	Authentication Level 	7 	Authentication Service 	8","6","1",,"4","2","1","4611686018427387904","4414","Microsoft-Windows-RPC","6ad52b32-d609-4be9-ae07-ce8dae937e39",,"1244","6472","LAPTOP-JU4M3I0E",,"9/18/2020 7:02:52 AM","1016f986-962e-4932-bda0-7dac9c582f05",,"System.UInt32[]","System.Diagnostics.Eventing.Reader.EventBookmark","Information","Start",,"System.Collections.ObjectModel.ReadOnlyCollection`1[System.String]","System.Collections.Generic.List`1[System.Diagnostics.Eventing.Reader.EventProperty]"
"Server RPC call started. 	InterfaceUuid: 	{423ec01e-2e35-11d2-b604-00104b703efd} 	OpNum: 	0x3 	Protocol: 	LRPC 	Endpoint 	OLE1D66DF2E47C355AC517E8BD1AC9E 	Authentication Level 	7 	Authentication Service 	8","6","1",,"4","2","1","4611686018427387904","4393","Microsoft-Windows-RPC","6ad52b32-d609-4be9-ae07-ce8dae937e39",,"1244","6472","LAPTOP-JU4M3I0E",,"9/18/2020 7:02:52 AM","ff69f54e-cc8e-4c7d-b14d-4ba66369ec5a",,"System.UInt32[]","System.Diagnostics.Eventing.Reader.EventBookmark","Information","Start",,"System.Collections.ObjectModel.ReadOnlyCollection`1[System.String]","System.Collections.Generic.List`1[System.Diagnostics.Eventing.Reader.EventProperty]"
"Server RPC call started. 	InterfaceUuid: 	{7c857801-7381-11cf-884d-00aa004b2e24} 	OpNum: 	0x3 	Protocol: 	LRPC 	Endpoint 	OLE1D66DF2E47C355AC517E8BD1AC9E 	Authentication Level 	7 	Authentication Service 	8","6","1",,"4","2","1","4611686018427387904","4374","Microsoft-Windows-RPC","6ad52b32-d609-4be9-ae07-ce8dae937e39",,"1244","1772","LAPTOP-JU4M3I0E",,"9/18/2020 7:02:52 AM","cac4e0f9-621c-435a-8750-facd91cd704b",,"System.UInt32[]","System.Diagnostics.Eventing.Reader.EventBookmark","Information","Start",,"System.Collections.ObjectModel.ReadOnlyCollection`1[System.String]","System.Collections.Generic.List`1[System.Diagnostics.Eventing.Reader.EventProperty]"
"Server RPC call started. 	InterfaceUuid: 	{423ec01e-2e35-11d2-b604-00104b703efd} 	OpNum: 	0x3 	Protocol: 	LRPC 	Endpoint 	OLE1D66DF2E47C355AC517E8BD1AC9E 	Authentication Level 	7 	Authentication Service 	8","6","1",,"4","2","1","4611686018427387904","4366","Microsoft-Windows-RPC","6ad52b32-d609-4be9-ae07-ce8dae937e39",,"1244","6472","LAPTOP-JU4M3I0E",,"9/18/2020 7:02:52 AM","ad452fa2-31d8-483f-98a4-de54d3a06b44",,"System.UInt32[]","System.Diagnostics.Eventing.Reader.EventBookmark","Information","Start",,"System.Collections.ObjectModel.ReadOnlyCollection`1[System.String]","System.Collections.Generic.List`1[System.Diagnostics.Eventing.Reader.EventProperty]"
"Server RPC call started. 	InterfaceUuid: 	{423ec01e-2e35-11d2-b604-00104b703efd} 	OpNum: 	0x3 	Protocol: 	LRPC 	Endpoint 	OLE1D66DF2E47C355AC517E8BD1AC9E 	Authentication Level 	7 	Authentication Service 	8","6","1",,"4","2","1","4611686018427387904","4338","Microsoft-Windows-RPC","6ad52b32-d609-4be9-ae07-ce8dae937e39",,"1244","1772","LAPTOP-JU4M3I0E",,"9/18/2020 7:02:52 AM","13b98358-4482-4744-a484-ce54d7db134a",,"System.UInt32[]","System.Diagnostics.Eventing.Reader.EventBookmark","Information","Start",,"System.Collections.ObjectModel.ReadOnlyCollection`1[System.String]","System.Collections.Generic.List`1[System.Diagnostics.Eventing.Reader.EventProperty]"
"Server RPC call started. 	InterfaceUuid: 	{423ec01e-2e35-11d2-b604-00104b703efd} 	OpNum: 	0x3 	Protocol: 	LRPC 	Endpoint 	OLE1D66DF2E47C355AC517E8BD1AC9E 	Authentication Level 	7 	Authentication Service 	8","6","1",,"4","2","1","4611686018427387904","4317","Microsoft-Windows-RPC","6ad52b32-d609-4be9-ae07-ce8dae937e39",,"1244","1772","LAPTOP-JU4M3I0E",,"9/18/2020 7:02:52 AM","a49cd116-8a2f-4312-997b-6deeb110f17f",,"System.UInt32[]","System.Diagnostics.Eventing.Reader.EventBookmark","Information","Start",,"System.Collections.ObjectModel.ReadOnlyCollection`1[System.String]","System.Collections.Generic.List`1[System.Diagnostics.Eventing.Reader.EventProperty]"
"Server RPC call started. 	InterfaceUuid: 	{423ec01e-2e35-11d2-b604-00104b703efd} 	OpNum: 	0x3 	Protocol: 	LRPC 	Endpoint 	OLE1D66DF2E47C355AC517E8BD1AC9E 	Authentication Level 	7 	Authentication Service 	8","6","1",,"4","2","1","4611686018427387904","4296","Microsoft-Windows-RPC","6ad52b32-d609-4be9-ae07-ce8dae937e39",,"1244","1772","LAPTOP-JU4M3I0E",,"9/18/2020 7:02:52 AM","08e4fd5f-4cc7-4c2b-bdab-ea5d9385753b",,"System.UInt32[]","System.Diagnostics.Eventing.Reader.EventBookmark","Information","Start",,"System.Collections.ObjectModel.ReadOnlyCollection`1[System.String]","System.Collections.Generic.List`1[System.Diagnostics.Eventing.Reader.EventProperty]"
"Server RPC call started. 	InterfaceUuid: 	{423ec01e-2e35-11d2-b604-00104b703efd} 	OpNum: 	0x3 	Protocol: 	LRPC 	Endpoint 	OLE1D66DF2E47C355AC517E8BD1AC9E 	Authentication Level 	7 	Authentication Service 	8","6","1",,"4","2","1","4611686018427387904","4275","Microsoft-Windows-RPC","6ad52b32-d609-4be9-ae07-ce8dae937e39",,"1244","1772","LAPTOP-JU4M3I0E",,"9/18/2020 7:02:52 AM","08529de8-02f2-41db-b60b-b442dca97ee3",,"System.UInt32[]","System.Diagnostics.Eventing.Reader.EventBookmark","Information","Start",,"System.Collections.ObjectModel.ReadOnlyCollection`1[System.String]","System.Collections.Generic.List`1[System.Diagnostics.Eventing.Reader.EventProperty]"
"Server RPC call started. 	InterfaceUuid: 	{423ec01e-2e35-11d2-b604-00104b703efd} 	OpNum: 	0x3 	Protocol: 	LRPC 	Endpoint 	OLE1D66DF2E47C355AC517E8BD1AC9E 	Authentication Level 	7 	Authentication Service 	8","6","1",,"4","2","1","4611686018427387904","4254","Microsoft-Windows-RPC","6ad52b32-d609-4be9-ae07-ce8dae937e39",,"1244","1772","LAPTOP-JU4M3I0E",,"9/18/2020 7:02:52 AM","be1a1801-8f68-4ebb-8386-567d794fa377",,"System.UInt32[]","System.Diagnostics.Eventing.Reader.EventBookmark","Information","Start",,"System.Collections.ObjectModel.ReadOnlyCollection`1[System.String]","System.Collections.Generic.List`1[System.Diagnostics.Eventing.Reader.EventProperty]"
"Server RPC call started. 	InterfaceUuid: 	{423ec01e-2e35-11d2-b604-00104b703efd} 	OpNum: 	0x3 	Protocol: 	LRPC 	Endpoint 	OLE1D66DF2E47C355AC517E8BD1AC9E 	Authentication Level 	7 	Authentication Service 	8","6","1",,"4","2","1","4611686018427387904","4233","Microsoft-Windows-RPC","6ad52b32-d609-4be9-ae07-ce8dae937e39",,"1244","1772","LAPTOP-JU4M3I0E",,"9/18/2020 7:02:52 AM","a33f9870-618d-4148-9b7f-a84b01a2f15e",,"System.UInt32[]","System.Diagnostics.Eventing.Reader.EventBookmark","Information","Start",,"System.Collections.ObjectModel.ReadOnlyCollection`1[System.String]","System.Collections.Generic.List`1[System.Diagnostics.Eventing.Reader.EventProperty]"
"Server RPC call started. 	InterfaceUuid: 	{423ec01e-2e35-11d2-b604-00104b703efd} 	OpNum: 	0x3 	Protocol: 	LRPC 	Endpoint 	OLE1D66DF2E47C355AC517E8BD1AC9E 	Authentication Level 	7 	Authentication Service 	8","6","1",,"4","2","1","4611686018427387904","4212","Microsoft-Windows-RPC","6ad52b32-d609-4be9-ae07-ce8dae937e39",,"1244","1772","LAPTOP-JU4M3I0E",,"9/18/2020 7:02:52 AM","94712cb8-21d0-428a-adde-9735ec90556e",,"System.UInt32[]","System.Diagnostics.Eventing.Reader.EventBookmark","Information","Start",,"System.Collections.ObjectModel.ReadOnlyCollection`1[System.String]","System.Collections.Generic.List`1[System.Diagnostics.Eventing.Reader.EventProperty]"
"Server RPC call started. 	InterfaceUuid: 	{423ec01e-2e35-11d2-b604-00104b703efd} 	OpNum: 	0x3 	Protocol: 	LRPC 	Endpoint 	OLE1D66DF2E47C355AC517E8BD1AC9E 	Authentication Level 	7 	Authentication Service 	8","6","1",,"4","2","1","4611686018427387904","4191","Microsoft-Windows-RPC","6ad52b32-d609-4be9-ae07-ce8dae937e39",,"1244","1772","LAPTOP-JU4M3I0E",,"9/18/2020 7:02:52 AM","15985bf4-12f9-4c68-8a9f-211060579ae1",,"System.UInt32[]","System.Diagnostics.Eventing.Reader.EventBookmark","Information","Start",,"System.Collections.ObjectModel.ReadOnlyCollection`1[System.String]","System.Collections.Generic.List`1[System.Diagnostics.Eventing.Reader.EventProperty]"
"Server RPC call started. 	InterfaceUuid: 	{7c857801-7381-11cf-884d-00aa004b2e24} 	OpNum: 	0x3 	Protocol: 	LRPC 	Endpoint 	OLE1D66DF2E47C355AC517E8BD1AC9E 	Authentication Level 	7 	Authentication Service 	8","6","1",,"4","2","1","4611686018427387904","4161","Microsoft-Windows-RPC","6ad52b32-d609-4be9-ae07-ce8dae937e39",,"1244","1384","LAPTOP-JU4M3I0E",,"9/18/2020 7:02:52 AM","36904582-0021-4639-81f9-08eb97fdda4a",,"System.UInt32[]","System.Diagnostics.Eventing.Reader.EventBookmark","Information","Start",,"System.Collections.ObjectModel.ReadOnlyCollection`1[System.String]","System.Collections.Generic.List`1[System.Diagnostics.Eventing.Reader.EventProperty]"
"Server RPC call started. 	InterfaceUuid: 	{423ec01e-2e35-11d2-b604-00104b703efd} 	OpNum: 	0x3 	Protocol: 	LRPC 	Endpoint 	OLE1D66DF2E47C355AC517E8BD1AC9E 	Authentication Level 	7 	Authentication Service 	8","6","1",,"4","2","1","4611686018427387904","4147","Microsoft-Windows-RPC","6ad52b32-d609-4be9-ae07-ce8dae937e39",,"1244","1772","LAPTOP-JU4M3I0E",,"9/18/2020 7:02:52 AM","eef9baf5-9194-4974-9010-b172dbb22252",,"System.UInt32[]","System.Diagnostics.Eventing.Reader.EventBookmark","Information","Start",,"System.Collections.ObjectModel.ReadOnlyCollection`1[System.String]","System.Collections.Generic.List`1[System.Diagnostics.Eventing.Reader.EventProperty]"
"Server RPC call started. 	InterfaceUuid: 	{7c857801-7381-11cf-884d-00aa004b2e24} 	OpNum: 	0x3 	Protocol: 	LRPC 	Endpoint 	OLE1D66DF2E47C355AC517E8BD1AC9E 	Authentication Level 	7 	Authentication Service 	8","6","1",,"4","2","1","4611686018427387904","4115","Microsoft-Windows-RPC","6ad52b32-d609-4be9-ae07-ce8dae937e39",,"1244","1384","LAPTOP-JU4M3I0E",,"9/18/2020 7:02:52 AM","78748deb-d19b-4646-9b8c-584e3ec37325",,"System.UInt32[]","System.Diagnostics.Eventing.Reader.EventBookmark","Information","Start",,"System.Collections.ObjectModel.ReadOnlyCollection`1[System.String]","System.Collections.Generic.List`1[System.Diagnostics.Eventing.Reader.EventProperty]"
"Server RPC call started. 	InterfaceUuid: 	{12345778-1234-abcd-ef00-0123456789ab} 	OpNum: 	0x0 	Protocol: 	LRPC 	Endpoint 	LSARPC_ENDPOINT 	Authentication Level 	7 	Authentication Service 	8","6","1",,"4","2","1","4611686018427387904","4086","Microsoft-Windows-RPC","6ad52b32-d609-4be9-ae07-ce8dae937e39",,"584","752","LAPTOP-JU4M3I0E",,"9/18/2020 7:02:52 AM","ef764c18-7797-43fd-be19-20ee4b4e9303",,"System.UInt32[]","System.Diagnostics.Eventing.Reader.EventBookmark","Information","Start",,"System.Collections.ObjectModel.ReadOnlyCollection`1[System.String]","System.Collections.Generic.List`1[System.Diagnostics.Eventing.Reader.EventProperty]"
"Server RPC call started. 	InterfaceUuid: 	{12345778-1234-abcd-ef00-0123456789ab} 	OpNum: 	0x1F 	Protocol: 	LRPC 	Endpoint 	LSARPC_ENDPOINT 	Authentication Level 	7 	Authentication Service 	8","6","1",,"4","2","1","4611686018427387904","4064","Microsoft-Windows-RPC","6ad52b32-d609-4be9-ae07-ce8dae937e39",,"584","752","LAPTOP-JU4M3I0E",,"9/18/2020 7:02:52 AM","5d6c1139-137b-47c7-955c-6ff332cf5150",,"System.UInt32[]","System.Diagnostics.Eventing.Reader.EventBookmark","Information","Start",,"System.Collections.ObjectModel.ReadOnlyCollection`1[System.String]","System.Collections.Generic.List`1[System.Diagnostics.Eventing.Reader.EventProperty]"
"Server RPC call started. 	InterfaceUuid: 	{12345778-1234-abcd-ef00-0123456789ab} 	OpNum: 	0x2C 	Protocol: 	LRPC 	Endpoint 	LSARPC_ENDPOINT 	Authentication Level 	7 	Authentication Service 	8","6","1",,"4","2","1","4611686018427387904","4036","Microsoft-Windows-RPC","6ad52b32-d609-4be9-ae07-ce8dae937e39",,"584","752","LAPTOP-JU4M3I0E",,"9/18/2020 7:02:52 AM","c92b158c-49a3-41af-a9d0-a4489f4e3e75",,"System.UInt32[]","System.Diagnostics.Eventing.Reader.EventBookmark","Information","Start",,"System.Collections.ObjectModel.ReadOnlyCollection`1[System.String]","System.Collections.Generic.List`1[System.Diagnostics.Eventing.Reader.EventProperty]"
"Server RPC call started. 	InterfaceUuid: 	{4f32adc8-6052-4a04-8701-293ccf2096f0} 	OpNum: 	0xE 	Protocol: 	LRPC 	Endpoint 	lsasspirpc 	Authentication Level 	7 	Authentication Service 	8","6","1",,"4","2","1","4611686018427387904","3997","Microsoft-Windows-RPC","6ad52b32-d609-4be9-ae07-ce8dae937e39",,"584","752","LAPTOP-JU4M3I0E",,"9/18/2020 7:02:52 AM","9b970bae-564d-4ce2-a14c-e6d7fdf2e4a3",,"System.UInt32[]","System.Diagnostics.Eventing.Reader.EventBookmark","Information","Start",,"System.Collections.ObjectModel.ReadOnlyCollection`1[System.String]","System.Collections.Generic.List`1[System.Diagnostics.Eventing.Reader.EventProperty]"
"Server RPC call started. 	InterfaceUuid: 	{9556dc99-828c-11cf-a37e-00aa003240c7} 	OpNum: 	0x15 	Protocol: 	LRPC 	Endpoint 	OLEBB6012C7E3F1F9492EB953C49432 	Authentication Level 	7 	Authentication Service 	8","6","1",,"4","2","1","4611686018427387904","3986","Microsoft-Windows-RPC","6ad52b32-d609-4be9-ae07-ce8dae937e39",,"2512","8708","LAPTOP-JU4M3I0E",,"9/18/2020 7:02:52 AM","24ce5ec8-029f-4afc-abf3-4406e064a524",,"System.UInt32[]","System.Diagnostics.Eventing.Reader.EventBookmark","Information","Start",,"System.Collections.ObjectModel.ReadOnlyCollection`1[System.String]","System.Collections.Generic.List`1[System.Diagnostics.Eventing.Reader.EventProperty]"
"Server RPC call started. 	InterfaceUuid: 	{423ec01e-2e35-11d2-b604-00104b703efd} 	OpNum: 	0x3 	Protocol: 	LRPC 	Endpoint 	OLE1D66DF2E47C355AC517E8BD1AC9E 	Authentication Level 	7 	Authentication Service 	8","6","1",,"4","2","1","4611686018427387904","3956","Microsoft-Windows-RPC","6ad52b32-d609-4be9-ae07-ce8dae937e39",,"1244","1772","LAPTOP-JU4M3I0E",,"9/18/2020 7:02:52 AM","0a0e3f8b-2077-49ed-84e3-964ebc34c306",,"System.UInt32[]","System.Diagnostics.Eventing.Reader.EventBookmark","Information","Start",,"System.Collections.ObjectModel.ReadOnlyCollection`1[System.String]","System.Collections.Generic.List`1[System.Diagnostics.Eventing.Reader.EventProperty]"
"Server RPC call started. 	InterfaceUuid: 	{00000134-0000-0000-c000-000000000046} 	OpNum: 	0x5 	Protocol: 	LRPC 	Endpoint 	OLE1D66DF2E47C355AC517E8BD1AC9E 	Authentication Level 	7 	Authentication Service 	8","6","1",,"4","2","1","4611686018427387904","3906","Microsoft-Windows-RPC","6ad52b32-d609-4be9-ae07-ce8dae937e39",,"1244","1384","LAPTOP-JU4M3I0E",,"9/18/2020 7:02:52 AM","63df2446-563e-425a-9112-f09fad39b055",,"System.UInt32[]","System.Diagnostics.Eventing.Reader.EventBookmark","Information","Start",,"System.Collections.ObjectModel.ReadOnlyCollection`1[System.String]","System.Collections.Generic.List`1[System.Diagnostics.Eventing.Reader.EventProperty]"
"Server RPC call started. 	InterfaceUuid: 	{e60c73e6-88f9-11cf-9af1-0020af6e72f4} 	OpNum: 	0x7 	Protocol: 	LRPC 	Endpoint 	epmapper 	Authentication Level 	7 	Authentication Service 	8","6","1",,"4","2","1","4611686018427387904","3894","Microsoft-Windows-RPC","6ad52b32-d609-4be9-ae07-ce8dae937e39",,"812","2928","LAPTOP-JU4M3I0E",,"9/18/2020 7:02:52 AM","8390cc52-4c9a-49b8-8081-87f5d8ad078e",,"System.UInt32[]","System.Diagnostics.Eventing.Reader.EventBookmark","Information","Start",,"System.Collections.ObjectModel.ReadOnlyCollection`1[System.String]","System.Collections.Generic.List`1[System.Diagnostics.Eventing.Reader.EventProperty]"
"Server RPC call started. 	InterfaceUuid: 	{6b3fc272-bf37-4968-933a-6df9222a2607} 	OpNum: 	0x9 	Protocol: 	LRPC 	Endpoint 	OLEBB6012C7E3F1F9492EB953C49432 	Authentication Level 	7 	Authentication Service 	8","6","1",,"4","2","1","4611686018427387904","3884","Microsoft-Windows-RPC","6ad52b32-d609-4be9-ae07-ce8dae937e39",,"2512","8708","LAPTOP-JU4M3I0E",,"9/18/2020 7:02:52 AM","1d28450c-b8a4-42a9-8f0e-28678d9f2073",,"System.UInt32[]","System.Diagnostics.Eventing.Reader.EventBookmark","Information","Start",,"System.Collections.ObjectModel.ReadOnlyCollection`1[System.String]","System.Collections.Generic.List`1[System.Diagnostics.Eventing.Reader.EventProperty]"
"Server RPC call started. 	InterfaceUuid: 	{1c1c45ee-4395-11d2-b60b-00104b703efd} 	OpNum: 	0x3 	Protocol: 	LRPC 	Endpoint 	OLE1D66DF2E47C355AC517E8BD1AC9E 	Authentication Level 	7 	Authentication Service 	8","6","1",,"4","2","1","4611686018427387904","3881","Microsoft-Windows-RPC","6ad52b32-d609-4be9-ae07-ce8dae937e39",,"1244","1772","LAPTOP-JU4M3I0E",,"9/18/2020 7:02:52 AM","9e5ddedb-4ba2-4eb8-b627-309296b584f2",,"System.UInt32[]","System.Diagnostics.Eventing.Reader.EventBookmark","Information","Start",,"System.Collections.ObjectModel.ReadOnlyCollection`1[System.String]","System.Collections.Generic.List`1[System.Diagnostics.Eventing.Reader.EventProperty]"
"Server RPC call started. 	InterfaceUuid: 	{00000134-0000-0000-c000-000000000046} 	OpNum: 	0x3 	Protocol: 	LRPC 	Endpoint 	OLE1D66DF2E47C355AC517E8BD1AC9E 	Authentication Level 	7 	Authentication Service 	8","6","1",,"4","2","1","4611686018427387904","3854","Microsoft-Windows-RPC","6ad52b32-d609-4be9-ae07-ce8dae937e39",,"1244","1772","LAPTOP-JU4M3I0E",,"9/18/2020 7:02:52 AM","66e1b757-fb83-4758-b374-a49ffa8340f5",,"System.UInt32[]","System.Diagnostics.Eventing.Reader.EventBookmark","Information","Start",,"System.Collections.ObjectModel.ReadOnlyCollection`1[System.String]","System.Collections.Generic.List`1[System.Diagnostics.Eventing.Reader.EventProperty]"
"Server RPC call started. 	InterfaceUuid: 	{9556dc99-828c-11cf-a37e-00aa003240c7} 	OpNum: 	0x14 	Protocol: 	LRPC 	Endpoint 	OLE1D66DF2E47C355AC517E8BD1AC9E 	Authentication Level 	7 	Authentication Service 	8","6","1",,"4","2","1","4611686018427387904","3828","Microsoft-Windows-RPC","6ad52b32-d609-4be9-ae07-ce8dae937e39",,"1244","1772","LAPTOP-JU4M3I0E",,"9/18/2020 7:02:52 AM","1c588f74-f2c8-4dac-a39c-cc3255f4506e",,"System.UInt32[]","System.Diagnostics.Eventing.Reader.EventBookmark","Information","Start",,"System.Collections.ObjectModel.ReadOnlyCollection`1[System.String]","System.Collections.Generic.List`1[System.Diagnostics.Eventing.Reader.EventProperty]"
"Server RPC call started. 	InterfaceUuid: 	{4f32adc8-6052-4a04-8701-293ccf2096f0} 	OpNum: 	0x5 	Protocol: 	LRPC 	Endpoint 	lsasspirpc 	Authentication Level 	7 	Authentication Service 	8","6","1",,"4","2","1","4611686018427387904","3804","Microsoft-Windows-RPC","6ad52b32-d609-4be9-ae07-ce8dae937e39",,"584","752","LAPTOP-JU4M3I0E",,"9/18/2020 7:02:52 AM","4b55966f-a347-42cb-a668-e22ba0dd15b9",,"System.UInt32[]","System.Diagnostics.Eventing.Reader.EventBookmark","Information","Start",,"System.Collections.ObjectModel.ReadOnlyCollection`1[System.String]","System.Collections.Generic.List`1[System.Diagnostics.Eventing.Reader.EventProperty]"
"Server RPC call started. 	InterfaceUuid: 	{4f32adc8-6052-4a04-8701-293ccf2096f0} 	OpNum: 	0x3 	Protocol: 	LRPC 	Endpoint 	lsasspirpc 	Authentication Level 	7 	Authentication Service 	8","6","1",,"4","2","1","4611686018427387904","3781","Microsoft-Windows-RPC","6ad52b32-d609-4be9-ae07-ce8dae937e39",,"584","752","LAPTOP-JU4M3I0E",,"9/18/2020 7:02:52 AM","318319fa-e87c-4735-8c26-6fef61e0ae24",,"System.UInt32[]","System.Diagnostics.Eventing.Reader.EventBookmark","Information","Start",,"System.Collections.ObjectModel.ReadOnlyCollection`1[System.String]","System.Collections.Generic.List`1[System.Diagnostics.Eventing.Reader.EventProperty]"
"Server RPC call started. 	InterfaceUuid: 	{4f32adc8-6052-4a04-8701-293ccf2096f0} 	OpNum: 	0x4 	Protocol: 	LRPC 	Endpoint 	lsasspirpc 	Authentication Level 	7 	Authentication Service 	8","6","1",,"4","2","1","4611686018427387904","3758","Microsoft-Windows-RPC","6ad52b32-d609-4be9-ae07-ce8dae937e39",,"584","752","LAPTOP-JU4M3I0E",,"9/18/2020 7:02:52 AM","c5fad809-6d6b-4a85-b3f9-3947f9cf32d8",,"System.UInt32[]","System.Diagnostics.Eventing.Reader.EventBookmark","Information","Start",,"System.Collections.ObjectModel.ReadOnlyCollection`1[System.String]","System.Collections.Generic.List`1[System.Diagnostics.Eventing.Reader.EventProperty]"
"Server RPC call started. 	InterfaceUuid: 	{4f32adc8-6052-4a04-8701-293ccf2096f0} 	OpNum: 	0xE 	Protocol: 	LRPC 	Endpoint 	lsasspirpc 	Authentication Level 	7 	Authentication Service 	8","6","1",,"4","2","1","4611686018427387904","3735","Microsoft-Windows-RPC","6ad52b32-d609-4be9-ae07-ce8dae937e39",,"584","752","LAPTOP-JU4M3I0E",,"9/18/2020 7:02:52 AM","e73ec0cd-3d53-4641-a2ab-cb0379d4607a",,"System.UInt32[]","System.Diagnostics.Eventing.Reader.EventBookmark","Information","Start",,"System.Collections.ObjectModel.ReadOnlyCollection`1[System.String]","System.Collections.Generic.List`1[System.Diagnostics.Eventing.Reader.EventProperty]"
"Server RPC call started. 	InterfaceUuid: 	{9556dc99-828c-11cf-a37e-00aa003240c7} 	OpNum: 	0x13 	Protocol: 	LRPC 	Endpoint 	OLEBB6012C7E3F1F9492EB953C49432 	Authentication Level 	7 	Authentication Service 	8","6","1",,"4","2","1","4611686018427387904","3724","Microsoft-Windows-RPC","6ad52b32-d609-4be9-ae07-ce8dae937e39",,"2512","6548","LAPTOP-JU4M3I0E",,"9/18/2020 7:02:52 AM","9695a135-00ab-4776-9558-a8bea6b7d384",,"System.UInt32[]","System.Diagnostics.Eventing.Reader.EventBookmark","Information","Start",,"System.Collections.ObjectModel.ReadOnlyCollection`1[System.String]","System.Collections.Generic.List`1[System.Diagnostics.Eventing.Reader.EventProperty]"
"Server RPC call started. 	InterfaceUuid: 	{423ec01e-2e35-11d2-b604-00104b703efd} 	OpNum: 	0x3 	Protocol: 	LRPC 	Endpoint 	OLE1D66DF2E47C355AC517E8BD1AC9E 	Authentication Level 	7 	Authentication Service 	8","6","1",,"4","2","1","4611686018427387904","3696","Microsoft-Windows-RPC","6ad52b32-d609-4be9-ae07-ce8dae937e39",,"1244","8172","LAPTOP-JU4M3I0E",,"9/18/2020 7:02:52 AM","cdc152e1-e35c-4a51-91c5-c3e4f521e190",,"System.UInt32[]","System.Diagnostics.Eventing.Reader.EventBookmark","Information","Start",,"System.Collections.ObjectModel.ReadOnlyCollection`1[System.String]","System.Collections.Generic.List`1[System.Diagnostics.Eventing.Reader.EventProperty]"
"Server RPC call started. 	InterfaceUuid: 	{1c1c45ee-4395-11d2-b60b-00104b703efd} 	OpNum: 	0x3 	Protocol: 	LRPC 	Endpoint 	OLE1D66DF2E47C355AC517E8BD1AC9E 	Authentication Level 	7 	Authentication Service 	8","6","1",,"4","2","1","4611686018427387904","3656","Microsoft-Windows-RPC","6ad52b32-d609-4be9-ae07-ce8dae937e39",,"1244","8172","LAPTOP-JU4M3I0E",,"9/18/2020 7:02:52 AM","b6500643-3871-4943-88e8-af63457b24fd",,"System.UInt32[]","System.Diagnostics.Eventing.Reader.EventBookmark","Information","Start",,"System.Collections.ObjectModel.ReadOnlyCollection`1[System.String]","System.Collections.Generic.List`1[System.Diagnostics.Eventing.Reader.EventProperty]"
"Server RPC call started. 	InterfaceUuid: 	{00000134-0000-0000-c000-000000000046} 	OpNum: 	0x5 	Protocol: 	LRPC 	Endpoint 	OLE1D66DF2E47C355AC517E8BD1AC9E 	Authentication Level 	7 	Authentication Service 	8","6","1",,"4","2","1","4611686018427387904","3602","Microsoft-Windows-RPC","6ad52b32-d609-4be9-ae07-ce8dae937e39",,"1244","8172","LAPTOP-JU4M3I0E",,"9/18/2020 7:02:52 AM","099299c7-0eff-408e-bb08-13e7dc8af133",,"System.UInt32[]","System.Diagnostics.Eventing.Reader.EventBookmark","Information","Start",,"System.Collections.ObjectModel.ReadOnlyCollection`1[System.String]","System.Collections.Generic.List`1[System.Diagnostics.Eventing.Reader.EventProperty]"
"Server RPC call started. 	InterfaceUuid: 	{00000134-0000-0000-c000-000000000046} 	OpNum: 	0x3 	Protocol: 	LRPC 	Endpoint 	OLE1D66DF2E47C355AC517E8BD1AC9E 	Authentication Level 	7 	Authentication Service 	8","6","1",,"4","2","1","4611686018427387904","3585","Microsoft-Windows-RPC","6ad52b32-d609-4be9-ae07-ce8dae937e39",,"1244","8172","LAPTOP-JU4M3I0E",,"9/18/2020 7:02:52 AM","cdde1147-0607-4043-8978-80be4282cfad",,"System.UInt32[]","System.Diagnostics.Eventing.Reader.EventBookmark","Information","Start",,"System.Collections.ObjectModel.ReadOnlyCollection`1[System.String]","System.Collections.Generic.List`1[System.Diagnostics.Eventing.Reader.EventProperty]"
"Server RPC call started. 	InterfaceUuid: 	{6b3fc272-bf37-4968-933a-6df9222a2607} 	OpNum: 	0x9 	Protocol: 	LRPC 	Endpoint 	OLEBB6012C7E3F1F9492EB953C49432 	Authentication Level 	7 	Authentication Service 	8","6","1",,"4","2","1","4611686018427387904","3574","Microsoft-Windows-RPC","6ad52b32-d609-4be9-ae07-ce8dae937e39",,"2512","6548","LAPTOP-JU4M3I0E",,"9/18/2020 7:02:52 AM","4b7b1d54-1e75-479c-9db5-8dafa38e9e75",,"System.UInt32[]","System.Diagnostics.Eventing.Reader.EventBookmark","Information","Start",,"System.Collections.ObjectModel.ReadOnlyCollection`1[System.String]","System.Collections.Generic.List`1[System.Diagnostics.Eventing.Reader.EventProperty]"
"Server RPC call started. 	InterfaceUuid: 	{fb8a0729-2d04-4658-be93-27b4ad553fac} 	OpNum: 	0x1 	Protocol: 	LRPC 	Endpoint 	lsapolicylookup 	Authentication Level 	7 	Authentication Service 	8","6","1",,"4","2","1","4611686018427387904","3552","Microsoft-Windows-RPC","6ad52b32-d609-4be9-ae07-ce8dae937e39",,"584","752","LAPTOP-JU4M3I0E",,"9/18/2020 7:02:52 AM","ab27d26c-b721-4827-b553-136896f446db",,"System.UInt32[]","System.Diagnostics.Eventing.Reader.EventBookmark","Information","Start",,"System.Collections.ObjectModel.ReadOnlyCollection`1[System.String]","System.Collections.Generic.List`1[System.Diagnostics.Eventing.Reader.EventProperty]"
"Server RPC call started. 	InterfaceUuid: 	{fb8a0729-2d04-4658-be93-27b4ad553fac} 	OpNum: 	0x3 	Protocol: 	LRPC 	Endpoint 	lsapolicylookup 	Authentication Level 	7 	Authentication Service 	8","6","1",,"4","2","1","4611686018427387904","3525","Microsoft-Windows-RPC","6ad52b32-d609-4be9-ae07-ce8dae937e39",,"584","752","LAPTOP-JU4M3I0E",,"9/18/2020 7:02:52 AM","89c18e4c-5376-4d73-ae76-b50a2e78f22d",,"System.UInt32[]","System.Diagnostics.Eventing.Reader.EventBookmark","Information","Start",,"System.Collections.ObjectModel.ReadOnlyCollection`1[System.String]","System.Collections.Generic.List`1[System.Diagnostics.Eventing.Reader.EventProperty]"
"Server RPC call started. 	InterfaceUuid: 	{fb8a0729-2d04-4658-be93-27b4ad553fac} 	OpNum: 	0x0 	Protocol: 	LRPC 	Endpoint 	lsapolicylookup 	Authentication Level 	7 	Authentication Service 	8","6","1",,"4","2","1","4611686018427387904","3495","Microsoft-Windows-RPC","6ad52b32-d609-4be9-ae07-ce8dae937e39",,"584","752","LAPTOP-JU4M3I0E",,"9/18/2020 7:02:52 AM","7aa9d88a-3f93-439f-b95e-ad4e728a926c",,"System.UInt32[]","System.Diagnostics.Eventing.Reader.EventBookmark","Information","Start",,"System.Collections.ObjectModel.ReadOnlyCollection`1[System.String]","System.Collections.Generic.List`1[System.Diagnostics.Eventing.Reader.EventProperty]"
"Server RPC call started. 	InterfaceUuid: 	{9556dc99-828c-11cf-a37e-00aa003240c7} 	OpNum: 	0x12 	Protocol: 	LRPC 	Endpoint 	OLE1D66DF2E47C355AC517E8BD1AC9E 	Authentication Level 	7 	Authentication Service 	8","6","1",,"4","2","1","4611686018427387904","3453","Microsoft-Windows-RPC","6ad52b32-d609-4be9-ae07-ce8dae937e39",,"1244","8172","LAPTOP-JU4M3I0E",,"9/18/2020 7:02:52 AM","6db8e297-28be-4e80-b45c-4af795a33437",,"System.UInt32[]","System.Diagnostics.Eventing.Reader.EventBookmark","Information","Start",,"System.Collections.ObjectModel.ReadOnlyCollection`1[System.String]","System.Collections.Generic.List`1[System.Diagnostics.Eventing.Reader.EventProperty]"
"Server RPC call started. 	InterfaceUuid: 	{f1e9c5b2-f59b-11d2-b362-00105a1f8177} 	OpNum: 	0x3 	Protocol: 	LRPC 	Endpoint 	OLEBB6012C7E3F1F9492EB953C49432 	Authentication Level 	7 	Authentication Service 	8","6","1",,"4","2","1","4611686018427387904","3432","Microsoft-Windows-RPC","6ad52b32-d609-4be9-ae07-ce8dae937e39",,"2512","6548","LAPTOP-JU4M3I0E",,"9/18/2020 7:02:52 AM","760d0ec3-9950-4ed0-98e2-20dd68e5b446",,"System.UInt32[]","System.Diagnostics.Eventing.Reader.EventBookmark","Information","Start",,"System.Collections.ObjectModel.ReadOnlyCollection`1[System.String]","System.Collections.Generic.List`1[System.Diagnostics.Eventing.Reader.EventProperty]"
"Server RPC call started. 	InterfaceUuid: 	{367abb81-9844-35f1-ad32-98f038001003} 	OpNum: 	0x0 	Protocol: 	LRPC 	Endpoint 	ntsvcs 	Authentication Level 	7 	Authentication Service 	8","6","1",,"4","2","1","4611686018427387904","3391","Microsoft-Windows-RPC","6ad52b32-d609-4be9-ae07-ce8dae937e39",,"576","1904","LAPTOP-JU4M3I0E",,"9/18/2020 7:02:52 AM","1cf3138d-ce5b-4f6d-ab93-4b642fbfd897",,"System.UInt32[]","System.Diagnostics.Eventing.Reader.EventBookmark","Information","Start",,"System.Collections.ObjectModel.ReadOnlyCollection`1[System.String]","System.Collections.Generic.List`1[System.Diagnostics.Eventing.Reader.EventProperty]"
"Server RPC call started. 	InterfaceUuid: 	{367abb81-9844-35f1-ad32-98f038001003} 	OpNum: 	0x0 	Protocol: 	LRPC 	Endpoint 	ntsvcs 	Authentication Level 	7 	Authentication Service 	8","6","1",,"4","2","1","4611686018427387904","3365","Microsoft-Windows-RPC","6ad52b32-d609-4be9-ae07-ce8dae937e39",,"576","1904","LAPTOP-JU4M3I0E",,"9/18/2020 7:02:52 AM","ecb0082f-fe52-411f-87a1-4c4d347f4823",,"System.UInt32[]","System.Diagnostics.Eventing.Reader.EventBookmark","Information","Start",,"System.Collections.ObjectModel.ReadOnlyCollection`1[System.String]","System.Collections.Generic.List`1[System.Diagnostics.Eventing.Reader.EventProperty]"
"Server RPC call started. 	InterfaceUuid: 	{367abb81-9844-35f1-ad32-98f038001003} 	OpNum: 	0x6 	Protocol: 	LRPC 	Endpoint 	ntsvcs 	Authentication Level 	7 	Authentication Service 	8","6","1",,"4","2","1","4611686018427387904","3342","Microsoft-Windows-RPC","6ad52b32-d609-4be9-ae07-ce8dae937e39",,"576","1904","LAPTOP-JU4M3I0E",,"9/18/2020 7:02:52 AM","f268bda3-1bef-4681-93df-fe56ffcdbdaa",,"System.UInt32[]","System.Diagnostics.Eventing.Reader.EventBookmark","Information","Start",,"System.Collections.ObjectModel.ReadOnlyCollection`1[System.String]","System.Collections.Generic.List`1[System.Diagnostics.Eventing.Reader.EventProperty]"
"Server RPC call started. 	InterfaceUuid: 	{367abb81-9844-35f1-ad32-98f038001003} 	OpNum: 	0x10 	Protocol: 	LRPC 	Endpoint 	ntsvcs 	Authentication Level 	7 	Authentication Service 	8","6","1",,"4","2","1","4611686018427387904","3313","Microsoft-Windows-RPC","6ad52b32-d609-4be9-ae07-ce8dae937e39",,"576","1904","LAPTOP-JU4M3I0E",,"9/18/2020 7:02:52 AM","450a85af-ec72-4c40-9958-e513b391ceb1",,"System.UInt32[]","System.Diagnostics.Eventing.Reader.EventBookmark","Information","Start",,"System.Collections.ObjectModel.ReadOnlyCollection`1[System.String]","System.Collections.Generic.List`1[System.Diagnostics.Eventing.Reader.EventProperty]"
"Server RPC call started. 	InterfaceUuid: 	{367abb81-9844-35f1-ad32-98f038001003} 	OpNum: 	0xF 	Protocol: 	LRPC 	Endpoint 	ntsvcs 	Authentication Level 	7 	Authentication Service 	8","6","1",,"4","2","1","4611686018427387904","3283","Microsoft-Windows-RPC","6ad52b32-d609-4be9-ae07-ce8dae937e39",,"576","1904","LAPTOP-JU4M3I0E",,"9/18/2020 7:02:52 AM","3f45577f-4717-45c3-ad21-000df9bd7afa",,"System.UInt32[]","System.Diagnostics.Eventing.Reader.EventBookmark","Information","Start",,"System.Collections.ObjectModel.ReadOnlyCollection`1[System.String]","System.Collections.Generic.List`1[System.Diagnostics.Eventing.Reader.EventProperty]"
"Server RPC call started. 	InterfaceUuid: 	{3c4728c5-f0ab-448b-bda1-6ce01eb0a6d5} 	OpNum: 	0x11 	Protocol: 	LRPC 	Endpoint 	dhcpcsvc 	Authentication Level 	7 	Authentication Service 	8","6","1",,"4","2","1","4611686018427387904","3244","Microsoft-Windows-RPC","6ad52b32-d609-4be9-ae07-ce8dae937e39",,"264","4708","LAPTOP-JU4M3I0E",,"9/18/2020 7:02:51 AM","004e20ad-ff85-4ec4-8220-aade118bffde",,"System.UInt32[]","System.Diagnostics.Eventing.Reader.EventBookmark","Information","Start",,"System.Collections.ObjectModel.ReadOnlyCollection`1[System.String]","System.Collections.Generic.List`1[System.Diagnostics.Eventing.Reader.EventProperty]"
"Server RPC call started. 	InterfaceUuid: 	{3c4728c5-f0ab-448b-bda1-6ce01eb0a6d5} 	OpNum: 	0xF 	Protocol: 	LRPC 	Endpoint 	dhcpcsvc 	Authentication Level 	7 	Authentication Service 	8","6","1",,"4","2","1","4611686018427387904","3204","Microsoft-Windows-RPC","6ad52b32-d609-4be9-ae07-ce8dae937e39",,"264","4708","LAPTOP-JU4M3I0E",,"9/18/2020 7:02:51 AM","5de31406-df4f-42ed-985e-a9ad5fc21ed4",,"System.UInt32[]","System.Diagnostics.Eventing.Reader.EventBookmark","Information","Start",,"System.Collections.ObjectModel.ReadOnlyCollection`1[System.String]","System.Collections.Generic.List`1[System.Diagnostics.Eventing.Reader.EventProperty]"
"Server RPC call started. 	InterfaceUuid: 	{3c4728c5-f0ab-448b-bda1-6ce01eb0a6d6} 	OpNum: 	0xB 	Protocol: 	LRPC 	Endpoint 	dhcpcsvc6 	Authentication Level 	7 	Authentication Service 	8","6","1",,"4","2","1","4611686018427387904","3141","Microsoft-Windows-RPC","6ad52b32-d609-4be9-ae07-ce8dae937e39",,"264","4708","LAPTOP-JU4M3I0E",,"9/18/2020 7:02:51 AM","79729732-88e2-49e5-8ccf-c00ddbf82ebd",,"System.UInt32[]","System.Diagnostics.Eventing.Reader.EventBookmark","Information","Start",,"System.Collections.ObjectModel.ReadOnlyCollection`1[System.String]","System.Collections.Generic.List`1[System.Diagnostics.Eventing.Reader.EventProperty]"
"Server RPC call started. 	InterfaceUuid: 	{3c4728c5-f0ab-448b-bda1-6ce01eb0a6d5} 	OpNum: 	0x11 	Protocol: 	LRPC 	Endpoint 	dhcpcsvc 	Authentication Level 	7 	Authentication Service 	8","6","1",,"4","2","1","4611686018427387904","3062","Microsoft-Windows-RPC","6ad52b32-d609-4be9-ae07-ce8dae937e39",,"264","2028","LAPTOP-JU4M3I0E",,"9/18/2020 7:02:49 AM","268fde63-3f83-4762-b40b-9cff9d8a5e7e",,"System.UInt32[]","System.Diagnostics.Eventing.Reader.EventBookmark","Information","Start",,"System.Collections.ObjectModel.ReadOnlyCollection`1[System.String]","System.Collections.Generic.List`1[System.Diagnostics.Eventing.Reader.EventProperty]"
"Server RPC call started. 	InterfaceUuid: 	{3c4728c5-f0ab-448b-bda1-6ce01eb0a6d5} 	OpNum: 	0xF 	Protocol: 	LRPC 	Endpoint 	dhcpcsvc 	Authentication Level 	7 	Authentication Service 	8","6","1",,"4","2","1","4611686018427387904","3022","Microsoft-Windows-RPC","6ad52b32-d609-4be9-ae07-ce8dae937e39",,"264","2028","LAPTOP-JU4M3I0E",,"9/18/2020 7:02:49 AM","e6a7ec31-05e7-4ce3-9ed0-9424cc61ab3d",,"System.UInt32[]","System.Diagnostics.Eventing.Reader.EventBookmark","Information","Start",,"System.Collections.ObjectModel.ReadOnlyCollection`1[System.String]","System.Collections.Generic.List`1[System.Diagnostics.Eventing.Reader.EventProperty]"
