"Server RPC call started. 	InterfaceUuid: 	{4f32adc8-6052-4a04-8701-293ccf2096f0} 	OpNum: 	0xE 	Protocol: 	LRPC 	Endpoint 	lsasspirpc 	Authentication Level 	7 	Authentication Service 	8","6","1",,"4","2","1","4611686018427387904","8675","Microsoft-Windows-RPC","6ad52b32-d609-4be9-ae07-ce8dae937e39",,"584","752","LAPTOP-JU4M3I0E",,"9/18/2020 7:02:52 AM","dd0641c8-1f9a-4acf-8fd5-c4d9af0ca6f1",,"System.UInt32[]","System.Diagnostics.Eventing.Reader.EventBookmark","Information","Start",,"System.Collections.ObjectModel.ReadOnlyCollection`1[System.String]","System.Collections.Generic.List`1[System.Diagnostics.Eventing.Reader.EventProperty]"
"Server RPC call started. 	InterfaceUuid: 	{00000134-0000-0000-c000-000000000046} 	OpNum: 	0x5 	Protocol: 	LRPC 	Endpoint 	OLE1D66DF2E47C355AC517E8BD1AC9E 	Authentication Level 	7 	Authentication Service 	8","6","1",,"4","2","1","4611686018427387904","8649","Microsoft-Windows-RPC","6ad52b32-d609-4be9-ae07-ce8dae937e39",,"1244","8172","LAPTOP-JU4M3I0E",,"9/18/2020 7:02:52 AM","5b32bd2b-15ea-4f89-80c9-d43dfbf57d2c",,"System.UInt32[]","System.Diagnostics.Eventing.Reader.EventBookmark","Information","Start",,"System.Collections.ObjectModel.ReadOnlyCollection`1[System.String]","System.Collections.Generic.List`1[System.Diagnostics.Eventing.Reader.EventProperty]"
"Server RPC call started. 	InterfaceUuid: 	{00000134-0000-0000-c000-000000000046} 	OpNum: 	0x5 	Protocol: 	LRPC 	Endpoint 	OLE1D66DF2E47C355AC517E8BD1AC9E 	Authentication Level 	7 	Authentication Service 	8","6","1",,"4","2","1","4611686018427387904","8628","Microsoft-Windows-RPC","6ad52b32-d609-4be9-ae07-ce8dae937e39",,"1244","8172","LAPTOP-JU4M3I0E",,"9/18/2020 7:02:52 AM","7775807a-55bd-49fc-b6f4-026781402a55",,"System.UInt32[]","System.Diagnostics.Eventing.Reader.EventBookmark","Information","Start",,"System.Collections.ObjectModel.ReadOnlyCollection`1[System.String]","System.Collections.Generic.List`1[System.Diagnostics.Eventing.Reader.EventProperty]"
"Server RPC call started. 	InterfaceUuid: 	{423ec01e-2e35-11d2-b604-00104b703efd} 	OpNum: 	0x3 	Protocol: 	LRPC 	Endpoint 	OLE1D66DF2E47C355AC517E8BD1AC9E 	Authentication Level 	7 	Authentication Service 	8","6","1",,"4","2","1","4611686018427387904","8606","Microsoft-Windows-RPC","6ad52b32-d609-4be9-ae07-ce8dae937e39",,"1244","8172","LAPTOP-JU4M3I0E",,"9/18/2020 7:02:52 AM","13903b38-69d6-4712-be87-a0a82332c457",,"System.UInt32[]","System.Diagnostics.Eventing.Reader.EventBookmark","Information","Start",,"System.Collections.ObjectModel.ReadOnlyCollection`1[System.String]","System.Collections.Generic.List`1[System.Diagnostics.Eventing.Reader.EventProperty]"
"Server RPC call started. 	InterfaceUuid: 	{00000134-0000-0000-c000-000000000046} 	OpNum: 	0x5 	Protocol: 	LRPC 	Endpoint 	OLE1D66DF2E47C355AC517E8BD1AC9E 	Authentication Level 	7 	Authentication Service 	8","6","1",,"4","2","1","4611686018427387904","8564","Microsoft-Windows-RPC","6ad52b32-d609-4be9-ae07-ce8dae937e39",,"1244","6472","LAPTOP-JU4M3I0E",,"9/18/2020 7:02:52 AM","76df359d-3cf8-461d-8ca9-50bb2ec22800",,"System.UInt32[]","System.Diagnostics.Eventing.Reader.EventBookmark","Information","Start",,"System.Collections.ObjectModel.ReadOnlyCollection`1[System.String]","System.Collections.Generic.List`1[System.Diagnostics.Eventing.Reader.EventProperty]"
"Server RPC call started. 	InterfaceUuid: 	{7c857801-7381-11cf-884d-00aa004b2e24} 	OpNum: 	0x4 	Protocol: 	LRPC 	Endpoint 	OLE1D66DF2E47C355AC517E8BD1AC9E 	Authentication Level 	7 	Authentication Service 	8","6","1",,"4","2","1","4611686018427387904","8542","Microsoft-Windows-RPC","6ad52b32-d609-4be9-ae07-ce8dae937e39",,"1244","6472","LAPTOP-JU4M3I0E",,"9/18/2020 7:02:52 AM","a7586608-1ffa-42e6-9a72-2ddef668092d",,"System.UInt32[]","System.Diagnostics.Eventing.Reader.EventBookmark","Information","Start",,"System.Collections.ObjectModel.ReadOnlyCollection`1[System.String]","System.Collections.Generic.List`1[System.Diagnostics.Eventing.Reader.EventProperty]"
"Server RPC call started. 	InterfaceUuid: 	{7c857801-7381-11cf-884d-00aa004b2e24} 	OpNum: 	0x3 	Protocol: 	LRPC 	Endpoint 	OLE1D66DF2E47C355AC517E8BD1AC9E 	Authentication Level 	7 	Authentication Service 	8","6","1",,"4","2","1","4611686018427387904","8521","Microsoft-Windows-RPC","6ad52b32-d609-4be9-ae07-ce8dae937e39",,"1244","6472","LAPTOP-JU4M3I0E",,"9/18/2020 7:02:52 AM","6e0cee07-782e-4a65-8e8d-435dd12dfd42",,"System.UInt32[]","System.Diagnostics.Eventing.Reader.EventBookmark","Information","Start",,"System.Collections.ObjectModel.ReadOnlyCollection`1[System.String]","System.Collections.Generic.List`1[System.Diagnostics.Eventing.Reader.EventProperty]"
"Server RPC call started. 	InterfaceUuid: 	{7c857801-7381-11cf-884d-00aa004b2e24} 	OpNum: 	0x3 	Protocol: 	LRPC 	Endpoint 	OLE1D66DF2E47C355AC517E8BD1AC9E 	Authentication Level 	7 	Authentication Service 	8","6","1",,"4","2","1","4611686018427387904","8498","Microsoft-Windows-RPC","6ad52b32-d609-4be9-ae07-ce8dae937e39",,"1244","6472","LAPTOP-JU4M3I0E",,"9/18/2020 7:02:52 AM","b1275228-c300-494a-b4d3-17eb2f163cf4",,"System.UInt32[]","System.Diagnostics.Eventing.Reader.EventBookmark","Information","Start",,"System.Collections.ObjectModel.ReadOnlyCollection`1[System.String]","System.Collections.Generic.List`1[System.Diagnostics.Eventing.Reader.EventProperty]"
"Server RPC call started. 	InterfaceUuid: 	{f6beaff7-1e19-4fbb-9f8f-b89e2018337c} 	OpNum: 	0xD 	Protocol: 	LRPC 	Endpoint 	eventlog 	Authentication Level 	7 	Authentication Service 	8","6","1",,"4","2","1","4611686018427387904","8471","Microsoft-Windows-RPC","6ad52b32-d609-4be9-ae07-ce8dae937e39",,"264","4708","LAPTOP-JU4M3I0E",,"9/18/2020 7:02:52 AM","38fe644f-7564-44e3-8e27-c7a4a8574a24",,"System.UInt32[]","System.Diagnostics.Eventing.Reader.EventBookmark","Information","Start",,"System.Collections.ObjectModel.ReadOnlyCollection`1[System.String]","System.Collections.Generic.List`1[System.Diagnostics.Eventing.Reader.EventProperty]"
"Server RPC call started. 	InterfaceUuid: 	{f6beaff7-1e19-4fbb-9f8f-b89e2018337c} 	OpNum: 	0x12 	Protocol: 	LRPC 	Endpoint 	eventlog 	Authentication Level 	7 	Authentication Service 	8","6","1",,"4","2","1","4611686018427387904","8448","Microsoft-Windows-RPC","6ad52b32-d609-4be9-ae07-ce8dae937e39",,"264","4708","LAPTOP-JU4M3I0E",,"9/18/2020 7:02:52 AM","06174a52-b1ab-4a77-997d-76f7f529f4ff",,"System.UInt32[]","System.Diagnostics.Eventing.Reader.EventBookmark","Information","Start",,"System.Collections.ObjectModel.ReadOnlyCollection`1[System.String]","System.Collections.Generic.List`1[System.Diagnostics.Eventing.Reader.EventProperty]"
"Server RPC call started. 	InterfaceUuid: 	{f6beaff7-1e19-4fbb-9f8f-b89e2018337c} 	OpNum: 	0x11 	Protocol: 	LRPC 	Endpoint 	eventlog 	Authentication Level 	7 	Authentication Service 	8","6","1",,"4","2","1","4611686018427387904","8421","Microsoft-Windows-RPC","6ad52b32-d609-4be9-ae07-ce8dae937e39",,"264","4708","LAPTOP-JU4M3I0E",,"9/18/2020 7:02:52 AM","2fb356b2-7fd7-497b-93a7-552e358c115e",,"System.UInt32[]","System.Diagnostics.Eventing.Reader.EventBookmark","Information","Start",,"System.Collections.ObjectModel.ReadOnlyCollection`1[System.String]","System.Collections.Generic.List`1[System.Diagnostics.Eventing.Reader.EventProperty]"
"Server RPC call started. 	InterfaceUuid: 	{f6beaff7-1e19-4fbb-9f8f-b89e2018337c} 	OpNum: 	0x14 	Protocol: 	LRPC 	Endpoint 	eventlog 	Authentication Level 	7 	Authentication Service 	8","6","1",,"4","2","1","4611686018427387904","8400","Microsoft-Windows-RPC","6ad52b32-d609-4be9-ae07-ce8dae937e39",,"264","4708","LAPTOP-JU4M3I0E",,"9/18/2020 7:02:52 AM","88480cf3-3681-4adb-8324-d8e19c9a0c62",,"System.UInt32[]","System.Diagnostics.Eventing.Reader.EventBookmark","Information","Start",,"System.Collections.ObjectModel.ReadOnlyCollection`1[System.String]","System.Collections.Generic.List`1[System.Diagnostics.Eventing.Reader.EventProperty]"
"Server RPC call started. 	InterfaceUuid: 	{f6beaff7-1e19-4fbb-9f8f-b89e2018337c} 	OpNum: 	0xD 	Protocol: 	LRPC 	Endpoint 	eventlog 	Authentication Level 	7 	Authentication Service 	8","6","1",,"4","2","1","4611686018427387904","8374","Microsoft-Windows-RPC","6ad52b32-d609-4be9-ae07-ce8dae937e39",,"264","4708","LAPTOP-JU4M3I0E",,"9/18/2020 7:02:52 AM","7c22fe69-72ee-407c-8f36-8072a9b05f02",,"System.UInt32[]","System.Diagnostics.Eventing.Reader.EventBookmark","Information","Start",,"System.Collections.ObjectModel.ReadOnlyCollection`1[System.String]","System.Collections.Generic.List`1[System.Diagnostics.Eventing.Reader.EventProperty]"
"Server RPC call started. 	InterfaceUuid: 	{f6beaff7-1e19-4fbb-9f8f-b89e2018337c} 	OpNum: 	0x12 	Protocol: 	LRPC 	Endpoint 	eventlog 	Authentication Level 	7 	Authentication Service 	8","6","1",,"4","2","1","4611686018427387904","8351","Microsoft-Windows-RPC","6ad52b32-d609-4be9-ae07-ce8dae937e39",,"264","4708","LAPTOP-JU4M3I0E",,"9/18/2020 7:02:52 AM","ceb6b4ab-2d82-44b8-957b-a81b1da27634",,"System.UInt32[]","System.Diagnostics.Eventing.Reader.EventBookmark","Information","Start",,"System.Collections.ObjectModel.ReadOnlyCollection`1[System.String]","System.Collections.Generic.List`1[System.Diagnostics.Eventing.Reader.EventProperty]"
"Server RPC call started. 	InterfaceUuid: 	{f6beaff7-1e19-4fbb-9f8f-b89e2018337c} 	OpNum: 	0x11 	Protocol: 	LRPC 	Endpoint 	eventlog 	Authentication Level 	7 	Authentication Service 	8","6","1",,"4","2","1","4611686018427387904","8324","Microsoft-Windows-RPC","6ad52b32-d609-4be9-ae07-ce8dae937e39",,"264","4708","LAPTOP-JU4M3I0E",,"9/18/2020 7:02:52 AM","0ff3b00e-c6b6-49b9-b2ba-8d54a90a8abb",,"System.UInt32[]","System.Diagnostics.Eventing.Reader.EventBookmark","Information","Start",,"System.Collections.ObjectModel.ReadOnlyCollection`1[System.String]","System.Collections.Generic.List`1[System.Diagnostics.Eventing.Reader.EventProperty]"
"Server RPC call started. 	InterfaceUuid: 	{f6beaff7-1e19-4fbb-9f8f-b89e2018337c} 	OpNum: 	0x14 	Protocol: 	LRPC 	Endpoint 	eventlog 	Authentication Level 	7 	Authentication Service 	8","6","1",,"4","2","1","4611686018427387904","8303","Microsoft-Windows-RPC","6ad52b32-d609-4be9-ae07-ce8dae937e39",,"264","4708","LAPTOP-JU4M3I0E",,"9/18/2020 7:02:52 AM","4646c7c2-5db2-4cd5-ab9b-2804fc546f11",,"System.UInt32[]","System.Diagnostics.Eventing.Reader.EventBookmark","Information","Start",,"System.Collections.ObjectModel.ReadOnlyCollection`1[System.String]","System.Collections.Generic.List`1[System.Diagnostics.Eventing.Reader.EventProperty]"
"Server RPC call started. 	InterfaceUuid: 	{f6beaff7-1e19-4fbb-9f8f-b89e2018337c} 	OpNum: 	0xD 	Protocol: 	LRPC 	Endpoint 	eventlog 	Authentication Level 	7 	Authentication Service 	8","6","1",,"4","2","1","4611686018427387904","8277","Microsoft-Windows-RPC","6ad52b32-d609-4be9-ae07-ce8dae937e39",,"264","4708","LAPTOP-JU4M3I0E",,"9/18/2020 7:02:52 AM","8ba2ca96-126c-4e86-897a-cedbacfae50d",,"System.UInt32[]","System.Diagnostics.Eventing.Reader.EventBookmark","Information","Start",,"System.Collections.ObjectModel.ReadOnlyCollection`1[System.String]","System.Collections.Generic.List`1[System.Diagnostics.Eventing.Reader.EventProperty]"
"Server RPC call started. 	InterfaceUuid: 	{f6beaff7-1e19-4fbb-9f8f-b89e2018337c} 	OpNum: 	0x12 	Protocol: 	LRPC 	Endpoint 	eventlog 	Authentication Level 	7 	Authentication Service 	8","6","1",,"4","2","1","4611686018427387904","8254","Microsoft-Windows-RPC","6ad52b32-d609-4be9-ae07-ce8dae937e39",,"264","4708","LAPTOP-JU4M3I0E",,"9/18/2020 7:02:52 AM","a29d6b8f-eba3-47ea-812b-83237982701f",,"System.UInt32[]","System.Diagnostics.Eventing.Reader.EventBookmark","Information","Start",,"System.Collections.ObjectModel.ReadOnlyCollection`1[System.String]","System.Collections.Generic.List`1[System.Diagnostics.Eventing.Reader.EventProperty]"
"Server RPC call started. 	InterfaceUuid: 	{f6beaff7-1e19-4fbb-9f8f-b89e2018337c} 	OpNum: 	0x11 	Protocol: 	LRPC 	Endpoint 	eventlog 	Authentication Level 	7 	Authentication Service 	8","6","1",,"4","2","1","4611686018427387904","8227","Microsoft-Windows-RPC","6ad52b32-d609-4be9-ae07-ce8dae937e39",,"264","4708","LAPTOP-JU4M3I0E",,"9/18/2020 7:02:52 AM","780cf7db-33d3-4c84-95f2-ff97965f88d1",,"System.UInt32[]","System.Diagnostics.Eventing.Reader.EventBookmark","Information","Start",,"System.Collections.ObjectModel.ReadOnlyCollection`1[System.String]","System.Collections.Generic.List`1[System.Diagnostics.Eventing.Reader.EventProperty]"
"Server RPC call started. 	InterfaceUuid: 	{f6beaff7-1e19-4fbb-9f8f-b89e2018337c} 	OpNum: 	0x14 	Protocol: 	LRPC 	Endpoint 	eventlog 	Authentication Level 	7 	Authentication Service 	8","6","1",,"4","2","1","4611686018427387904","8206","Microsoft-Windows-RPC","6ad52b32-d609-4be9-ae07-ce8dae937e39",,"264","4708","LAPTOP-JU4M3I0E",,"9/18/2020 7:02:52 AM","349e674c-b18e-4b24-a211-63f9d6168b52",,"System.UInt32[]","System.Diagnostics.Eventing.Reader.EventBookmark","Information","Start",,"System.Collections.ObjectModel.ReadOnlyCollection`1[System.String]","System.Collections.Generic.List`1[System.Diagnostics.Eventing.Reader.EventProperty]"
"Server RPC call started. 	InterfaceUuid: 	{f6beaff7-1e19-4fbb-9f8f-b89e2018337c} 	OpNum: 	0xD 	Protocol: 	LRPC 	Endpoint 	eventlog 	Authentication Level 	7 	Authentication Service 	8","6","1",,"4","2","1","4611686018427387904","8180","Microsoft-Windows-RPC","6ad52b32-d609-4be9-ae07-ce8dae937e39",,"264","4708","LAPTOP-JU4M3I0E",,"9/18/2020 7:02:52 AM","054d841e-68d0-43c4-834e-acd32be004a1",,"System.UInt32[]","System.Diagnostics.Eventing.Reader.EventBookmark","Information","Start",,"System.Collections.ObjectModel.ReadOnlyCollection`1[System.String]","System.Collections.Generic.List`1[System.Diagnostics.Eventing.Reader.EventProperty]"
"Server RPC call started. 	InterfaceUuid: 	{f6beaff7-1e19-4fbb-9f8f-b89e2018337c} 	OpNum: 	0x12 	Protocol: 	LRPC 	Endpoint 	eventlog 	Authentication Level 	7 	Authentication Service 	8","6","1",,"4","2","1","4611686018427387904","8157","Microsoft-Windows-RPC","6ad52b32-d609-4be9-ae07-ce8dae937e39",,"264","4708","LAPTOP-JU4M3I0E",,"9/18/2020 7:02:52 AM","0c107b43-5789-4c0a-92e5-40f0e61b1032",,"System.UInt32[]","System.Diagnostics.Eventing.Reader.EventBookmark","Information","Start",,"System.Collections.ObjectModel.ReadOnlyCollection`1[System.String]","System.Collections.Generic.List`1[System.Diagnostics.Eventing.Reader.EventProperty]"
"Server RPC call started. 	InterfaceUuid: 	{f6beaff7-1e19-4fbb-9f8f-b89e2018337c} 	OpNum: 	0x11 	Protocol: 	LRPC 	Endpoint 	eventlog 	Authentication Level 	7 	Authentication Service 	8","6","1",,"4","2","1","4611686018427387904","8130","Microsoft-Windows-RPC","6ad52b32-d609-4be9-ae07-ce8dae937e39",,"264","4708","LAPTOP-JU4M3I0E",,"9/18/2020 7:02:52 AM","d277a34f-86d6-440a-a671-3104e476dcc5",,"System.UInt32[]","System.Diagnostics.Eventing.Reader.EventBookmark","Information","Start",,"System.Collections.ObjectModel.ReadOnlyCollection`1[System.String]","System.Collections.Generic.List`1[System.Diagnostics.Eventing.Reader.EventProperty]"
"Server RPC call started. 	InterfaceUuid: 	{f6beaff7-1e19-4fbb-9f8f-b89e2018337c} 	OpNum: 	0x14 	Protocol: 	LRPC 	Endpoint 	eventlog 	Authentication Level 	7 	Authentication Service 	8","6","1",,"4","2","1","4611686018427387904","8109","Microsoft-Windows-RPC","6ad52b32-d609-4be9-ae07-ce8dae937e39",,"264","4708","LAPTOP-JU4M3I0E",,"9/18/2020 7:02:52 AM","d9d21d71-163e-462a-8673-ba99cff72b6a",,"System.UInt32[]","System.Diagnostics.Eventing.Reader.EventBookmark","Information","Start",,"System.Collections.ObjectModel.ReadOnlyCollection`1[System.String]","System.Collections.Generic.List`1[System.Diagnostics.Eventing.Reader.EventProperty]"
"Server RPC call started. 	InterfaceUuid: 	{f6beaff7-1e19-4fbb-9f8f-b89e2018337c} 	OpNum: 	0xD 	Protocol: 	LRPC 	Endpoint 	eventlog 	Authentication Level 	7 	Authentication Service 	8","6","1",,"4","2","1","4611686018427387904","8083","Microsoft-Windows-RPC","6ad52b32-d609-4be9-ae07-ce8dae937e39",,"264","4708","LAPTOP-JU4M3I0E",,"9/18/2020 7:02:52 AM","9ff36e24-5451-4a2c-bea4-ae1cae1d9a39",,"System.UInt32[]","System.Diagnostics.Eventing.Reader.EventBookmark","Information","Start",,"System.Collections.ObjectModel.ReadOnlyCollection`1[System.String]","System.Collections.Generic.List`1[System.Diagnostics.Eventing.Reader.EventProperty]"
"Server RPC call started. 	InterfaceUuid: 	{f6beaff7-1e19-4fbb-9f8f-b89e2018337c} 	OpNum: 	0x12 	Protocol: 	LRPC 	Endpoint 	eventlog 	Authentication Level 	7 	Authentication Service 	8","6","1",,"4","2","1","4611686018427387904","8060","Microsoft-Windows-RPC","6ad52b32-d609-4be9-ae07-ce8dae937e39",,"264","4708","LAPTOP-JU4M3I0E",,"9/18/2020 7:02:52 AM","4bebdde3-cd55-4530-94a8-56ea14bbaa48",,"System.UInt32[]","System.Diagnostics.Eventing.Reader.EventBookmark","Information","Start",,"System.Collections.ObjectModel.ReadOnlyCollection`1[System.String]","System.Collections.Generic.List`1[System.Diagnostics.Eventing.Reader.EventProperty]"
"Server RPC call started. 	InterfaceUuid: 	{f6beaff7-1e19-4fbb-9f8f-b89e2018337c} 	OpNum: 	0x11 	Protocol: 	LRPC 	Endpoint 	eventlog 	Authentication Level 	7 	Authentication Service 	8","6","1",,"4","2","1","4611686018427387904","8033","Microsoft-Windows-RPC","6ad52b32-d609-4be9-ae07-ce8dae937e39",,"264","4708","LAPTOP-JU4M3I0E",,"9/18/2020 7:02:52 AM","2b9fbab8-dbfb-4659-8d20-1ddd1d214e76",,"System.UInt32[]","System.Diagnostics.Eventing.Reader.EventBookmark","Information","Start",,"System.Collections.ObjectModel.ReadOnlyCollection`1[System.String]","System.Collections.Generic.List`1[System.Diagnostics.Eventing.Reader.EventProperty]"
"Server RPC call started. 	InterfaceUuid: 	{f6beaff7-1e19-4fbb-9f8f-b89e2018337c} 	OpNum: 	0x14 	Protocol: 	LRPC 	Endpoint 	eventlog 	Authentication Level 	7 	Authentication Service 	8","6","1",,"4","2","1","4611686018427387904","8012","Microsoft-Windows-RPC","6ad52b32-d609-4be9-ae07-ce8dae937e39",,"264","4708","LAPTOP-JU4M3I0E",,"9/18/2020 7:02:52 AM","9b324987-c130-4fa3-9f68-cd9d87e8de87",,"System.UInt32[]","System.Diagnostics.Eventing.Reader.EventBookmark","Information","Start",,"System.Collections.ObjectModel.ReadOnlyCollection`1[System.String]","System.Collections.Generic.List`1[System.Diagnostics.Eventing.Reader.EventProperty]"
"Server RPC call started. 	InterfaceUuid: 	{f6beaff7-1e19-4fbb-9f8f-b89e2018337c} 	OpNum: 	0xD 	Protocol: 	LRPC 	Endpoint 	eventlog 	Authentication Level 	7 	Authentication Service 	8","6","1",,"4","2","1","4611686018427387904","7986","Microsoft-Windows-RPC","6ad52b32-d609-4be9-ae07-ce8dae937e39",,"264","4708","LAPTOP-JU4M3I0E",,"9/18/2020 7:02:52 AM","100ddf76-4742-4f55-ba53-4bcca1ccde33",,"System.UInt32[]","System.Diagnostics.Eventing.Reader.EventBookmark","Information","Start",,"System.Collections.ObjectModel.ReadOnlyCollection`1[System.String]","System.Collections.Generic.List`1[System.Diagnostics.Eventing.Reader.EventProperty]"
"Server RPC call started. 	InterfaceUuid: 	{f6beaff7-1e19-4fbb-9f8f-b89e2018337c} 	OpNum: 	0x12 	Protocol: 	LRPC 	Endpoint 	eventlog 	Authentication Level 	7 	Authentication Service 	8","6","1",,"4","2","1","4611686018427387904","7963","Microsoft-Windows-RPC","6ad52b32-d609-4be9-ae07-ce8dae937e39",,"264","4708","LAPTOP-JU4M3I0E",,"9/18/2020 7:02:52 AM","2c8e1980-4b50-45d0-8cda-8b4d8e633a4a",,"System.UInt32[]","System.Diagnostics.Eventing.Reader.EventBookmark","Information","Start",,"System.Collections.ObjectModel.ReadOnlyCollection`1[System.String]","System.Collections.Generic.List`1[System.Diagnostics.Eventing.Reader.EventProperty]"
"Server RPC call started. 	InterfaceUuid: 	{f6beaff7-1e19-4fbb-9f8f-b89e2018337c} 	OpNum: 	0x11 	Protocol: 	LRPC 	Endpoint 	eventlog 	Authentication Level 	7 	Authentication Service 	8","6","1",,"4","2","1","4611686018427387904","7936","Microsoft-Windows-RPC","6ad52b32-d609-4be9-ae07-ce8dae937e39",,"264","4708","LAPTOP-JU4M3I0E",,"9/18/2020 7:02:52 AM","56b45e0b-405b-4754-8956-97e3b36e3ecb",,"System.UInt32[]","System.Diagnostics.Eventing.Reader.EventBookmark","Information","Start",,"System.Collections.ObjectModel.ReadOnlyCollection`1[System.String]","System.Collections.Generic.List`1[System.Diagnostics.Eventing.Reader.EventProperty]"
"Server RPC call started. 	InterfaceUuid: 	{f6beaff7-1e19-4fbb-9f8f-b89e2018337c} 	OpNum: 	0x14 	Protocol: 	LRPC 	Endpoint 	eventlog 	Authentication Level 	7 	Authentication Service 	8","6","1",,"4","2","1","4611686018427387904","7915","Microsoft-Windows-RPC","6ad52b32-d609-4be9-ae07-ce8dae937e39",,"264","4708","LAPTOP-JU4M3I0E",,"9/18/2020 7:02:52 AM","dfe4b273-c9e6-4b4b-92e8-304da93c72a1",,"System.UInt32[]","System.Diagnostics.Eventing.Reader.EventBookmark","Information","Start",,"System.Collections.ObjectModel.ReadOnlyCollection`1[System.String]","System.Collections.Generic.List`1[System.Diagnostics.Eventing.Reader.EventProperty]"
"Server RPC call started. 	InterfaceUuid: 	{f6beaff7-1e19-4fbb-9f8f-b89e2018337c} 	OpNum: 	0xD 	Protocol: 	LRPC 	Endpoint 	eventlog 	Authentication Level 	7 	Authentication Service 	8","6","1",,"4","2","1","4611686018427387904","7889","Microsoft-Windows-RPC","6ad52b32-d609-4be9-ae07-ce8dae937e39",,"264","4708","LAPTOP-JU4M3I0E",,"9/18/2020 7:02:52 AM","edc80b0b-93c5-4d40-920e-fafcc37a4434",,"System.UInt32[]","System.Diagnostics.Eventing.Reader.EventBookmark","Information","Start",,"System.Collections.ObjectModel.ReadOnlyCollection`1[System.String]","System.Collections.Generic.List`1[System.Diagnostics.Eventing.Reader.EventProperty]"
"Server RPC call started. 	InterfaceUuid: 	{f6beaff7-1e19-4fbb-9f8f-b89e2018337c} 	OpNum: 	0x12 	Protocol: 	LRPC 	Endpoint 	eventlog 	Authentication Level 	7 	Authentication Service 	8","6","1",,"4","2","1","4611686018427387904","7866","Microsoft-Windows-RPC","6ad52b32-d609-4be9-ae07-ce8dae937e39",,"264","4708","LAPTOP-JU4M3I0E",,"9/18/2020 7:02:52 AM","d0feb462-184f-43ee-a27b-fad061cb470d",,"System.UInt32[]","System.Diagnostics.Eventing.Reader.EventBookmark","Information","Start",,"System.Collections.ObjectModel.ReadOnlyCollection`1[System.String]","System.Collections.Generic.List`1[System.Diagnostics.Eventing.Reader.EventProperty]"
"Server RPC call started. 	InterfaceUuid: 	{f6beaff7-1e19-4fbb-9f8f-b89e2018337c} 	OpNum: 	0x11 	Protocol: 	LRPC 	Endpoint 	eventlog 	Authentication Level 	7 	Authentication Service 	8","6","1",,"4","2","1","4611686018427387904","7839","Microsoft-Windows-RPC","6ad52b32-d609-4be9-ae07-ce8dae937e39",,"264","4708","LAPTOP-JU4M3I0E",,"9/18/2020 7:02:52 AM","e202f54b-da78-445c-af0f-30c13856edb2",,"System.UInt32[]","System.Diagnostics.Eventing.Reader.EventBookmark","Information","Start",,"System.Collections.ObjectModel.ReadOnlyCollection`1[System.String]","System.Collections.Generic.List`1[System.Diagnostics.Eventing.Reader.EventProperty]"
"Server RPC call started. 	InterfaceUuid: 	{f6beaff7-1e19-4fbb-9f8f-b89e2018337c} 	OpNum: 	0x14 	Protocol: 	LRPC 	Endpoint 	eventlog 	Authentication Level 	7 	Authentication Service 	8","6","1",,"4","2","1","4611686018427387904","7818","Microsoft-Windows-RPC","6ad52b32-d609-4be9-ae07-ce8dae937e39",,"264","4708","LAPTOP-JU4M3I0E",,"9/18/2020 7:02:52 AM","73e4c51f-bace-4eb1-b534-1e804c67a07c",,"System.UInt32[]","System.Diagnostics.Eventing.Reader.EventBookmark","Information","Start",,"System.Collections.ObjectModel.ReadOnlyCollection`1[System.String]","System.Collections.Generic.List`1[System.Diagnostics.Eventing.Reader.EventProperty]"
"Server RPC call started. 	InterfaceUuid: 	{f6beaff7-1e19-4fbb-9f8f-b89e2018337c} 	OpNum: 	0xD 	Protocol: 	LRPC 	Endpoint 	eventlog 	Authentication Level 	7 	Authentication Service 	8","6","1",,"4","2","1","4611686018427387904","7792","Microsoft-Windows-RPC","6ad52b32-d609-4be9-ae07-ce8dae937e39",,"264","4708","LAPTOP-JU4M3I0E",,"9/18/2020 7:02:52 AM","cc562127-5070-494a-8ba3-4545b048ad22",,"System.UInt32[]","System.Diagnostics.Eventing.Reader.EventBookmark","Information","Start",,"System.Collections.ObjectModel.ReadOnlyCollection`1[System.String]","System.Collections.Generic.List`1[System.Diagnostics.Eventing.Reader.EventProperty]"
"Server RPC call started. 	InterfaceUuid: 	{f6beaff7-1e19-4fbb-9f8f-b89e2018337c} 	OpNum: 	0x12 	Protocol: 	LRPC 	Endpoint 	eventlog 	Authentication Level 	7 	Authentication Service 	8","6","1",,"4","2","1","4611686018427387904","7769","Microsoft-Windows-RPC","6ad52b32-d609-4be9-ae07-ce8dae937e39",,"264","4708","LAPTOP-JU4M3I0E",,"9/18/2020 7:02:52 AM","a5c738c1-b2e4-40f3-9bdd-cd9f4f9badef",,"System.UInt32[]","System.Diagnostics.Eventing.Reader.EventBookmark","Information","Start",,"System.Collections.ObjectModel.ReadOnlyCollection`1[System.String]","System.Collections.Generic.List`1[System.Diagnostics.Eventing.Reader.EventProperty]"
"Server RPC call started. 	InterfaceUuid: 	{f6beaff7-1e19-4fbb-9f8f-b89e2018337c} 	OpNum: 	0x11 	Protocol: 	LRPC 	Endpoint 	eventlog 	Authentication Level 	7 	Authentication Service 	8","6","1",,"4","2","1","4611686018427387904","7742","Microsoft-Windows-RPC","6ad52b32-d609-4be9-ae07-ce8dae937e39",,"264","4708","LAPTOP-JU4M3I0E",,"9/18/2020 7:02:52 AM","2953c8c7-6e0c-4cff-b229-5fcb1e0c13f7",,"System.UInt32[]","System.Diagnostics.Eventing.Reader.EventBookmark","Information","Start",,"System.Collections.ObjectModel.ReadOnlyCollection`1[System.String]","System.Collections.Generic.List`1[System.Diagnostics.Eventing.Reader.EventProperty]"
"Server RPC call started. 	InterfaceUuid: 	{f6beaff7-1e19-4fbb-9f8f-b89e2018337c} 	OpNum: 	0x14 	Protocol: 	LRPC 	Endpoint 	eventlog 	Authentication Level 	7 	Authentication Service 	8","6","1",,"4","2","1","4611686018427387904","7721","Microsoft-Windows-RPC","6ad52b32-d609-4be9-ae07-ce8dae937e39",,"264","4708","LAPTOP-JU4M3I0E",,"9/18/2020 7:02:52 AM","10fd0b24-7dc0-4216-baa7-e1e8c5218c7d",,"System.UInt32[]","System.Diagnostics.Eventing.Reader.EventBookmark","Information","Start",,"System.Collections.ObjectModel.ReadOnlyCollection`1[System.String]","System.Collections.Generic.List`1[System.Diagnostics.Eventing.Reader.EventProperty]"
"Server RPC call started. 	InterfaceUuid: 	{f6beaff7-1e19-4fbb-9f8f-b89e2018337c} 	OpNum: 	0xD 	Protocol: 	LRPC 	Endpoint 	eventlog 	Authentication Level 	7 	Authentication Service 	8","6","1",,"4","2","1","4611686018427387904","7695","Microsoft-Windows-RPC","6ad52b32-d609-4be9-ae07-ce8dae937e39",,"264","4708","LAPTOP-JU4M3I0E",,"9/18/2020 7:02:52 AM","b9e5b6a9-3439-48b4-998d-11b11c0719b6",,"System.UInt32[]","System.Diagnostics.Eventing.Reader.EventBookmark","Information","Start",,"System.Collections.ObjectModel.ReadOnlyCollection`1[System.String]","System.Collections.Generic.List`1[System.Diagnostics.Eventing.Reader.EventProperty]"
"Server RPC call started. 	InterfaceUuid: 	{f6beaff7-1e19-4fbb-9f8f-b89e2018337c} 	OpNum: 	0x12 	Protocol: 	LRPC 	Endpoint 	eventlog 	Authentication Level 	7 	Authentication Service 	8","6","1",,"4","2","1","4611686018427387904","7672","Microsoft-Windows-RPC","6ad52b32-d609-4be9-ae07-ce8dae937e39",,"264","4708","LAPTOP-JU4M3I0E",,"9/18/2020 7:02:52 AM","51cc9509-bc53-4a79-a3f4-8fdbb208638e",,"System.UInt32[]","System.Diagnostics.Eventing.Reader.EventBookmark","Information","Start",,"System.Collections.ObjectModel.ReadOnlyCollection`1[System.String]","System.Collections.Generic.List`1[System.Diagnostics.Eventing.Reader.EventProperty]"
"Server RPC call started. 	InterfaceUuid: 	{f6beaff7-1e19-4fbb-9f8f-b89e2018337c} 	OpNum: 	0x11 	Protocol: 	LRPC 	Endpoint 	eventlog 	Authentication Level 	7 	Authentication Service 	8","6","1",,"4","2","1","4611686018427387904","7645","Microsoft-Windows-RPC","6ad52b32-d609-4be9-ae07-ce8dae937e39",,"264","4708","LAPTOP-JU4M3I0E",,"9/18/2020 7:02:52 AM","91c8b976-086d-45dc-831e-c84e6109a677",,"System.UInt32[]","System.Diagnostics.Eventing.Reader.EventBookmark","Information","Start",,"System.Collections.ObjectModel.ReadOnlyCollection`1[System.String]","System.Collections.Generic.List`1[System.Diagnostics.Eventing.Reader.EventProperty]"
"Server RPC call started. 	InterfaceUuid: 	{f6beaff7-1e19-4fbb-9f8f-b89e2018337c} 	OpNum: 	0x14 	Protocol: 	LRPC 	Endpoint 	eventlog 	Authentication Level 	7 	Authentication Service 	8","6","1",,"4","2","1","4611686018427387904","7624","Microsoft-Windows-RPC","6ad52b32-d609-4be9-ae07-ce8dae937e39",,"264","4708","LAPTOP-JU4M3I0E",,"9/18/2020 7:02:52 AM","bb14be53-e236-48cd-90db-844892fba2a8",,"System.UInt32[]","System.Diagnostics.Eventing.Reader.EventBookmark","Information","Start",,"System.Collections.ObjectModel.ReadOnlyCollection`1[System.String]","System.Collections.Generic.List`1[System.Diagnostics.Eventing.Reader.EventProperty]"
"Server RPC call started. 	InterfaceUuid: 	{f6beaff7-1e19-4fbb-9f8f-b89e2018337c} 	OpNum: 	0xD 	Protocol: 	LRPC 	Endpoint 	eventlog 	Authentication Level 	7 	Authentication Service 	8","6","1",,"4","2","1","4611686018427387904","7598","Microsoft-Windows-RPC","6ad52b32-d609-4be9-ae07-ce8dae937e39",,"264","4708","LAPTOP-JU4M3I0E",,"9/18/2020 7:02:52 AM","3fb8670c-d912-42ba-8936-98afe12f5c2c",,"System.UInt32[]","System.Diagnostics.Eventing.Reader.EventBookmark","Information","Start",,"System.Collections.ObjectModel.ReadOnlyCollection`1[System.String]","System.Collections.Generic.List`1[System.Diagnostics.Eventing.Reader.EventProperty]"
"Server RPC call started. 	InterfaceUuid: 	{f6beaff7-1e19-4fbb-9f8f-b89e2018337c} 	OpNum: 	0x12 	Protocol: 	LRPC 	Endpoint 	eventlog 	Authentication Level 	7 	Authentication Service 	8","6","1",,"4","2","1","4611686018427387904","7575","Microsoft-Windows-RPC","6ad52b32-d609-4be9-ae07-ce8dae937e39",,"264","4708","LAPTOP-JU4M3I0E",,"9/18/2020 7:02:52 AM","808b4aad-17b4-4cae-846a-e1361fa7270f",,"System.UInt32[]","System.Diagnostics.Eventing.Reader.EventBookmark","Information","Start",,"System.Collections.ObjectModel.ReadOnlyCollection`1[System.String]","System.Collections.Generic.List`1[System.Diagnostics.Eventing.Reader.EventProperty]"
"Server RPC call started. 	InterfaceUuid: 	{00000134-0000-0000-c000-000000000046} 	OpNum: 	0x5 	Protocol: 	LRPC 	Endpoint 	OLE1D66DF2E47C355AC517E8BD1AC9E 	Authentication Level 	7 	Authentication Service 	8","6","1",,"4","2","1","4611686018427387904","7528","Microsoft-Windows-RPC","6ad52b32-d609-4be9-ae07-ce8dae937e39",,"1244","6472","LAPTOP-JU4M3I0E",,"9/18/2020 7:02:52 AM","0a5b2f70-2cfe-4a60-8ace-dbaa82b367cf",,"System.UInt32[]","System.Diagnostics.Eventing.Reader.EventBookmark","Information","Start",,"System.Collections.ObjectModel.ReadOnlyCollection`1[System.String]","System.Collections.Generic.List`1[System.Diagnostics.Eventing.Reader.EventProperty]"
"Server RPC call started. 	InterfaceUuid: 	{f6beaff7-1e19-4fbb-9f8f-b89e2018337c} 	OpNum: 	0x11 	Protocol: 	LRPC 	Endpoint 	eventlog 	Authentication Level 	7 	Authentication Service 	8","6","1",,"4","2","1","4611686018427387904","7506","Microsoft-Windows-RPC","6ad52b32-d609-4be9-ae07-ce8dae937e39",,"264","4708","LAPTOP-JU4M3I0E",,"9/18/2020 7:02:52 AM","7947f376-73ab-4e95-9ce2-96f271db9301",,"System.UInt32[]","System.Diagnostics.Eventing.Reader.EventBookmark","Information","Start",,"System.Collections.ObjectModel.ReadOnlyCollection`1[System.String]","System.Collections.Generic.List`1[System.Diagnostics.Eventing.Reader.EventProperty]"
"Server RPC call started. 	InterfaceUuid: 	{7c857801-7381-11cf-884d-00aa004b2e24} 	OpNum: 	0x4 	Protocol: 	LRPC 	Endpoint 	OLE1D66DF2E47C355AC517E8BD1AC9E 	Authentication Level 	7 	Authentication Service 	8","6","1",,"4","2","1","4611686018427387904","7495","Microsoft-Windows-RPC","6ad52b32-d609-4be9-ae07-ce8dae937e39",,"1244","6472","LAPTOP-JU4M3I0E",,"9/18/2020 7:02:52 AM","0ac468cc-4710-4366-8821-89ee04b09ca8",,"System.UInt32[]","System.Diagnostics.Eventing.Reader.EventBookmark","Information","Start",,"System.Collections.ObjectModel.ReadOnlyCollection`1[System.String]","System.Collections.Generic.List`1[System.Diagnostics.Eventing.Reader.EventProperty]"
"Server RPC call started. 	InterfaceUuid: 	{4f32adc8-6052-4a04-8701-293ccf2096f0} 	OpNum: 	0xE 	Protocol: 	LRPC 	Endpoint 	lsasspirpc 	Authentication Level 	7 	Authentication Service 	8","6","1",,"4","2","1","4611686018427387904","7471","Microsoft-Windows-RPC","6ad52b32-d609-4be9-ae07-ce8dae937e39",,"584","752","LAPTOP-JU4M3I0E",,"9/18/2020 7:02:52 AM","d6ef3138-b17b-420a-8bc7-08e236d1912f",,"System.UInt32[]","System.Diagnostics.Eventing.Reader.EventBookmark","Information","Start",,"System.Collections.ObjectModel.ReadOnlyCollection`1[System.String]","System.Collections.Generic.List`1[System.Diagnostics.Eventing.Reader.EventProperty]"
"Server RPC call started. 	InterfaceUuid: 	{12345778-1234-abcd-ef00-0123456789ab} 	OpNum: 	0x0 	Protocol: 	LRPC 	Endpoint 	LSARPC_ENDPOINT 	Authentication Level 	7 	Authentication Service 	8","6","1",,"4","2","1","4611686018427387904","7445","Microsoft-Windows-RPC","6ad52b32-d609-4be9-ae07-ce8dae937e39",,"584","752","LAPTOP-JU4M3I0E",,"9/18/2020 7:02:52 AM","e40c9f2f-5230-4132-a3ec-9f881eb960fb",,"System.UInt32[]","System.Diagnostics.Eventing.Reader.EventBookmark","Information","Start",,"System.Collections.ObjectModel.ReadOnlyCollection`1[System.String]","System.Collections.Generic.List`1[System.Diagnostics.Eventing.Reader.EventProperty]"
"Server RPC call started. 	InterfaceUuid: 	{12345778-1234-abcd-ef00-0123456789ab} 	OpNum: 	0x1F 	Protocol: 	LRPC 	Endpoint 	LSARPC_ENDPOINT 	Authentication Level 	7 	Authentication Service 	8","6","1",,"4","2","1","4611686018427387904","7423","Microsoft-Windows-RPC","6ad52b32-d609-4be9-ae07-ce8dae937e39",,"584","752","LAPTOP-JU4M3I0E",,"9/18/2020 7:02:52 AM","73eaf633-fd5b-4775-aa4b-c34b9bdcf119",,"System.UInt32[]","System.Diagnostics.Eventing.Reader.EventBookmark","Information","Start",,"System.Collections.ObjectModel.ReadOnlyCollection`1[System.String]","System.Collections.Generic.List`1[System.Diagnostics.Eventing.Reader.EventProperty]"
"Server RPC call started. 	InterfaceUuid: 	{12345778-1234-abcd-ef00-0123456789ab} 	OpNum: 	0x2C 	Protocol: 	LRPC 	Endpoint 	LSARPC_ENDPOINT 	Authentication Level 	7 	Authentication Service 	8","6","1",,"4","2","1","4611686018427387904","7395","Microsoft-Windows-RPC","6ad52b32-d609-4be9-ae07-ce8dae937e39",,"584","752","LAPTOP-JU4M3I0E",,"9/18/2020 7:02:52 AM","e40ae6e8-8c9c-41f8-a37a-ee28e23a6cbd",,"System.UInt32[]","System.Diagnostics.Eventing.Reader.EventBookmark","Information","Start",,"System.Collections.ObjectModel.ReadOnlyCollection`1[System.String]","System.Collections.Generic.List`1[System.Diagnostics.Eventing.Reader.EventProperty]"
"Server RPC call started. 	InterfaceUuid: 	{4f32adc8-6052-4a04-8701-293ccf2096f0} 	OpNum: 	0xE 	Protocol: 	LRPC 	Endpoint 	lsasspirpc 	Authentication Level 	7 	Authentication Service 	8","6","1",,"4","2","1","4611686018427387904","7356","Microsoft-Windows-RPC","6ad52b32-d609-4be9-ae07-ce8dae937e39",,"584","752","LAPTOP-JU4M3I0E",,"9/18/2020 7:02:52 AM","2f0cfb05-9c53-4246-bddc-26d7c8340c41",,"System.UInt32[]","System.Diagnostics.Eventing.Reader.EventBookmark","Information","Start",,"System.Collections.ObjectModel.ReadOnlyCollection`1[System.String]","System.Collections.Generic.List`1[System.Diagnostics.Eventing.Reader.EventProperty]"
"Server RPC call started. 	InterfaceUuid: 	{9556dc99-828c-11cf-a37e-00aa003240c7} 	OpNum: 	0x15 	Protocol: 	LRPC 	Endpoint 	OLEBB6012C7E3F1F9492EB953C49432 	Authentication Level 	7 	Authentication Service 	8","6","1",,"4","2","1","4611686018427387904","7345","Microsoft-Windows-RPC","6ad52b32-d609-4be9-ae07-ce8dae937e39",,"2512","8980","LAPTOP-JU4M3I0E",,"9/18/2020 7:02:52 AM","7538ea81-5502-44ae-b6a9-b192b677152c",,"System.UInt32[]","System.Diagnostics.Eventing.Reader.EventBookmark","Information","Start",,"System.Collections.ObjectModel.ReadOnlyCollection`1[System.String]","System.Collections.Generic.List`1[System.Diagnostics.Eventing.Reader.EventProperty]"
"Server RPC call started. 	InterfaceUuid: 	{00000134-0000-0000-c000-000000000046} 	OpNum: 	0x5 	Protocol: 	LRPC 	Endpoint 	OLE1D66DF2E47C355AC517E8BD1AC9E 	Authentication Level 	7 	Authentication Service 	8","6","1",,"4","2","1","4611686018427387904","7302","Microsoft-Windows-RPC","6ad52b32-d609-4be9-ae07-ce8dae937e39",,"1244","6472","LAPTOP-JU4M3I0E",,"9/18/2020 7:02:52 AM","8386a09e-7c71-44c8-9417-5cdd7a378040",,"System.UInt32[]","System.Diagnostics.Eventing.Reader.EventBookmark","Information","Start",,"System.Collections.ObjectModel.ReadOnlyCollection`1[System.String]","System.Collections.Generic.List`1[System.Diagnostics.Eventing.Reader.EventProperty]"
"Server RPC call started. 	InterfaceUuid: 	{7c857801-7381-11cf-884d-00aa004b2e24} 	OpNum: 	0x4 	Protocol: 	LRPC 	Endpoint 	OLE1D66DF2E47C355AC517E8BD1AC9E 	Authentication Level 	7 	Authentication Service 	8","6","1",,"4","2","1","4611686018427387904","7270","Microsoft-Windows-RPC","6ad52b32-d609-4be9-ae07-ce8dae937e39",,"1244","6472","LAPTOP-JU4M3I0E",,"9/18/2020 7:02:52 AM","047b8fc2-ae31-4b5d-a08e-c97eb7341da8",,"System.UInt32[]","System.Diagnostics.Eventing.Reader.EventBookmark","Information","Start",,"System.Collections.ObjectModel.ReadOnlyCollection`1[System.String]","System.Collections.Generic.List`1[System.Diagnostics.Eventing.Reader.EventProperty]"
"Server RPC call started. 	InterfaceUuid: 	{4f32adc8-6052-4a04-8701-293ccf2096f0} 	OpNum: 	0xE 	Protocol: 	LRPC 	Endpoint 	lsasspirpc 	Authentication Level 	7 	Authentication Service 	8","6","1",,"4","2","1","4611686018427387904","7246","Microsoft-Windows-RPC","6ad52b32-d609-4be9-ae07-ce8dae937e39",,"584","752","LAPTOP-JU4M3I0E",,"9/18/2020 7:02:52 AM","b2c736aa-0d48-4466-bc31-2f80fc37fcf1",,"System.UInt32[]","System.Diagnostics.Eventing.Reader.EventBookmark","Information","Start",,"System.Collections.ObjectModel.ReadOnlyCollection`1[System.String]","System.Collections.Generic.List`1[System.Diagnostics.Eventing.Reader.EventProperty]"
"Server RPC call started. 	InterfaceUuid: 	{4f32adc8-6052-4a04-8701-293ccf2096f0} 	OpNum: 	0xE 	Protocol: 	LRPC 	Endpoint 	lsasspirpc 	Authentication Level 	7 	Authentication Service 	8","6","1",,"4","2","1","4611686018427387904","7223","Microsoft-Windows-RPC","6ad52b32-d609-4be9-ae07-ce8dae937e39",,"584","752","LAPTOP-JU4M3I0E",,"9/18/2020 7:02:52 AM","d2ca526b-60c2-4ad2-923a-99cbe3892b1b",,"System.UInt32[]","System.Diagnostics.Eventing.Reader.EventBookmark","Information","Start",,"System.Collections.ObjectModel.ReadOnlyCollection`1[System.String]","System.Collections.Generic.List`1[System.Diagnostics.Eventing.Reader.EventProperty]"
"Server RPC call started. 	InterfaceUuid: 	{f6beaff7-1e19-4fbb-9f8f-b89e2018337c} 	OpNum: 	0x14 	Protocol: 	LRPC 	Endpoint 	eventlog 	Authentication Level 	7 	Authentication Service 	8","6","1",,"4","2","1","4611686018427387904","7212","Microsoft-Windows-RPC","6ad52b32-d609-4be9-ae07-ce8dae937e39",,"264","4708","LAPTOP-JU4M3I0E",,"9/18/2020 7:02:52 AM","a93dfd22-8be4-4eee-b894-28e1dfc7886a",,"System.UInt32[]","System.Diagnostics.Eventing.Reader.EventBookmark","Information","Start",,"System.Collections.ObjectModel.ReadOnlyCollection`1[System.String]","System.Collections.Generic.List`1[System.Diagnostics.Eventing.Reader.EventProperty]"
"Server RPC call started. 	InterfaceUuid: 	{9556dc99-828c-11cf-a37e-00aa003240c7} 	OpNum: 	0x15 	Protocol: 	LRPC 	Endpoint 	OLEBB6012C7E3F1F9492EB953C49432 	Authentication Level 	7 	Authentication Service 	8","6","1",,"4","2","1","4611686018427387904","7187","Microsoft-Windows-RPC","6ad52b32-d609-4be9-ae07-ce8dae937e39",,"2512","8980","LAPTOP-JU4M3I0E",,"9/18/2020 7:02:52 AM","114d286a-e326-4c45-96b5-ad2efb8731cf",,"System.UInt32[]","System.Diagnostics.Eventing.Reader.EventBookmark","Information","Start",,"System.Collections.ObjectModel.ReadOnlyCollection`1[System.String]","System.Collections.Generic.List`1[System.Diagnostics.Eventing.Reader.EventProperty]"
"Server RPC call started. 	InterfaceUuid: 	{f6beaff7-1e19-4fbb-9f8f-b89e2018337c} 	OpNum: 	0xD 	Protocol: 	LRPC 	Endpoint 	eventlog 	Authentication Level 	7 	Authentication Service 	8","6","1",,"4","2","1","4611686018427387904","7182","Microsoft-Windows-RPC","6ad52b32-d609-4be9-ae07-ce8dae937e39",,"264","4708","LAPTOP-JU4M3I0E",,"9/18/2020 7:02:52 AM","3c20dd9d-9d68-4a7d-b65f-c486b2b49fef",,"System.UInt32[]","System.Diagnostics.Eventing.Reader.EventBookmark","Information","Start",,"System.Collections.ObjectModel.ReadOnlyCollection`1[System.String]","System.Collections.Generic.List`1[System.Diagnostics.Eventing.Reader.EventProperty]"
"Server RPC call started. 	InterfaceUuid: 	{f6beaff7-1e19-4fbb-9f8f-b89e2018337c} 	OpNum: 	0x12 	Protocol: 	LRPC 	Endpoint 	eventlog 	Authentication Level 	7 	Authentication Service 	8","6","1",,"4","2","1","4611686018427387904","7156","Microsoft-Windows-RPC","6ad52b32-d609-4be9-ae07-ce8dae937e39",,"264","4708","LAPTOP-JU4M3I0E",,"9/18/2020 7:02:52 AM","200dcf2a-1d5a-4302-bde8-558f538169db",,"System.UInt32[]","System.Diagnostics.Eventing.Reader.EventBookmark","Information","Start",,"System.Collections.ObjectModel.ReadOnlyCollection`1[System.String]","System.Collections.Generic.List`1[System.Diagnostics.Eventing.Reader.EventProperty]"
"Server RPC call started. 	InterfaceUuid: 	{f6beaff7-1e19-4fbb-9f8f-b89e2018337c} 	OpNum: 	0x11 	Protocol: 	LRPC 	Endpoint 	eventlog 	Authentication Level 	7 	Authentication Service 	8","6","1",,"4","2","1","4611686018427387904","7103","Microsoft-Windows-RPC","6ad52b32-d609-4be9-ae07-ce8dae937e39",,"264","4708","LAPTOP-JU4M3I0E",,"9/18/2020 7:02:52 AM","51e01bb0-cd94-46d0-b410-e3436ecd339d",,"System.UInt32[]","System.Diagnostics.Eventing.Reader.EventBookmark","Information","Start",,"System.Collections.ObjectModel.ReadOnlyCollection`1[System.String]","System.Collections.Generic.List`1[System.Diagnostics.Eventing.Reader.EventProperty]"
"Server RPC call started. 	InterfaceUuid: 	{f6beaff7-1e19-4fbb-9f8f-b89e2018337c} 	OpNum: 	0x14 	Protocol: 	LRPC 	Endpoint 	eventlog 	Authentication Level 	7 	Authentication Service 	8","6","1",,"4","2","1","4611686018427387904","7082","Microsoft-Windows-RPC","6ad52b32-d609-4be9-ae07-ce8dae937e39",,"264","4708","LAPTOP-JU4M3I0E",,"9/18/2020 7:02:52 AM","be5bd915-f79e-4433-82f4-d1766c67a154",,"System.UInt32[]","System.Diagnostics.Eventing.Reader.EventBookmark","Information","Start",,"System.Collections.ObjectModel.ReadOnlyCollection`1[System.String]","System.Collections.Generic.List`1[System.Diagnostics.Eventing.Reader.EventProperty]"
"Server RPC call started. 	InterfaceUuid: 	{00000134-0000-0000-c000-000000000046} 	OpNum: 	0x5 	Protocol: 	LRPC 	Endpoint 	OLE1D66DF2E47C355AC517E8BD1AC9E 	Authentication Level 	7 	Authentication Service 	8","6","1",,"4","2","1","4611686018427387904","7045","Microsoft-Windows-RPC","6ad52b32-d609-4be9-ae07-ce8dae937e39",,"1244","5872","LAPTOP-JU4M3I0E",,"9/18/2020 7:02:52 AM","8d83cf7c-7204-4326-9281-4290c296af10",,"System.UInt32[]","System.Diagnostics.Eventing.Reader.EventBookmark","Information","Start",,"System.Collections.ObjectModel.ReadOnlyCollection`1[System.String]","System.Collections.Generic.List`1[System.Diagnostics.Eventing.Reader.EventProperty]"
"Server RPC call started. 	InterfaceUuid: 	{9556dc99-828c-11cf-a37e-00aa003240c7} 	OpNum: 	0x15 	Protocol: 	LRPC 	Endpoint 	OLEBB6012C7E3F1F9492EB953C49432 	Authentication Level 	7 	Authentication Service 	8","6","1",,"4","2","1","4611686018427387904","7029","Microsoft-Windows-RPC","6ad52b32-d609-4be9-ae07-ce8dae937e39",,"2512","8708","LAPTOP-JU4M3I0E",,"9/18/2020 7:02:52 AM","b00bd53c-ca47-4871-bf90-ca272a58b0b9",,"System.UInt32[]","System.Diagnostics.Eventing.Reader.EventBookmark","Information","Start",,"System.Collections.ObjectModel.ReadOnlyCollection`1[System.String]","System.Collections.Generic.List`1[System.Diagnostics.Eventing.Reader.EventProperty]"
"Server RPC call started. 	InterfaceUuid: 	{7c857801-7381-11cf-884d-00aa004b2e24} 	OpNum: 	0x4 	Protocol: 	LRPC 	Endpoint 	OLE1D66DF2E47C355AC517E8BD1AC9E 	Authentication Level 	7 	Authentication Service 	8","6","1",,"4","2","1","4611686018427387904","7015","Microsoft-Windows-RPC","6ad52b32-d609-4be9-ae07-ce8dae937e39",,"1244","5872","LAPTOP-JU4M3I0E",,"9/18/2020 7:02:52 AM","8b67a000-30c6-40bf-8493-bfed22f00638",,"System.UInt32[]","System.Diagnostics.Eventing.Reader.EventBookmark","Information","Start",,"System.Collections.ObjectModel.ReadOnlyCollection`1[System.String]","System.Collections.Generic.List`1[System.Diagnostics.Eventing.Reader.EventProperty]"
"Server RPC call started. 	InterfaceUuid: 	{7c857801-7381-11cf-884d-00aa004b2e24} 	OpNum: 	0x3 	Protocol: 	LRPC 	Endpoint 	OLE1D66DF2E47C355AC517E8BD1AC9E 	Authentication Level 	7 	Authentication Service 	8","6","1",,"4","2","1","4611686018427387904","6976","Microsoft-Windows-RPC","6ad52b32-d609-4be9-ae07-ce8dae937e39",,"1244","7928","LAPTOP-JU4M3I0E",,"9/18/2020 7:02:52 AM","0729b3b1-1fd3-4b2a-89ea-bbcdde5fb27c",,"System.UInt32[]","System.Diagnostics.Eventing.Reader.EventBookmark","Information","Start",,"System.Collections.ObjectModel.ReadOnlyCollection`1[System.String]","System.Collections.Generic.List`1[System.Diagnostics.Eventing.Reader.EventProperty]"
"Server RPC call started. 	InterfaceUuid: 	{00000134-0000-0000-c000-000000000046} 	OpNum: 	0x5 	Protocol: 	LRPC 	Endpoint 	OLE1D66DF2E47C355AC517E8BD1AC9E 	Authentication Level 	7 	Authentication Service 	8","6","1",,"4","2","1","4611686018427387904","6944","Microsoft-Windows-RPC","6ad52b32-d609-4be9-ae07-ce8dae937e39",,"1244","7928","LAPTOP-JU4M3I0E",,"9/18/2020 7:02:52 AM","71ad83d5-a619-45e9-883b-877dd4d2a907",,"System.UInt32[]","System.Diagnostics.Eventing.Reader.EventBookmark","Information","Start",,"System.Collections.ObjectModel.ReadOnlyCollection`1[System.String]","System.Collections.Generic.List`1[System.Diagnostics.Eventing.Reader.EventProperty]"
"Server RPC call started. 	InterfaceUuid: 	{4f32adc8-6052-4a04-8701-293ccf2096f0} 	OpNum: 	0xE 	Protocol: 	LRPC 	Endpoint 	lsasspirpc 	Authentication Level 	7 	Authentication Service 	8","6","1",,"4","2","1","4611686018427387904","6910","Microsoft-Windows-RPC","6ad52b32-d609-4be9-ae07-ce8dae937e39",,"584","752","LAPTOP-JU4M3I0E",,"9/18/2020 7:02:52 AM","a95f533f-5f06-49d2-a8f4-c4d2370e170d",,"System.UInt32[]","System.Diagnostics.Eventing.Reader.EventBookmark","Information","Start",,"System.Collections.ObjectModel.ReadOnlyCollection`1[System.String]","System.Collections.Generic.List`1[System.Diagnostics.Eventing.Reader.EventProperty]"
"Server RPC call started. 	InterfaceUuid: 	{7c857801-7381-11cf-884d-00aa004b2e24} 	OpNum: 	0x4 	Protocol: 	LRPC 	Endpoint 	OLE1D66DF2E47C355AC517E8BD1AC9E 	Authentication Level 	7 	Authentication Service 	8","6","1",,"4","2","1","4611686018427387904","6899","Microsoft-Windows-RPC","6ad52b32-d609-4be9-ae07-ce8dae937e39",,"1244","7928","LAPTOP-JU4M3I0E",,"9/18/2020 7:02:52 AM","cdd46d0d-b683-4ff7-8ca1-c40d5e6ee874",,"System.UInt32[]","System.Diagnostics.Eventing.Reader.EventBookmark","Information","Start",,"System.Collections.ObjectModel.ReadOnlyCollection`1[System.String]","System.Collections.Generic.List`1[System.Diagnostics.Eventing.Reader.EventProperty]"
"Server RPC call started. 	InterfaceUuid: 	{7c857801-7381-11cf-884d-00aa004b2e24} 	OpNum: 	0x3 	Protocol: 	LRPC 	Endpoint 	OLE1D66DF2E47C355AC517E8BD1AC9E 	Authentication Level 	7 	Authentication Service 	8","6","1",,"4","2","1","4611686018427387904","6880","Microsoft-Windows-RPC","6ad52b32-d609-4be9-ae07-ce8dae937e39",,"1244","6472","LAPTOP-JU4M3I0E",,"9/18/2020 7:02:52 AM","51a321a8-31a8-418d-a307-b42b2405f12d",,"System.UInt32[]","System.Diagnostics.Eventing.Reader.EventBookmark","Information","Start",,"System.Collections.ObjectModel.ReadOnlyCollection`1[System.String]","System.Collections.Generic.List`1[System.Diagnostics.Eventing.Reader.EventProperty]"
"Server RPC call started. 	InterfaceUuid: 	{7c857801-7381-11cf-884d-00aa004b2e24} 	OpNum: 	0x3 	Protocol: 	LRPC 	Endpoint 	OLE1D66DF2E47C355AC517E8BD1AC9E 	Authentication Level 	7 	Authentication Service 	8","6","1",,"4","2","1","4611686018427387904","6861","Microsoft-Windows-RPC","6ad52b32-d609-4be9-ae07-ce8dae937e39",,"1244","1384","LAPTOP-JU4M3I0E",,"9/18/2020 7:02:52 AM","84463130-8ef3-4596-9dde-b6aea2faface",,"System.UInt32[]","System.Diagnostics.Eventing.Reader.EventBookmark","Information","Start",,"System.Collections.ObjectModel.ReadOnlyCollection`1[System.String]","System.Collections.Generic.List`1[System.Diagnostics.Eventing.Reader.EventProperty]"
"Server RPC call started. 	InterfaceUuid: 	{4f32adc8-6052-4a04-8701-293ccf2096f0} 	OpNum: 	0xE 	Protocol: 	LRPC 	Endpoint 	lsasspirpc 	Authentication Level 	7 	Authentication Service 	8","6","1",,"4","2","1","4611686018427387904","6835","Microsoft-Windows-RPC","6ad52b32-d609-4be9-ae07-ce8dae937e39",,"584","752","LAPTOP-JU4M3I0E",,"9/18/2020 7:02:52 AM","349c4d34-745f-4e1f-a06e-abb4537257a8",,"System.UInt32[]","System.Diagnostics.Eventing.Reader.EventBookmark","Information","Start",,"System.Collections.ObjectModel.ReadOnlyCollection`1[System.String]","System.Collections.Generic.List`1[System.Diagnostics.Eventing.Reader.EventProperty]"
"Server RPC call started. 	InterfaceUuid: 	{12345778-1234-abcd-ef00-0123456789ab} 	OpNum: 	0x0 	Protocol: 	LRPC 	Endpoint 	LSARPC_ENDPOINT 	Authentication Level 	7 	Authentication Service 	8","6","1",,"4","2","1","4611686018427387904","6809","Microsoft-Windows-RPC","6ad52b32-d609-4be9-ae07-ce8dae937e39",,"584","752","LAPTOP-JU4M3I0E",,"9/18/2020 7:02:52 AM","3c0f84dd-f8c4-4d92-bb41-622e6e11bc5e",,"System.UInt32[]","System.Diagnostics.Eventing.Reader.EventBookmark","Information","Start",,"System.Collections.ObjectModel.ReadOnlyCollection`1[System.String]","System.Collections.Generic.List`1[System.Diagnostics.Eventing.Reader.EventProperty]"
"Server RPC call started. 	InterfaceUuid: 	{12345778-1234-abcd-ef00-0123456789ab} 	OpNum: 	0x1F 	Protocol: 	LRPC 	Endpoint 	LSARPC_ENDPOINT 	Authentication Level 	7 	Authentication Service 	8","6","1",,"4","2","1","4611686018427387904","6787","Microsoft-Windows-RPC","6ad52b32-d609-4be9-ae07-ce8dae937e39",,"584","752","LAPTOP-JU4M3I0E",,"9/18/2020 7:02:52 AM","413a6a8e-5c3b-4b35-ab70-6ef99be09bf0",,"System.UInt32[]","System.Diagnostics.Eventing.Reader.EventBookmark","Information","Start",,"System.Collections.ObjectModel.ReadOnlyCollection`1[System.String]","System.Collections.Generic.List`1[System.Diagnostics.Eventing.Reader.EventProperty]"
