"Message","Id","Version","Qualifiers","Level","Task","Opcode","Keywords","RecordId","ProviderName","ProviderId","LogName","ProcessId","ThreadId","MachineName","UserId","TimeCreated","ActivityId","RelatedActivityId","MatchedQueryIds","Bookmark","LevelDisplayName","OpcodeDisplayName","TaskDisplayName","KeywordsDisplayNames","Properties"
"Server RPC call started. 	InterfaceUuid: 	{647d4452-9f33-4a18-b2be-c5c0e920e94e} 	OpNum: 	0x0 	Protocol: 	LRPC 	Endpoint 	{3C001E79-551F-4423-A041-8953CDC179F4} 	Authentication Level 	7 	Authentication Service 	8","6","1",,"4","2","1","4611686018427387904","11146","Microsoft-Windows-RPC","6ad52b32-d609-4be9-ae07-ce8dae937e39",,"1084","1956","LAPTOP-JU4M3I0E",,"9/18/2020 7:02:56 AM","a7258a43-c3f5-471f-bc3c-7b197514244d",,"System.UInt32[]","System.Diagnostics.Eventing.Reader.EventBookmark","Information","Start",,"System.Collections.ObjectModel.ReadOnlyCollection`1[System.String]","System.Collections.Generic.List`1[System.Diagnostics.Eventing.Reader.EventProperty]"
"Server RPC call started. 	InterfaceUuid: 	{367abb81-9844-35f1-ad32-98f038001003} 	OpNum: 	0x0 	Protocol: 	LRPC 	Endpoint 	ntsvcs 	Authentication Level 	7 	Authentication Service 	8","6","1",,"4","2","1","4611686018427387904","11082","Microsoft-Windows-RPC","6ad52b32-d609-4be9-ae07-ce8dae937e39",,"576","1904","LAPTOP-JU4M3I0E",,"9/18/2020 7:02:56 AM","450f5e3d-fc73-4254-9166-16ba87fa53aa",,"System.UInt32[]","System.Diagnostics.Eventing.Reader.EventBookmark","Information","Start",,"System.Collections.ObjectModel.ReadOnlyCollection`1[System.String]","System.Collections.Generic.List`1[System.Diagnostics.Eventing.Reader.EventProperty]"
"Server RPC call started. 	InterfaceUuid: 	{367abb81-9844-35f1-ad32-98f038001003} 	OpNum: 	0x0 	Protocol: 	LRPC 	Endpoint 	ntsvcs 	Authentication Level 	7 	Authentication Service 	8","6","1",,"4","2","1","4611686018427387904","11056","Microsoft-Windows-RPC","6ad52b32-d609-4be9-ae07-ce8dae937e39",,"576","1904","LAPTOP-JU4M3I0E",,"9/18/2020 7:02:56 AM","58b1c719-d592-4705-8ab2-dbf7b07d5eb2",,"System.UInt32[]","System.Diagnostics.Eventing.Reader.EventBookmark","Information","Start",,"System.Collections.ObjectModel.ReadOnlyCollection`1[System.String]","System.Collections.Generic.List`1[System.Diagnostics.Eventing.Reader.EventProperty]"
"Server RPC call started. 	InterfaceUuid: 	{367abb81-9844-35f1-ad32-98f038001003} 	OpNum: 	0x6 	Protocol: 	LRPC 	Endpoint 	ntsvcs 	Authentication Level 	7 	Authentication Service 	8","6","1",,"4","2","1","4611686018427387904","11033","Microsoft-Windows-RPC","6ad52b32-d609-4be9-ae07-ce8dae937e39",,"576","1904","LAPTOP-JU4M3I0E",,"9/18/2020 7:02:56 AM","c2ddd809-5aad-40e8-9c3d-8adc8274084f",,"System.UInt32[]","System.Diagnostics.Eventing.Reader.EventBookmark","Information","Start",,"System.Collections.ObjectModel.ReadOnlyCollection`1[System.String]","System.Collections.Generic.List`1[System.Diagnostics.Eventing.Reader.EventProperty]"
"Server RPC call started. 	InterfaceUuid: 	{367abb81-9844-35f1-ad32-98f038001003} 	OpNum: 	0x10 	Protocol: 	LRPC 	Endpoint 	ntsvcs 	Authentication Level 	7 	Authentication Service 	8","6","1",,"4","2","1","4611686018427387904","11004","Microsoft-Windows-RPC","6ad52b32-d609-4be9-ae07-ce8dae937e39",,"576","1904","LAPTOP-JU4M3I0E",,"9/18/2020 7:02:56 AM","215558c0-7a7a-4ad1-a34c-85e17e7db5e7",,"System.UInt32[]","System.Diagnostics.Eventing.Reader.EventBookmark","Information","Start",,"System.Collections.ObjectModel.ReadOnlyCollection`1[System.String]","System.Collections.Generic.List`1[System.Diagnostics.Eventing.Reader.EventProperty]"
"Server RPC call started. 	InterfaceUuid: 	{367abb81-9844-35f1-ad32-98f038001003} 	OpNum: 	0xF 	Protocol: 	LRPC 	Endpoint 	ntsvcs 	Authentication Level 	7 	Authentication Service 	8","6","1",,"4","2","1","4611686018427387904","10974","Microsoft-Windows-RPC","6ad52b32-d609-4be9-ae07-ce8dae937e39",,"576","1904","LAPTOP-JU4M3I0E",,"9/18/2020 7:02:56 AM","e002d24a-c283-4b80-9a06-cc24404aeac5",,"System.UInt32[]","System.Diagnostics.Eventing.Reader.EventBookmark","Information","Start",,"System.Collections.ObjectModel.ReadOnlyCollection`1[System.String]","System.Collections.Generic.List`1[System.Diagnostics.Eventing.Reader.EventProperty]"
"Server RPC call started. 	InterfaceUuid: 	{f6beaff7-1e19-4fbb-9f8f-b89e2018337c} 	OpNum: 	0x3 	Protocol: 	LRPC 	Endpoint 	eventlog 	Authentication Level 	7 	Authentication Service 	8","6","1",,"4","2","1","4611686018427387904","10918","Microsoft-Windows-RPC","6ad52b32-d609-4be9-ae07-ce8dae937e39",,"264","4708","LAPTOP-JU4M3I0E",,"9/18/2020 7:02:56 AM","bb5c1310-5bdc-4283-ba0b-708f6c2b6b08",,"System.UInt32[]","System.Diagnostics.Eventing.Reader.EventBookmark","Information","Start",,"System.Collections.ObjectModel.ReadOnlyCollection`1[System.String]","System.Collections.Generic.List`1[System.Diagnostics.Eventing.Reader.EventProperty]"
"Server RPC call started. 	InterfaceUuid: 	{f6beaff7-1e19-4fbb-9f8f-b89e2018337c} 	OpNum: 	0x2 	Protocol: 	LRPC 	Endpoint 	eventlog 	Authentication Level 	7 	Authentication Service 	8","6","1",,"4","2","1","4611686018427387904","10892","Microsoft-Windows-RPC","6ad52b32-d609-4be9-ae07-ce8dae937e39",,"264","4708","LAPTOP-JU4M3I0E",,"9/18/2020 7:02:56 AM","29473da4-ad44-44f7-8d50-9981bc249953",,"System.UInt32[]","System.Diagnostics.Eventing.Reader.EventBookmark","Information","Start",,"System.Collections.ObjectModel.ReadOnlyCollection`1[System.String]","System.Collections.Generic.List`1[System.Diagnostics.Eventing.Reader.EventProperty]"
"Server RPC call started. 	InterfaceUuid: 	{f6beaff7-1e19-4fbb-9f8f-b89e2018337c} 	OpNum: 	0x0 	Protocol: 	LRPC 	Endpoint 	eventlog 	Authentication Level 	7 	Authentication Service 	8","6","1",,"4","2","1","4611686018427387904","10862","Microsoft-Windows-RPC","6ad52b32-d609-4be9-ae07-ce8dae937e39",,"264","4708","LAPTOP-JU4M3I0E",,"9/18/2020 7:02:56 AM","d7eb98fb-6ce1-417c-8963-8939c84b741b",,"System.UInt32[]","System.Diagnostics.Eventing.Reader.EventBookmark","Information","Start",,"System.Collections.ObjectModel.ReadOnlyCollection`1[System.String]","System.Collections.Generic.List`1[System.Diagnostics.Eventing.Reader.EventProperty]"
"Server RPC call started. 	InterfaceUuid: 	{f6beaff7-1e19-4fbb-9f8f-b89e2018337c} 	OpNum: 	0x14 	Protocol: 	LRPC 	Endpoint 	eventlog 	Authentication Level 	7 	Authentication Service 	8","6","1",,"4","2","1","4611686018427387904","10841","Microsoft-Windows-RPC","6ad52b32-d609-4be9-ae07-ce8dae937e39",,"264","4708","LAPTOP-JU4M3I0E",,"9/18/2020 7:02:56 AM","fd2c37b5-62f7-48ef-950b-25f3c4687bf3",,"System.UInt32[]","System.Diagnostics.Eventing.Reader.EventBookmark","Information","Start",,"System.Collections.ObjectModel.ReadOnlyCollection`1[System.String]","System.Collections.Generic.List`1[System.Diagnostics.Eventing.Reader.EventProperty]"
"Server RPC call started. 	InterfaceUuid: 	{fb8a0729-2d04-4658-be93-27b4ad553fac} 	OpNum: 	0x1 	Protocol: 	LRPC 	Endpoint 	lsapolicylookup 	Authentication Level 	7 	Authentication Service 	8","6","1",,"4","2","1","4611686018427387904","10778","Microsoft-Windows-RPC","6ad52b32-d609-4be9-ae07-ce8dae937e39",,"584","752","LAPTOP-JU4M3I0E",,"9/18/2020 7:02:56 AM","1d8aa2b7-9377-4511-917c-662ece66cc7b",,"System.UInt32[]","System.Diagnostics.Eventing.Reader.EventBookmark","Information","Start",,"System.Collections.ObjectModel.ReadOnlyCollection`1[System.String]","System.Collections.Generic.List`1[System.Diagnostics.Eventing.Reader.EventProperty]"
"Server RPC call started. 	InterfaceUuid: 	{fb8a0729-2d04-4658-be93-27b4ad553fac} 	OpNum: 	0x2 	Protocol: 	LRPC 	Endpoint 	lsapolicylookup 	Authentication Level 	7 	Authentication Service 	8","6","1",,"4","2","1","4611686018427387904","10755","Microsoft-Windows-RPC","6ad52b32-d609-4be9-ae07-ce8dae937e39",,"584","752","LAPTOP-JU4M3I0E",,"9/18/2020 7:02:56 AM","d2d32cb2-103a-442c-b99a-0109360aa85a",,"System.UInt32[]","System.Diagnostics.Eventing.Reader.EventBookmark","Information","Start",,"System.Collections.ObjectModel.ReadOnlyCollection`1[System.String]","System.Collections.Generic.List`1[System.Diagnostics.Eventing.Reader.EventProperty]"
"Server RPC call started. 	InterfaceUuid: 	{fb8a0729-2d04-4658-be93-27b4ad553fac} 	OpNum: 	0x0 	Protocol: 	LRPC 	Endpoint 	lsapolicylookup 	Authentication Level 	7 	Authentication Service 	8","6","1",,"4","2","1","4611686018427387904","10725","Microsoft-Windows-RPC","6ad52b32-d609-4be9-ae07-ce8dae937e39",,"584","752","LAPTOP-JU4M3I0E",,"9/18/2020 7:02:56 AM","7bab37a8-910c-40d6-ac5f-80532ec99e9c",,"System.UInt32[]","System.Diagnostics.Eventing.Reader.EventBookmark","Information","Start",,"System.Collections.ObjectModel.ReadOnlyCollection`1[System.String]","System.Collections.Generic.List`1[System.Diagnostics.Eventing.Reader.EventProperty]"
"Server RPC call started. 	InterfaceUuid: 	{86d35949-83c9-4044-b424-db363231fd0c} 	OpNum: 	0x5 	Protocol: 	LRPC 	Endpoint 	LRPC-47bfc8c81fdc440890 	Authentication Level 	7 	Authentication Service 	8","6","1",,"4","2","1","4611686018427387904","10690","Microsoft-Windows-RPC","6ad52b32-d609-4be9-ae07-ce8dae937e39",,"1244","1772","LAPTOP-JU4M3I0E",,"9/18/2020 7:02:56 AM","aab8b17f-c892-4441-ae89-e1bfeea15b4c",,"System.UInt32[]","System.Diagnostics.Eventing.Reader.EventBookmark","Information","Start",,"System.Collections.ObjectModel.ReadOnlyCollection`1[System.String]","System.Collections.Generic.List`1[System.Diagnostics.Eventing.Reader.EventProperty]"
"Server RPC call started. 	InterfaceUuid: 	{fb8a0729-2d04-4658-be93-27b4ad553fac} 	OpNum: 	0x1 	Protocol: 	LRPC 	Endpoint 	lsapolicylookup 	Authentication Level 	7 	Authentication Service 	8","6","1",,"4","2","1","4611686018427387904","10664","Microsoft-Windows-RPC","6ad52b32-d609-4be9-ae07-ce8dae937e39",,"584","752","LAPTOP-JU4M3I0E",,"9/18/2020 7:02:56 AM","b4c82ab5-9d6b-4141-b0ea-67308fdebd47",,"System.UInt32[]","System.Diagnostics.Eventing.Reader.EventBookmark","Information","Start",,"System.Collections.ObjectModel.ReadOnlyCollection`1[System.String]","System.Collections.Generic.List`1[System.Diagnostics.Eventing.Reader.EventProperty]"
"Server RPC call started. 	InterfaceUuid: 	{fb8a0729-2d04-4658-be93-27b4ad553fac} 	OpNum: 	0x2 	Protocol: 	LRPC 	Endpoint 	lsapolicylookup 	Authentication Level 	7 	Authentication Service 	8","6","1",,"4","2","1","4611686018427387904","10641","Microsoft-Windows-RPC","6ad52b32-d609-4be9-ae07-ce8dae937e39",,"584","752","LAPTOP-JU4M3I0E",,"9/18/2020 7:02:56 AM","c5c8b71b-461f-4fa5-a56e-acd73ba11a44",,"System.UInt32[]","System.Diagnostics.Eventing.Reader.EventBookmark","Information","Start",,"System.Collections.ObjectModel.ReadOnlyCollection`1[System.String]","System.Collections.Generic.List`1[System.Diagnostics.Eventing.Reader.EventProperty]"
"Server RPC call started. 	InterfaceUuid: 	{fb8a0729-2d04-4658-be93-27b4ad553fac} 	OpNum: 	0x0 	Protocol: 	LRPC 	Endpoint 	lsapolicylookup 	Authentication Level 	7 	Authentication Service 	8","6","1",,"4","2","1","4611686018427387904","10611","Microsoft-Windows-RPC","6ad52b32-d609-4be9-ae07-ce8dae937e39",,"584","752","LAPTOP-JU4M3I0E",,"9/18/2020 7:02:56 AM","b5a0ba9b-3fb2-4761-a19b-62bb4e1db827",,"System.UInt32[]","System.Diagnostics.Eventing.Reader.EventBookmark","Information","Start",,"System.Collections.ObjectModel.ReadOnlyCollection`1[System.String]","System.Collections.Generic.List`1[System.Diagnostics.Eventing.Reader.EventProperty]"
"Server RPC call started. 	InterfaceUuid: 	{fb8a0729-2d04-4658-be93-27b4ad553fac} 	OpNum: 	0x1 	Protocol: 	LRPC 	Endpoint 	lsapolicylookup 	Authentication Level 	7 	Authentication Service 	8","6","1",,"4","2","1","4611686018427387904","10571","Microsoft-Windows-RPC","6ad52b32-d609-4be9-ae07-ce8dae937e39",,"584","752","LAPTOP-JU4M3I0E",,"9/18/2020 7:02:56 AM","5225724d-5f16-4116-80ec-c1b727111ccb",,"System.UInt32[]","System.Diagnostics.Eventing.Reader.EventBookmark","Information","Start",,"System.Collections.ObjectModel.ReadOnlyCollection`1[System.String]","System.Collections.Generic.List`1[System.Diagnostics.Eventing.Reader.EventProperty]"
"Server RPC call started. 	InterfaceUuid: 	{fb8a0729-2d04-4658-be93-27b4ad553fac} 	OpNum: 	0x2 	Protocol: 	LRPC 	Endpoint 	lsapolicylookup 	Authentication Level 	7 	Authentication Service 	8","6","1",,"4","2","1","4611686018427387904","10548","Microsoft-Windows-RPC","6ad52b32-d609-4be9-ae07-ce8dae937e39",,"584","752","LAPTOP-JU4M3I0E",,"9/18/2020 7:02:56 AM","06ab6099-975d-4bd8-89a4-9458f15ae100",,"System.UInt32[]","System.Diagnostics.Eventing.Reader.EventBookmark","Information","Start",,"System.Collections.ObjectModel.ReadOnlyCollection`1[System.String]","System.Collections.Generic.List`1[System.Diagnostics.Eventing.Reader.EventProperty]"
"Server RPC call started. 	InterfaceUuid: 	{fb8a0729-2d04-4658-be93-27b4ad553fac} 	OpNum: 	0x0 	Protocol: 	LRPC 	Endpoint 	lsapolicylookup 	Authentication Level 	7 	Authentication Service 	8","6","1",,"4","2","1","4611686018427387904","10518","Microsoft-Windows-RPC","6ad52b32-d609-4be9-ae07-ce8dae937e39",,"584","752","LAPTOP-JU4M3I0E",,"9/18/2020 7:02:56 AM","3bd138db-b0c8-4eb9-ac29-18ca06d469b7",,"System.UInt32[]","System.Diagnostics.Eventing.Reader.EventBookmark","Information","Start",,"System.Collections.ObjectModel.ReadOnlyCollection`1[System.String]","System.Collections.Generic.List`1[System.Diagnostics.Eventing.Reader.EventProperty]"
"Server RPC call started. 	InterfaceUuid: 	{86d35949-83c9-4044-b424-db363231fd0c} 	OpNum: 	0x2 	Protocol: 	LRPC 	Endpoint 	LRPC-47bfc8c81fdc440890 	Authentication Level 	7 	Authentication Service 	8","6","1",,"4","2","1","4611686018427387904","10480","Microsoft-Windows-RPC","6ad52b32-d609-4be9-ae07-ce8dae937e39",,"1244","1772","LAPTOP-JU4M3I0E",,"9/18/2020 7:02:56 AM","1fff1ed5-b994-421e-965f-813d8953f151",,"System.UInt32[]","System.Diagnostics.Eventing.Reader.EventBookmark","Information","Start",,"System.Collections.ObjectModel.ReadOnlyCollection`1[System.String]","System.Collections.Generic.List`1[System.Diagnostics.Eventing.Reader.EventProperty]"
"Server RPC call started. 	InterfaceUuid: 	{fb8a0729-2d04-4658-be93-27b4ad553fac} 	OpNum: 	0x1 	Protocol: 	LRPC 	Endpoint 	lsapolicylookup 	Authentication Level 	7 	Authentication Service 	8","6","1",,"4","2","1","4611686018427387904","10454","Microsoft-Windows-RPC","6ad52b32-d609-4be9-ae07-ce8dae937e39",,"584","752","LAPTOP-JU4M3I0E",,"9/18/2020 7:02:56 AM","bac4e2a4-4ebc-45ff-9f89-9e69c6ccbcad",,"System.UInt32[]","System.Diagnostics.Eventing.Reader.EventBookmark","Information","Start",,"System.Collections.ObjectModel.ReadOnlyCollection`1[System.String]","System.Collections.Generic.List`1[System.Diagnostics.Eventing.Reader.EventProperty]"
"Server RPC call started. 	InterfaceUuid: 	{fb8a0729-2d04-4658-be93-27b4ad553fac} 	OpNum: 	0x2 	Protocol: 	LRPC 	Endpoint 	lsapolicylookup 	Authentication Level 	7 	Authentication Service 	8","6","1",,"4","2","1","4611686018427387904","10431","Microsoft-Windows-RPC","6ad52b32-d609-4be9-ae07-ce8dae937e39",,"584","752","LAPTOP-JU4M3I0E",,"9/18/2020 7:02:56 AM","2eecf647-2e65-4a38-88fb-25b3dbd90c89",,"System.UInt32[]","System.Diagnostics.Eventing.Reader.EventBookmark","Information","Start",,"System.Collections.ObjectModel.ReadOnlyCollection`1[System.String]","System.Collections.Generic.List`1[System.Diagnostics.Eventing.Reader.EventProperty]"
"Server RPC call started. 	InterfaceUuid: 	{fb8a0729-2d04-4658-be93-27b4ad553fac} 	OpNum: 	0x0 	Protocol: 	LRPC 	Endpoint 	lsapolicylookup 	Authentication Level 	7 	Authentication Service 	8","6","1",,"4","2","1","4611686018427387904","10401","Microsoft-Windows-RPC","6ad52b32-d609-4be9-ae07-ce8dae937e39",,"584","752","LAPTOP-JU4M3I0E",,"9/18/2020 7:02:56 AM","62697012-ead9-4638-9548-9799b1e0810d",,"System.UInt32[]","System.Diagnostics.Eventing.Reader.EventBookmark","Information","Start",,"System.Collections.ObjectModel.ReadOnlyCollection`1[System.String]","System.Collections.Generic.List`1[System.Diagnostics.Eventing.Reader.EventProperty]"
"Server RPC call started. 	InterfaceUuid: 	{fb8a0729-2d04-4658-be93-27b4ad553fac} 	OpNum: 	0x1 	Protocol: 	LRPC 	Endpoint 	lsapolicylookup 	Authentication Level 	7 	Authentication Service 	8","6","1",,"4","2","1","4611686018427387904","10361","Microsoft-Windows-RPC","6ad52b32-d609-4be9-ae07-ce8dae937e39",,"584","752","LAPTOP-JU4M3I0E",,"9/18/2020 7:02:56 AM","37443620-ab1d-404b-8d1c-9c5ce129f5b8",,"System.UInt32[]","System.Diagnostics.Eventing.Reader.EventBookmark","Information","Start",,"System.Collections.ObjectModel.ReadOnlyCollection`1[System.String]","System.Collections.Generic.List`1[System.Diagnostics.Eventing.Reader.EventProperty]"
"Server RPC call started. 	InterfaceUuid: 	{fb8a0729-2d04-4658-be93-27b4ad553fac} 	OpNum: 	0x2 	Protocol: 	LRPC 	Endpoint 	lsapolicylookup 	Authentication Level 	7 	Authentication Service 	8","6","1",,"4","2","1","4611686018427387904","10338","Microsoft-Windows-RPC","6ad52b32-d609-4be9-ae07-ce8dae937e39",,"584","752","LAPTOP-JU4M3I0E",,"9/18/2020 7:02:56 AM","c339675a-0d40-4abf-822b-984dd2de8769",,"System.UInt32[]","System.Diagnostics.Eventing.Reader.EventBookmark","Information","Start",,"System.Collections.ObjectModel.ReadOnlyCollection`1[System.String]","System.Collections.Generic.List`1[System.Diagnostics.Eventing.Reader.EventProperty]"
"Server RPC call started. 	InterfaceUuid: 	{fb8a0729-2d04-4658-be93-27b4ad553fac} 	OpNum: 	0x0 	Protocol: 	LRPC 	Endpoint 	lsapolicylookup 	Authentication Level 	7 	Authentication Service 	8","6","1",,"4","2","1","4611686018427387904","10308","Microsoft-Windows-RPC","6ad52b32-d609-4be9-ae07-ce8dae937e39",,"584","752","LAPTOP-JU4M3I0E",,"9/18/2020 7:02:56 AM","e9dc3798-ab17-4396-a3ee-0f265a27252b",,"System.UInt32[]","System.Diagnostics.Eventing.Reader.EventBookmark","Information","Start",,"System.Collections.ObjectModel.ReadOnlyCollection`1[System.String]","System.Collections.Generic.List`1[System.Diagnostics.Eventing.Reader.EventProperty]"
"Server RPC call started. 	InterfaceUuid: 	{86d35949-83c9-4044-b424-db363231fd0c} 	OpNum: 	0x2 	Protocol: 	LRPC 	Endpoint 	LRPC-47bfc8c81fdc440890 	Authentication Level 	7 	Authentication Service 	8","6","1",,"4","2","1","4611686018427387904","10269","Microsoft-Windows-RPC","6ad52b32-d609-4be9-ae07-ce8dae937e39",,"1244","1772","LAPTOP-JU4M3I0E",,"9/18/2020 7:02:56 AM","949d425c-a42a-4a6b-98f9-51beb883b188",,"System.UInt32[]","System.Diagnostics.Eventing.Reader.EventBookmark","Information","Start",,"System.Collections.ObjectModel.ReadOnlyCollection`1[System.String]","System.Collections.Generic.List`1[System.Diagnostics.Eventing.Reader.EventProperty]"
"Server RPC call started. 	InterfaceUuid: 	{86d35949-83c9-4044-b424-db363231fd0c} 	OpNum: 	0x7 	Protocol: 	LRPC 	Endpoint 	LRPC-47bfc8c81fdc440890 	Authentication Level 	7 	Authentication Service 	8","6","1",,"4","2","1","4611686018427387904","10248","Microsoft-Windows-RPC","6ad52b32-d609-4be9-ae07-ce8dae937e39",,"1244","1772","LAPTOP-JU4M3I0E",,"9/18/2020 7:02:56 AM","eae1ae82-c701-44a4-9cd9-9f17aaf330b5",,"System.UInt32[]","System.Diagnostics.Eventing.Reader.EventBookmark","Information","Start",,"System.Collections.ObjectModel.ReadOnlyCollection`1[System.String]","System.Collections.Generic.List`1[System.Diagnostics.Eventing.Reader.EventProperty]"
"Server RPC call started. 	InterfaceUuid: 	{86d35949-83c9-4044-b424-db363231fd0c} 	OpNum: 	0x0 	Protocol: 	LRPC 	Endpoint 	LRPC-47bfc8c81fdc440890 	Authentication Level 	7 	Authentication Service 	8","6","1",,"4","2","1","4611686018427387904","10227","Microsoft-Windows-RPC","6ad52b32-d609-4be9-ae07-ce8dae937e39",,"1244","1772","LAPTOP-JU4M3I0E",,"9/18/2020 7:02:56 AM","1bbc34f4-30d2-4667-892e-2854904c7c69",,"System.UInt32[]","System.Diagnostics.Eventing.Reader.EventBookmark","Information","Start",,"System.Collections.ObjectModel.ReadOnlyCollection`1[System.String]","System.Collections.Generic.List`1[System.Diagnostics.Eventing.Reader.EventProperty]"
"Server RPC call started. 	InterfaceUuid: 	{e1af8308-5d1f-11c9-91a4-08002b14a0fa} 	OpNum: 	0x3 	Protocol: 	LRPC 	Endpoint 	epmapper 	Authentication Level 	7 	Authentication Service 	8","6","1",,"4","2","1","4611686018427387904","10163","Microsoft-Windows-RPC","6ad52b32-d609-4be9-ae07-ce8dae937e39",,"812","1488","LAPTOP-JU4M3I0E",,"9/18/2020 7:02:56 AM","444a607c-4390-40a4-b991-90ea2660f7d0",,"System.UInt32[]","System.Diagnostics.Eventing.Reader.EventBookmark","Information","Start",,"System.Collections.ObjectModel.ReadOnlyCollection`1[System.String]","System.Collections.Generic.List`1[System.Diagnostics.Eventing.Reader.EventProperty]"
"Server RPC call started. 	InterfaceUuid: 	{e1af8308-5d1f-11c9-91a4-08002b14a0fa} 	OpNum: 	0x3 	Protocol: 	LRPC 	Endpoint 	epmapper 	Authentication Level 	7 	Authentication Service 	8","6","1",,"4","2","1","4611686018427387904","10138","Microsoft-Windows-RPC","6ad52b32-d609-4be9-ae07-ce8dae937e39",,"812","1488","LAPTOP-JU4M3I0E",,"9/18/2020 7:02:56 AM","50c2dd1b-2d9d-4208-a1f4-d84beff96724",,"System.UInt32[]","System.Diagnostics.Eventing.Reader.EventBookmark","Information","Start",,"System.Collections.ObjectModel.ReadOnlyCollection`1[System.String]","System.Collections.Generic.List`1[System.Diagnostics.Eventing.Reader.EventProperty]"
"Server RPC call started. 	InterfaceUuid: 	{4f32adc8-6052-4a04-8701-293ccf2096f0} 	OpNum: 	0xE 	Protocol: 	LRPC 	Endpoint 	lsasspirpc 	Authentication Level 	7 	Authentication Service 	8","6","1",,"4","2","1","4611686018427387904","10082","Microsoft-Windows-RPC","6ad52b32-d609-4be9-ae07-ce8dae937e39",,"584","752","LAPTOP-JU4M3I0E",,"9/18/2020 7:02:56 AM","b5d28b38-f7c2-46cd-ad90-180af51b255a",,"System.UInt32[]","System.Diagnostics.Eventing.Reader.EventBookmark","Information","Start",,"System.Collections.ObjectModel.ReadOnlyCollection`1[System.String]","System.Collections.Generic.List`1[System.Diagnostics.Eventing.Reader.EventProperty]"
"Server RPC call started. 	InterfaceUuid: 	{4f32adc8-6052-4a04-8701-293ccf2096f0} 	OpNum: 	0xE 	Protocol: 	LRPC 	Endpoint 	lsasspirpc 	Authentication Level 	7 	Authentication Service 	8","6","1",,"4","2","1","4611686018427387904","10059","Microsoft-Windows-RPC","6ad52b32-d609-4be9-ae07-ce8dae937e39",,"584","752","LAPTOP-JU4M3I0E",,"9/18/2020 7:02:56 AM","d0e525d9-58a5-4c31-b4cc-17cd04b671d5",,"System.UInt32[]","System.Diagnostics.Eventing.Reader.EventBookmark","Information","Start",,"System.Collections.ObjectModel.ReadOnlyCollection`1[System.String]","System.Collections.Generic.List`1[System.Diagnostics.Eventing.Reader.EventProperty]"
"Server RPC call started. 	InterfaceUuid: 	{4f32adc8-6052-4a04-8701-293ccf2096f0} 	OpNum: 	0x0 	Protocol: 	LRPC 	Endpoint 	lsasspirpc 	Authentication Level 	7 	Authentication Service 	8","6","1",,"4","2","1","4611686018427387904","10029","Microsoft-Windows-RPC","6ad52b32-d609-4be9-ae07-ce8dae937e39",,"584","752","LAPTOP-JU4M3I0E",,"9/18/2020 7:02:56 AM","d18ee5b0-5a60-449b-aae4-5b61c3c1b348",,"System.UInt32[]","System.Diagnostics.Eventing.Reader.EventBookmark","Information","Start",,"System.Collections.ObjectModel.ReadOnlyCollection`1[System.String]","System.Collections.Generic.List`1[System.Diagnostics.Eventing.Reader.EventProperty]"
"Server RPC call started. 	InterfaceUuid: 	{fb8a0729-2d04-4658-be93-27b4ad553fac} 	OpNum: 	0x1 	Protocol: 	LRPC 	Endpoint 	lsapolicylookup 	Authentication Level 	7 	Authentication Service 	8","6","1",,"4","2","1","4611686018427387904","9960","Microsoft-Windows-RPC","6ad52b32-d609-4be9-ae07-ce8dae937e39",,"584","752","LAPTOP-JU4M3I0E",,"9/18/2020 7:02:56 AM","1023aaba-98ec-48f9-bdca-05829af4f0c7",,"System.UInt32[]","System.Diagnostics.Eventing.Reader.EventBookmark","Information","Start",,"System.Collections.ObjectModel.ReadOnlyCollection`1[System.String]","System.Collections.Generic.List`1[System.Diagnostics.Eventing.Reader.EventProperty]"
"Server RPC call started. 	InterfaceUuid: 	{fb8a0729-2d04-4658-be93-27b4ad553fac} 	OpNum: 	0x2 	Protocol: 	LRPC 	Endpoint 	lsapolicylookup 	Authentication Level 	7 	Authentication Service 	8","6","1",,"4","2","1","4611686018427387904","9937","Microsoft-Windows-RPC","6ad52b32-d609-4be9-ae07-ce8dae937e39",,"584","752","LAPTOP-JU4M3I0E",,"9/18/2020 7:02:56 AM","cbe2833c-1a7b-42a7-9b27-52265a5cad89",,"System.UInt32[]","System.Diagnostics.Eventing.Reader.EventBookmark","Information","Start",,"System.Collections.ObjectModel.ReadOnlyCollection`1[System.String]","System.Collections.Generic.List`1[System.Diagnostics.Eventing.Reader.EventProperty]"
"Server RPC call started. 	InterfaceUuid: 	{fb8a0729-2d04-4658-be93-27b4ad553fac} 	OpNum: 	0x0 	Protocol: 	LRPC 	Endpoint 	lsapolicylookup 	Authentication Level 	7 	Authentication Service 	8","6","1",,"4","2","1","4611686018427387904","9907","Microsoft-Windows-RPC","6ad52b32-d609-4be9-ae07-ce8dae937e39",,"584","752","LAPTOP-JU4M3I0E",,"9/18/2020 7:02:56 AM","cfde4f67-5a86-4588-8cb0-da633df21c5e",,"System.UInt32[]","System.Diagnostics.Eventing.Reader.EventBookmark","Information","Start",,"System.Collections.ObjectModel.ReadOnlyCollection`1[System.String]","System.Collections.Generic.List`1[System.Diagnostics.Eventing.Reader.EventProperty]"
"Server RPC call started. 	InterfaceUuid: 	{9b8699ae-0e44-47b1-8e7f-86a461d7ecdc} 	OpNum: 	0x10 	Protocol: 	LRPC 	Endpoint 	actkernel 	Authentication Level 	7 	Authentication Service 	8","6","1",,"4","2","1","4611686018427387904","9862","Microsoft-Windows-RPC","6ad52b32-d609-4be9-ae07-ce8dae937e39",,"756","292","LAPTOP-JU4M3I0E",,"9/18/2020 7:02:56 AM","0a20941d-905e-49eb-aff8-51bfc496ac4b",,"System.UInt32[]","System.Diagnostics.Eventing.Reader.EventBookmark","Information","Start",,"System.Collections.ObjectModel.ReadOnlyCollection`1[System.String]","System.Collections.Generic.List`1[System.Diagnostics.Eventing.Reader.EventProperty]"
"Server RPC call started. 	InterfaceUuid: 	{e60c73e6-88f9-11cf-9af1-0020af6e72f4} 	OpNum: 	0x0 	Protocol: 	LRPC 	Endpoint 	epmapper 	Authentication Level 	7 	Authentication Service 	8","6","1",,"4","2","1","4611686018427387904","9853","Microsoft-Windows-RPC","6ad52b32-d609-4be9-ae07-ce8dae937e39",,"812","2928","LAPTOP-JU4M3I0E",,"9/18/2020 7:02:56 AM","3b483292-825f-4e00-8be7-c083bde875de",,"System.UInt32[]","System.Diagnostics.Eventing.Reader.EventBookmark","Information","Start",,"System.Collections.ObjectModel.ReadOnlyCollection`1[System.String]","System.Collections.Generic.List`1[System.Diagnostics.Eventing.Reader.EventProperty]"
"Server RPC call started. 	InterfaceUuid: 	{fb8a0729-2d04-4658-be93-27b4ad553fac} 	OpNum: 	0x1 	Protocol: 	LRPC 	Endpoint 	lsapolicylookup 	Authentication Level 	7 	Authentication Service 	8","6","1",,"4","2","1","4611686018427387904","9713","Microsoft-Windows-RPC","6ad52b32-d609-4be9-ae07-ce8dae937e39",,"584","752","LAPTOP-JU4M3I0E",,"9/18/2020 7:02:56 AM","56dfe7d0-99dd-45b8-861d-051bc1b4f082",,"System.UInt32[]","System.Diagnostics.Eventing.Reader.EventBookmark","Information","Start",,"System.Collections.ObjectModel.ReadOnlyCollection`1[System.String]","System.Collections.Generic.List`1[System.Diagnostics.Eventing.Reader.EventProperty]"
"Server RPC call started. 	InterfaceUuid: 	{fb8a0729-2d04-4658-be93-27b4ad553fac} 	OpNum: 	0x5 	Protocol: 	LRPC 	Endpoint 	lsapolicylookup 	Authentication Level 	7 	Authentication Service 	8","6","1",,"4","2","1","4611686018427387904","9690","Microsoft-Windows-RPC","6ad52b32-d609-4be9-ae07-ce8dae937e39",,"584","752","LAPTOP-JU4M3I0E",,"9/18/2020 7:02:56 AM","70f1a245-68a5-4df2-ac81-e6947758edf0",,"System.UInt32[]","System.Diagnostics.Eventing.Reader.EventBookmark","Information","Start",,"System.Collections.ObjectModel.ReadOnlyCollection`1[System.String]","System.Collections.Generic.List`1[System.Diagnostics.Eventing.Reader.EventProperty]"
"Server RPC call started. 	InterfaceUuid: 	{fb8a0729-2d04-4658-be93-27b4ad553fac} 	OpNum: 	0x5 	Protocol: 	LRPC 	Endpoint 	lsapolicylookup 	Authentication Level 	7 	Authentication Service 	8","6","1",,"4","2","1","4611686018427387904","9667","Microsoft-Windows-RPC","6ad52b32-d609-4be9-ae07-ce8dae937e39",,"584","752","LAPTOP-JU4M3I0E",,"9/18/2020 7:02:56 AM","335fe36e-c010-4c47-8ade-6434e62e5f50",,"System.UInt32[]","System.Diagnostics.Eventing.Reader.EventBookmark","Information","Start",,"System.Collections.ObjectModel.ReadOnlyCollection`1[System.String]","System.Collections.Generic.List`1[System.Diagnostics.Eventing.Reader.EventProperty]"
"Server RPC call started. 	InterfaceUuid: 	{fb8a0729-2d04-4658-be93-27b4ad553fac} 	OpNum: 	0x0 	Protocol: 	LRPC 	Endpoint 	lsapolicylookup 	Authentication Level 	7 	Authentication Service 	8","6","1",,"4","2","1","4611686018427387904","9637","Microsoft-Windows-RPC","6ad52b32-d609-4be9-ae07-ce8dae937e39",,"584","752","LAPTOP-JU4M3I0E",,"9/18/2020 7:02:56 AM","142327e7-9347-458c-bbe1-94af32b68052",,"System.UInt32[]","System.Diagnostics.Eventing.Reader.EventBookmark","Information","Start",,"System.Collections.ObjectModel.ReadOnlyCollection`1[System.String]","System.Collections.Generic.List`1[System.Diagnostics.Eventing.Reader.EventProperty]"
"Server RPC call started. 	InterfaceUuid: 	{4f32adc8-6052-4a04-8701-293ccf2096f0} 	OpNum: 	0x3 	Protocol: 	LRPC 	Endpoint 	lsasspirpc 	Authentication Level 	7 	Authentication Service 	8","6","1",,"4","2","1","4611686018427387904","9577","Microsoft-Windows-RPC","6ad52b32-d609-4be9-ae07-ce8dae937e39",,"584","752","LAPTOP-JU4M3I0E",,"9/18/2020 7:02:56 AM","6bbfb2ef-784f-435c-933b-b442c89805b3",,"System.UInt32[]","System.Diagnostics.Eventing.Reader.EventBookmark","Information","Start",,"System.Collections.ObjectModel.ReadOnlyCollection`1[System.String]","System.Collections.Generic.List`1[System.Diagnostics.Eventing.Reader.EventProperty]"
"Server RPC call started. 	InterfaceUuid: 	{fb8a0729-2d04-4658-be93-27b4ad553fac} 	OpNum: 	0x1 	Protocol: 	LRPC 	Endpoint 	lsapolicylookup 	Authentication Level 	7 	Authentication Service 	8","6","1",,"4","2","1","4611686018427387904","9551","Microsoft-Windows-RPC","6ad52b32-d609-4be9-ae07-ce8dae937e39",,"584","752","LAPTOP-JU4M3I0E",,"9/18/2020 7:02:56 AM","788a05ab-4816-46ff-885e-922200837862",,"System.UInt32[]","System.Diagnostics.Eventing.Reader.EventBookmark","Information","Start",,"System.Collections.ObjectModel.ReadOnlyCollection`1[System.String]","System.Collections.Generic.List`1[System.Diagnostics.Eventing.Reader.EventProperty]"
"Server RPC call started. 	InterfaceUuid: 	{fb8a0729-2d04-4658-be93-27b4ad553fac} 	OpNum: 	0x2 	Protocol: 	LRPC 	Endpoint 	lsapolicylookup 	Authentication Level 	7 	Authentication Service 	8","6","1",,"4","2","1","4611686018427387904","9528","Microsoft-Windows-RPC","6ad52b32-d609-4be9-ae07-ce8dae937e39",,"584","752","LAPTOP-JU4M3I0E",,"9/18/2020 7:02:56 AM","04b10447-baf0-4cd2-ab13-615471953294",,"System.UInt32[]","System.Diagnostics.Eventing.Reader.EventBookmark","Information","Start",,"System.Collections.ObjectModel.ReadOnlyCollection`1[System.String]","System.Collections.Generic.List`1[System.Diagnostics.Eventing.Reader.EventProperty]"
"Server RPC call started. 	InterfaceUuid: 	{fb8a0729-2d04-4658-be93-27b4ad553fac} 	OpNum: 	0x0 	Protocol: 	LRPC 	Endpoint 	lsapolicylookup 	Authentication Level 	7 	Authentication Service 	8","6","1",,"4","2","1","4611686018427387904","9498","Microsoft-Windows-RPC","6ad52b32-d609-4be9-ae07-ce8dae937e39",,"584","752","LAPTOP-JU4M3I0E",,"9/18/2020 7:02:56 AM","d54f1bc8-5f72-4798-9168-d77d51b6e33a",,"System.UInt32[]","System.Diagnostics.Eventing.Reader.EventBookmark","Information","Start",,"System.Collections.ObjectModel.ReadOnlyCollection`1[System.String]","System.Collections.Generic.List`1[System.Diagnostics.Eventing.Reader.EventProperty]"
"Server RPC call started. 	InterfaceUuid: 	{12345778-1234-abcd-ef00-0123456789ab} 	OpNum: 	0x0 	Protocol: 	LRPC 	Endpoint 	LSARPC_ENDPOINT 	Authentication Level 	7 	Authentication Service 	8","6","1",,"4","2","1","4611686018427387904","9458","Microsoft-Windows-RPC","6ad52b32-d609-4be9-ae07-ce8dae937e39",,"584","752","LAPTOP-JU4M3I0E",,"9/18/2020 7:02:56 AM","2d6243e4-d472-4828-9f17-06d0483c58cb",,"System.UInt32[]","System.Diagnostics.Eventing.Reader.EventBookmark","Information","Start",,"System.Collections.ObjectModel.ReadOnlyCollection`1[System.String]","System.Collections.Generic.List`1[System.Diagnostics.Eventing.Reader.EventProperty]"
"Server RPC call started. 	InterfaceUuid: 	{12345778-1234-abcd-ef00-0123456789ab} 	OpNum: 	0x1F 	Protocol: 	LRPC 	Endpoint 	LSARPC_ENDPOINT 	Authentication Level 	7 	Authentication Service 	8","6","1",,"4","2","1","4611686018427387904","9436","Microsoft-Windows-RPC","6ad52b32-d609-4be9-ae07-ce8dae937e39",,"584","752","LAPTOP-JU4M3I0E",,"9/18/2020 7:02:56 AM","c74a987d-71a9-4c23-8e95-e0434fd243c8",,"System.UInt32[]","System.Diagnostics.Eventing.Reader.EventBookmark","Information","Start",,"System.Collections.ObjectModel.ReadOnlyCollection`1[System.String]","System.Collections.Generic.List`1[System.Diagnostics.Eventing.Reader.EventProperty]"
"Server RPC call started. 	InterfaceUuid: 	{12345778-1234-abcd-ef00-0123456789ab} 	OpNum: 	0x2C 	Protocol: 	LRPC 	Endpoint 	LSARPC_ENDPOINT 	Authentication Level 	7 	Authentication Service 	8","6","1",,"4","2","1","4611686018427387904","9408","Microsoft-Windows-RPC","6ad52b32-d609-4be9-ae07-ce8dae937e39",,"584","752","LAPTOP-JU4M3I0E",,"9/18/2020 7:02:56 AM","b7317f51-f68e-4332-8076-73993346bbb9",,"System.UInt32[]","System.Diagnostics.Eventing.Reader.EventBookmark","Information","Start",,"System.Collections.ObjectModel.ReadOnlyCollection`1[System.String]","System.Collections.Generic.List`1[System.Diagnostics.Eventing.Reader.EventProperty]"
"Server RPC call started. 	InterfaceUuid: 	{367abb81-9844-35f1-ad32-98f038001003} 	OpNum: 	0x0 	Protocol: 	LRPC 	Endpoint 	ntsvcs 	Authentication Level 	7 	Authentication Service 	8","6","1",,"4","2","1","4611686018427387904","9352","Microsoft-Windows-RPC","6ad52b32-d609-4be9-ae07-ce8dae937e39",,"576","1904","LAPTOP-JU4M3I0E",,"9/18/2020 7:02:53 AM","f3374a2d-6316-429c-a65a-6c0c23dd2815",,"System.UInt32[]","System.Diagnostics.Eventing.Reader.EventBookmark","Information","Start",,"System.Collections.ObjectModel.ReadOnlyCollection`1[System.String]","System.Collections.Generic.List`1[System.Diagnostics.Eventing.Reader.EventProperty]"
"Server RPC call started. 	InterfaceUuid: 	{367abb81-9844-35f1-ad32-98f038001003} 	OpNum: 	0x0 	Protocol: 	LRPC 	Endpoint 	ntsvcs 	Authentication Level 	7 	Authentication Service 	8","6","1",,"4","2","1","4611686018427387904","9326","Microsoft-Windows-RPC","6ad52b32-d609-4be9-ae07-ce8dae937e39",,"576","1904","LAPTOP-JU4M3I0E",,"9/18/2020 7:02:53 AM","6c1227bb-443b-44a0-9195-b2ad7c4ed5cb",,"System.UInt32[]","System.Diagnostics.Eventing.Reader.EventBookmark","Information","Start",,"System.Collections.ObjectModel.ReadOnlyCollection`1[System.String]","System.Collections.Generic.List`1[System.Diagnostics.Eventing.Reader.EventProperty]"
"Server RPC call started. 	InterfaceUuid: 	{367abb81-9844-35f1-ad32-98f038001003} 	OpNum: 	0x6 	Protocol: 	LRPC 	Endpoint 	ntsvcs 	Authentication Level 	7 	Authentication Service 	8","6","1",,"4","2","1","4611686018427387904","9303","Microsoft-Windows-RPC","6ad52b32-d609-4be9-ae07-ce8dae937e39",,"576","1904","LAPTOP-JU4M3I0E",,"9/18/2020 7:02:53 AM","471f4425-7374-4897-8672-dee1084465a2",,"System.UInt32[]","System.Diagnostics.Eventing.Reader.EventBookmark","Information","Start",,"System.Collections.ObjectModel.ReadOnlyCollection`1[System.String]","System.Collections.Generic.List`1[System.Diagnostics.Eventing.Reader.EventProperty]"
"Server RPC call started. 	InterfaceUuid: 	{367abb81-9844-35f1-ad32-98f038001003} 	OpNum: 	0x10 	Protocol: 	LRPC 	Endpoint 	ntsvcs 	Authentication Level 	7 	Authentication Service 	8","6","1",,"4","2","1","4611686018427387904","9274","Microsoft-Windows-RPC","6ad52b32-d609-4be9-ae07-ce8dae937e39",,"576","1904","LAPTOP-JU4M3I0E",,"9/18/2020 7:02:53 AM","c1ec7164-d830-40b3-a915-2640cad5aa0e",,"System.UInt32[]","System.Diagnostics.Eventing.Reader.EventBookmark","Information","Start",,"System.Collections.ObjectModel.ReadOnlyCollection`1[System.String]","System.Collections.Generic.List`1[System.Diagnostics.Eventing.Reader.EventProperty]"
"Server RPC call started. 	InterfaceUuid: 	{367abb81-9844-35f1-ad32-98f038001003} 	OpNum: 	0xF 	Protocol: 	LRPC 	Endpoint 	ntsvcs 	Authentication Level 	7 	Authentication Service 	8","6","1",,"4","2","1","4611686018427387904","9244","Microsoft-Windows-RPC","6ad52b32-d609-4be9-ae07-ce8dae937e39",,"576","1904","LAPTOP-JU4M3I0E",,"9/18/2020 7:02:53 AM","91b830ab-b788-4fe3-bd01-f01012e71248",,"System.UInt32[]","System.Diagnostics.Eventing.Reader.EventBookmark","Information","Start",,"System.Collections.ObjectModel.ReadOnlyCollection`1[System.String]","System.Collections.Generic.List`1[System.Diagnostics.Eventing.Reader.EventProperty]"
"Server RPC call started. 	InterfaceUuid: 	{e60c73e6-88f9-11cf-9af1-0020af6e72f4} 	OpNum: 	0x7 	Protocol: 	LRPC 	Endpoint 	epmapper 	Authentication Level 	7 	Authentication Service 	8","6","1",,"4","2","1","4611686018427387904","9191","Microsoft-Windows-RPC","6ad52b32-d609-4be9-ae07-ce8dae937e39",,"812","2928","LAPTOP-JU4M3I0E",,"9/18/2020 7:02:52 AM","208b599f-06fd-4e11-b1f7-ac2000493868",,"System.UInt32[]","System.Diagnostics.Eventing.Reader.EventBookmark","Information","Start",,"System.Collections.ObjectModel.ReadOnlyCollection`1[System.String]","System.Collections.Generic.List`1[System.Diagnostics.Eventing.Reader.EventProperty]"
"Server RPC call started. 	InterfaceUuid: 	{00000134-0000-0000-c000-000000000046} 	OpNum: 	0x5 	Protocol: 	LRPC 	Endpoint 	OLE1D66DF2E47C355AC517E8BD1AC9E 	Authentication Level 	7 	Authentication Service 	8","6","1",,"4","2","1","4611686018427387904","9181","Microsoft-Windows-RPC","6ad52b32-d609-4be9-ae07-ce8dae937e39",,"1244","1772","LAPTOP-JU4M3I0E",,"9/18/2020 7:02:52 AM","61857064-28a1-4ff0-81b9-e74c0654a20d",,"System.UInt32[]","System.Diagnostics.Eventing.Reader.EventBookmark","Information","Start",,"System.Collections.ObjectModel.ReadOnlyCollection`1[System.String]","System.Collections.Generic.List`1[System.Diagnostics.Eventing.Reader.EventProperty]"
"Server RPC call started. 	InterfaceUuid: 	{00000134-0000-0000-c000-000000000046} 	OpNum: 	0x5 	Protocol: 	LRPC 	Endpoint 	OLE1D66DF2E47C355AC517E8BD1AC9E 	Authentication Level 	7 	Authentication Service 	8","6","1",,"4","2","1","4611686018427387904","9155","Microsoft-Windows-RPC","6ad52b32-d609-4be9-ae07-ce8dae937e39",,"1244","1772","LAPTOP-JU4M3I0E",,"9/18/2020 7:02:52 AM","dd0b1ee8-4e2c-4ebd-8c88-3f4cc2acb74a",,"System.UInt32[]","System.Diagnostics.Eventing.Reader.EventBookmark","Information","Start",,"System.Collections.ObjectModel.ReadOnlyCollection`1[System.String]","System.Collections.Generic.List`1[System.Diagnostics.Eventing.Reader.EventProperty]"
"Server RPC call started. 	InterfaceUuid: 	{00000134-0000-0000-c000-000000000046} 	OpNum: 	0x5 	Protocol: 	LRPC 	Endpoint 	OLE1D66DF2E47C355AC517E8BD1AC9E 	Authentication Level 	7 	Authentication Service 	8","6","1",,"4","2","1","4611686018427387904","9114","Microsoft-Windows-RPC","6ad52b32-d609-4be9-ae07-ce8dae937e39",,"1244","8172","LAPTOP-JU4M3I0E",,"9/18/2020 7:02:52 AM","c03f7053-20ed-4b1b-97da-fe815e425ed4",,"System.UInt32[]","System.Diagnostics.Eventing.Reader.EventBookmark","Information","Start",,"System.Collections.ObjectModel.ReadOnlyCollection`1[System.String]","System.Collections.Generic.List`1[System.Diagnostics.Eventing.Reader.EventProperty]"
"Server RPC call started. 	InterfaceUuid: 	{7c857801-7381-11cf-884d-00aa004b2e24} 	OpNum: 	0x4 	Protocol: 	LRPC 	Endpoint 	OLE1D66DF2E47C355AC517E8BD1AC9E 	Authentication Level 	7 	Authentication Service 	8","6","1",,"4","2","1","4611686018427387904","9092","Microsoft-Windows-RPC","6ad52b32-d609-4be9-ae07-ce8dae937e39",,"1244","8172","LAPTOP-JU4M3I0E",,"9/18/2020 7:02:52 AM","a1eb72b9-7dce-4ea7-b4fc-14c2c1a35e90",,"System.UInt32[]","System.Diagnostics.Eventing.Reader.EventBookmark","Information","Start",,"System.Collections.ObjectModel.ReadOnlyCollection`1[System.String]","System.Collections.Generic.List`1[System.Diagnostics.Eventing.Reader.EventProperty]"
"Server RPC call started. 	InterfaceUuid: 	{4f32adc8-6052-4a04-8701-293ccf2096f0} 	OpNum: 	0xE 	Protocol: 	LRPC 	Endpoint 	lsasspirpc 	Authentication Level 	7 	Authentication Service 	8","6","1",,"4","2","1","4611686018427387904","9068","Microsoft-Windows-RPC","6ad52b32-d609-4be9-ae07-ce8dae937e39",,"584","752","LAPTOP-JU4M3I0E",,"9/18/2020 7:02:52 AM","9caf12c7-a08e-42f7-9cab-bf61cae4c975",,"System.UInt32[]","System.Diagnostics.Eventing.Reader.EventBookmark","Information","Start",,"System.Collections.ObjectModel.ReadOnlyCollection`1[System.String]","System.Collections.Generic.List`1[System.Diagnostics.Eventing.Reader.EventProperty]"
"Server RPC call started. 	InterfaceUuid: 	{4f32adc8-6052-4a04-8701-293ccf2096f0} 	OpNum: 	0xE 	Protocol: 	LRPC 	Endpoint 	lsasspirpc 	Authentication Level 	7 	Authentication Service 	8","6","1",,"4","2","1","4611686018427387904","9045","Microsoft-Windows-RPC","6ad52b32-d609-4be9-ae07-ce8dae937e39",,"584","752","LAPTOP-JU4M3I0E",,"9/18/2020 7:02:52 AM","501a5497-e73d-4792-a909-89871faa4974",,"System.UInt32[]","System.Diagnostics.Eventing.Reader.EventBookmark","Information","Start",,"System.Collections.ObjectModel.ReadOnlyCollection`1[System.String]","System.Collections.Generic.List`1[System.Diagnostics.Eventing.Reader.EventProperty]"
"Server RPC call started. 	InterfaceUuid: 	{9556dc99-828c-11cf-a37e-00aa003240c7} 	OpNum: 	0x13 	Protocol: 	LRPC 	Endpoint 	OLEBB6012C7E3F1F9492EB953C49432 	Authentication Level 	7 	Authentication Service 	8","6","1",,"4","2","1","4611686018427387904","9034","Microsoft-Windows-RPC","6ad52b32-d609-4be9-ae07-ce8dae937e39",,"2512","6548","LAPTOP-JU4M3I0E",,"9/18/2020 7:02:52 AM","6a105425-1850-448c-8258-a02f08d2e92e",,"System.UInt32[]","System.Diagnostics.Eventing.Reader.EventBookmark","Information","Start",,"System.Collections.ObjectModel.ReadOnlyCollection`1[System.String]","System.Collections.Generic.List`1[System.Diagnostics.Eventing.Reader.EventProperty]"
"Server RPC call started. 	InterfaceUuid: 	{423ec01e-2e35-11d2-b604-00104b703efd} 	OpNum: 	0x3 	Protocol: 	LRPC 	Endpoint 	OLE1D66DF2E47C355AC517E8BD1AC9E 	Authentication Level 	7 	Authentication Service 	8","6","1",,"4","2","1","4611686018427387904","9006","Microsoft-Windows-RPC","6ad52b32-d609-4be9-ae07-ce8dae937e39",,"1244","1772","LAPTOP-JU4M3I0E",,"9/18/2020 7:02:52 AM","7370399b-f277-4908-8c7c-6bb6d6000578",,"System.UInt32[]","System.Diagnostics.Eventing.Reader.EventBookmark","Information","Start",,"System.Collections.ObjectModel.ReadOnlyCollection`1[System.String]","System.Collections.Generic.List`1[System.Diagnostics.Eventing.Reader.EventProperty]"
"Server RPC call started. 	InterfaceUuid: 	{1c1c45ee-4395-11d2-b60b-00104b703efd} 	OpNum: 	0x3 	Protocol: 	LRPC 	Endpoint 	OLE1D66DF2E47C355AC517E8BD1AC9E 	Authentication Level 	7 	Authentication Service 	8","6","1",,"4","2","1","4611686018427387904","8966","Microsoft-Windows-RPC","6ad52b32-d609-4be9-ae07-ce8dae937e39",,"1244","1772","LAPTOP-JU4M3I0E",,"9/18/2020 7:02:52 AM","483bbeae-6f71-4f96-bcf6-15169c9c9960",,"System.UInt32[]","System.Diagnostics.Eventing.Reader.EventBookmark","Information","Start",,"System.Collections.ObjectModel.ReadOnlyCollection`1[System.String]","System.Collections.Generic.List`1[System.Diagnostics.Eventing.Reader.EventProperty]"
"Server RPC call started. 	InterfaceUuid: 	{00000134-0000-0000-c000-000000000046} 	OpNum: 	0x5 	Protocol: 	LRPC 	Endpoint 	OLE1D66DF2E47C355AC517E8BD1AC9E 	Authentication Level 	7 	Authentication Service 	8","6","1",,"4","2","1","4611686018427387904","8912","Microsoft-Windows-RPC","6ad52b32-d609-4be9-ae07-ce8dae937e39",,"1244","1772","LAPTOP-JU4M3I0E",,"9/18/2020 7:02:52 AM","1457ae68-8c78-40ff-8b43-da721d211639",,"System.UInt32[]","System.Diagnostics.Eventing.Reader.EventBookmark","Information","Start",,"System.Collections.ObjectModel.ReadOnlyCollection`1[System.String]","System.Collections.Generic.List`1[System.Diagnostics.Eventing.Reader.EventProperty]"
"Server RPC call started. 	InterfaceUuid: 	{6b3fc272-bf37-4968-933a-6df9222a2607} 	OpNum: 	0x9 	Protocol: 	LRPC 	Endpoint 	OLEBB6012C7E3F1F9492EB953C49432 	Authentication Level 	7 	Authentication Service 	8","6","1",,"4","2","1","4611686018427387904","8901","Microsoft-Windows-RPC","6ad52b32-d609-4be9-ae07-ce8dae937e39",,"2512","6548","LAPTOP-JU4M3I0E",,"9/18/2020 7:02:52 AM","4e093f70-301a-4f71-98a2-0a7bac24fddf",,"System.UInt32[]","System.Diagnostics.Eventing.Reader.EventBookmark","Information","Start",,"System.Collections.ObjectModel.ReadOnlyCollection`1[System.String]","System.Collections.Generic.List`1[System.Diagnostics.Eventing.Reader.EventProperty]"
"Server RPC call started. 	InterfaceUuid: 	{00000134-0000-0000-c000-000000000046} 	OpNum: 	0x3 	Protocol: 	LRPC 	Endpoint 	OLE1D66DF2E47C355AC517E8BD1AC9E 	Authentication Level 	7 	Authentication Service 	8","6","1",,"4","2","1","4611686018427387904","8884","Microsoft-Windows-RPC","6ad52b32-d609-4be9-ae07-ce8dae937e39",,"1244","1772","LAPTOP-JU4M3I0E",,"9/18/2020 7:02:52 AM","2a3cf9b0-5b17-4788-aabc-4399105ceb2f",,"System.UInt32[]","System.Diagnostics.Eventing.Reader.EventBookmark","Information","Start",,"System.Collections.ObjectModel.ReadOnlyCollection`1[System.String]","System.Collections.Generic.List`1[System.Diagnostics.Eventing.Reader.EventProperty]"
"Server RPC call started. 	InterfaceUuid: 	{9556dc99-828c-11cf-a37e-00aa003240c7} 	OpNum: 	0x12 	Protocol: 	LRPC 	Endpoint 	OLE1D66DF2E47C355AC517E8BD1AC9E 	Authentication Level 	7 	Authentication Service 	8","6","1",,"4","2","1","4611686018427387904","8856","Microsoft-Windows-RPC","6ad52b32-d609-4be9-ae07-ce8dae937e39",,"1244","1772","LAPTOP-JU4M3I0E",,"9/18/2020 7:02:52 AM","8a0773bd-0c0f-46a0-9c71-bed7990e8a15",,"System.UInt32[]","System.Diagnostics.Eventing.Reader.EventBookmark","Information","Start",,"System.Collections.ObjectModel.ReadOnlyCollection`1[System.String]","System.Collections.Generic.List`1[System.Diagnostics.Eventing.Reader.EventProperty]"
"Server RPC call started. 	InterfaceUuid: 	{00000134-0000-0000-c000-000000000046} 	OpNum: 	0x5 	Protocol: 	LRPC 	Endpoint 	OLE1D66DF2E47C355AC517E8BD1AC9E 	Authentication Level 	7 	Authentication Service 	8","6","1",,"4","2","1","4611686018427387904","8830","Microsoft-Windows-RPC","6ad52b32-d609-4be9-ae07-ce8dae937e39",,"1244","1772","LAPTOP-JU4M3I0E",,"9/18/2020 7:02:52 AM","b2802cc9-3a13-413d-af53-b28df11df727",,"System.UInt32[]","System.Diagnostics.Eventing.Reader.EventBookmark","Information","Start",,"System.Collections.ObjectModel.ReadOnlyCollection`1[System.String]","System.Collections.Generic.List`1[System.Diagnostics.Eventing.Reader.EventProperty]"
"Server RPC call started. 	InterfaceUuid: 	{00000134-0000-0000-c000-000000000046} 	OpNum: 	0x5 	Protocol: 	LRPC 	Endpoint 	OLE1D66DF2E47C355AC517E8BD1AC9E 	Authentication Level 	7 	Authentication Service 	8","6","1",,"4","2","1","4611686018427387904","8804","Microsoft-Windows-RPC","6ad52b32-d609-4be9-ae07-ce8dae937e39",,"1244","1772","LAPTOP-JU4M3I0E",,"9/18/2020 7:02:52 AM","a8a583e5-dd71-4aab-acee-f352e886880a",,"System.UInt32[]","System.Diagnostics.Eventing.Reader.EventBookmark","Information","Start",,"System.Collections.ObjectModel.ReadOnlyCollection`1[System.String]","System.Collections.Generic.List`1[System.Diagnostics.Eventing.Reader.EventProperty]"
"Server RPC call started. 	InterfaceUuid: 	{423ec01e-2e35-11d2-b604-00104b703efd} 	OpNum: 	0x3 	Protocol: 	LRPC 	Endpoint 	OLE1D66DF2E47C355AC517E8BD1AC9E 	Authentication Level 	7 	Authentication Service 	8","6","1",,"4","2","1","4611686018427387904","8783","Microsoft-Windows-RPC","6ad52b32-d609-4be9-ae07-ce8dae937e39",,"1244","1772","LAPTOP-JU4M3I0E",,"9/18/2020 7:02:52 AM","d7899c41-5a03-4155-b18b-ba020d6f60ac",,"System.UInt32[]","System.Diagnostics.Eventing.Reader.EventBookmark","Information","Start",,"System.Collections.ObjectModel.ReadOnlyCollection`1[System.String]","System.Collections.Generic.List`1[System.Diagnostics.Eventing.Reader.EventProperty]"
"Server RPC call started. 	InterfaceUuid: 	{00000134-0000-0000-c000-000000000046} 	OpNum: 	0x5 	Protocol: 	LRPC 	Endpoint 	OLE1D66DF2E47C355AC517E8BD1AC9E 	Authentication Level 	7 	Authentication Service 	8","6","1",,"4","2","1","4611686018427387904","8742","Microsoft-Windows-RPC","6ad52b32-d609-4be9-ae07-ce8dae937e39",,"1244","8172","LAPTOP-JU4M3I0E",,"9/18/2020 7:02:52 AM","07e7b5c0-0417-4ab0-aa83-b9a75370dd4e",,"System.UInt32[]","System.Diagnostics.Eventing.Reader.EventBookmark","Information","Start",,"System.Collections.ObjectModel.ReadOnlyCollection`1[System.String]","System.Collections.Generic.List`1[System.Diagnostics.Eventing.Reader.EventProperty]"
"Server RPC call started. 	InterfaceUuid: 	{7c857801-7381-11cf-884d-00aa004b2e24} 	OpNum: 	0x4 	Protocol: 	LRPC 	Endpoint 	OLE1D66DF2E47C355AC517E8BD1AC9E 	Authentication Level 	7 	Authentication Service 	8","6","1",,"4","2","1","4611686018427387904","8720","Microsoft-Windows-RPC","6ad52b32-d609-4be9-ae07-ce8dae937e39",,"1244","8172","LAPTOP-JU4M3I0E",,"9/18/2020 7:02:52 AM","3ebbdd96-1e2a-4796-a6b0-69309c3f4f38",,"System.UInt32[]","System.Diagnostics.Eventing.Reader.EventBookmark","Information","Start",,"System.Collections.ObjectModel.ReadOnlyCollection`1[System.String]","System.Collections.Generic.List`1[System.Diagnostics.Eventing.Reader.EventProperty]"
"Server RPC call started. 	InterfaceUuid: 	{7c857801-7381-11cf-884d-00aa004b2e24} 	OpNum: 	0x3 	Protocol: 	LRPC 	Endpoint 	OLE1D66DF2E47C355AC517E8BD1AC9E 	Authentication Level 	7 	Authentication Service 	8","6","1",,"4","2","1","4611686018427387904","8699","Microsoft-Windows-RPC","6ad52b32-d609-4be9-ae07-ce8dae937e39",,"1244","8172","LAPTOP-JU4M3I0E",,"9/18/2020 7:02:52 AM","5cd9e77d-208f-4d8b-bcac-6b15264771c9",,"System.UInt32[]","System.Diagnostics.Eventing.Reader.EventBookmark","Information","Start",,"System.Collections.ObjectModel.ReadOnlyCollection`1[System.String]","System.Collections.Generic.List`1[System.Diagnostics.Eventing.Reader.EventProperty]"
