"Message","Id","Version","Qualifiers","Level","Task","Opcode","Keywords","RecordId","ProviderName","ProviderId","LogName","ProcessId","ThreadId","MachineName","UserId","TimeCreated","ActivityId","RelatedActivityId","MatchedQueryIds","Bookmark","LevelDisplayName","OpcodeDisplayName","TaskDisplayName","KeywordsDisplayNames","Properties"
,"10","3",,"4","10","0","-9223372036854775808","238388","Microsoft-Windows-Sysmon","5770385f-c22a-43e0-bf4c-06f5698ffbd9","Microsoft-Windows-Sysmon/Operational","1560","2316","alice.insecurebank.local","S-1-5-18","6/21/2019 12:36:51 AM",,,"System.UInt32[]","System.Diagnostics.Eventing.Reader.EventBookmark",,,,,"System.Collections.Generic.List`1[System.Diagnostics.Eventing.Reader.EventProperty]"
,"11","2",,"4","11","0","-9223372036854775808","238387","Microsoft-Windows-Sysmon","5770385f-c22a-43e0-bf4c-06f5698ffbd9","Microsoft-Windows-Sysmon/Operational","1560","2316","alice.insecurebank.local","S-1-5-18","6/21/2019 12:36:51 AM",,,"System.UInt32[]","System.Diagnostics.Eventing.Reader.EventBookmark",,,,,"System.Collections.Generic.List`1[System.Diagnostics.Eventing.Reader.EventProperty]"
,"10","3",,"4","10","0","-9223372036854775808","238386","Microsoft-Windows-Sysmon","5770385f-c22a-43e0-bf4c-06f5698ffbd9","Microsoft-Windows-Sysmon/Operational","1560","2316","alice.insecurebank.local","S-1-5-18","6/21/2019 12:36:51 AM",,,"System.UInt32[]","System.Diagnostics.Eventing.Reader.EventBookmark",,,,,"System.Collections.Generic.List`1[System.Diagnostics.Eventing.Reader.EventProperty]"
,"1","5",,"4","1","0","-9223372036854775808","238385","Microsoft-Windows-Sysmon","5770385f-c22a-43e0-bf4c-06f5698ffbd9","Microsoft-Windows-Sysmon/Operational","1560","2316","alice.insecurebank.local","S-1-5-18","6/21/2019 12:36:50 AM",,,"System.UInt32[]","System.Diagnostics.Eventing.Reader.EventBookmark",,,,,"System.Collections.Generic.List`1[System.Diagnostics.Eventing.Reader.EventProperty]"
,"10","3",,"4","10","0","-9223372036854775808","238384","Microsoft-Windows-Sysmon","5770385f-c22a-43e0-bf4c-06f5698ffbd9","Microsoft-Windows-Sysmon/Operational","1560","2316","alice.insecurebank.local","S-1-5-18","6/21/2019 12:35:50 AM",,,"System.UInt32[]","System.Diagnostics.Eventing.Reader.EventBookmark",,,,,"System.Collections.Generic.List`1[System.Diagnostics.Eventing.Reader.EventProperty]"
,"11","2",,"4","11","0","-9223372036854775808","238383","Microsoft-Windows-Sysmon","5770385f-c22a-43e0-bf4c-06f5698ffbd9","Microsoft-Windows-Sysmon/Operational","1560","2316","alice.insecurebank.local","S-1-5-18","6/21/2019 12:35:50 AM",,,"System.UInt32[]","System.Diagnostics.Eventing.Reader.EventBookmark",,,,,"System.Collections.Generic.List`1[System.Diagnostics.Eventing.Reader.EventProperty]"
,"10","3",,"4","10","0","-9223372036854775808","238382","Microsoft-Windows-Sysmon","5770385f-c22a-43e0-bf4c-06f5698ffbd9","Microsoft-Windows-Sysmon/Operational","1560","2316","alice.insecurebank.local","S-1-5-18","6/21/2019 12:35:50 AM",,,"System.UInt32[]","System.Diagnostics.Eventing.Reader.EventBookmark",,,,,"System.Collections.Generic.List`1[System.Diagnostics.Eventing.Reader.EventProperty]"
,"10","3",,"4","10","0","-9223372036854775808","238381","Microsoft-Windows-Sysmon","5770385f-c22a-43e0-bf4c-06f5698ffbd9","Microsoft-Windows-Sysmon/Operational","1560","2316","alice.insecurebank.local","S-1-5-18","6/21/2019 12:35:50 AM",,,"System.UInt32[]","System.Diagnostics.Eventing.Reader.EventBookmark",,,,,"System.Collections.Generic.List`1[System.Diagnostics.Eventing.Reader.EventProperty]"
,"11","2",,"4","11","0","-9223372036854775808","238380","Microsoft-Windows-Sysmon","5770385f-c22a-43e0-bf4c-06f5698ffbd9","Microsoft-Windows-Sysmon/Operational","1560","2316","alice.insecurebank.local","S-1-5-18","6/21/2019 12:35:50 AM",,,"System.UInt32[]","System.Diagnostics.Eventing.Reader.EventBookmark",,,,,"System.Collections.Generic.List`1[System.Diagnostics.Eventing.Reader.EventProperty]"
,"10","3",,"4","10","0","-9223372036854775808","238379","Microsoft-Windows-Sysmon","5770385f-c22a-43e0-bf4c-06f5698ffbd9","Microsoft-Windows-Sysmon/Operational","1560","2316","alice.insecurebank.local","S-1-5-18","6/21/2019 12:35:50 AM",,,"System.UInt32[]","System.Diagnostics.Eventing.Reader.EventBookmark",,,,,"System.Collections.Generic.List`1[System.Diagnostics.Eventing.Reader.EventProperty]"
,"1","5",,"4","1","0","-9223372036854775808","238378","Microsoft-Windows-Sysmon","5770385f-c22a-43e0-bf4c-06f5698ffbd9","Microsoft-Windows-Sysmon/Operational","1560","2316","alice.insecurebank.local","S-1-5-18","6/21/2019 12:35:50 AM",,,"System.UInt32[]","System.Diagnostics.Eventing.Reader.EventBookmark",,,,,"System.Collections.Generic.List`1[System.Diagnostics.Eventing.Reader.EventProperty]"
,"10","3",,"4","10","0","-9223372036854775808","238376","Microsoft-Windows-Sysmon","5770385f-c22a-43e0-bf4c-06f5698ffbd9","Microsoft-Windows-Sysmon/Operational","1560","2316","alice.insecurebank.local","S-1-5-18","6/21/2019 12:35:37 AM",,,"System.UInt32[]","System.Diagnostics.Eventing.Reader.EventBookmark",,,,,"System.Collections.Generic.List`1[System.Diagnostics.Eventing.Reader.EventProperty]"
,"11","2",,"4","11","0","-9223372036854775808","238375","Microsoft-Windows-Sysmon","5770385f-c22a-43e0-bf4c-06f5698ffbd9","Microsoft-Windows-Sysmon/Operational","1560","2316","alice.insecurebank.local","S-1-5-18","6/21/2019 12:35:37 AM",,,"System.UInt32[]","System.Diagnostics.Eventing.Reader.EventBookmark",,,,,"System.Collections.Generic.List`1[System.Diagnostics.Eventing.Reader.EventProperty]"
,"10","3",,"4","10","0","-9223372036854775808","238374","Microsoft-Windows-Sysmon","5770385f-c22a-43e0-bf4c-06f5698ffbd9","Microsoft-Windows-Sysmon/Operational","1560","2316","alice.insecurebank.local","S-1-5-18","6/21/2019 12:35:37 AM",,,"System.UInt32[]","System.Diagnostics.Eventing.Reader.EventBookmark",,,,,"System.Collections.Generic.List`1[System.Diagnostics.Eventing.Reader.EventProperty]"
,"1","5",,"4","1","0","-9223372036854775808","238373","Microsoft-Windows-Sysmon","5770385f-c22a-43e0-bf4c-06f5698ffbd9","Microsoft-Windows-Sysmon/Operational","1560","2316","alice.insecurebank.local","S-1-5-18","6/21/2019 12:35:37 AM",,,"System.UInt32[]","System.Diagnostics.Eventing.Reader.EventBookmark",,,,,"System.Collections.Generic.List`1[System.Diagnostics.Eventing.Reader.EventProperty]"
