"Message","Id","Version","Qualifiers","Level","Task","Opcode","Keywords","RecordId","ProviderName","ProviderId","LogName","ProcessId","ThreadId","MachineName","UserId","TimeCreated","ActivityId","RelatedActivityId","MatchedQueryIds","Bookmark","LevelDisplayName","OpcodeDisplayName","TaskDisplayName","KeywordsDisplayNames","Properties"
"A network share object was checked to see whether client can be granted desired access.
	
Subject:
	Security ID:		S-1-5-21-1587066498-1489273250-1035260531-1106
	Account Name:		user01
	Account Domain:		EXAMPLE
	Logon ID:		0x150133

Network Information:	
	Object Type:		File
	Source Address:		10.0.2.17
	Source Port:		49381
	
Share Information:
	Share Name:		\\*\IPC$
	Share Path:		
	Relative Target Name:	srvsvc

Access Request Information:
	Access Mask:		0x12019F
	Accesses:		READ_CONTROL
				SYNCHRONIZE
				ReadData (or ListDirectory)
				WriteData (or AddFile)
				AppendData (or AddSubdirectory or CreatePipeInstance)
				ReadEA
				WriteEA
				ReadAttributes
				WriteAttributes
				
Access Check Results:
	-
","5145","0",,"0","12811","0","-9214364837600034816","32953","Microsoft-Windows-Security-Auditing","54849625-5478-4994-a5ba-3e3b0328c30d","Security","436","444","WIN-77LTAPHIQ1R.example.corp",,"1/19/2019 11:30:10 PM",,,"System.UInt32[]","System.Diagnostics.Eventing.Reader.EventBookmark","Information","Info","Detailed File Share","System.Collections.ObjectModel.ReadOnlyCollection`1[System.String]","System.Collections.Generic.List`1[System.Diagnostics.Eventing.Reader.EventProperty]"
"A network share object was checked to see whether client can be granted desired access.
	
Subject:
	Security ID:		S-1-5-21-1587066498-1489273250-1035260531-1106
	Account Name:		user01
	Account Domain:		EXAMPLE
	Logon ID:		0x150133

Network Information:	
	Object Type:		File
	Source Address:		10.0.2.17
	Source Port:		49381
	
Share Information:
	Share Name:		\\*\IPC$
	Share Path:		
	Relative Target Name:	lsarpc

Access Request Information:
	Access Mask:		0x12019F
	Accesses:		READ_CONTROL
				SYNCHRONIZE
				ReadData (or ListDirectory)
				WriteData (or AddFile)
				AppendData (or AddSubdirectory or CreatePipeInstance)
				ReadEA
				WriteEA
				ReadAttributes
				WriteAttributes
				
Access Check Results:
	-
","5145","0",,"0","12811","0","-9214364837600034816","32952","Microsoft-Windows-Security-Auditing","54849625-5478-4994-a5ba-3e3b0328c30d","Security","436","444","WIN-77LTAPHIQ1R.example.corp",,"1/19/2019 11:30:10 PM",,,"System.UInt32[]","System.Diagnostics.Eventing.Reader.EventBookmark","Information","Info","Detailed File Share","System.Collections.ObjectModel.ReadOnlyCollection`1[System.String]","System.Collections.Generic.List`1[System.Diagnostics.Eventing.Reader.EventProperty]"
"A network share object was checked to see whether client can be granted desired access.
	
Subject:
	Security ID:		S-1-5-21-1587066498-1489273250-1035260531-1106
	Account Name:		user01
	Account Domain:		EXAMPLE
	Logon ID:		0x150133

Network Information:	
	Object Type:		File
	Source Address:		10.0.2.17
	Source Port:		49381
	
Share Information:
	Share Name:		\\*\IPC$
	Share Path:		
	Relative Target Name:	winreg

Access Request Information:
	Access Mask:		0x12019F
	Accesses:		READ_CONTROL
				SYNCHRONIZE
				ReadData (or ListDirectory)
				WriteData (or AddFile)
				AppendData (or AddSubdirectory or CreatePipeInstance)
				ReadEA
				WriteEA
				ReadAttributes
				WriteAttributes
				
Access Check Results:
	-
","5145","0",,"0","12811","0","-9214364837600034816","32951","Microsoft-Windows-Security-Auditing","54849625-5478-4994-a5ba-3e3b0328c30d","Security","436","444","WIN-77LTAPHIQ1R.example.corp",,"1/19/2019 11:30:10 PM",,,"System.UInt32[]","System.Diagnostics.Eventing.Reader.EventBookmark","Information","Info","Detailed File Share","System.Collections.ObjectModel.ReadOnlyCollection`1[System.String]","System.Collections.Generic.List`1[System.Diagnostics.Eventing.Reader.EventProperty]"
"The audit log was cleared.
Subject:
	Security ID:	S-1-5-21-1587066498-1489273250-1035260531-500
	Account Name:	Administrator
	Domain Name:	EXAMPLE
	Logon ID:	0x35312","1102","0",,"4","104","0","4620693217682128896","32950","Microsoft-Windows-Eventlog","fc65ddd8-d6ef-4962-83d5-6e5cfe9ce148","Security","736","2372","WIN-77LTAPHIQ1R.example.corp",,"1/19/2019 11:29:57 PM",,,"System.UInt32[]","System.Diagnostics.Eventing.Reader.EventBookmark","Information","Info","Log clear","System.Collections.ObjectModel.ReadOnlyCollection`1[System.String]","System.Collections.Generic.List`1[System.Diagnostics.Eventing.Reader.EventProperty]"
