"Message","Id","Version","Qualifiers","Level","Task","Opcode","Keywords","RecordId","ProviderName","ProviderId","LogName","ProcessId","ThreadId","MachineName","UserId","TimeCreated","ActivityId","RelatedActivityId","MatchedQueryIds","Bookmark","LevelDisplayName","OpcodeDisplayName","TaskDisplayName","KeywordsDisplayNames","Properties"
"The transfer job is complete.
User: MSEDGEWIN10\IEUser
Transfer job: Download LockScreen Image
Job ID: {ff819706-9ff9-490b-ade5-b069232c5d23}
Owner: MSEDGEWIN10\IEUser
File count: 1","4","1",,"4","0","0","4611686018427387904","2778","Microsoft-Windows-Bits-Client","ef1cc15b-46c1-414e-bb95-e76b077bd51e","Microsoft-Windows-Bits-Client/Operational","1556","4812","MSEDGEWIN10","S-1-5-18","7/3/2020 1:55:51 AM",,,"System.UInt32[]","System.Diagnostics.Eventing.Reader.EventBookmark","Information","Info",,"System.Collections.ObjectModel.ReadOnlyCollection`1[System.String]","System.Collections.Generic.List`1[System.Diagnostics.Eventing.Reader.EventProperty]"
"BITS stopped transferring the Download LockScreen Image transfer job that is associated with the https://a.uguu.se/Hv0bgvgHGNeH_Bin.7z URL. The status code is 0x0.","60","1",,"4","0","2","4611686018427387904","2777","Microsoft-Windows-Bits-Client","ef1cc15b-46c1-414e-bb95-e76b077bd51e","Microsoft-Windows-Bits-Client/Operational","1556","8344","MSEDGEWIN10","S-1-5-18","7/3/2020 1:55:51 AM","fcc284db-aa62-40bb-b372-b5ba6a5ad840",,"System.UInt32[]","System.Diagnostics.Eventing.Reader.EventBookmark","Information","Stop",,"System.Collections.ObjectModel.ReadOnlyCollection`1[System.String]","System.Collections.Generic.List`1[System.Diagnostics.Eventing.Reader.EventProperty]"
"BITS started the Download LockScreen Image transfer job that is associated with the https://a.uguu.se/Hv0bgvgHGNeH_Bin.7z URL.","59","1",,"4","0","1","4611686018427387904","2776","Microsoft-Windows-Bits-Client","ef1cc15b-46c1-414e-bb95-e76b077bd51e","Microsoft-Windows-Bits-Client/Operational","1556","7676","MSEDGEWIN10","S-1-5-18","7/3/2020 1:55:49 AM","fcc284db-aa62-40bb-b372-b5ba6a5ad840",,"System.UInt32[]","System.Diagnostics.Eventing.Reader.EventBookmark","Information","Start",,"System.Collections.ObjectModel.ReadOnlyCollection`1[System.String]","System.Collections.Generic.List`1[System.Diagnostics.Eventing.Reader.EventProperty]"
"High performance property for BITS job ""Download LockScreen Image"" with ID ""{ff819706-9ff9-490b-ade5-b069232c5d23}"" Enabled.","209","0",,"4","0","0","4611686018427387904","2775","Microsoft-Windows-Bits-Client","ef1cc15b-46c1-414e-bb95-e76b077bd51e","Microsoft-Windows-Bits-Client/Operational","1556","668","MSEDGEWIN10","S-1-5-18","7/3/2020 1:55:46 AM",,,"System.UInt32[]","System.Diagnostics.Eventing.Reader.EventBookmark","Information","Info",,"System.Collections.ObjectModel.ReadOnlyCollection`1[System.String]","System.Collections.Generic.List`1[System.Diagnostics.Eventing.Reader.EventProperty]"
"The BITS service created a new job.
Transfer job: Download LockScreen Image
Job ID: {ff819706-9ff9-490b-ade5-b069232c5d23}
Owner: MSEDGEWIN10\IEUser
Process Path: C:\Windows\System32\desktopimgdownldr.exe
Process ID: 1996","3","2",,"4","0","0","4611686018427387904","2774","Microsoft-Windows-Bits-Client","ef1cc15b-46c1-414e-bb95-e76b077bd51e","Microsoft-Windows-Bits-Client/Operational","1556","8344","MSEDGEWIN10","S-1-5-18","7/3/2020 1:55:46 AM",,,"System.UInt32[]","System.Diagnostics.Eventing.Reader.EventBookmark","Information","Info",,"System.Collections.ObjectModel.ReadOnlyCollection`1[System.String]","System.Collections.Generic.List`1[System.Diagnostics.Eventing.Reader.EventProperty]"
